2023-06-14 09:40:03,960 INFO com.sis.ExcelReport.Controller.ReportController [scheduling-1] Report Type -->prf/ob_pending
2023-06-14 09:40:23,401 INFO com.sis.ExcelReport.Controller.ReportController [scheduling-1] DepartMent -->SAG
2023-06-14 09:40:48,260 INFO com.sis.ExcelReport.Service.EmailService [scheduling-1] E:\sc warrr11\ExcelReport\PRFOB_'Pending'.xlsx
2023-06-14 09:40:48,267 INFO com.sis.ExcelReport.Service.EmailService [scheduling-1] Mail sent Successfully
2023-06-14 09:40:48,267 INFO com.sis.ExcelReport.Controller.ReportController [scheduling-1] DepartMent -->all
2023-06-14 09:41:00,370 INFO com.sis.ExcelReport.Service.EmailService [scheduling-1] E:\sc warrr11\ExcelReport\PRFOB_'Pending'.xlsx
2023-06-14 09:41:00,688 INFO com.sis.ExcelReport.Service.EmailService [scheduling-1] Mail sent Successfully
2023-06-14 09:41:00,689 INFO com.sis.ExcelReport.Controller.ReportController [scheduling-1] DepartMent -->OEM
2023-06-14 09:41:07,183 INFO com.sis.ExcelReport.Service.EmailService [scheduling-1] E:\sc warrr11\ExcelReport\PRFOB_'Pending'.xlsx
2023-06-14 09:41:07,183 INFO com.sis.ExcelReport.Service.EmailService [scheduling-1] Mail sent Successfully
2023-06-14 09:41:07,183 INFO com.sis.ExcelReport.Controller.ReportController [scheduling-1] DepartMent -->SHIPL
2023-06-14 09:41:14,402 INFO com.sis.ExcelReport.Service.EmailService [scheduling-1] E:\sc warrr11\ExcelReport\PRFOB_'Pending'.xlsx
2023-06-14 09:41:14,402 INFO com.sis.ExcelReport.Service.EmailService [scheduling-1] Mail sent Successfully
2023-06-14 09:41:14,402 INFO com.sis.ExcelReport.Controller.ReportController [scheduling-1] DepartMent -->INJECTOR
2023-06-14 09:41:23,121 INFO com.sis.ExcelReport.Service.EmailService [scheduling-1] E:\sc warrr11\ExcelReport\PRFOB_'Pending'.xlsx
2023-06-14 09:41:23,121 INFO com.sis.ExcelReport.Service.EmailService [scheduling-1] Mail sent Successfully
2023-06-14 11:30:03,439 INFO com.sis.ExcelReport.Controller.ReportController [scheduling-1] Report Type -->dispatchlist
2023-06-14 11:30:11,179 INFO com.sis.ExcelReport.Controller.ReportController [scheduling-1] DepartMent -->SAG
2023-06-14 11:30:24,137 INFO com.sis.ExcelReport.Service.EmailService [scheduling-1] E:\sc warrr11\ExcelReport\Dispatchlist.xlsx
2023-06-14 11:30:24,138 INFO com.sis.ExcelReport.Service.EmailService [scheduling-1] Mail sent Successfully
2023-06-14 11:30:24,138 INFO com.sis.ExcelReport.Controller.ReportController [scheduling-1] DepartMent -->all
2023-06-14 11:30:31,773 INFO com.sis.ExcelReport.Service.EmailService [scheduling-1] E:\sc warrr11\ExcelReport\Dispatchlist.xlsx
2023-06-14 11:30:31,774 INFO com.sis.ExcelReport.Service.EmailService [scheduling-1] Mail sent Successfully
2023-06-14 11:30:31,774 INFO com.sis.ExcelReport.Controller.ReportController [scheduling-1] DepartMent -->SHIPL
2023-06-14 11:30:37,617 INFO com.sis.ExcelReport.Service.EmailService [scheduling-1] E:\sc warrr11\ExcelReport\Dispatchlist.xlsx
2023-06-14 11:30:37,618 INFO com.sis.ExcelReport.Service.EmailService [scheduling-1] Mail sent Successfully
2023-06-14 11:30:37,618 INFO com.sis.ExcelReport.Controller.ReportController [scheduling-1] DepartMent -->OEM
2023-06-14 11:30:43,005 INFO com.sis.ExcelReport.Service.EmailService [scheduling-1] E:\sc warrr11\ExcelReport\Dispatchlist.xlsx
2023-06-14 11:30:43,005 INFO com.sis.ExcelReport.Service.EmailService [scheduling-1] Mail sent Successfully
2023-06-14 11:30:43,006 INFO com.sis.ExcelReport.Controller.ReportController [scheduling-1] DepartMent -->INJECTOR
2023-06-14 11:30:48,351 INFO com.sis.ExcelReport.Service.EmailService [scheduling-1] E:\sc warrr11\ExcelReport\Dispatchlist.xlsx
2023-06-14 11:30:48,352 INFO com.sis.ExcelReport.Service.EmailService [scheduling-1] Mail sent Successfully
2023-06-14 11:30:48,352 INFO com.sis.ExcelReport.Controller.ReportController [scheduling-1] DepartMent -->VENTILATOR
2023-06-14 11:30:54,414 INFO com.sis.ExcelReport.Service.EmailService [scheduling-1] E:\sc warrr11\ExcelReport\Dispatchlist.xlsx
2023-06-14 11:30:54,414 INFO com.sis.ExcelReport.Service.EmailService [scheduling-1] Mail sent Successfully
2023-06-14 11:30:54,414 INFO com.sis.ExcelReport.Controller.ReportController [scheduling-1] DepartMent -->HEALTH AND FITNESS
2023-06-14 11:30:59,865 INFO com.sis.ExcelReport.Service.EmailService [scheduling-1] E:\sc warrr11\ExcelReport\Dispatchlist.xlsx
2023-06-14 11:30:59,865 INFO com.sis.ExcelReport.Service.EmailService [scheduling-1] Mail sent Successfully
2023-06-14 11:30:59,865 INFO com.sis.ExcelReport.Controller.ReportController [scheduling-1] DepartMent -->CONSUMABLES
2023-06-14 11:31:05,686 INFO com.sis.ExcelReport.Service.EmailService [scheduling-1] E:\sc warrr11\ExcelReport\Dispatchlist.xlsx
2023-06-14 11:31:05,686 INFO com.sis.ExcelReport.Service.EmailService [scheduling-1] Mail sent Successfully
2023-06-14 16:06:01,980 INFO com.sis.ExcelReport.Controller.ReportController [scheduling-1] Report Type -->dispatchlist
2023-06-14 16:06:04,183 INFO com.sis.ExcelReport.Controller.ReportController [scheduling-1] DepartMent -->SAG
2023-06-14 16:06:13,153 INFO com.sis.ExcelReport.Service.EmailService [scheduling-1] E:\sc warrr11\ExcelReport\Dispatchlist.xlsx
2023-06-14 16:06:13,153 INFO com.sis.ExcelReport.Service.EmailService [scheduling-1] Mail sent Successfully
2023-06-14 16:06:13,153 INFO com.sis.ExcelReport.Controller.ReportController [scheduling-1] DepartMent -->all
2023-06-14 16:06:20,678 INFO com.sis.ExcelReport.Service.EmailService [scheduling-1] E:\sc warrr11\ExcelReport\Dispatchlist.xlsx
2023-06-14 16:06:20,678 INFO com.sis.ExcelReport.Service.EmailService [scheduling-1] Mail sent Successfully
2023-06-14 16:06:20,678 INFO com.sis.ExcelReport.Controller.ReportController [scheduling-1] DepartMent -->SHIPL
2023-06-14 16:06:26,944 INFO com.sis.ExcelReport.Service.EmailService [scheduling-1] E:\sc warrr11\ExcelReport\Dispatchlist.xlsx
2023-06-14 16:06:26,944 INFO com.sis.ExcelReport.Service.EmailService [scheduling-1] Mail sent Successfully
2023-06-14 16:06:26,944 INFO com.sis.ExcelReport.Controller.ReportController [scheduling-1] DepartMent -->OEM
2023-06-14 16:06:32,693 INFO com.sis.ExcelReport.Service.EmailService [scheduling-1] E:\sc warrr11\ExcelReport\Dispatchlist.xlsx
2023-06-14 16:06:32,693 INFO com.sis.ExcelReport.Service.EmailService [scheduling-1] Mail sent Successfully
2023-06-14 16:06:32,693 INFO com.sis.ExcelReport.Controller.ReportController [scheduling-1] DepartMent -->INJECTOR
2023-06-14 16:06:38,440 INFO com.sis.ExcelReport.Service.EmailService [scheduling-1] E:\sc warrr11\ExcelReport\Dispatchlist.xlsx
2023-06-14 16:06:38,440 INFO com.sis.ExcelReport.Service.EmailService [scheduling-1] Mail sent Successfully
2023-06-14 16:06:38,440 INFO com.sis.ExcelReport.Controller.ReportController [scheduling-1] DepartMent -->VENTILATOR
2023-06-14 16:06:44,590 INFO com.sis.ExcelReport.Service.EmailService [scheduling-1] E:\sc warrr11\ExcelReport\Dispatchlist.xlsx
2023-06-14 16:06:44,590 INFO com.sis.ExcelReport.Service.EmailService [scheduling-1] Mail sent Successfully
2023-06-14 16:06:44,590 INFO com.sis.ExcelReport.Controller.ReportController [scheduling-1] DepartMent -->HEALTH AND FITNESS
2023-06-14 16:06:50,224 INFO com.sis.ExcelReport.Service.EmailService [scheduling-1] E:\sc warrr11\ExcelReport\Dispatchlist.xlsx
2023-06-14 16:06:50,224 INFO com.sis.ExcelReport.Service.EmailService [scheduling-1] Mail sent Successfully
2023-06-14 16:06:50,224 INFO com.sis.ExcelReport.Controller.ReportController [scheduling-1] DepartMent -->CONSUMABLES
2023-06-14 16:06:55,814 INFO com.sis.ExcelReport.Service.EmailService [scheduling-1] E:\sc warrr11\ExcelReport\Dispatchlist.xlsx
2023-06-14 16:06:55,814 INFO com.sis.ExcelReport.Service.EmailService [scheduling-1] Mail sent Successfully
2023-06-14 16:25:55,673 INFO org.apache.juli.logging.DirectJDKLog [http-nio-90-exec-2] Error parsing HTTP request header
 Note: further occurrences of HTTP request parsing errors will be logged at DEBUG level.
java.lang.IllegalArgumentException: Invalid character found in method name [0x030x000x00/*0xe00x000x000x000x000x00Cookie:]. HTTP method names must be tokens
	at org.apache.coyote.http11.Http11InputBuffer.parseRequestLine(Http11InputBuffer.java:417)
	at org.apache.coyote.http11.Http11Processor.service(Http11Processor.java:261)
	at org.apache.coyote.AbstractProcessorLight.process(AbstractProcessorLight.java:65)
	at org.apache.coyote.AbstractProtocol$ConnectionHandler.process(AbstractProtocol.java:893)
	at org.apache.tomcat.util.net.NioEndpoint$SocketProcessor.doRun(NioEndpoint.java:1707)
	at org.apache.tomcat.util.net.SocketProcessorBase.run(SocketProcessorBase.java:49)
	at java.util.concurrent.ThreadPoolExecutor.runWorker(ThreadPoolExecutor.java:1149)
	at java.util.concurrent.ThreadPoolExecutor$Worker.run(ThreadPoolExecutor.java:624)
	at org.apache.tomcat.util.threads.TaskThread$WrappingRunnable.run(TaskThread.java:61)
	at java.lang.Thread.run(Thread.java:748)
2023-06-14 18:30:02,367 INFO com.sis.ExcelReport.Controller.ReportController [scheduling-1] Report Type -->prf/ob_completed
2023-06-14 18:30:05,347 INFO com.sis.ExcelReport.Controller.ReportController [scheduling-1] DepartMent -->all
2023-06-14 18:30:16,985 INFO com.sis.ExcelReport.Service.EmailService [scheduling-1] E:\sc warrr11\ExcelReport\PRFOB_'Completed'.xlsx
2023-06-14 18:30:16,985 INFO com.sis.ExcelReport.Service.EmailService [scheduling-1] Mail sent Successfully
2023-06-14 18:30:16,985 INFO com.sis.ExcelReport.Controller.ReportController [scheduling-1] DepartMent -->SAG
2023-06-14 18:30:24,400 INFO com.sis.ExcelReport.Service.EmailService [scheduling-1] E:\sc warrr11\ExcelReport\PRFOB_'Completed'.xlsx
2023-06-14 18:30:24,400 INFO com.sis.ExcelReport.Service.EmailService [scheduling-1] Mail sent Successfully
2023-06-14 18:30:24,400 INFO com.sis.ExcelReport.Controller.ReportController [scheduling-1] DepartMent -->OEM
2023-06-14 18:30:32,393 INFO com.sis.ExcelReport.Service.EmailService [scheduling-1] E:\sc warrr11\ExcelReport\PRFOB_'Completed'.xlsx
2023-06-14 18:30:32,394 INFO com.sis.ExcelReport.Service.EmailService [scheduling-1] Mail sent Successfully
2023-06-14 20:00:00,033 INFO com.sis.ExcelReport.Controller.ReportController [scheduling-1] Report Type -->stocklist
2023-06-14 20:00:00,406 INFO com.sis.ExcelReport.Controller.ReportController [scheduling-1] DepartMent -->SAG
2023-06-14 20:00:07,455 INFO com.sis.ExcelReport.Service.EmailService [scheduling-1] E:\sc warrr11\ExcelReport\Stocklist.xlsx
2023-06-14 20:00:07,455 INFO com.sis.ExcelReport.Service.EmailService [scheduling-1] Mail sent Successfully
2023-06-14 20:00:07,455 INFO com.sis.ExcelReport.Controller.ReportController [scheduling-1] DepartMent -->all
2023-06-14 20:00:14,307 INFO com.sis.ExcelReport.Service.EmailService [scheduling-1] E:\sc warrr11\ExcelReport\Stocklist.xlsx
2023-06-14 20:00:14,307 INFO com.sis.ExcelReport.Service.EmailService [scheduling-1] Mail sent Successfully
2023-06-14 20:00:14,307 INFO com.sis.ExcelReport.Controller.ReportController [scheduling-1] DepartMent -->SHIPL
2023-06-14 20:00:19,975 INFO com.sis.ExcelReport.Service.EmailService [scheduling-1] E:\sc warrr11\ExcelReport\Stocklist.xlsx
2023-06-14 20:00:19,975 INFO com.sis.ExcelReport.Service.EmailService [scheduling-1] Mail sent Successfully
2023-06-14 20:00:19,975 INFO com.sis.ExcelReport.Controller.ReportController [scheduling-1] DepartMent -->OEM
2023-06-14 20:00:25,687 INFO com.sis.ExcelReport.Service.EmailService [scheduling-1] E:\sc warrr11\ExcelReport\Stocklist.xlsx
2023-06-14 20:00:25,687 INFO com.sis.ExcelReport.Service.EmailService [scheduling-1] Mail sent Successfully
2023-06-14 20:00:25,687 INFO com.sis.ExcelReport.Controller.ReportController [scheduling-1] DepartMent -->INJECTOR
2023-06-14 20:00:31,287 INFO com.sis.ExcelReport.Service.EmailService [scheduling-1] E:\sc warrr11\ExcelReport\Stocklist.xlsx
2023-06-14 20:00:31,287 INFO com.sis.ExcelReport.Service.EmailService [scheduling-1] Mail sent Successfully
2023-06-14 20:00:31,287 INFO com.sis.ExcelReport.Controller.ReportController [scheduling-1] DepartMent -->VENTILATOR
2023-06-14 20:00:37,475 INFO com.sis.ExcelReport.Service.EmailService [scheduling-1] E:\sc warrr11\ExcelReport\Stocklist.xlsx
2023-06-14 20:00:37,475 INFO com.sis.ExcelReport.Service.EmailService [scheduling-1] Mail sent Successfully
2023-06-14 20:00:37,475 INFO com.sis.ExcelReport.Controller.ReportController [scheduling-1] DepartMent -->CONSUMABLES
2023-06-14 20:00:42,751 INFO com.sis.ExcelReport.Service.EmailService [scheduling-1] E:\sc warrr11\ExcelReport\Stocklist.xlsx
2023-06-14 20:00:42,751 INFO com.sis.ExcelReport.Service.EmailService [scheduling-1] Mail sent Successfully
