2023-01-27 09:40:02,210 INFO com.sis.ExcelReport.Controller.ReportController [scheduling-1] Report Type -->prf/ob_pending
2023-01-27 09:40:11,259 INFO com.sis.ExcelReport.Controller.ReportController [scheduling-1] DepartMent -->SAG
2023-01-27 09:40:29,634 INFO com.sis.ExcelReport.Service.EmailService [scheduling-1] E:\sc warrr11\ExcelReport\PRFOB_'Pending'.xlsx
2023-01-27 09:40:29,645 INFO com.sis.ExcelReport.Service.EmailService [scheduling-1] Mail sent Successfully
2023-01-27 09:40:29,646 INFO com.sis.ExcelReport.Controller.ReportController [scheduling-1] DepartMent -->all
2023-01-27 09:40:36,866 INFO com.sis.ExcelReport.Service.EmailService [scheduling-1] E:\sc warrr11\ExcelReport\PRFOB_'Pending'.xlsx
2023-01-27 09:40:36,869 INFO com.sis.ExcelReport.Service.EmailService [scheduling-1] Mail sent Successfully
2023-01-27 09:40:36,869 INFO com.sis.ExcelReport.Controller.ReportController [scheduling-1] DepartMent -->OEM
2023-01-27 09:40:41,075 INFO com.sis.ExcelReport.Service.EmailService [scheduling-1] E:\sc warrr11\ExcelReport\PRFOB_'Pending'.xlsx
2023-01-27 09:40:41,075 INFO com.sis.ExcelReport.Service.EmailService [scheduling-1] Mail sent Successfully
2023-01-27 09:40:41,076 INFO com.sis.ExcelReport.Controller.ReportController [scheduling-1] DepartMent -->SHIPL
2023-01-27 09:40:47,140 INFO com.sis.ExcelReport.Service.EmailService [scheduling-1] E:\sc warrr11\ExcelReport\PRFOB_'Pending'.xlsx
2023-01-27 09:40:47,141 INFO com.sis.ExcelReport.Service.EmailService [scheduling-1] Mail sent Successfully
2023-01-27 09:40:47,141 INFO com.sis.ExcelReport.Controller.ReportController [scheduling-1] DepartMent -->INJECTOR
2023-01-27 09:40:52,702 INFO com.sis.ExcelReport.Service.EmailService [scheduling-1] E:\sc warrr11\ExcelReport\PRFOB_'Pending'.xlsx
2023-01-27 09:40:52,703 INFO com.sis.ExcelReport.Service.EmailService [scheduling-1] Mail sent Successfully
2023-01-27 09:40:52,703 INFO com.sis.ExcelReport.Controller.ReportController [scheduling-1] DepartMent -->VENTILATOR
2023-01-27 09:40:58,379 INFO com.sis.ExcelReport.Service.EmailService [scheduling-1] E:\sc warrr11\ExcelReport\PRFOB_'Pending'.xlsx
2023-01-27 09:40:58,379 INFO com.sis.ExcelReport.Service.EmailService [scheduling-1] Mail sent Successfully
2023-01-27 11:30:01,112 INFO com.sis.ExcelReport.Controller.ReportController [scheduling-1] Report Type -->dispatchlist
2023-01-27 11:30:01,653 INFO com.sis.ExcelReport.Controller.ReportController [scheduling-1] DepartMent -->SAG
2023-01-27 11:30:12,257 INFO com.sis.ExcelReport.Service.EmailService [scheduling-1] E:\sc warrr11\ExcelReport\Dispatchlist.xlsx
2023-01-27 11:30:12,257 INFO com.sis.ExcelReport.Service.EmailService [scheduling-1] Mail sent Successfully
2023-01-27 11:30:12,257 INFO com.sis.ExcelReport.Controller.ReportController [scheduling-1] DepartMent -->all
2023-01-27 11:30:21,350 INFO com.sis.ExcelReport.Service.EmailService [scheduling-1] E:\sc warrr11\ExcelReport\Dispatchlist.xlsx
2023-01-27 11:30:21,350 INFO com.sis.ExcelReport.Service.EmailService [scheduling-1] Mail sent Successfully
2023-01-27 11:30:21,351 INFO com.sis.ExcelReport.Controller.ReportController [scheduling-1] DepartMent -->OEM
2023-01-27 11:30:27,123 INFO com.sis.ExcelReport.Service.EmailService [scheduling-1] E:\sc warrr11\ExcelReport\Dispatchlist.xlsx
2023-01-27 11:30:27,123 INFO com.sis.ExcelReport.Service.EmailService [scheduling-1] Mail sent Successfully
2023-01-27 11:30:27,123 INFO com.sis.ExcelReport.Controller.ReportController [scheduling-1] DepartMent -->SHIPL
2023-01-27 11:30:35,859 INFO com.sis.ExcelReport.Service.EmailService [scheduling-1] E:\sc warrr11\ExcelReport\Dispatchlist.xlsx
2023-01-27 11:30:35,860 INFO com.sis.ExcelReport.Service.EmailService [scheduling-1] Mail sent Successfully
2023-01-27 11:30:35,860 INFO com.sis.ExcelReport.Controller.ReportController [scheduling-1] DepartMent -->INJECTOR
2023-01-27 11:30:44,370 INFO com.sis.ExcelReport.Service.EmailService [scheduling-1] E:\sc warrr11\ExcelReport\Dispatchlist.xlsx
2023-01-27 11:30:44,370 INFO com.sis.ExcelReport.Service.EmailService [scheduling-1] Mail sent Successfully
2023-01-27 11:30:44,371 INFO com.sis.ExcelReport.Controller.ReportController [scheduling-1] DepartMent -->VENTILATOR
2023-01-27 11:30:49,969 INFO com.sis.ExcelReport.Service.EmailService [scheduling-1] E:\sc warrr11\ExcelReport\Dispatchlist.xlsx
2023-01-27 11:30:49,970 INFO com.sis.ExcelReport.Service.EmailService [scheduling-1] Mail sent Successfully
2023-01-27 11:30:49,970 INFO com.sis.ExcelReport.Controller.ReportController [scheduling-1] DepartMent -->HEALTH AND FITNESS
2023-01-27 11:30:56,894 INFO com.sis.ExcelReport.Service.EmailService [scheduling-1] E:\sc warrr11\ExcelReport\Dispatchlist.xlsx
2023-01-27 11:30:56,895 INFO com.sis.ExcelReport.Service.EmailService [scheduling-1] Mail sent Successfully
2023-01-27 11:30:56,896 INFO com.sis.ExcelReport.Controller.ReportController [scheduling-1] DepartMent -->CONSUMABLES
2023-01-27 11:31:02,943 INFO com.sis.ExcelReport.Service.EmailService [scheduling-1] E:\sc warrr11\ExcelReport\Dispatchlist.xlsx
2023-01-27 11:31:02,944 INFO com.sis.ExcelReport.Service.EmailService [scheduling-1] Mail sent Successfully
2023-01-27 16:06:34,932 INFO com.sis.ExcelReport.Controller.ReportController [scheduling-1] Report Type -->dispatchlist
2023-01-27 16:06:34,732 WARN com.zaxxer.hikari.pool.HikariPool$HouseKeeper [HikariPool-10 housekeeper] HikariPool-10 - Thread starvation or clock leap detected (housekeeper delta=1m29s243ms787µs700ns).
2023-01-27 16:06:36,328 INFO com.sis.ExcelReport.Controller.ReportController [scheduling-1] DepartMent -->SAG
2023-01-27 16:06:44,263 INFO com.sis.ExcelReport.Service.EmailService [scheduling-1] E:\sc warrr11\ExcelReport\Dispatchlist.xlsx
2023-01-27 16:06:44,263 INFO com.sis.ExcelReport.Service.EmailService [scheduling-1] Mail sent Successfully
2023-01-27 16:06:44,264 INFO com.sis.ExcelReport.Controller.ReportController [scheduling-1] DepartMent -->all
2023-01-27 16:06:51,245 INFO com.sis.ExcelReport.Service.EmailService [scheduling-1] E:\sc warrr11\ExcelReport\Dispatchlist.xlsx
2023-01-27 16:06:51,245 INFO com.sis.ExcelReport.Service.EmailService [scheduling-1] Mail sent Successfully
2023-01-27 16:06:51,246 INFO com.sis.ExcelReport.Controller.ReportController [scheduling-1] DepartMent -->OEM
2023-01-27 16:06:58,379 INFO com.sis.ExcelReport.Service.EmailService [scheduling-1] E:\sc warrr11\ExcelReport\Dispatchlist.xlsx
2023-01-27 16:06:58,380 INFO com.sis.ExcelReport.Service.EmailService [scheduling-1] Mail sent Successfully
2023-01-27 16:06:58,380 INFO com.sis.ExcelReport.Controller.ReportController [scheduling-1] DepartMent -->SHIPL
2023-01-27 16:07:04,122 INFO com.sis.ExcelReport.Service.EmailService [scheduling-1] E:\sc warrr11\ExcelReport\Dispatchlist.xlsx
2023-01-27 16:07:04,122 INFO com.sis.ExcelReport.Service.EmailService [scheduling-1] Mail sent Successfully
2023-01-27 16:07:04,122 INFO com.sis.ExcelReport.Controller.ReportController [scheduling-1] DepartMent -->INJECTOR
2023-01-27 16:07:09,561 INFO com.sis.ExcelReport.Service.EmailService [scheduling-1] E:\sc warrr11\ExcelReport\Dispatchlist.xlsx
2023-01-27 16:07:09,561 INFO com.sis.ExcelReport.Service.EmailService [scheduling-1] Mail sent Successfully
2023-01-27 16:07:09,562 INFO com.sis.ExcelReport.Controller.ReportController [scheduling-1] DepartMent -->VENTILATOR
2023-01-27 16:07:15,284 INFO com.sis.ExcelReport.Service.EmailService [scheduling-1] E:\sc warrr11\ExcelReport\Dispatchlist.xlsx
2023-01-27 16:07:15,284 INFO com.sis.ExcelReport.Service.EmailService [scheduling-1] Mail sent Successfully
2023-01-27 16:07:15,284 INFO com.sis.ExcelReport.Controller.ReportController [scheduling-1] DepartMent -->HEALTH AND FITNESS
2023-01-27 16:07:22,741 INFO com.sis.ExcelReport.Service.EmailService [scheduling-1] E:\sc warrr11\ExcelReport\Dispatchlist.xlsx
2023-01-27 16:07:22,741 INFO com.sis.ExcelReport.Service.EmailService [scheduling-1] Mail sent Successfully
2023-01-27 16:07:22,741 INFO com.sis.ExcelReport.Controller.ReportController [scheduling-1] DepartMent -->CONSUMABLES
2023-01-27 16:07:30,198 INFO com.sis.ExcelReport.Service.EmailService [scheduling-1] E:\sc warrr11\ExcelReport\Dispatchlist.xlsx
2023-01-27 16:07:30,304 INFO com.sis.ExcelReport.Service.EmailService [scheduling-1] Mail sent Successfully
2023-01-27 18:30:04,654 INFO com.sis.ExcelReport.Controller.ReportController [scheduling-1] Report Type -->prf/ob_completed
2023-01-27 18:30:18,969 INFO com.sis.ExcelReport.Controller.ReportController [scheduling-1] DepartMent -->all
2023-01-27 18:30:41,350 INFO com.sis.ExcelReport.Service.EmailService [scheduling-1] E:\sc warrr11\ExcelReport\PRFOB_'Completed'.xlsx
2023-01-27 18:30:41,365 INFO com.sis.ExcelReport.Service.EmailService [scheduling-1] Mail sent Successfully
2023-01-27 18:30:41,365 INFO com.sis.ExcelReport.Controller.ReportController [scheduling-1] DepartMent -->OEM
2023-01-27 18:30:48,043 INFO com.sis.ExcelReport.Service.EmailService [scheduling-1] E:\sc warrr11\ExcelReport\PRFOB_'Completed'.xlsx
2023-01-27 18:30:48,044 INFO com.sis.ExcelReport.Service.EmailService [scheduling-1] Mail sent Successfully
2023-01-27 18:30:48,044 INFO com.sis.ExcelReport.Controller.ReportController [scheduling-1] DepartMent -->VENTILATOR
2023-01-27 18:30:54,262 INFO com.sis.ExcelReport.Service.EmailService [scheduling-1] E:\sc warrr11\ExcelReport\PRFOB_'Completed'.xlsx
2023-01-27 18:30:54,262 INFO com.sis.ExcelReport.Service.EmailService [scheduling-1] Mail sent Successfully
2023-01-27 20:00:01,126 INFO com.sis.ExcelReport.Controller.ReportController [scheduling-1] Report Type -->stocklist
2023-01-27 20:00:03,128 INFO com.sis.ExcelReport.Controller.ReportController [scheduling-1] DepartMent -->SAG
2023-01-27 20:00:12,575 INFO com.sis.ExcelReport.Service.EmailService [scheduling-1] E:\sc warrr11\ExcelReport\Stocklist'.xlsx
2023-01-27 20:00:12,575 INFO com.sis.ExcelReport.Service.EmailService [scheduling-1] Mail sent Successfully
2023-01-27 20:00:12,576 INFO com.sis.ExcelReport.Controller.ReportController [scheduling-1] DepartMent -->all
2023-01-27 20:00:20,350 INFO com.sis.ExcelReport.Service.EmailService [scheduling-1] E:\sc warrr11\ExcelReport\Stocklist'.xlsx
2023-01-27 20:00:20,351 INFO com.sis.ExcelReport.Service.EmailService [scheduling-1] Mail sent Successfully
2023-01-27 20:00:20,351 INFO com.sis.ExcelReport.Controller.ReportController [scheduling-1] DepartMent -->OEM
2023-01-27 20:00:26,579 INFO com.sis.ExcelReport.Service.EmailService [scheduling-1] E:\sc warrr11\ExcelReport\Stocklist'.xlsx
2023-01-27 20:00:26,579 INFO com.sis.ExcelReport.Service.EmailService [scheduling-1] Mail sent Successfully
2023-01-27 20:00:26,579 INFO com.sis.ExcelReport.Controller.ReportController [scheduling-1] DepartMent -->SHIPL
2023-01-27 20:00:33,658 INFO com.sis.ExcelReport.Service.EmailService [scheduling-1] E:\sc warrr11\ExcelReport\Stocklist'.xlsx
2023-01-27 20:00:33,659 INFO com.sis.ExcelReport.Service.EmailService [scheduling-1] Mail sent Successfully
2023-01-27 20:00:33,659 INFO com.sis.ExcelReport.Controller.ReportController [scheduling-1] DepartMent -->INJECTOR
2023-01-27 20:00:42,680 INFO com.sis.ExcelReport.Service.EmailService [scheduling-1] E:\sc warrr11\ExcelReport\Stocklist'.xlsx
2023-01-27 20:00:42,680 INFO com.sis.ExcelReport.Service.EmailService [scheduling-1] Mail sent Successfully
2023-01-27 20:00:42,680 INFO com.sis.ExcelReport.Controller.ReportController [scheduling-1] DepartMent -->VENTILATOR
2023-01-27 20:00:49,009 INFO com.sis.ExcelReport.Service.EmailService [scheduling-1] E:\sc warrr11\ExcelReport\Stocklist'.xlsx
2023-01-27 20:00:49,009 INFO com.sis.ExcelReport.Service.EmailService [scheduling-1] Mail sent Successfully
2023-01-27 20:00:49,009 INFO com.sis.ExcelReport.Controller.ReportController [scheduling-1] DepartMent -->CONSUMABLES
2023-01-27 20:00:54,797 INFO com.sis.ExcelReport.Service.EmailService [scheduling-1] E:\sc warrr11\ExcelReport\Stocklist'.xlsx
2023-01-27 20:00:54,798 INFO com.sis.ExcelReport.Service.EmailService [scheduling-1] Mail sent Successfully
