2023-04-05 09:40:00,006 INFO com.sis.ExcelReport.Controller.ReportController [scheduling-1] Report Type -->prf/ob_pending
2023-04-05 09:40:00,829 INFO com.sis.ExcelReport.Controller.ReportController [scheduling-1] DepartMent -->SAG
2023-04-05 09:40:07,600 INFO com.sis.ExcelReport.Service.EmailService [scheduling-1] E:\sc warrr11\ExcelReport\PRFOB_'Pending'.xlsx
2023-04-05 09:40:07,600 INFO com.sis.ExcelReport.Service.EmailService [scheduling-1] Mail sent Successfully
2023-04-05 09:40:07,601 INFO com.sis.ExcelReport.Controller.ReportController [scheduling-1] DepartMent -->all
2023-04-05 09:40:13,724 INFO com.sis.ExcelReport.Service.EmailService [scheduling-1] E:\sc warrr11\ExcelReport\PRFOB_'Pending'.xlsx
2023-04-05 09:40:13,726 INFO com.sis.ExcelReport.Service.EmailService [scheduling-1] Mail sent Successfully
2023-04-05 09:40:13,726 INFO com.sis.ExcelReport.Controller.ReportController [scheduling-1] DepartMent -->OEM
2023-04-05 09:40:19,597 INFO com.sis.ExcelReport.Service.EmailService [scheduling-1] E:\sc warrr11\ExcelReport\PRFOB_'Pending'.xlsx
2023-04-05 09:40:19,597 INFO com.sis.ExcelReport.Service.EmailService [scheduling-1] Mail sent Successfully
2023-04-05 09:40:19,597 INFO com.sis.ExcelReport.Controller.ReportController [scheduling-1] DepartMent -->SHIPL
2023-04-05 09:40:24,959 INFO com.sis.ExcelReport.Service.EmailService [scheduling-1] E:\sc warrr11\ExcelReport\PRFOB_'Pending'.xlsx
2023-04-05 09:40:24,959 INFO com.sis.ExcelReport.Service.EmailService [scheduling-1] Mail sent Successfully
2023-04-05 09:40:24,959 INFO com.sis.ExcelReport.Controller.ReportController [scheduling-1] DepartMent -->INJECTOR
2023-04-05 09:40:30,228 INFO com.sis.ExcelReport.Service.EmailService [scheduling-1] E:\sc warrr11\ExcelReport\PRFOB_'Pending'.xlsx
2023-04-05 09:40:30,228 INFO com.sis.ExcelReport.Service.EmailService [scheduling-1] Mail sent Successfully
2023-04-05 09:40:30,228 INFO com.sis.ExcelReport.Controller.ReportController [scheduling-1] DepartMent -->VENTILATOR
2023-04-05 09:40:35,829 INFO com.sis.ExcelReport.Service.EmailService [scheduling-1] E:\sc warrr11\ExcelReport\PRFOB_'Pending'.xlsx
2023-04-05 09:40:35,829 INFO com.sis.ExcelReport.Service.EmailService [scheduling-1] Mail sent Successfully
2023-04-05 11:30:00,008 INFO com.sis.ExcelReport.Controller.ReportController [scheduling-1] Report Type -->dispatchlist
2023-04-05 11:30:00,286 INFO com.sis.ExcelReport.Controller.ReportController [scheduling-1] DepartMent -->SAG
2023-04-05 11:30:06,418 INFO com.sis.ExcelReport.Service.EmailService [scheduling-1] E:\sc warrr11\ExcelReport\Dispatchlist.xlsx
2023-04-05 11:30:06,419 INFO com.sis.ExcelReport.Service.EmailService [scheduling-1] Mail sent Successfully
2023-04-05 11:30:06,419 INFO com.sis.ExcelReport.Controller.ReportController [scheduling-1] DepartMent -->all
2023-04-05 11:30:13,141 INFO com.sis.ExcelReport.Service.EmailService [scheduling-1] E:\sc warrr11\ExcelReport\Dispatchlist.xlsx
2023-04-05 11:30:13,141 INFO com.sis.ExcelReport.Service.EmailService [scheduling-1] Mail sent Successfully
2023-04-05 11:30:13,141 INFO com.sis.ExcelReport.Controller.ReportController [scheduling-1] DepartMent -->SHIPL
2023-04-05 11:30:18,633 INFO com.sis.ExcelReport.Service.EmailService [scheduling-1] E:\sc warrr11\ExcelReport\Dispatchlist.xlsx
2023-04-05 11:30:18,633 INFO com.sis.ExcelReport.Service.EmailService [scheduling-1] Mail sent Successfully
2023-04-05 11:30:18,633 INFO com.sis.ExcelReport.Controller.ReportController [scheduling-1] DepartMent -->OEM
2023-04-05 11:30:24,133 INFO com.sis.ExcelReport.Service.EmailService [scheduling-1] E:\sc warrr11\ExcelReport\Dispatchlist.xlsx
2023-04-05 11:30:24,134 INFO com.sis.ExcelReport.Service.EmailService [scheduling-1] Mail sent Successfully
2023-04-05 11:30:24,134 INFO com.sis.ExcelReport.Controller.ReportController [scheduling-1] DepartMent -->INJECTOR
2023-04-05 11:30:29,267 INFO com.sis.ExcelReport.Service.EmailService [scheduling-1] E:\sc warrr11\ExcelReport\Dispatchlist.xlsx
2023-04-05 11:30:29,267 INFO com.sis.ExcelReport.Service.EmailService [scheduling-1] Mail sent Successfully
2023-04-05 11:30:29,267 INFO com.sis.ExcelReport.Controller.ReportController [scheduling-1] DepartMent -->VENTILATOR
2023-04-05 11:30:34,842 INFO com.sis.ExcelReport.Service.EmailService [scheduling-1] E:\sc warrr11\ExcelReport\Dispatchlist.xlsx
2023-04-05 11:30:34,842 INFO com.sis.ExcelReport.Service.EmailService [scheduling-1] Mail sent Successfully
2023-04-05 11:30:34,842 INFO com.sis.ExcelReport.Controller.ReportController [scheduling-1] DepartMent -->HEALTH AND FITNESS
2023-04-05 11:30:39,974 INFO com.sis.ExcelReport.Service.EmailService [scheduling-1] E:\sc warrr11\ExcelReport\Dispatchlist.xlsx
2023-04-05 11:30:39,974 INFO com.sis.ExcelReport.Service.EmailService [scheduling-1] Mail sent Successfully
2023-04-05 11:30:39,974 INFO com.sis.ExcelReport.Controller.ReportController [scheduling-1] DepartMent -->CONSUMABLES
2023-04-05 11:30:45,512 INFO com.sis.ExcelReport.Service.EmailService [scheduling-1] E:\sc warrr11\ExcelReport\Dispatchlist.xlsx
2023-04-05 11:30:45,512 INFO com.sis.ExcelReport.Service.EmailService [scheduling-1] Mail sent Successfully
2023-04-05 16:06:00,009 INFO com.sis.ExcelReport.Controller.ReportController [scheduling-1] Report Type -->dispatchlist
2023-04-05 16:06:00,196 INFO com.sis.ExcelReport.Controller.ReportController [scheduling-1] DepartMent -->SAG
2023-04-05 16:06:06,624 INFO com.sis.ExcelReport.Service.EmailService [scheduling-1] E:\sc warrr11\ExcelReport\Dispatchlist.xlsx
2023-04-05 16:06:06,624 INFO com.sis.ExcelReport.Service.EmailService [scheduling-1] Mail sent Successfully
2023-04-05 16:06:06,624 INFO com.sis.ExcelReport.Controller.ReportController [scheduling-1] DepartMent -->all
2023-04-05 16:06:13,477 INFO com.sis.ExcelReport.Service.EmailService [scheduling-1] E:\sc warrr11\ExcelReport\Dispatchlist.xlsx
2023-04-05 16:06:13,477 INFO com.sis.ExcelReport.Service.EmailService [scheduling-1] Mail sent Successfully
2023-04-05 16:06:13,477 INFO com.sis.ExcelReport.Controller.ReportController [scheduling-1] DepartMent -->SHIPL
2023-04-05 16:06:18,980 INFO com.sis.ExcelReport.Service.EmailService [scheduling-1] E:\sc warrr11\ExcelReport\Dispatchlist.xlsx
2023-04-05 16:06:18,980 INFO com.sis.ExcelReport.Service.EmailService [scheduling-1] Mail sent Successfully
2023-04-05 16:06:18,980 INFO com.sis.ExcelReport.Controller.ReportController [scheduling-1] DepartMent -->OEM
2023-04-05 16:06:24,744 INFO com.sis.ExcelReport.Service.EmailService [scheduling-1] E:\sc warrr11\ExcelReport\Dispatchlist.xlsx
2023-04-05 16:06:24,758 INFO com.sis.ExcelReport.Service.EmailService [scheduling-1] Mail sent Successfully
2023-04-05 16:06:24,759 INFO com.sis.ExcelReport.Controller.ReportController [scheduling-1] DepartMent -->INJECTOR
2023-04-05 16:06:31,029 INFO com.sis.ExcelReport.Service.EmailService [scheduling-1] E:\sc warrr11\ExcelReport\Dispatchlist.xlsx
2023-04-05 16:06:31,029 INFO com.sis.ExcelReport.Service.EmailService [scheduling-1] Mail sent Successfully
2023-04-05 16:06:31,029 INFO com.sis.ExcelReport.Controller.ReportController [scheduling-1] DepartMent -->VENTILATOR
2023-04-05 16:06:36,859 INFO com.sis.ExcelReport.Service.EmailService [scheduling-1] E:\sc warrr11\ExcelReport\Dispatchlist.xlsx
2023-04-05 16:06:36,859 INFO com.sis.ExcelReport.Service.EmailService [scheduling-1] Mail sent Successfully
2023-04-05 16:06:36,859 INFO com.sis.ExcelReport.Controller.ReportController [scheduling-1] DepartMent -->HEALTH AND FITNESS
2023-04-05 16:06:42,049 INFO com.sis.ExcelReport.Service.EmailService [scheduling-1] E:\sc warrr11\ExcelReport\Dispatchlist.xlsx
2023-04-05 16:06:42,049 INFO com.sis.ExcelReport.Service.EmailService [scheduling-1] Mail sent Successfully
2023-04-05 16:06:42,049 INFO com.sis.ExcelReport.Controller.ReportController [scheduling-1] DepartMent -->CONSUMABLES
2023-04-05 16:06:47,382 INFO com.sis.ExcelReport.Service.EmailService [scheduling-1] E:\sc warrr11\ExcelReport\Dispatchlist.xlsx
2023-04-05 16:06:47,382 INFO com.sis.ExcelReport.Service.EmailService [scheduling-1] Mail sent Successfully
2023-04-05 18:30:00,031 INFO com.sis.ExcelReport.Controller.ReportController [scheduling-1] Report Type -->prf/ob_completed
2023-04-05 18:30:00,275 INFO com.sis.ExcelReport.Controller.ReportController [scheduling-1] DepartMent -->all
2023-04-05 18:30:06,208 INFO com.sis.ExcelReport.Service.EmailService [scheduling-1] E:\sc warrr11\ExcelReport\PRFOB_'Completed'.xlsx
2023-04-05 18:30:06,208 INFO com.sis.ExcelReport.Service.EmailService [scheduling-1] Mail sent Successfully
2023-04-05 18:30:06,208 INFO com.sis.ExcelReport.Controller.ReportController [scheduling-1] DepartMent -->VENTILATOR
2023-04-05 18:30:11,706 INFO com.sis.ExcelReport.Service.EmailService [scheduling-1] E:\sc warrr11\ExcelReport\PRFOB_'Completed'.xlsx
2023-04-05 18:30:11,706 INFO com.sis.ExcelReport.Service.EmailService [scheduling-1] Mail sent Successfully
2023-04-05 18:30:11,706 INFO com.sis.ExcelReport.Controller.ReportController [scheduling-1] DepartMent -->SAG
2023-04-05 18:30:16,879 INFO com.sis.ExcelReport.Service.EmailService [scheduling-1] E:\sc warrr11\ExcelReport\PRFOB_'Completed'.xlsx
2023-04-05 18:30:16,879 INFO com.sis.ExcelReport.Service.EmailService [scheduling-1] Mail sent Successfully
2023-04-05 18:30:16,879 INFO com.sis.ExcelReport.Controller.ReportController [scheduling-1] DepartMent -->OEM
2023-04-05 18:30:22,348 INFO com.sis.ExcelReport.Service.EmailService [scheduling-1] E:\sc warrr11\ExcelReport\PRFOB_'Completed'.xlsx
2023-04-05 18:30:22,348 INFO com.sis.ExcelReport.Service.EmailService [scheduling-1] Mail sent Successfully
2023-04-05 20:00:00,010 INFO com.sis.ExcelReport.Controller.ReportController [scheduling-1] Report Type -->stocklist
2023-04-05 20:00:00,185 INFO com.sis.ExcelReport.Controller.ReportController [scheduling-1] DepartMent -->SAG
2023-04-05 20:00:06,264 INFO com.sis.ExcelReport.Service.EmailService [scheduling-1] E:\sc warrr11\ExcelReport\Stocklist.xlsx
2023-04-05 20:00:06,264 INFO com.sis.ExcelReport.Service.EmailService [scheduling-1] Mail sent Successfully
2023-04-05 20:00:06,264 INFO com.sis.ExcelReport.Controller.ReportController [scheduling-1] DepartMent -->all
2023-04-05 20:00:12,818 INFO com.sis.ExcelReport.Service.EmailService [scheduling-1] E:\sc warrr11\ExcelReport\Stocklist.xlsx
2023-04-05 20:00:12,818 INFO com.sis.ExcelReport.Service.EmailService [scheduling-1] Mail sent Successfully
2023-04-05 20:00:12,818 INFO com.sis.ExcelReport.Controller.ReportController [scheduling-1] DepartMent -->SHIPL
2023-04-05 20:00:18,247 INFO com.sis.ExcelReport.Service.EmailService [scheduling-1] E:\sc warrr11\ExcelReport\Stocklist.xlsx
2023-04-05 20:00:18,248 INFO com.sis.ExcelReport.Service.EmailService [scheduling-1] Mail sent Successfully
2023-04-05 20:00:18,248 INFO com.sis.ExcelReport.Controller.ReportController [scheduling-1] DepartMent -->OEM
2023-04-05 20:00:23,632 INFO com.sis.ExcelReport.Service.EmailService [scheduling-1] E:\sc warrr11\ExcelReport\Stocklist.xlsx
2023-04-05 20:00:23,632 INFO com.sis.ExcelReport.Service.EmailService [scheduling-1] Mail sent Successfully
2023-04-05 20:00:23,632 INFO com.sis.ExcelReport.Controller.ReportController [scheduling-1] DepartMent -->INJECTOR
2023-04-05 20:00:28,833 INFO com.sis.ExcelReport.Service.EmailService [scheduling-1] E:\sc warrr11\ExcelReport\Stocklist.xlsx
2023-04-05 20:00:28,833 INFO com.sis.ExcelReport.Service.EmailService [scheduling-1] Mail sent Successfully
2023-04-05 20:00:28,833 INFO com.sis.ExcelReport.Controller.ReportController [scheduling-1] DepartMent -->VENTILATOR
2023-04-05 20:00:34,666 INFO com.sis.ExcelReport.Service.EmailService [scheduling-1] E:\sc warrr11\ExcelReport\Stocklist.xlsx
2023-04-05 20:00:34,666 INFO com.sis.ExcelReport.Service.EmailService [scheduling-1] Mail sent Successfully
2023-04-05 20:00:34,666 INFO com.sis.ExcelReport.Controller.ReportController [scheduling-1] DepartMent -->CONSUMABLES
2023-04-05 20:00:40,455 INFO com.sis.ExcelReport.Service.EmailService [scheduling-1] E:\sc warrr11\ExcelReport\Stocklist.xlsx
2023-04-05 20:00:40,455 INFO com.sis.ExcelReport.Service.EmailService [scheduling-1] Mail sent Successfully
