2023-04-27 09:40:00,032 INFO com.sis.ExcelReport.Controller.ReportController [scheduling-1] Report Type -->prf/ob_pending
2023-04-27 09:40:00,461 INFO com.sis.ExcelReport.Controller.ReportController [scheduling-1] DepartMent -->SAG
2023-04-27 09:40:06,803 INFO com.sis.ExcelReport.Service.EmailService [scheduling-1] E:\sc warrr11\ExcelReport\PRFOB_'Pending'.xlsx
2023-04-27 09:40:06,803 INFO com.sis.ExcelReport.Service.EmailService [scheduling-1] Mail sent Successfully
2023-04-27 09:40:06,804 INFO com.sis.ExcelReport.Controller.ReportController [scheduling-1] DepartMent -->all
2023-04-27 09:40:13,006 INFO com.sis.ExcelReport.Service.EmailService [scheduling-1] E:\sc warrr11\ExcelReport\PRFOB_'Pending'.xlsx
2023-04-27 09:40:13,007 INFO com.sis.ExcelReport.Service.EmailService [scheduling-1] Mail sent Successfully
2023-04-27 09:40:13,007 INFO com.sis.ExcelReport.Controller.ReportController [scheduling-1] DepartMent -->OEM
2023-04-27 09:40:18,626 INFO com.sis.ExcelReport.Service.EmailService [scheduling-1] E:\sc warrr11\ExcelReport\PRFOB_'Pending'.xlsx
2023-04-27 09:40:18,626 INFO com.sis.ExcelReport.Service.EmailService [scheduling-1] Mail sent Successfully
2023-04-27 09:40:18,626 INFO com.sis.ExcelReport.Controller.ReportController [scheduling-1] DepartMent -->SHIPL
2023-04-27 09:40:24,574 INFO com.sis.ExcelReport.Service.EmailService [scheduling-1] E:\sc warrr11\ExcelReport\PRFOB_'Pending'.xlsx
2023-04-27 09:40:24,575 INFO com.sis.ExcelReport.Service.EmailService [scheduling-1] Mail sent Successfully
2023-04-27 09:40:24,575 INFO com.sis.ExcelReport.Controller.ReportController [scheduling-1] DepartMent -->INJECTOR
2023-04-27 09:40:29,877 INFO com.sis.ExcelReport.Service.EmailService [scheduling-1] E:\sc warrr11\ExcelReport\PRFOB_'Pending'.xlsx
2023-04-27 09:40:29,877 INFO com.sis.ExcelReport.Service.EmailService [scheduling-1] Mail sent Successfully
2023-04-27 09:40:29,877 INFO com.sis.ExcelReport.Controller.ReportController [scheduling-1] DepartMent -->VENTILATOR
2023-04-27 09:40:35,512 INFO com.sis.ExcelReport.Service.EmailService [scheduling-1] E:\sc warrr11\ExcelReport\PRFOB_'Pending'.xlsx
2023-04-27 09:40:35,513 INFO com.sis.ExcelReport.Service.EmailService [scheduling-1] Mail sent Successfully
2023-04-27 11:30:00,011 INFO com.sis.ExcelReport.Controller.ReportController [scheduling-1] Report Type -->dispatchlist
2023-04-27 11:30:00,451 INFO com.sis.ExcelReport.Controller.ReportController [scheduling-1] DepartMent -->SAG
2023-04-27 11:30:07,353 INFO com.sis.ExcelReport.Service.EmailService [scheduling-1] E:\sc warrr11\ExcelReport\Dispatchlist.xlsx
2023-04-27 11:30:07,354 INFO com.sis.ExcelReport.Service.EmailService [scheduling-1] Mail sent Successfully
2023-04-27 11:30:07,354 INFO com.sis.ExcelReport.Controller.ReportController [scheduling-1] DepartMent -->all
2023-04-27 11:30:14,892 INFO com.sis.ExcelReport.Service.EmailService [scheduling-1] E:\sc warrr11\ExcelReport\Dispatchlist.xlsx
2023-04-27 11:30:14,892 INFO com.sis.ExcelReport.Service.EmailService [scheduling-1] Mail sent Successfully
2023-04-27 11:30:14,892 INFO com.sis.ExcelReport.Controller.ReportController [scheduling-1] DepartMent -->SHIPL
2023-04-27 11:30:21,221 INFO com.sis.ExcelReport.Service.EmailService [scheduling-1] E:\sc warrr11\ExcelReport\Dispatchlist.xlsx
2023-04-27 11:30:21,221 INFO com.sis.ExcelReport.Service.EmailService [scheduling-1] Mail sent Successfully
2023-04-27 11:30:21,222 INFO com.sis.ExcelReport.Controller.ReportController [scheduling-1] DepartMent -->OEM
2023-04-27 11:30:26,802 INFO com.sis.ExcelReport.Service.EmailService [scheduling-1] E:\sc warrr11\ExcelReport\Dispatchlist.xlsx
2023-04-27 11:30:26,802 INFO com.sis.ExcelReport.Service.EmailService [scheduling-1] Mail sent Successfully
2023-04-27 11:30:26,802 INFO com.sis.ExcelReport.Controller.ReportController [scheduling-1] DepartMent -->INJECTOR
2023-04-27 11:30:32,456 INFO com.sis.ExcelReport.Service.EmailService [scheduling-1] E:\sc warrr11\ExcelReport\Dispatchlist.xlsx
2023-04-27 11:30:32,456 INFO com.sis.ExcelReport.Service.EmailService [scheduling-1] Mail sent Successfully
2023-04-27 11:30:32,457 INFO com.sis.ExcelReport.Controller.ReportController [scheduling-1] DepartMent -->VENTILATOR
2023-04-27 11:30:38,186 INFO com.sis.ExcelReport.Service.EmailService [scheduling-1] E:\sc warrr11\ExcelReport\Dispatchlist.xlsx
2023-04-27 11:30:38,186 INFO com.sis.ExcelReport.Service.EmailService [scheduling-1] Mail sent Successfully
2023-04-27 11:30:38,187 INFO com.sis.ExcelReport.Controller.ReportController [scheduling-1] DepartMent -->HEALTH AND FITNESS
2023-04-27 11:30:44,528 INFO com.sis.ExcelReport.Service.EmailService [scheduling-1] E:\sc warrr11\ExcelReport\Dispatchlist.xlsx
2023-04-27 11:30:44,529 INFO com.sis.ExcelReport.Service.EmailService [scheduling-1] Mail sent Successfully
2023-04-27 11:30:44,529 INFO com.sis.ExcelReport.Controller.ReportController [scheduling-1] DepartMent -->CONSUMABLES
2023-04-27 11:30:50,153 INFO com.sis.ExcelReport.Service.EmailService [scheduling-1] E:\sc warrr11\ExcelReport\Dispatchlist.xlsx
2023-04-27 11:30:50,153 INFO com.sis.ExcelReport.Service.EmailService [scheduling-1] Mail sent Successfully
2023-04-27 12:38:07,449 INFO org.springframework.boot.StartupInfoLogger [restartedMain] Starting ExcelReportApplication using Java 1.8.0_152 on DESKTOP-NCNS245 with PID 9812 (E:\sc warrr11\ExcelReport\target\classes started by Admin in E:\sc warrr11\ExcelReport)
2023-04-27 12:38:07,485 INFO org.springframework.boot.SpringApplication [restartedMain] No active profile set, falling back to default profiles: default
2023-04-27 12:38:08,427 INFO org.springframework.boot.logging.DeferredLog [restartedMain] Devtools property defaults active! Set 'spring.devtools.add-properties' to 'false' to disable
2023-04-27 12:38:08,428 INFO org.springframework.boot.logging.DeferredLog [restartedMain] For additional web related logging consider setting the 'logging.level.web' property to 'DEBUG'
2023-04-27 12:38:17,417 INFO org.springframework.data.repository.config.RepositoryConfigurationDelegate [restartedMain] Bootstrapping Spring Data JPA repositories in DEFAULT mode.
2023-04-27 12:38:18,097 INFO org.springframework.data.repository.config.RepositoryConfigurationDelegate [restartedMain] Finished Spring Data repository scanning in 566 ms. Found 10 JPA repository interfaces.
2023-04-27 12:38:22,195 INFO org.springframework.boot.web.embedded.tomcat.TomcatWebServer [restartedMain] Tomcat initialized with port(s): 90 (http)
2023-04-27 12:38:22,263 INFO org.apache.juli.logging.DirectJDKLog [restartedMain] Initializing ProtocolHandler ["http-nio-90"]
2023-04-27 12:38:22,275 INFO org.apache.juli.logging.DirectJDKLog [restartedMain] Starting service [Tomcat]
2023-04-27 12:38:22,276 INFO org.apache.juli.logging.DirectJDKLog [restartedMain] Starting Servlet engine: [Apache Tomcat/9.0.44]
2023-04-27 12:38:23,366 INFO org.apache.juli.logging.DirectJDKLog [restartedMain] At least one JAR was scanned for TLDs yet contained no TLDs. Enable debug logging for this logger for a complete list of JARs that were scanned but no TLDs were found in them. Skipping unneeded JARs during scanning can improve startup time and JSP compilation time.
2023-04-27 12:38:23,400 INFO org.apache.juli.logging.DirectJDKLog [restartedMain] Initializing Spring embedded WebApplicationContext
2023-04-27 12:38:23,400 INFO org.springframework.boot.web.servlet.context.ServletWebServerApplicationContext [restartedMain] Root WebApplicationContext: initialization completed in 14968 ms
2023-04-27 12:38:25,000 INFO com.zaxxer.hikari.HikariDataSource [restartedMain] HikariPool-1 - Starting...
2023-04-27 12:38:29,578 INFO com.zaxxer.hikari.HikariDataSource [restartedMain] HikariPool-1 - Start completed.
2023-04-27 12:38:30,199 INFO org.hibernate.jpa.internal.util.LogHelper [restartedMain] HHH000204: Processing PersistenceUnitInfo [name: default]
2023-04-27 12:38:31,153 INFO org.hibernate.Version [restartedMain] HHH000412: Hibernate ORM core version 5.4.29.Final
2023-04-27 12:38:33,652 INFO org.hibernate.annotations.common.reflection.java.JavaReflectionManager [restartedMain] HCANN000001: Hibernate Commons Annotations {5.1.2.Final}
2023-04-27 12:38:35,915 INFO org.hibernate.dialect.Dialect [restartedMain] HHH000400: Using dialect: org.hibernate.dialect.MySQL8Dialect
2023-04-27 12:38:41,703 INFO org.hibernate.engine.transaction.jta.platform.internal.JtaPlatformInitiator [restartedMain] HHH000490: Using JtaPlatform implementation: [org.hibernate.engine.transaction.jta.platform.internal.NoJtaPlatform]
2023-04-27 12:38:41,790 INFO org.springframework.orm.jpa.AbstractEntityManagerFactoryBean [restartedMain] Initialized JPA EntityManagerFactory for persistence unit 'default'
2023-04-27 12:38:45,172 WARN org.springframework.boot.autoconfigure.orm.jpa.JpaBaseConfiguration$JpaWebConfiguration [restartedMain] spring.jpa.open-in-view is enabled by default. Therefore, database queries may be performed during view rendering. Explicitly configure spring.jpa.open-in-view to disable this warning
2023-04-27 12:38:45,906 INFO org.springframework.scheduling.concurrent.ExecutorConfigurationSupport [restartedMain] Initializing ExecutorService 'applicationTaskExecutor'
2023-04-27 12:38:48,264 INFO org.springframework.scheduling.concurrent.ExecutorConfigurationSupport [restartedMain] Initializing ExecutorService 'taskScheduler'
2023-04-27 12:38:48,365 INFO org.springframework.boot.devtools.autoconfigure.OptionalLiveReloadServer [restartedMain] LiveReload server is running on port 35729
2023-04-27 12:38:48,396 INFO org.apache.juli.logging.DirectJDKLog [restartedMain] Starting ProtocolHandler ["http-nio-90"]
2023-04-27 12:38:48,970 INFO org.springframework.boot.web.embedded.tomcat.TomcatWebServer [restartedMain] Tomcat started on port(s): 90 (http) with context path ''
2023-04-27 12:38:49,101 INFO org.springframework.boot.StartupInfoLogger [restartedMain] Started ExcelReportApplication in 47.298 seconds (JVM running for 55.142)
2023-04-27 13:48:58,411 INFO org.apache.juli.logging.DirectJDKLog [http-nio-90-exec-1] Initializing Spring DispatcherServlet 'dispatcherServlet'
2023-04-27 13:48:58,433 INFO org.springframework.web.servlet.FrameworkServlet [http-nio-90-exec-1] Initializing Servlet 'dispatcherServlet'
2023-04-27 13:48:58,435 INFO org.springframework.web.servlet.FrameworkServlet [http-nio-90-exec-1] Completed initialization in 1 ms
2023-04-27 16:35:26,058 INFO org.springframework.boot.StartupInfoLogger [restartedMain] Starting ExcelReportApplication using Java 1.8.0_152 on DESKTOP-NCNS245 with PID 1248 (E:\sc warrr11\ExcelReport\target\classes started by Admin in E:\sc warrr11\ExcelReport)
2023-04-27 16:35:26,087 INFO org.springframework.boot.SpringApplication [restartedMain] No active profile set, falling back to default profiles: default
2023-04-27 16:35:26,387 INFO org.springframework.boot.logging.DeferredLog [restartedMain] Devtools property defaults active! Set 'spring.devtools.add-properties' to 'false' to disable
2023-04-27 16:35:26,388 INFO org.springframework.boot.logging.DeferredLog [restartedMain] For additional web related logging consider setting the 'logging.level.web' property to 'DEBUG'
2023-04-27 16:35:29,550 INFO org.springframework.data.repository.config.RepositoryConfigurationDelegate [restartedMain] Bootstrapping Spring Data JPA repositories in DEFAULT mode.
2023-04-27 16:35:29,986 INFO org.springframework.data.repository.config.RepositoryConfigurationDelegate [restartedMain] Finished Spring Data repository scanning in 409 ms. Found 10 JPA repository interfaces.
2023-04-27 16:35:31,622 INFO org.springframework.boot.web.embedded.tomcat.TomcatWebServer [restartedMain] Tomcat initialized with port(s): 90 (http)
2023-04-27 16:35:31,670 INFO org.apache.juli.logging.DirectJDKLog [restartedMain] Initializing ProtocolHandler ["http-nio-90"]
2023-04-27 16:35:31,678 INFO org.apache.juli.logging.DirectJDKLog [restartedMain] Starting service [Tomcat]
2023-04-27 16:35:31,679 INFO org.apache.juli.logging.DirectJDKLog [restartedMain] Starting Servlet engine: [Apache Tomcat/9.0.44]
2023-04-27 16:35:32,412 INFO org.apache.juli.logging.DirectJDKLog [restartedMain] At least one JAR was scanned for TLDs yet contained no TLDs. Enable debug logging for this logger for a complete list of JARs that were scanned but no TLDs were found in them. Skipping unneeded JARs during scanning can improve startup time and JSP compilation time.
2023-04-27 16:35:32,461 INFO org.apache.juli.logging.DirectJDKLog [restartedMain] Initializing Spring embedded WebApplicationContext
2023-04-27 16:35:32,462 INFO org.springframework.boot.web.servlet.context.ServletWebServerApplicationContext [restartedMain] Root WebApplicationContext: initialization completed in 6073 ms
2023-04-27 16:35:33,009 INFO com.zaxxer.hikari.HikariDataSource [restartedMain] HikariPool-1 - Starting...
2023-04-27 16:35:35,069 INFO com.zaxxer.hikari.HikariDataSource [restartedMain] HikariPool-1 - Start completed.
2023-04-27 16:35:35,403 INFO org.hibernate.jpa.internal.util.LogHelper [restartedMain] HHH000204: Processing PersistenceUnitInfo [name: default]
2023-04-27 16:35:35,601 INFO org.hibernate.Version [restartedMain] HHH000412: Hibernate ORM core version 5.4.29.Final
2023-04-27 16:35:36,037 INFO org.hibernate.annotations.common.reflection.java.JavaReflectionManager [restartedMain] HCANN000001: Hibernate Commons Annotations {5.1.2.Final}
2023-04-27 16:35:36,557 INFO org.hibernate.dialect.Dialect [restartedMain] HHH000400: Using dialect: org.hibernate.dialect.MySQL8Dialect
2023-04-27 16:35:38,727 INFO org.hibernate.engine.transaction.jta.platform.internal.JtaPlatformInitiator [restartedMain] HHH000490: Using JtaPlatform implementation: [org.hibernate.engine.transaction.jta.platform.internal.NoJtaPlatform]
2023-04-27 16:35:38,752 INFO org.springframework.orm.jpa.AbstractEntityManagerFactoryBean [restartedMain] Initialized JPA EntityManagerFactory for persistence unit 'default'
2023-04-27 16:35:41,913 WARN org.springframework.boot.autoconfigure.orm.jpa.JpaBaseConfiguration$JpaWebConfiguration [restartedMain] spring.jpa.open-in-view is enabled by default. Therefore, database queries may be performed during view rendering. Explicitly configure spring.jpa.open-in-view to disable this warning
2023-04-27 16:35:43,469 INFO org.springframework.scheduling.concurrent.ExecutorConfigurationSupport [restartedMain] Initializing ExecutorService 'applicationTaskExecutor'
2023-04-27 16:35:44,421 INFO org.springframework.scheduling.concurrent.ExecutorConfigurationSupport [restartedMain] Initializing ExecutorService 'taskScheduler'
2023-04-27 16:35:44,540 INFO org.springframework.boot.devtools.autoconfigure.OptionalLiveReloadServer [restartedMain] LiveReload server is running on port 35729
2023-04-27 16:35:44,565 INFO org.apache.juli.logging.DirectJDKLog [restartedMain] Starting ProtocolHandler ["http-nio-90"]
2023-04-27 16:35:44,789 INFO org.springframework.boot.web.embedded.tomcat.TomcatWebServer [restartedMain] Tomcat started on port(s): 90 (http) with context path ''
2023-04-27 16:35:44,822 INFO org.springframework.boot.StartupInfoLogger [restartedMain] Started ExcelReportApplication in 24.886 seconds (JVM running for 37.965)
2023-04-27 16:39:50,334 INFO org.apache.juli.logging.DirectJDKLog [http-nio-90-exec-1] Initializing Spring DispatcherServlet 'dispatcherServlet'
2023-04-27 16:39:50,336 INFO org.springframework.web.servlet.FrameworkServlet [http-nio-90-exec-1] Initializing Servlet 'dispatcherServlet'
2023-04-27 16:39:50,338 INFO org.springframework.web.servlet.FrameworkServlet [http-nio-90-exec-1] Completed initialization in 1 ms
2023-04-27 16:40:30,420 INFO com.sis.ExcelReport.Controller.ReportController [http-nio-90-exec-8] Report Type -->dispatchlist
2023-04-27 16:40:31,977 INFO com.sis.ExcelReport.Controller.ReportController [http-nio-90-exec-8] DepartMent -->SAG
2023-04-27 16:40:54,307 INFO com.sis.ExcelReport.Service.EmailService [http-nio-90-exec-8] E:\sc warrr11\ExcelReport\Dispatchlist.xlsx
2023-04-27 16:40:54,308 INFO com.sis.ExcelReport.Service.EmailService [http-nio-90-exec-8] Mail sent Successfully
2023-04-27 16:40:54,309 INFO com.sis.ExcelReport.Controller.ReportController [http-nio-90-exec-8] DepartMent -->all
2023-04-27 16:41:02,098 INFO com.sis.ExcelReport.Service.EmailService [http-nio-90-exec-8] E:\sc warrr11\ExcelReport\Dispatchlist.xlsx
2023-04-27 16:41:02,098 INFO com.sis.ExcelReport.Service.EmailService [http-nio-90-exec-8] Mail sent Successfully
2023-04-27 16:41:02,098 INFO com.sis.ExcelReport.Controller.ReportController [http-nio-90-exec-8] DepartMent -->SHIPL
2023-04-27 16:41:08,741 INFO com.sis.ExcelReport.Service.EmailService [http-nio-90-exec-8] E:\sc warrr11\ExcelReport\Dispatchlist.xlsx
2023-04-27 16:41:08,742 INFO com.sis.ExcelReport.Service.EmailService [http-nio-90-exec-8] Mail sent Successfully
2023-04-27 16:41:08,744 INFO com.sis.ExcelReport.Controller.ReportController [http-nio-90-exec-8] DepartMent -->OEM
2023-04-27 16:41:15,571 INFO com.sis.ExcelReport.Service.EmailService [http-nio-90-exec-8] E:\sc warrr11\ExcelReport\Dispatchlist.xlsx
2023-04-27 16:41:15,572 INFO com.sis.ExcelReport.Service.EmailService [http-nio-90-exec-8] Mail sent Successfully
2023-04-27 16:41:15,572 INFO com.sis.ExcelReport.Controller.ReportController [http-nio-90-exec-8] DepartMent -->INJECTOR
2023-04-27 16:41:21,758 INFO com.sis.ExcelReport.Service.EmailService [http-nio-90-exec-8] E:\sc warrr11\ExcelReport\Dispatchlist.xlsx
2023-04-27 16:41:21,759 INFO com.sis.ExcelReport.Service.EmailService [http-nio-90-exec-8] Mail sent Successfully
2023-04-27 16:41:21,760 INFO com.sis.ExcelReport.Controller.ReportController [http-nio-90-exec-8] DepartMent -->VENTILATOR
2023-04-27 16:41:27,700 INFO com.sis.ExcelReport.Service.EmailService [http-nio-90-exec-8] E:\sc warrr11\ExcelReport\Dispatchlist.xlsx
2023-04-27 16:41:27,701 INFO com.sis.ExcelReport.Service.EmailService [http-nio-90-exec-8] Mail sent Successfully
2023-04-27 16:41:27,701 INFO com.sis.ExcelReport.Controller.ReportController [http-nio-90-exec-8] DepartMent -->HEALTH AND FITNESS
2023-04-27 16:41:33,375 INFO com.sis.ExcelReport.Service.EmailService [http-nio-90-exec-8] E:\sc warrr11\ExcelReport\Dispatchlist.xlsx
2023-04-27 16:41:33,376 INFO com.sis.ExcelReport.Service.EmailService [http-nio-90-exec-8] Mail sent Successfully
2023-04-27 16:41:33,377 INFO com.sis.ExcelReport.Controller.ReportController [http-nio-90-exec-8] DepartMent -->CONSUMABLES
2023-04-27 16:41:39,327 INFO com.sis.ExcelReport.Service.EmailService [http-nio-90-exec-8] E:\sc warrr11\ExcelReport\Dispatchlist.xlsx
2023-04-27 16:41:39,328 INFO com.sis.ExcelReport.Service.EmailService [http-nio-90-exec-8] Mail sent Successfully
2023-04-27 17:31:08,664 INFO org.apache.juli.logging.DirectJDKLog [http-nio-90-exec-4] Error parsing HTTP request header
 Note: further occurrences of HTTP request parsing errors will be logged at DEBUG level.
java.lang.IllegalArgumentException: Invalid character found in method name [0x030x000x00/*0xe00x000x000x000x000x00Cookie:]. HTTP method names must be tokens
	at org.apache.coyote.http11.Http11InputBuffer.parseRequestLine(Http11InputBuffer.java:417)
	at org.apache.coyote.http11.Http11Processor.service(Http11Processor.java:261)
	at org.apache.coyote.AbstractProcessorLight.process(AbstractProcessorLight.java:65)
	at org.apache.coyote.AbstractProtocol$ConnectionHandler.process(AbstractProtocol.java:893)
	at org.apache.tomcat.util.net.NioEndpoint$SocketProcessor.doRun(NioEndpoint.java:1707)
	at org.apache.tomcat.util.net.SocketProcessorBase.run(SocketProcessorBase.java:49)
	at java.util.concurrent.ThreadPoolExecutor.runWorker(ThreadPoolExecutor.java:1149)
	at java.util.concurrent.ThreadPoolExecutor$Worker.run(ThreadPoolExecutor.java:624)
	at org.apache.tomcat.util.threads.TaskThread$WrappingRunnable.run(TaskThread.java:61)
	at java.lang.Thread.run(Thread.java:748)
2023-04-27 18:30:00,207 INFO com.sis.ExcelReport.Controller.ReportController [scheduling-1] Report Type -->prf/ob_completed
2023-04-27 18:30:01,853 INFO com.sis.ExcelReport.Controller.ReportController [scheduling-1] DepartMent -->all
2023-04-27 18:30:09,567 INFO com.sis.ExcelReport.Service.EmailService [scheduling-1] E:\sc warrr11\ExcelReport\PRFOB_'Completed'.xlsx
2023-04-27 18:30:09,568 INFO com.sis.ExcelReport.Service.EmailService [scheduling-1] Mail sent Successfully
2023-04-27 18:30:09,568 INFO com.sis.ExcelReport.Controller.ReportController [scheduling-1] DepartMent -->VENTILATOR
2023-04-27 18:30:15,276 INFO com.sis.ExcelReport.Service.EmailService [scheduling-1] E:\sc warrr11\ExcelReport\PRFOB_'Completed'.xlsx
2023-04-27 18:30:15,277 INFO com.sis.ExcelReport.Service.EmailService [scheduling-1] Mail sent Successfully
2023-04-27 18:30:15,277 INFO com.sis.ExcelReport.Controller.ReportController [scheduling-1] DepartMent -->SAG
2023-04-27 18:30:20,915 INFO com.sis.ExcelReport.Service.EmailService [scheduling-1] E:\sc warrr11\ExcelReport\PRFOB_'Completed'.xlsx
2023-04-27 18:30:20,915 INFO com.sis.ExcelReport.Service.EmailService [scheduling-1] Mail sent Successfully
2023-04-27 18:30:20,915 INFO com.sis.ExcelReport.Controller.ReportController [scheduling-1] DepartMent -->OEM
2023-04-27 18:30:26,477 INFO com.sis.ExcelReport.Service.EmailService [scheduling-1] E:\sc warrr11\ExcelReport\PRFOB_'Completed'.xlsx
2023-04-27 18:30:26,477 INFO com.sis.ExcelReport.Service.EmailService [scheduling-1] Mail sent Successfully
2023-04-27 20:00:00,000 INFO com.sis.ExcelReport.Controller.ReportController [scheduling-1] Report Type -->stocklist
2023-04-27 20:00:00,210 INFO com.sis.ExcelReport.Controller.ReportController [scheduling-1] DepartMent -->SAG
2023-04-27 20:00:06,695 INFO com.sis.ExcelReport.Service.EmailService [scheduling-1] E:\sc warrr11\ExcelReport\Stocklist.xlsx
2023-04-27 20:00:06,696 INFO com.sis.ExcelReport.Service.EmailService [scheduling-1] Mail sent Successfully
2023-04-27 20:00:06,696 INFO com.sis.ExcelReport.Controller.ReportController [scheduling-1] DepartMent -->all
2023-04-27 20:00:13,766 INFO com.sis.ExcelReport.Service.EmailService [scheduling-1] E:\sc warrr11\ExcelReport\Stocklist.xlsx
2023-04-27 20:00:13,766 INFO com.sis.ExcelReport.Service.EmailService [scheduling-1] Mail sent Successfully
2023-04-27 20:00:13,766 INFO com.sis.ExcelReport.Controller.ReportController [scheduling-1] DepartMent -->SHIPL
2023-04-27 20:00:20,252 INFO com.sis.ExcelReport.Service.EmailService [scheduling-1] E:\sc warrr11\ExcelReport\Stocklist.xlsx
2023-04-27 20:00:20,252 INFO com.sis.ExcelReport.Service.EmailService [scheduling-1] Mail sent Successfully
2023-04-27 20:00:20,253 INFO com.sis.ExcelReport.Controller.ReportController [scheduling-1] DepartMent -->OEM
2023-04-27 20:00:25,902 INFO com.sis.ExcelReport.Service.EmailService [scheduling-1] E:\sc warrr11\ExcelReport\Stocklist.xlsx
2023-04-27 20:00:25,902 INFO com.sis.ExcelReport.Service.EmailService [scheduling-1] Mail sent Successfully
2023-04-27 20:00:25,902 INFO com.sis.ExcelReport.Controller.ReportController [scheduling-1] DepartMent -->INJECTOR
2023-04-27 20:00:31,247 INFO com.sis.ExcelReport.Service.EmailService [scheduling-1] E:\sc warrr11\ExcelReport\Stocklist.xlsx
2023-04-27 20:00:31,247 INFO com.sis.ExcelReport.Service.EmailService [scheduling-1] Mail sent Successfully
2023-04-27 20:00:31,248 INFO com.sis.ExcelReport.Controller.ReportController [scheduling-1] DepartMent -->VENTILATOR
2023-04-27 20:00:37,072 INFO com.sis.ExcelReport.Service.EmailService [scheduling-1] E:\sc warrr11\ExcelReport\Stocklist.xlsx
2023-04-27 20:00:37,072 INFO com.sis.ExcelReport.Service.EmailService [scheduling-1] Mail sent Successfully
2023-04-27 20:00:37,072 INFO com.sis.ExcelReport.Controller.ReportController [scheduling-1] DepartMent -->CONSUMABLES
2023-04-27 20:00:42,771 INFO com.sis.ExcelReport.Service.EmailService [scheduling-1] E:\sc warrr11\ExcelReport\Stocklist.xlsx
2023-04-27 20:00:42,771 INFO com.sis.ExcelReport.Service.EmailService [scheduling-1] Mail sent Successfully
