2023-04-19 09:40:00,003 INFO com.sis.ExcelReport.Controller.ReportController [scheduling-1] Report Type -->prf/ob_pending
2023-04-19 09:40:00,400 INFO com.sis.ExcelReport.Controller.ReportController [scheduling-1] DepartMent -->SAG
2023-04-19 09:40:07,596 INFO com.sis.ExcelReport.Service.EmailService [scheduling-1] E:\sc warrr11\ExcelReport\PRFOB_'Pending'.xlsx
2023-04-19 09:40:07,596 INFO com.sis.ExcelReport.Service.EmailService [scheduling-1] Mail sent Successfully
2023-04-19 09:40:07,596 INFO com.sis.ExcelReport.Controller.ReportController [scheduling-1] DepartMent -->all
2023-04-19 09:40:14,471 INFO com.sis.ExcelReport.Service.EmailService [scheduling-1] E:\sc warrr11\ExcelReport\PRFOB_'Pending'.xlsx
2023-04-19 09:40:14,475 INFO com.sis.ExcelReport.Service.EmailService [scheduling-1] Mail sent Successfully
2023-04-19 09:40:14,475 INFO com.sis.ExcelReport.Controller.ReportController [scheduling-1] DepartMent -->OEM
2023-04-19 09:40:20,243 INFO com.sis.ExcelReport.Service.EmailService [scheduling-1] E:\sc warrr11\ExcelReport\PRFOB_'Pending'.xlsx
2023-04-19 09:40:20,243 INFO com.sis.ExcelReport.Service.EmailService [scheduling-1] Mail sent Successfully
2023-04-19 09:40:20,243 INFO com.sis.ExcelReport.Controller.ReportController [scheduling-1] DepartMent -->SHIPL
2023-04-19 09:40:25,917 INFO com.sis.ExcelReport.Service.EmailService [scheduling-1] E:\sc warrr11\ExcelReport\PRFOB_'Pending'.xlsx
2023-04-19 09:40:25,917 INFO com.sis.ExcelReport.Service.EmailService [scheduling-1] Mail sent Successfully
2023-04-19 09:40:25,917 INFO com.sis.ExcelReport.Controller.ReportController [scheduling-1] DepartMent -->INJECTOR
2023-04-19 09:40:31,652 INFO com.sis.ExcelReport.Service.EmailService [scheduling-1] E:\sc warrr11\ExcelReport\PRFOB_'Pending'.xlsx
2023-04-19 09:40:31,653 INFO com.sis.ExcelReport.Service.EmailService [scheduling-1] Mail sent Successfully
2023-04-19 09:40:31,653 INFO com.sis.ExcelReport.Controller.ReportController [scheduling-1] DepartMent -->VENTILATOR
2023-04-19 09:40:37,384 INFO com.sis.ExcelReport.Service.EmailService [scheduling-1] E:\sc warrr11\ExcelReport\PRFOB_'Pending'.xlsx
2023-04-19 09:40:37,384 INFO com.sis.ExcelReport.Service.EmailService [scheduling-1] Mail sent Successfully
2023-04-19 11:30:00,043 INFO com.sis.ExcelReport.Controller.ReportController [scheduling-1] Report Type -->dispatchlist
2023-04-19 11:30:00,521 INFO com.sis.ExcelReport.Controller.ReportController [scheduling-1] DepartMent -->SAG
2023-04-19 11:30:07,065 INFO com.sis.ExcelReport.Service.EmailService [scheduling-1] E:\sc warrr11\ExcelReport\Dispatchlist.xlsx
2023-04-19 11:30:07,065 INFO com.sis.ExcelReport.Service.EmailService [scheduling-1] Mail sent Successfully
2023-04-19 11:30:07,065 INFO com.sis.ExcelReport.Controller.ReportController [scheduling-1] DepartMent -->all
2023-04-19 11:30:13,907 INFO com.sis.ExcelReport.Service.EmailService [scheduling-1] E:\sc warrr11\ExcelReport\Dispatchlist.xlsx
2023-04-19 11:30:13,907 INFO com.sis.ExcelReport.Service.EmailService [scheduling-1] Mail sent Successfully
2023-04-19 11:30:13,908 INFO com.sis.ExcelReport.Controller.ReportController [scheduling-1] DepartMent -->SHIPL
2023-04-19 11:30:19,534 INFO com.sis.ExcelReport.Service.EmailService [scheduling-1] E:\sc warrr11\ExcelReport\Dispatchlist.xlsx
2023-04-19 11:30:19,535 INFO com.sis.ExcelReport.Service.EmailService [scheduling-1] Mail sent Successfully
2023-04-19 11:30:19,535 INFO com.sis.ExcelReport.Controller.ReportController [scheduling-1] DepartMent -->OEM
2023-04-19 11:30:25,109 INFO com.sis.ExcelReport.Service.EmailService [scheduling-1] E:\sc warrr11\ExcelReport\Dispatchlist.xlsx
2023-04-19 11:30:25,109 INFO com.sis.ExcelReport.Service.EmailService [scheduling-1] Mail sent Successfully
2023-04-19 11:30:25,109 INFO com.sis.ExcelReport.Controller.ReportController [scheduling-1] DepartMent -->INJECTOR
2023-04-19 11:30:30,337 INFO com.sis.ExcelReport.Service.EmailService [scheduling-1] E:\sc warrr11\ExcelReport\Dispatchlist.xlsx
2023-04-19 11:30:30,338 INFO com.sis.ExcelReport.Service.EmailService [scheduling-1] Mail sent Successfully
2023-04-19 11:30:30,360 INFO com.sis.ExcelReport.Controller.ReportController [scheduling-1] DepartMent -->VENTILATOR
2023-04-19 11:30:35,978 INFO com.sis.ExcelReport.Service.EmailService [scheduling-1] E:\sc warrr11\ExcelReport\Dispatchlist.xlsx
2023-04-19 11:30:35,978 INFO com.sis.ExcelReport.Service.EmailService [scheduling-1] Mail sent Successfully
2023-04-19 11:30:35,979 INFO com.sis.ExcelReport.Controller.ReportController [scheduling-1] DepartMent -->HEALTH AND FITNESS
2023-04-19 11:30:41,285 INFO com.sis.ExcelReport.Service.EmailService [scheduling-1] E:\sc warrr11\ExcelReport\Dispatchlist.xlsx
2023-04-19 11:30:41,285 INFO com.sis.ExcelReport.Service.EmailService [scheduling-1] Mail sent Successfully
2023-04-19 11:30:41,285 INFO com.sis.ExcelReport.Controller.ReportController [scheduling-1] DepartMent -->CONSUMABLES
2023-04-19 11:30:46,563 INFO com.sis.ExcelReport.Service.EmailService [scheduling-1] E:\sc warrr11\ExcelReport\Dispatchlist.xlsx
2023-04-19 11:30:46,564 INFO com.sis.ExcelReport.Service.EmailService [scheduling-1] Mail sent Successfully
2023-04-19 16:06:00,028 INFO com.sis.ExcelReport.Controller.ReportController [scheduling-1] Report Type -->dispatchlist
2023-04-19 16:06:00,348 INFO com.sis.ExcelReport.Controller.ReportController [scheduling-1] DepartMent -->SAG
2023-04-19 16:06:06,963 INFO com.sis.ExcelReport.Service.EmailService [scheduling-1] E:\sc warrr11\ExcelReport\Dispatchlist.xlsx
2023-04-19 16:06:06,963 INFO com.sis.ExcelReport.Service.EmailService [scheduling-1] Mail sent Successfully
2023-04-19 16:06:06,963 INFO com.sis.ExcelReport.Controller.ReportController [scheduling-1] DepartMent -->all
2023-04-19 16:06:14,046 INFO com.sis.ExcelReport.Service.EmailService [scheduling-1] E:\sc warrr11\ExcelReport\Dispatchlist.xlsx
2023-04-19 16:06:14,046 INFO com.sis.ExcelReport.Service.EmailService [scheduling-1] Mail sent Successfully
2023-04-19 16:06:14,046 INFO com.sis.ExcelReport.Controller.ReportController [scheduling-1] DepartMent -->SHIPL
2023-04-19 16:06:19,704 INFO com.sis.ExcelReport.Service.EmailService [scheduling-1] E:\sc warrr11\ExcelReport\Dispatchlist.xlsx
2023-04-19 16:06:19,704 INFO com.sis.ExcelReport.Service.EmailService [scheduling-1] Mail sent Successfully
2023-04-19 16:06:19,704 INFO com.sis.ExcelReport.Controller.ReportController [scheduling-1] DepartMent -->OEM
2023-04-19 16:06:25,276 INFO com.sis.ExcelReport.Service.EmailService [scheduling-1] E:\sc warrr11\ExcelReport\Dispatchlist.xlsx
2023-04-19 16:06:25,276 INFO com.sis.ExcelReport.Service.EmailService [scheduling-1] Mail sent Successfully
2023-04-19 16:06:25,276 INFO com.sis.ExcelReport.Controller.ReportController [scheduling-1] DepartMent -->INJECTOR
2023-04-19 16:06:30,768 INFO com.sis.ExcelReport.Service.EmailService [scheduling-1] E:\sc warrr11\ExcelReport\Dispatchlist.xlsx
2023-04-19 16:06:30,768 INFO com.sis.ExcelReport.Service.EmailService [scheduling-1] Mail sent Successfully
2023-04-19 16:06:30,768 INFO com.sis.ExcelReport.Controller.ReportController [scheduling-1] DepartMent -->VENTILATOR
2023-04-19 16:06:36,516 INFO com.sis.ExcelReport.Service.EmailService [scheduling-1] E:\sc warrr11\ExcelReport\Dispatchlist.xlsx
2023-04-19 16:06:36,516 INFO com.sis.ExcelReport.Service.EmailService [scheduling-1] Mail sent Successfully
2023-04-19 16:06:36,516 INFO com.sis.ExcelReport.Controller.ReportController [scheduling-1] DepartMent -->HEALTH AND FITNESS
2023-04-19 16:06:41,776 INFO com.sis.ExcelReport.Service.EmailService [scheduling-1] E:\sc warrr11\ExcelReport\Dispatchlist.xlsx
2023-04-19 16:06:41,776 INFO com.sis.ExcelReport.Service.EmailService [scheduling-1] Mail sent Successfully
2023-04-19 16:06:41,776 INFO com.sis.ExcelReport.Controller.ReportController [scheduling-1] DepartMent -->CONSUMABLES
2023-04-19 16:06:47,573 INFO com.sis.ExcelReport.Service.EmailService [scheduling-1] E:\sc warrr11\ExcelReport\Dispatchlist.xlsx
2023-04-19 16:06:47,574 INFO com.sis.ExcelReport.Service.EmailService [scheduling-1] Mail sent Successfully
2023-04-19 18:30:00,022 INFO com.sis.ExcelReport.Controller.ReportController [scheduling-1] Report Type -->prf/ob_completed
2023-04-19 18:30:00,311 INFO com.sis.ExcelReport.Controller.ReportController [scheduling-1] DepartMent -->all
2023-04-19 18:30:06,904 INFO com.sis.ExcelReport.Service.EmailService [scheduling-1] E:\sc warrr11\ExcelReport\PRFOB_'Completed'.xlsx
2023-04-19 18:30:06,904 INFO com.sis.ExcelReport.Service.EmailService [scheduling-1] Mail sent Successfully
2023-04-19 18:30:06,904 INFO com.sis.ExcelReport.Controller.ReportController [scheduling-1] DepartMent -->VENTILATOR
2023-04-19 18:30:12,452 INFO com.sis.ExcelReport.Service.EmailService [scheduling-1] E:\sc warrr11\ExcelReport\PRFOB_'Completed'.xlsx
2023-04-19 18:30:12,452 INFO com.sis.ExcelReport.Service.EmailService [scheduling-1] Mail sent Successfully
2023-04-19 18:30:12,453 INFO com.sis.ExcelReport.Controller.ReportController [scheduling-1] DepartMent -->SAG
2023-04-19 18:30:17,715 INFO com.sis.ExcelReport.Service.EmailService [scheduling-1] E:\sc warrr11\ExcelReport\PRFOB_'Completed'.xlsx
2023-04-19 18:30:17,715 INFO com.sis.ExcelReport.Service.EmailService [scheduling-1] Mail sent Successfully
2023-04-19 18:30:17,715 INFO com.sis.ExcelReport.Controller.ReportController [scheduling-1] DepartMent -->OEM
2023-04-19 18:30:23,273 INFO com.sis.ExcelReport.Service.EmailService [scheduling-1] E:\sc warrr11\ExcelReport\PRFOB_'Completed'.xlsx
2023-04-19 18:30:23,273 INFO com.sis.ExcelReport.Service.EmailService [scheduling-1] Mail sent Successfully
2023-04-19 19:40:15,332 INFO org.springframework.boot.StartupInfoLogger [restartedMain] Starting ExcelReportApplication using Java 1.8.0_152 on DESKTOP-NCNS245 with PID 3724 (E:\sc warrr11\ExcelReport\target\classes started by Admin in E:\sc warrr11\ExcelReport)
2023-04-19 19:40:15,360 INFO org.springframework.boot.SpringApplication [restartedMain] No active profile set, falling back to default profiles: default
2023-04-19 19:40:15,722 INFO org.springframework.boot.logging.DeferredLog [restartedMain] Devtools property defaults active! Set 'spring.devtools.add-properties' to 'false' to disable
2023-04-19 19:40:15,723 INFO org.springframework.boot.logging.DeferredLog [restartedMain] For additional web related logging consider setting the 'logging.level.web' property to 'DEBUG'
2023-04-19 19:40:19,790 INFO org.springframework.data.repository.config.RepositoryConfigurationDelegate [restartedMain] Bootstrapping Spring Data JPA repositories in DEFAULT mode.
2023-04-19 19:40:20,099 INFO org.springframework.data.repository.config.RepositoryConfigurationDelegate [restartedMain] Finished Spring Data repository scanning in 282 ms. Found 10 JPA repository interfaces.
2023-04-19 19:40:22,062 INFO org.springframework.boot.web.embedded.tomcat.TomcatWebServer [restartedMain] Tomcat initialized with port(s): 90 (http)
2023-04-19 19:40:22,117 INFO org.apache.juli.logging.DirectJDKLog [restartedMain] Initializing ProtocolHandler ["http-nio-90"]
2023-04-19 19:40:22,126 INFO org.apache.juli.logging.DirectJDKLog [restartedMain] Starting service [Tomcat]
2023-04-19 19:40:22,126 INFO org.apache.juli.logging.DirectJDKLog [restartedMain] Starting Servlet engine: [Apache Tomcat/9.0.44]
2023-04-19 19:40:22,668 INFO org.apache.juli.logging.DirectJDKLog [restartedMain] At least one JAR was scanned for TLDs yet contained no TLDs. Enable debug logging for this logger for a complete list of JARs that were scanned but no TLDs were found in them. Skipping unneeded JARs during scanning can improve startup time and JSP compilation time.
2023-04-19 19:40:22,674 INFO org.apache.juli.logging.DirectJDKLog [restartedMain] Initializing Spring embedded WebApplicationContext
2023-04-19 19:40:22,675 INFO org.springframework.boot.web.servlet.context.ServletWebServerApplicationContext [restartedMain] Root WebApplicationContext: initialization completed in 6950 ms
2023-04-19 19:40:24,219 INFO com.zaxxer.hikari.HikariDataSource [restartedMain] HikariPool-1 - Starting...
2023-04-19 19:40:28,152 INFO com.zaxxer.hikari.HikariDataSource [restartedMain] HikariPool-1 - Start completed.
2023-04-19 19:40:28,543 INFO org.hibernate.jpa.internal.util.LogHelper [restartedMain] HHH000204: Processing PersistenceUnitInfo [name: default]
2023-04-19 19:40:28,730 INFO org.hibernate.Version [restartedMain] HHH000412: Hibernate ORM core version 5.4.29.Final
2023-04-19 19:40:29,233 INFO org.hibernate.annotations.common.reflection.java.JavaReflectionManager [restartedMain] HCANN000001: Hibernate Commons Annotations {5.1.2.Final}
2023-04-19 19:40:29,657 INFO org.hibernate.dialect.Dialect [restartedMain] HHH000400: Using dialect: org.hibernate.dialect.MySQL8Dialect
2023-04-19 19:40:32,996 INFO org.hibernate.engine.transaction.jta.platform.internal.JtaPlatformInitiator [restartedMain] HHH000490: Using JtaPlatform implementation: [org.hibernate.engine.transaction.jta.platform.internal.NoJtaPlatform]
2023-04-19 19:40:33,047 INFO org.springframework.orm.jpa.AbstractEntityManagerFactoryBean [restartedMain] Initialized JPA EntityManagerFactory for persistence unit 'default'
2023-04-19 19:40:34,849 WARN org.springframework.boot.autoconfigure.orm.jpa.JpaBaseConfiguration$JpaWebConfiguration [restartedMain] spring.jpa.open-in-view is enabled by default. Therefore, database queries may be performed during view rendering. Explicitly configure spring.jpa.open-in-view to disable this warning
2023-04-19 19:40:35,096 INFO org.springframework.scheduling.concurrent.ExecutorConfigurationSupport [restartedMain] Initializing ExecutorService 'applicationTaskExecutor'
2023-04-19 19:40:35,971 INFO org.springframework.scheduling.concurrent.ExecutorConfigurationSupport [restartedMain] Initializing ExecutorService 'taskScheduler'
2023-04-19 19:40:36,069 INFO org.springframework.boot.devtools.autoconfigure.OptionalLiveReloadServer [restartedMain] LiveReload server is running on port 35729
2023-04-19 19:40:36,101 INFO org.apache.juli.logging.DirectJDKLog [restartedMain] Starting ProtocolHandler ["http-nio-90"]
2023-04-19 19:40:36,346 INFO org.springframework.boot.web.embedded.tomcat.TomcatWebServer [restartedMain] Tomcat started on port(s): 90 (http) with context path ''
2023-04-19 19:40:36,456 INFO org.springframework.boot.StartupInfoLogger [restartedMain] Started ExcelReportApplication in 23.416 seconds (JVM running for 26.126)
2023-04-19 20:00:00,014 INFO com.sis.ExcelReport.Controller.ReportController [scheduling-1] Report Type -->stocklist
2023-04-19 20:00:00,549 INFO com.sis.ExcelReport.Controller.ReportController [scheduling-1] DepartMent -->SAG
2023-04-19 20:00:09,955 INFO com.sis.ExcelReport.Service.EmailService [scheduling-1] E:\sc warrr11\ExcelReport\Stocklist.xlsx
2023-04-19 20:00:09,955 INFO com.sis.ExcelReport.Service.EmailService [scheduling-1] Mail sent Successfully
2023-04-19 20:00:09,956 INFO com.sis.ExcelReport.Controller.ReportController [scheduling-1] DepartMent -->all
2023-04-19 20:00:16,702 INFO com.sis.ExcelReport.Service.EmailService [scheduling-1] E:\sc warrr11\ExcelReport\Stocklist.xlsx
2023-04-19 20:00:16,703 INFO com.sis.ExcelReport.Service.EmailService [scheduling-1] Mail sent Successfully
2023-04-19 20:00:16,703 INFO com.sis.ExcelReport.Controller.ReportController [scheduling-1] DepartMent -->SHIPL
2023-04-19 20:00:22,213 INFO com.sis.ExcelReport.Service.EmailService [scheduling-1] E:\sc warrr11\ExcelReport\Stocklist.xlsx
2023-04-19 20:00:22,214 INFO com.sis.ExcelReport.Service.EmailService [scheduling-1] Mail sent Successfully
2023-04-19 20:00:22,214 INFO com.sis.ExcelReport.Controller.ReportController [scheduling-1] DepartMent -->OEM
2023-04-19 20:00:27,748 INFO com.sis.ExcelReport.Service.EmailService [scheduling-1] E:\sc warrr11\ExcelReport\Stocklist.xlsx
2023-04-19 20:00:27,748 INFO com.sis.ExcelReport.Service.EmailService [scheduling-1] Mail sent Successfully
2023-04-19 20:00:27,749 INFO com.sis.ExcelReport.Controller.ReportController [scheduling-1] DepartMent -->INJECTOR
2023-04-19 20:00:33,071 INFO com.sis.ExcelReport.Service.EmailService [scheduling-1] E:\sc warrr11\ExcelReport\Stocklist.xlsx
2023-04-19 20:00:33,071 INFO com.sis.ExcelReport.Service.EmailService [scheduling-1] Mail sent Successfully
2023-04-19 20:00:33,072 INFO com.sis.ExcelReport.Controller.ReportController [scheduling-1] DepartMent -->VENTILATOR
2023-04-19 20:00:38,963 INFO com.sis.ExcelReport.Service.EmailService [scheduling-1] E:\sc warrr11\ExcelReport\Stocklist.xlsx
2023-04-19 20:00:38,963 INFO com.sis.ExcelReport.Service.EmailService [scheduling-1] Mail sent Successfully
2023-04-19 20:00:38,964 INFO com.sis.ExcelReport.Controller.ReportController [scheduling-1] DepartMent -->CONSUMABLES
2023-04-19 20:00:44,502 INFO com.sis.ExcelReport.Service.EmailService [scheduling-1] E:\sc warrr11\ExcelReport\Stocklist.xlsx
2023-04-19 20:00:44,503 INFO com.sis.ExcelReport.Service.EmailService [scheduling-1] Mail sent Successfully
