2023-02-19 09:40:00,119 INFO com.sis.ExcelReport.Controller.ReportController [scheduling-1] Report Type -->prf/ob_pending
2023-02-19 09:40:03,050 INFO com.sis.ExcelReport.Controller.ReportController [scheduling-1] DepartMent -->SAG
2023-02-19 09:40:11,049 INFO com.sis.ExcelReport.Service.EmailService [scheduling-1] E:\sc warrr11\ExcelReport\PRFOB_'Pending'.xlsx
2023-02-19 09:40:11,050 INFO com.sis.ExcelReport.Service.EmailService [scheduling-1] Mail sent Successfully
2023-02-19 09:40:11,051 INFO com.sis.ExcelReport.Controller.ReportController [scheduling-1] DepartMent -->all
2023-02-19 09:40:17,917 INFO com.sis.ExcelReport.Service.EmailService [scheduling-1] E:\sc warrr11\ExcelReport\PRFOB_'Pending'.xlsx
2023-02-19 09:40:17,918 INFO com.sis.ExcelReport.Service.EmailService [scheduling-1] Mail sent Successfully
2023-02-19 09:40:17,918 INFO com.sis.ExcelReport.Controller.ReportController [scheduling-1] DepartMent -->OEM
2023-02-19 09:40:23,658 INFO com.sis.ExcelReport.Service.EmailService [scheduling-1] E:\sc warrr11\ExcelReport\PRFOB_'Pending'.xlsx
2023-02-19 09:40:23,659 INFO com.sis.ExcelReport.Service.EmailService [scheduling-1] Mail sent Successfully
2023-02-19 09:40:23,659 INFO com.sis.ExcelReport.Controller.ReportController [scheduling-1] DepartMent -->SHIPL
2023-02-19 09:40:29,274 INFO com.sis.ExcelReport.Service.EmailService [scheduling-1] E:\sc warrr11\ExcelReport\PRFOB_'Pending'.xlsx
2023-02-19 09:40:29,274 INFO com.sis.ExcelReport.Service.EmailService [scheduling-1] Mail sent Successfully
2023-02-19 09:40:29,274 INFO com.sis.ExcelReport.Controller.ReportController [scheduling-1] DepartMent -->INJECTOR
2023-02-19 09:40:34,653 INFO com.sis.ExcelReport.Service.EmailService [scheduling-1] E:\sc warrr11\ExcelReport\PRFOB_'Pending'.xlsx
2023-02-19 09:40:34,654 INFO com.sis.ExcelReport.Service.EmailService [scheduling-1] Mail sent Successfully
2023-02-19 09:40:34,654 INFO com.sis.ExcelReport.Controller.ReportController [scheduling-1] DepartMent -->VENTILATOR
2023-02-19 09:40:40,303 INFO com.sis.ExcelReport.Service.EmailService [scheduling-1] E:\sc warrr11\ExcelReport\PRFOB_'Pending'.xlsx
2023-02-19 09:40:40,303 INFO com.sis.ExcelReport.Service.EmailService [scheduling-1] Mail sent Successfully
2023-02-19 11:30:00,030 INFO com.sis.ExcelReport.Controller.ReportController [scheduling-1] Report Type -->dispatchlist
2023-02-19 11:30:00,634 INFO com.sis.ExcelReport.Controller.ReportController [scheduling-1] DepartMent -->SAG
2023-02-19 11:30:08,644 INFO com.sis.ExcelReport.Service.EmailService [scheduling-1] E:\sc warrr11\ExcelReport\Dispatchlist.xlsx
2023-02-19 11:30:08,644 INFO com.sis.ExcelReport.Service.EmailService [scheduling-1] Mail sent Successfully
2023-02-19 11:30:08,644 INFO com.sis.ExcelReport.Controller.ReportController [scheduling-1] DepartMent -->all
2023-02-19 11:30:15,096 INFO com.sis.ExcelReport.Service.EmailService [scheduling-1] E:\sc warrr11\ExcelReport\Dispatchlist.xlsx
2023-02-19 11:30:15,096 INFO com.sis.ExcelReport.Service.EmailService [scheduling-1] Mail sent Successfully
2023-02-19 11:30:15,096 INFO com.sis.ExcelReport.Controller.ReportController [scheduling-1] DepartMent -->OEM
2023-02-19 11:30:20,699 INFO com.sis.ExcelReport.Service.EmailService [scheduling-1] E:\sc warrr11\ExcelReport\Dispatchlist.xlsx
2023-02-19 11:30:20,699 INFO com.sis.ExcelReport.Service.EmailService [scheduling-1] Mail sent Successfully
2023-02-19 11:30:20,699 INFO com.sis.ExcelReport.Controller.ReportController [scheduling-1] DepartMent -->SHIPL
2023-02-19 11:30:26,393 INFO com.sis.ExcelReport.Service.EmailService [scheduling-1] E:\sc warrr11\ExcelReport\Dispatchlist.xlsx
2023-02-19 11:30:26,394 INFO com.sis.ExcelReport.Service.EmailService [scheduling-1] Mail sent Successfully
2023-02-19 11:30:26,394 INFO com.sis.ExcelReport.Controller.ReportController [scheduling-1] DepartMent -->INJECTOR
2023-02-19 11:30:31,698 INFO com.sis.ExcelReport.Service.EmailService [scheduling-1] E:\sc warrr11\ExcelReport\Dispatchlist.xlsx
2023-02-19 11:30:31,698 INFO com.sis.ExcelReport.Service.EmailService [scheduling-1] Mail sent Successfully
2023-02-19 11:30:31,698 INFO com.sis.ExcelReport.Controller.ReportController [scheduling-1] DepartMent -->VENTILATOR
2023-02-19 11:30:37,165 INFO com.sis.ExcelReport.Service.EmailService [scheduling-1] E:\sc warrr11\ExcelReport\Dispatchlist.xlsx
2023-02-19 11:30:37,165 INFO com.sis.ExcelReport.Service.EmailService [scheduling-1] Mail sent Successfully
2023-02-19 11:30:37,165 INFO com.sis.ExcelReport.Controller.ReportController [scheduling-1] DepartMent -->HEALTH AND FITNESS
2023-02-19 11:30:42,445 INFO com.sis.ExcelReport.Service.EmailService [scheduling-1] E:\sc warrr11\ExcelReport\Dispatchlist.xlsx
2023-02-19 11:30:42,445 INFO com.sis.ExcelReport.Service.EmailService [scheduling-1] Mail sent Successfully
2023-02-19 11:30:42,446 INFO com.sis.ExcelReport.Controller.ReportController [scheduling-1] DepartMent -->CONSUMABLES
2023-02-19 11:30:47,972 INFO com.sis.ExcelReport.Service.EmailService [scheduling-1] E:\sc warrr11\ExcelReport\Dispatchlist.xlsx
2023-02-19 11:30:47,972 INFO com.sis.ExcelReport.Service.EmailService [scheduling-1] Mail sent Successfully
2023-02-19 16:06:00,024 INFO com.sis.ExcelReport.Controller.ReportController [scheduling-1] Report Type -->dispatchlist
2023-02-19 16:06:00,834 INFO com.sis.ExcelReport.Controller.ReportController [scheduling-1] DepartMent -->SAG
2023-02-19 16:06:08,036 INFO com.sis.ExcelReport.Service.EmailService [scheduling-1] E:\sc warrr11\ExcelReport\Dispatchlist.xlsx
2023-02-19 16:06:08,036 INFO com.sis.ExcelReport.Service.EmailService [scheduling-1] Mail sent Successfully
2023-02-19 16:06:08,036 INFO com.sis.ExcelReport.Controller.ReportController [scheduling-1] DepartMent -->all
2023-02-19 16:06:15,047 INFO com.sis.ExcelReport.Service.EmailService [scheduling-1] E:\sc warrr11\ExcelReport\Dispatchlist.xlsx
2023-02-19 16:06:15,047 INFO com.sis.ExcelReport.Service.EmailService [scheduling-1] Mail sent Successfully
2023-02-19 16:06:15,047 INFO com.sis.ExcelReport.Controller.ReportController [scheduling-1] DepartMent -->OEM
2023-02-19 16:06:20,975 INFO com.sis.ExcelReport.Service.EmailService [scheduling-1] E:\sc warrr11\ExcelReport\Dispatchlist.xlsx
2023-02-19 16:06:20,975 INFO com.sis.ExcelReport.Service.EmailService [scheduling-1] Mail sent Successfully
2023-02-19 16:06:20,975 INFO com.sis.ExcelReport.Controller.ReportController [scheduling-1] DepartMent -->SHIPL
2023-02-19 16:06:26,981 INFO com.sis.ExcelReport.Service.EmailService [scheduling-1] E:\sc warrr11\ExcelReport\Dispatchlist.xlsx
2023-02-19 16:06:26,981 INFO com.sis.ExcelReport.Service.EmailService [scheduling-1] Mail sent Successfully
2023-02-19 16:06:26,981 INFO com.sis.ExcelReport.Controller.ReportController [scheduling-1] DepartMent -->INJECTOR
2023-02-19 16:06:32,741 INFO com.sis.ExcelReport.Service.EmailService [scheduling-1] E:\sc warrr11\ExcelReport\Dispatchlist.xlsx
2023-02-19 16:06:32,741 INFO com.sis.ExcelReport.Service.EmailService [scheduling-1] Mail sent Successfully
2023-02-19 16:06:32,741 INFO com.sis.ExcelReport.Controller.ReportController [scheduling-1] DepartMent -->VENTILATOR
2023-02-19 16:06:38,707 INFO com.sis.ExcelReport.Service.EmailService [scheduling-1] E:\sc warrr11\ExcelReport\Dispatchlist.xlsx
2023-02-19 16:06:38,708 INFO com.sis.ExcelReport.Service.EmailService [scheduling-1] Mail sent Successfully
2023-02-19 16:06:38,708 INFO com.sis.ExcelReport.Controller.ReportController [scheduling-1] DepartMent -->HEALTH AND FITNESS
2023-02-19 16:06:44,232 INFO com.sis.ExcelReport.Service.EmailService [scheduling-1] E:\sc warrr11\ExcelReport\Dispatchlist.xlsx
2023-02-19 16:06:44,233 INFO com.sis.ExcelReport.Service.EmailService [scheduling-1] Mail sent Successfully
2023-02-19 16:06:44,233 INFO com.sis.ExcelReport.Controller.ReportController [scheduling-1] DepartMent -->CONSUMABLES
2023-02-19 16:06:50,157 INFO com.sis.ExcelReport.Service.EmailService [scheduling-1] E:\sc warrr11\ExcelReport\Dispatchlist.xlsx
2023-02-19 16:06:50,157 INFO com.sis.ExcelReport.Service.EmailService [scheduling-1] Mail sent Successfully
2023-02-19 18:30:00,014 INFO com.sis.ExcelReport.Controller.ReportController [scheduling-1] Report Type -->prf/ob_completed
2023-02-19 18:30:00,810 INFO com.sis.ExcelReport.Controller.ReportController [scheduling-1] DepartMent -->all
2023-02-19 18:30:08,688 INFO com.sis.ExcelReport.Service.EmailService [scheduling-1] E:\sc warrr11\ExcelReport\PRFOB_'Completed'.xlsx
2023-02-19 18:30:08,688 INFO com.sis.ExcelReport.Service.EmailService [scheduling-1] Mail sent Successfully
2023-02-19 18:30:08,689 INFO com.sis.ExcelReport.Controller.ReportController [scheduling-1] DepartMent -->OEM
2023-02-19 18:30:13,951 INFO com.sis.ExcelReport.Service.EmailService [scheduling-1] E:\sc warrr11\ExcelReport\PRFOB_'Completed'.xlsx
2023-02-19 18:30:13,951 INFO com.sis.ExcelReport.Service.EmailService [scheduling-1] Mail sent Successfully
2023-02-19 18:30:13,951 INFO com.sis.ExcelReport.Controller.ReportController [scheduling-1] DepartMent -->VENTILATOR
2023-02-19 18:30:19,475 INFO com.sis.ExcelReport.Service.EmailService [scheduling-1] E:\sc warrr11\ExcelReport\PRFOB_'Completed'.xlsx
2023-02-19 18:30:19,476 INFO com.sis.ExcelReport.Service.EmailService [scheduling-1] Mail sent Successfully
2023-02-19 20:00:00,035 INFO com.sis.ExcelReport.Controller.ReportController [scheduling-1] Report Type -->stocklist
2023-02-19 20:00:00,161 INFO com.sis.ExcelReport.Controller.ReportController [scheduling-1] DepartMent -->SAG
2023-02-19 20:00:12,073 ERROR org.springframework.scheduling.support.TaskUtils$LoggingErrorHandler [scheduling-1] Unexpected error occurred in scheduled task
org.springframework.mail.MailSendException: Mail server connection failed; nested exception is com.sun.mail.util.MailConnectException: Couldn't connect to host, port: smtp.gmail.com, 587; timeout -1;
  nested exception is:
	java.net.UnknownHostException: smtp.gmail.com. Failed messages: com.sun.mail.util.MailConnectException: Couldn't connect to host, port: smtp.gmail.com, 587; timeout -1;
  nested exception is:
	java.net.UnknownHostException: smtp.gmail.com
	at org.springframework.mail.javamail.JavaMailSenderImpl.doSend(JavaMailSenderImpl.java:448)
	at org.springframework.mail.javamail.JavaMailSenderImpl.send(JavaMailSenderImpl.java:361)
	at org.springframework.mail.javamail.JavaMailSenderImpl.send(JavaMailSenderImpl.java:356)
	at com.sis.ExcelReport.Service.EmailService.sendMailWithAttachments(EmailService.java:93)
	at com.sis.ExcelReport.Service.EmailService.sendMail(EmailService.java:129)
	at com.sis.ExcelReport.Controller.ReportController.lambda$4(ReportController.java:340)
	at java.util.ArrayList.forEach(ArrayList.java:1257)
	at com.sis.ExcelReport.Controller.ReportController.getStockReport_eve(ReportController.java:319)
	at com.sis.ExcelReport.Controller.Scheduler.cronJob_Stocklist(Scheduler.java:114)
	at sun.reflect.NativeMethodAccessorImpl.invoke0(Native Method)
	at sun.reflect.NativeMethodAccessorImpl.invoke(NativeMethodAccessorImpl.java:62)
	at sun.reflect.DelegatingMethodAccessorImpl.invoke(DelegatingMethodAccessorImpl.java:43)
	at java.lang.reflect.Method.invoke(Method.java:498)
	at org.springframework.scheduling.support.ScheduledMethodRunnable.run(ScheduledMethodRunnable.java:84)
	at org.springframework.scheduling.support.DelegatingErrorHandlingRunnable.run(DelegatingErrorHandlingRunnable.java:54)
	at org.springframework.scheduling.concurrent.ReschedulingRunnable.run(ReschedulingRunnable.java:95)
	at java.util.concurrent.Executors$RunnableAdapter.call(Executors.java:511)
	at java.util.concurrent.FutureTask.run(FutureTask.java:266)
	at java.util.concurrent.ScheduledThreadPoolExecutor$ScheduledFutureTask.access$201(ScheduledThreadPoolExecutor.java:180)
	at java.util.concurrent.ScheduledThreadPoolExecutor$ScheduledFutureTask.run(ScheduledThreadPoolExecutor.java:293)
	at java.util.concurrent.ThreadPoolExecutor.runWorker(ThreadPoolExecutor.java:1149)
	at java.util.concurrent.ThreadPoolExecutor$Worker.run(ThreadPoolExecutor.java:624)
	at java.lang.Thread.run(Thread.java:748)
Caused by: com.sun.mail.util.MailConnectException: Couldn't connect to host, port: smtp.gmail.com, 587; timeout -1
	at com.sun.mail.smtp.SMTPTransport.openServer(SMTPTransport.java:2210)
	at com.sun.mail.smtp.SMTPTransport.protocolConnect(SMTPTransport.java:722)
	at javax.mail.Service.connect(Service.java:342)
	at org.springframework.mail.javamail.JavaMailSenderImpl.connectTransport(JavaMailSenderImpl.java:518)
	at org.springframework.mail.javamail.JavaMailSenderImpl.doSend(JavaMailSenderImpl.java:437)
	... 22 common frames omitted
Caused by: java.net.UnknownHostException: smtp.gmail.com
	at java.net.AbstractPlainSocketImpl.connect(AbstractPlainSocketImpl.java:184)
	at java.net.PlainSocketImpl.connect(PlainSocketImpl.java:172)
	at java.net.SocksSocketImpl.connect(SocksSocketImpl.java:392)
	at java.net.Socket.connect(Socket.java:589)
	at java.net.Socket.connect(Socket.java:538)
	at com.sun.mail.util.SocketFetcher.createSocket(SocketFetcher.java:335)
	at com.sun.mail.util.SocketFetcher.getSocket(SocketFetcher.java:214)
	at com.sun.mail.smtp.SMTPTransport.openServer(SMTPTransport.java:2160)
	... 26 common frames omitted
