2023-06-19 02:36:15,992 INFO org.apache.juli.logging.DirectJDKLog [http-nio-90-exec-3] Error parsing HTTP request header
 Note: further occurrences of HTTP request parsing errors will be logged at DEBUG level.
java.lang.IllegalArgumentException: Invalid character found in method name [0x030x000x00/*0xe00x000x000x000x000x00Cookie:]. HTTP method names must be tokens
	at org.apache.coyote.http11.Http11InputBuffer.parseRequestLine(Http11InputBuffer.java:417)
	at org.apache.coyote.http11.Http11Processor.service(Http11Processor.java:261)
	at org.apache.coyote.AbstractProcessorLight.process(AbstractProcessorLight.java:65)
	at org.apache.coyote.AbstractProtocol$ConnectionHandler.process(AbstractProtocol.java:893)
	at org.apache.tomcat.util.net.NioEndpoint$SocketProcessor.doRun(NioEndpoint.java:1707)
	at org.apache.tomcat.util.net.SocketProcessorBase.run(SocketProcessorBase.java:49)
	at java.util.concurrent.ThreadPoolExecutor.runWorker(ThreadPoolExecutor.java:1149)
	at java.util.concurrent.ThreadPoolExecutor$Worker.run(ThreadPoolExecutor.java:624)
	at org.apache.tomcat.util.threads.TaskThread$WrappingRunnable.run(TaskThread.java:61)
	at java.lang.Thread.run(Thread.java:748)
2023-06-19 09:40:01,959 INFO com.sis.ExcelReport.Controller.ReportController [scheduling-1] Report Type -->prf/ob_pending
2023-06-19 09:40:02,688 INFO com.sis.ExcelReport.Controller.ReportController [scheduling-1] DepartMent -->SAG
2023-06-19 09:40:09,734 INFO com.sis.ExcelReport.Service.EmailService [scheduling-1] E:\sc warrr11\ExcelReport\PRFOB_'Pending'.xlsx
2023-06-19 09:40:09,735 INFO com.sis.ExcelReport.Service.EmailService [scheduling-1] Mail sent Successfully
2023-06-19 09:40:09,735 INFO com.sis.ExcelReport.Controller.ReportController [scheduling-1] DepartMent -->all
2023-06-19 09:40:17,077 INFO com.sis.ExcelReport.Service.EmailService [scheduling-1] E:\sc warrr11\ExcelReport\PRFOB_'Pending'.xlsx
2023-06-19 09:40:17,078 INFO com.sis.ExcelReport.Service.EmailService [scheduling-1] Mail sent Successfully
2023-06-19 09:40:17,078 INFO com.sis.ExcelReport.Controller.ReportController [scheduling-1] DepartMent -->OEM
2023-06-19 09:40:22,767 INFO com.sis.ExcelReport.Service.EmailService [scheduling-1] E:\sc warrr11\ExcelReport\PRFOB_'Pending'.xlsx
2023-06-19 09:40:22,768 INFO com.sis.ExcelReport.Service.EmailService [scheduling-1] Mail sent Successfully
2023-06-19 09:40:22,768 INFO com.sis.ExcelReport.Controller.ReportController [scheduling-1] DepartMent -->SHIPL
2023-06-19 09:40:29,839 INFO com.sis.ExcelReport.Service.EmailService [scheduling-1] E:\sc warrr11\ExcelReport\PRFOB_'Pending'.xlsx
2023-06-19 09:40:29,840 INFO com.sis.ExcelReport.Service.EmailService [scheduling-1] Mail sent Successfully
2023-06-19 09:40:29,840 INFO com.sis.ExcelReport.Controller.ReportController [scheduling-1] DepartMent -->INJECTOR
2023-06-19 09:40:35,176 INFO com.sis.ExcelReport.Service.EmailService [scheduling-1] E:\sc warrr11\ExcelReport\PRFOB_'Pending'.xlsx
2023-06-19 09:40:35,177 INFO com.sis.ExcelReport.Service.EmailService [scheduling-1] Mail sent Successfully
2023-06-19 10:00:02,127 INFO com.sis.ExcelReport.Controller.ReportController [scheduling-1] Report Type -->under_repair
2023-06-19 10:00:10,177 INFO com.sis.ExcelReport.Controller.ReportController [scheduling-1] DepartMent -->all
2023-06-19 10:00:32,820 INFO com.sis.ExcelReport.Service.EmailService [scheduling-1] E:\sc warrr11\ExcelReport\Under_Repair.xlsx
2023-06-19 10:00:32,820 INFO com.sis.ExcelReport.Service.EmailService [scheduling-1] Mail sent Successfully
2023-06-19 10:03:38,181 INFO com.sis.ExcelReport.Controller.ReportController [http-nio-90-exec-9] Report Type -->scraplist
2023-06-19 10:03:41,302 INFO com.sis.ExcelReport.Controller.ReportController [http-nio-90-exec-9] DepartMent -->SAG
2023-06-19 10:03:49,182 INFO com.sis.ExcelReport.Service.EmailService [http-nio-90-exec-9] E:\sc warrr11\ExcelReport\ScrapList.xlsx
2023-06-19 10:03:49,183 INFO com.sis.ExcelReport.Service.EmailService [http-nio-90-exec-9] Mail sent Successfully
2023-06-19 10:03:49,184 INFO com.sis.ExcelReport.Controller.ReportController [http-nio-90-exec-9] DepartMent -->all
2023-06-19 10:04:00,514 INFO com.sis.ExcelReport.Service.EmailService [http-nio-90-exec-9] E:\sc warrr11\ExcelReport\ScrapList.xlsx
2023-06-19 10:04:00,515 INFO com.sis.ExcelReport.Service.EmailService [http-nio-90-exec-9] Mail sent Successfully
2023-06-19 10:04:00,515 INFO com.sis.ExcelReport.Controller.ReportController [http-nio-90-exec-9] DepartMent -->SHIPL
2023-06-19 10:04:06,099 INFO com.sis.ExcelReport.Service.EmailService [http-nio-90-exec-9] E:\sc warrr11\ExcelReport\ScrapList.xlsx
2023-06-19 10:04:06,099 INFO com.sis.ExcelReport.Service.EmailService [http-nio-90-exec-9] Mail sent Successfully
2023-06-19 10:04:06,100 INFO com.sis.ExcelReport.Controller.ReportController [http-nio-90-exec-9] DepartMent -->OEM
2023-06-19 10:04:11,785 INFO com.sis.ExcelReport.Service.EmailService [http-nio-90-exec-9] E:\sc warrr11\ExcelReport\ScrapList.xlsx
2023-06-19 10:04:11,785 INFO com.sis.ExcelReport.Service.EmailService [http-nio-90-exec-9] Mail sent Successfully
2023-06-19 10:04:11,786 INFO com.sis.ExcelReport.Controller.ReportController [http-nio-90-exec-9] DepartMent -->INJECTOR
2023-06-19 10:04:17,215 INFO com.sis.ExcelReport.Service.EmailService [http-nio-90-exec-9] E:\sc warrr11\ExcelReport\ScrapList.xlsx
2023-06-19 10:04:17,215 INFO com.sis.ExcelReport.Service.EmailService [http-nio-90-exec-9] Mail sent Successfully
2023-06-19 10:04:17,215 INFO com.sis.ExcelReport.Controller.ReportController [http-nio-90-exec-9] DepartMent -->VENTILATOR
2023-06-19 10:04:24,154 INFO com.sis.ExcelReport.Service.EmailService [http-nio-90-exec-9] E:\sc warrr11\ExcelReport\ScrapList.xlsx
2023-06-19 10:04:24,155 INFO com.sis.ExcelReport.Service.EmailService [http-nio-90-exec-9] Mail sent Successfully
2023-06-19 10:04:24,155 INFO com.sis.ExcelReport.Controller.ReportController [http-nio-90-exec-9] DepartMent -->CONSUMABLES
2023-06-19 10:04:32,358 INFO com.sis.ExcelReport.Service.EmailService [http-nio-90-exec-9] E:\sc warrr11\ExcelReport\ScrapList.xlsx
2023-06-19 10:04:32,359 INFO com.sis.ExcelReport.Service.EmailService [http-nio-90-exec-9] Mail sent Successfully
2023-06-19 10:46:04,030 INFO org.springframework.boot.StartupInfoLogger [restartedMain] Starting ExcelReportApplication using Java 1.8.0_152 on DESKTOP-NCNS245 with PID 1420 (E:\sc warrr11\ExcelReport\target\classes started by Admin in E:\sc warrr11\ExcelReport)
2023-06-19 10:46:04,051 INFO org.springframework.boot.SpringApplication [restartedMain] No active profile set, falling back to default profiles: default
2023-06-19 10:46:04,324 INFO org.springframework.boot.logging.DeferredLog [restartedMain] Devtools property defaults active! Set 'spring.devtools.add-properties' to 'false' to disable
2023-06-19 10:46:04,325 INFO org.springframework.boot.logging.DeferredLog [restartedMain] For additional web related logging consider setting the 'logging.level.web' property to 'DEBUG'
2023-06-19 10:46:08,671 INFO org.springframework.data.repository.config.RepositoryConfigurationDelegate [restartedMain] Bootstrapping Spring Data JPA repositories in DEFAULT mode.
2023-06-19 10:46:08,996 INFO org.springframework.data.repository.config.RepositoryConfigurationDelegate [restartedMain] Finished Spring Data repository scanning in 296 ms. Found 10 JPA repository interfaces.
2023-06-19 10:46:11,219 INFO org.springframework.boot.web.embedded.tomcat.TomcatWebServer [restartedMain] Tomcat initialized with port(s): 90 (http)
2023-06-19 10:46:11,267 INFO org.apache.juli.logging.DirectJDKLog [restartedMain] Initializing ProtocolHandler ["http-nio-90"]
2023-06-19 10:46:11,282 INFO org.apache.juli.logging.DirectJDKLog [restartedMain] Starting service [Tomcat]
2023-06-19 10:46:11,283 INFO org.apache.juli.logging.DirectJDKLog [restartedMain] Starting Servlet engine: [Apache Tomcat/9.0.44]
2023-06-19 10:46:12,101 INFO org.apache.juli.logging.DirectJDKLog [restartedMain] At least one JAR was scanned for TLDs yet contained no TLDs. Enable debug logging for this logger for a complete list of JARs that were scanned but no TLDs were found in them. Skipping unneeded JARs during scanning can improve startup time and JSP compilation time.
2023-06-19 10:46:12,116 INFO org.apache.juli.logging.DirectJDKLog [restartedMain] Initializing Spring embedded WebApplicationContext
2023-06-19 10:46:12,117 INFO org.springframework.boot.web.servlet.context.ServletWebServerApplicationContext [restartedMain] Root WebApplicationContext: initialization completed in 7784 ms
2023-06-19 10:46:13,246 INFO com.zaxxer.hikari.HikariDataSource [restartedMain] HikariPool-1 - Starting...
2023-06-19 10:46:15,650 INFO com.zaxxer.hikari.HikariDataSource [restartedMain] HikariPool-1 - Start completed.
2023-06-19 10:46:16,117 INFO org.hibernate.jpa.internal.util.LogHelper [restartedMain] HHH000204: Processing PersistenceUnitInfo [name: default]
2023-06-19 10:46:16,452 INFO org.hibernate.Version [restartedMain] HHH000412: Hibernate ORM core version 5.4.29.Final
2023-06-19 10:46:17,281 INFO org.hibernate.annotations.common.reflection.java.JavaReflectionManager [restartedMain] HCANN000001: Hibernate Commons Annotations {5.1.2.Final}
2023-06-19 10:46:18,178 INFO org.hibernate.dialect.Dialect [restartedMain] HHH000400: Using dialect: org.hibernate.dialect.MySQL8Dialect
2023-06-19 10:46:24,015 INFO org.hibernate.engine.transaction.jta.platform.internal.JtaPlatformInitiator [restartedMain] HHH000490: Using JtaPlatform implementation: [org.hibernate.engine.transaction.jta.platform.internal.NoJtaPlatform]
2023-06-19 10:46:24,248 INFO org.springframework.orm.jpa.AbstractEntityManagerFactoryBean [restartedMain] Initialized JPA EntityManagerFactory for persistence unit 'default'
2023-06-19 10:46:31,934 WARN org.springframework.boot.autoconfigure.orm.jpa.JpaBaseConfiguration$JpaWebConfiguration [restartedMain] spring.jpa.open-in-view is enabled by default. Therefore, database queries may be performed during view rendering. Explicitly configure spring.jpa.open-in-view to disable this warning
2023-06-19 10:46:32,976 INFO org.springframework.scheduling.concurrent.ExecutorConfigurationSupport [restartedMain] Initializing ExecutorService 'applicationTaskExecutor'
2023-06-19 10:46:34,882 INFO org.springframework.scheduling.concurrent.ExecutorConfigurationSupport [restartedMain] Initializing ExecutorService 'taskScheduler'
2023-06-19 10:46:35,026 INFO org.springframework.boot.devtools.autoconfigure.OptionalLiveReloadServer [restartedMain] LiveReload server is running on port 35729
2023-06-19 10:46:35,073 INFO org.apache.juli.logging.DirectJDKLog [restartedMain] Starting ProtocolHandler ["http-nio-90"]
2023-06-19 10:46:35,516 INFO org.springframework.boot.web.embedded.tomcat.TomcatWebServer [restartedMain] Tomcat started on port(s): 90 (http) with context path ''
2023-06-19 10:46:35,570 INFO org.springframework.boot.StartupInfoLogger [restartedMain] Started ExcelReportApplication in 33.871 seconds (JVM running for 39.585)
2023-06-19 11:00:00,014 INFO com.sis.ExcelReport.Controller.ReportController [scheduling-1] Report Type -->pendingfrn
2023-06-19 11:00:01,015 INFO com.sis.ExcelReport.Controller.ReportController [scheduling-1] DepartMent -->all
2023-06-19 11:00:16,201 INFO com.sis.ExcelReport.Service.EmailService [scheduling-1] E:\sc warrr11\ExcelReport\PendingFRN.xlsx
2023-06-19 11:00:16,201 INFO com.sis.ExcelReport.Service.EmailService [scheduling-1] Mail sent Successfully
2023-06-19 11:30:00,021 INFO com.sis.ExcelReport.Controller.ReportController [scheduling-1] Report Type -->dispatchlist
2023-06-19 11:30:00,228 INFO com.sis.ExcelReport.Controller.ReportController [scheduling-1] DepartMent -->SAG
2023-06-19 11:30:07,031 INFO com.sis.ExcelReport.Service.EmailService [scheduling-1] E:\sc warrr11\ExcelReport\Dispatchlist.xlsx
2023-06-19 11:30:07,031 INFO com.sis.ExcelReport.Service.EmailService [scheduling-1] Mail sent Successfully
2023-06-19 11:30:07,032 INFO com.sis.ExcelReport.Controller.ReportController [scheduling-1] DepartMent -->all
2023-06-19 11:30:13,979 INFO com.sis.ExcelReport.Service.EmailService [scheduling-1] E:\sc warrr11\ExcelReport\Dispatchlist.xlsx
2023-06-19 11:30:13,979 INFO com.sis.ExcelReport.Service.EmailService [scheduling-1] Mail sent Successfully
2023-06-19 11:30:13,979 INFO com.sis.ExcelReport.Controller.ReportController [scheduling-1] DepartMent -->SHIPL
2023-06-19 11:30:19,410 INFO com.sis.ExcelReport.Service.EmailService [scheduling-1] E:\sc warrr11\ExcelReport\Dispatchlist.xlsx
2023-06-19 11:30:19,411 INFO com.sis.ExcelReport.Service.EmailService [scheduling-1] Mail sent Successfully
2023-06-19 11:30:19,411 INFO com.sis.ExcelReport.Controller.ReportController [scheduling-1] DepartMent -->OEM
2023-06-19 11:30:24,600 INFO com.sis.ExcelReport.Service.EmailService [scheduling-1] E:\sc warrr11\ExcelReport\Dispatchlist.xlsx
2023-06-19 11:30:24,600 INFO com.sis.ExcelReport.Service.EmailService [scheduling-1] Mail sent Successfully
2023-06-19 11:30:24,600 INFO com.sis.ExcelReport.Controller.ReportController [scheduling-1] DepartMent -->INJECTOR
2023-06-19 11:30:29,806 INFO com.sis.ExcelReport.Service.EmailService [scheduling-1] E:\sc warrr11\ExcelReport\Dispatchlist.xlsx
2023-06-19 11:30:29,807 INFO com.sis.ExcelReport.Service.EmailService [scheduling-1] Mail sent Successfully
2023-06-19 11:30:29,807 INFO com.sis.ExcelReport.Controller.ReportController [scheduling-1] DepartMent -->VENTILATOR
2023-06-19 11:30:35,225 INFO com.sis.ExcelReport.Service.EmailService [scheduling-1] E:\sc warrr11\ExcelReport\Dispatchlist.xlsx
2023-06-19 11:30:35,226 INFO com.sis.ExcelReport.Service.EmailService [scheduling-1] Mail sent Successfully
2023-06-19 11:30:35,226 INFO com.sis.ExcelReport.Controller.ReportController [scheduling-1] DepartMent -->HEALTH AND FITNESS
2023-06-19 11:30:40,507 INFO com.sis.ExcelReport.Service.EmailService [scheduling-1] E:\sc warrr11\ExcelReport\Dispatchlist.xlsx
2023-06-19 11:30:40,508 INFO com.sis.ExcelReport.Service.EmailService [scheduling-1] Mail sent Successfully
2023-06-19 11:30:40,508 INFO com.sis.ExcelReport.Controller.ReportController [scheduling-1] DepartMent -->CONSUMABLES
2023-06-19 11:30:46,021 INFO com.sis.ExcelReport.Service.EmailService [scheduling-1] E:\sc warrr11\ExcelReport\Dispatchlist.xlsx
2023-06-19 11:30:46,022 INFO com.sis.ExcelReport.Service.EmailService [scheduling-1] Mail sent Successfully
2023-06-19 14:31:23,593 INFO org.apache.juli.logging.DirectJDKLog [http-nio-90-exec-1] Initializing Spring DispatcherServlet 'dispatcherServlet'
2023-06-19 14:31:23,607 INFO org.springframework.web.servlet.FrameworkServlet [http-nio-90-exec-1] Initializing Servlet 'dispatcherServlet'
2023-06-19 14:31:24,077 INFO org.springframework.web.servlet.FrameworkServlet [http-nio-90-exec-1] Completed initialization in 470 ms
2023-06-19 16:06:00,014 INFO com.sis.ExcelReport.Controller.ReportController [scheduling-1] Report Type -->dispatchlist
2023-06-19 16:06:00,246 INFO com.sis.ExcelReport.Controller.ReportController [scheduling-1] DepartMent -->SAG
2023-06-19 16:06:07,276 INFO com.sis.ExcelReport.Service.EmailService [scheduling-1] E:\sc warrr11\ExcelReport\Dispatchlist.xlsx
2023-06-19 16:06:07,277 INFO com.sis.ExcelReport.Service.EmailService [scheduling-1] Mail sent Successfully
2023-06-19 16:06:07,277 INFO com.sis.ExcelReport.Controller.ReportController [scheduling-1] DepartMent -->all
2023-06-19 16:06:14,508 INFO com.sis.ExcelReport.Service.EmailService [scheduling-1] E:\sc warrr11\ExcelReport\Dispatchlist.xlsx
2023-06-19 16:06:14,509 INFO com.sis.ExcelReport.Service.EmailService [scheduling-1] Mail sent Successfully
2023-06-19 16:06:14,509 INFO com.sis.ExcelReport.Controller.ReportController [scheduling-1] DepartMent -->SHIPL
2023-06-19 16:06:20,008 INFO com.sis.ExcelReport.Service.EmailService [scheduling-1] E:\sc warrr11\ExcelReport\Dispatchlist.xlsx
2023-06-19 16:06:20,008 INFO com.sis.ExcelReport.Service.EmailService [scheduling-1] Mail sent Successfully
2023-06-19 16:06:20,008 INFO com.sis.ExcelReport.Controller.ReportController [scheduling-1] DepartMent -->OEM
2023-06-19 16:06:25,374 INFO com.sis.ExcelReport.Service.EmailService [scheduling-1] E:\sc warrr11\ExcelReport\Dispatchlist.xlsx
2023-06-19 16:06:25,376 INFO com.sis.ExcelReport.Service.EmailService [scheduling-1] Mail sent Successfully
2023-06-19 16:06:25,376 INFO com.sis.ExcelReport.Controller.ReportController [scheduling-1] DepartMent -->INJECTOR
2023-06-19 16:06:30,635 INFO com.sis.ExcelReport.Service.EmailService [scheduling-1] E:\sc warrr11\ExcelReport\Dispatchlist.xlsx
2023-06-19 16:06:30,636 INFO com.sis.ExcelReport.Service.EmailService [scheduling-1] Mail sent Successfully
2023-06-19 16:06:30,636 INFO com.sis.ExcelReport.Controller.ReportController [scheduling-1] DepartMent -->VENTILATOR
2023-06-19 16:06:36,220 INFO com.sis.ExcelReport.Service.EmailService [scheduling-1] E:\sc warrr11\ExcelReport\Dispatchlist.xlsx
2023-06-19 16:06:36,220 INFO com.sis.ExcelReport.Service.EmailService [scheduling-1] Mail sent Successfully
2023-06-19 16:06:36,220 INFO com.sis.ExcelReport.Controller.ReportController [scheduling-1] DepartMent -->HEALTH AND FITNESS
2023-06-19 16:06:41,448 INFO com.sis.ExcelReport.Service.EmailService [scheduling-1] E:\sc warrr11\ExcelReport\Dispatchlist.xlsx
2023-06-19 16:06:41,449 INFO com.sis.ExcelReport.Service.EmailService [scheduling-1] Mail sent Successfully
2023-06-19 16:06:41,449 INFO com.sis.ExcelReport.Controller.ReportController [scheduling-1] DepartMent -->CONSUMABLES
2023-06-19 16:06:46,855 INFO com.sis.ExcelReport.Service.EmailService [scheduling-1] E:\sc warrr11\ExcelReport\Dispatchlist.xlsx
2023-06-19 16:06:46,855 INFO com.sis.ExcelReport.Service.EmailService [scheduling-1] Mail sent Successfully
2023-06-19 18:30:00,009 INFO com.sis.ExcelReport.Controller.ReportController [scheduling-1] Report Type -->prf/ob_completed
2023-06-19 18:30:00,152 INFO com.sis.ExcelReport.Controller.ReportController [scheduling-1] DepartMent -->all
2023-06-19 18:30:06,454 INFO com.sis.ExcelReport.Service.EmailService [scheduling-1] E:\sc warrr11\ExcelReport\PRFOB_'Completed'.xlsx
2023-06-19 18:30:06,455 INFO com.sis.ExcelReport.Service.EmailService [scheduling-1] Mail sent Successfully
2023-06-19 18:30:06,455 INFO com.sis.ExcelReport.Controller.ReportController [scheduling-1] DepartMent -->SAG
2023-06-19 18:30:11,769 INFO com.sis.ExcelReport.Service.EmailService [scheduling-1] E:\sc warrr11\ExcelReport\PRFOB_'Completed'.xlsx
2023-06-19 18:30:11,770 INFO com.sis.ExcelReport.Service.EmailService [scheduling-1] Mail sent Successfully
2023-06-19 18:30:11,770 INFO com.sis.ExcelReport.Controller.ReportController [scheduling-1] DepartMent -->OEM
2023-06-19 18:30:17,128 INFO com.sis.ExcelReport.Service.EmailService [scheduling-1] E:\sc warrr11\ExcelReport\PRFOB_'Completed'.xlsx
2023-06-19 18:30:17,129 INFO com.sis.ExcelReport.Service.EmailService [scheduling-1] Mail sent Successfully
2023-06-19 20:00:00,010 INFO com.sis.ExcelReport.Controller.ReportController [scheduling-1] Report Type -->stocklist
2023-06-19 20:00:00,206 INFO com.sis.ExcelReport.Controller.ReportController [scheduling-1] DepartMent -->SAG
2023-06-19 20:00:06,306 INFO com.sis.ExcelReport.Service.EmailService [scheduling-1] E:\sc warrr11\ExcelReport\Stocklist.xlsx
2023-06-19 20:00:06,307 INFO com.sis.ExcelReport.Service.EmailService [scheduling-1] Mail sent Successfully
2023-06-19 20:00:06,307 INFO com.sis.ExcelReport.Controller.ReportController [scheduling-1] DepartMent -->all
2023-06-19 20:00:13,088 INFO com.sis.ExcelReport.Service.EmailService [scheduling-1] E:\sc warrr11\ExcelReport\Stocklist.xlsx
2023-06-19 20:00:13,089 INFO com.sis.ExcelReport.Service.EmailService [scheduling-1] Mail sent Successfully
2023-06-19 20:00:13,089 INFO com.sis.ExcelReport.Controller.ReportController [scheduling-1] DepartMent -->SHIPL
2023-06-19 20:00:19,063 INFO com.sis.ExcelReport.Service.EmailService [scheduling-1] E:\sc warrr11\ExcelReport\Stocklist.xlsx
2023-06-19 20:00:19,064 INFO com.sis.ExcelReport.Service.EmailService [scheduling-1] Mail sent Successfully
2023-06-19 20:00:19,064 INFO com.sis.ExcelReport.Controller.ReportController [scheduling-1] DepartMent -->OEM
2023-06-19 20:00:24,471 INFO com.sis.ExcelReport.Service.EmailService [scheduling-1] E:\sc warrr11\ExcelReport\Stocklist.xlsx
2023-06-19 20:00:24,471 INFO com.sis.ExcelReport.Service.EmailService [scheduling-1] Mail sent Successfully
2023-06-19 20:00:24,471 INFO com.sis.ExcelReport.Controller.ReportController [scheduling-1] DepartMent -->INJECTOR
2023-06-19 20:00:29,761 INFO com.sis.ExcelReport.Service.EmailService [scheduling-1] E:\sc warrr11\ExcelReport\Stocklist.xlsx
2023-06-19 20:00:29,762 INFO com.sis.ExcelReport.Service.EmailService [scheduling-1] Mail sent Successfully
2023-06-19 20:00:29,762 INFO com.sis.ExcelReport.Controller.ReportController [scheduling-1] DepartMent -->VENTILATOR
2023-06-19 20:00:35,225 INFO com.sis.ExcelReport.Service.EmailService [scheduling-1] E:\sc warrr11\ExcelReport\Stocklist.xlsx
2023-06-19 20:00:35,225 INFO com.sis.ExcelReport.Service.EmailService [scheduling-1] Mail sent Successfully
2023-06-19 20:00:35,225 INFO com.sis.ExcelReport.Controller.ReportController [scheduling-1] DepartMent -->CONSUMABLES
2023-06-19 20:00:40,566 INFO com.sis.ExcelReport.Service.EmailService [scheduling-1] E:\sc warrr11\ExcelReport\Stocklist.xlsx
2023-06-19 20:00:40,567 INFO com.sis.ExcelReport.Service.EmailService [scheduling-1] Mail sent Successfully
2023-06-19 21:23:23,220 INFO org.apache.juli.logging.DirectJDKLog [http-nio-90-exec-3] Error parsing HTTP request header
 Note: further occurrences of HTTP request parsing errors will be logged at DEBUG level.
java.lang.IllegalArgumentException: Invalid character found in method name [0x160x030x010x000xee0x010x000x000xea0x030x030xe40x810x900xf4;0x840xb1;0x880x0f0xdc0xc2v0xdf0xafg>J0x020xd70xccl0xa30xc4I0x0a0xaf0xd60xdc0x86<y]. HTTP method names must be tokens
	at org.apache.coyote.http11.Http11InputBuffer.parseRequestLine(Http11InputBuffer.java:417)
	at org.apache.coyote.http11.Http11Processor.service(Http11Processor.java:261)
	at org.apache.coyote.AbstractProcessorLight.process(AbstractProcessorLight.java:65)
	at org.apache.coyote.AbstractProtocol$ConnectionHandler.process(AbstractProtocol.java:893)
	at org.apache.tomcat.util.net.NioEndpoint$SocketProcessor.doRun(NioEndpoint.java:1707)
	at org.apache.tomcat.util.net.SocketProcessorBase.run(SocketProcessorBase.java:49)
	at java.util.concurrent.ThreadPoolExecutor.runWorker(ThreadPoolExecutor.java:1149)
	at java.util.concurrent.ThreadPoolExecutor$Worker.run(ThreadPoolExecutor.java:624)
	at org.apache.tomcat.util.threads.TaskThread$WrappingRunnable.run(TaskThread.java:61)
	at java.lang.Thread.run(Thread.java:748)
2023-06-19 21:24:42,469 INFO com.sis.ExcelReport.Controller.ReportController [http-nio-90-exec-10] Report Type -->dispatchlist
2023-06-19 21:24:42,685 INFO com.sis.ExcelReport.Controller.ReportController [http-nio-90-exec-10] DepartMent -->SAG
2023-06-19 21:24:46,614 INFO com.sis.ExcelReport.Controller.ReportController [http-nio-90-exec-9] Report Type -->stocklist
2023-06-19 21:24:46,802 INFO com.sis.ExcelReport.Controller.ReportController [http-nio-90-exec-9] DepartMent -->SAG
2023-06-19 21:24:49,713 INFO com.sis.ExcelReport.Service.EmailService [http-nio-90-exec-10] E:\sc warrr11\ExcelReport\Dispatchlist.xlsx
2023-06-19 21:24:49,713 INFO com.sis.ExcelReport.Service.EmailService [http-nio-90-exec-10] Mail sent Successfully
2023-06-19 21:24:49,714 INFO com.sis.ExcelReport.Controller.ReportController [http-nio-90-exec-10] DepartMent -->all
2023-06-19 21:24:52,895 INFO com.sis.ExcelReport.Service.EmailService [http-nio-90-exec-9] E:\sc warrr11\ExcelReport\Stocklist.xlsx
2023-06-19 21:24:52,896 INFO com.sis.ExcelReport.Service.EmailService [http-nio-90-exec-9] Mail sent Successfully
2023-06-19 21:24:52,897 INFO com.sis.ExcelReport.Controller.ReportController [http-nio-90-exec-9] DepartMent -->all
2023-06-19 21:24:56,814 INFO com.sis.ExcelReport.Service.EmailService [http-nio-90-exec-10] E:\sc warrr11\ExcelReport\Dispatchlist.xlsx
2023-06-19 21:24:56,815 INFO com.sis.ExcelReport.Service.EmailService [http-nio-90-exec-10] Mail sent Successfully
2023-06-19 21:24:56,815 INFO com.sis.ExcelReport.Controller.ReportController [http-nio-90-exec-10] DepartMent -->SHIPL
2023-06-19 21:24:59,472 INFO com.sis.ExcelReport.Service.EmailService [http-nio-90-exec-9] E:\sc warrr11\ExcelReport\Stocklist.xlsx
2023-06-19 21:24:59,473 INFO com.sis.ExcelReport.Service.EmailService [http-nio-90-exec-9] Mail sent Successfully
2023-06-19 21:24:59,473 INFO com.sis.ExcelReport.Controller.ReportController [http-nio-90-exec-9] DepartMent -->SHIPL
2023-06-19 21:25:02,239 INFO com.sis.ExcelReport.Service.EmailService [http-nio-90-exec-10] E:\sc warrr11\ExcelReport\Dispatchlist.xlsx
2023-06-19 21:25:02,240 INFO com.sis.ExcelReport.Service.EmailService [http-nio-90-exec-10] Mail sent Successfully
2023-06-19 21:25:02,240 INFO com.sis.ExcelReport.Controller.ReportController [http-nio-90-exec-10] DepartMent -->OEM
2023-06-19 21:25:04,987 INFO com.sis.ExcelReport.Service.EmailService [http-nio-90-exec-9] E:\sc warrr11\ExcelReport\Stocklist.xlsx
2023-06-19 21:25:04,988 INFO com.sis.ExcelReport.Service.EmailService [http-nio-90-exec-9] Mail sent Successfully
2023-06-19 21:25:04,988 INFO com.sis.ExcelReport.Controller.ReportController [http-nio-90-exec-9] DepartMent -->OEM
2023-06-19 21:25:07,469 INFO com.sis.ExcelReport.Service.EmailService [http-nio-90-exec-10] E:\sc warrr11\ExcelReport\Dispatchlist.xlsx
2023-06-19 21:25:07,470 INFO com.sis.ExcelReport.Service.EmailService [http-nio-90-exec-10] Mail sent Successfully
2023-06-19 21:25:07,470 INFO com.sis.ExcelReport.Controller.ReportController [http-nio-90-exec-10] DepartMent -->INJECTOR
2023-06-19 21:25:10,333 INFO com.sis.ExcelReport.Service.EmailService [http-nio-90-exec-9] E:\sc warrr11\ExcelReport\Stocklist.xlsx
2023-06-19 21:25:10,334 INFO com.sis.ExcelReport.Service.EmailService [http-nio-90-exec-9] Mail sent Successfully
2023-06-19 21:25:10,334 INFO com.sis.ExcelReport.Controller.ReportController [http-nio-90-exec-9] DepartMent -->INJECTOR
2023-06-19 21:25:12,927 INFO com.sis.ExcelReport.Service.EmailService [http-nio-90-exec-10] E:\sc warrr11\ExcelReport\Dispatchlist.xlsx
2023-06-19 21:25:12,928 INFO com.sis.ExcelReport.Service.EmailService [http-nio-90-exec-10] Mail sent Successfully
2023-06-19 21:25:12,928 INFO com.sis.ExcelReport.Controller.ReportController [http-nio-90-exec-10] DepartMent -->VENTILATOR
2023-06-19 21:25:15,514 INFO com.sis.ExcelReport.Service.EmailService [http-nio-90-exec-9] E:\sc warrr11\ExcelReport\Stocklist.xlsx
2023-06-19 21:25:15,515 INFO com.sis.ExcelReport.Service.EmailService [http-nio-90-exec-9] Mail sent Successfully
2023-06-19 21:25:15,515 INFO com.sis.ExcelReport.Controller.ReportController [http-nio-90-exec-9] DepartMent -->VENTILATOR
2023-06-19 21:25:18,317 INFO com.sis.ExcelReport.Service.EmailService [http-nio-90-exec-10] E:\sc warrr11\ExcelReport\Dispatchlist.xlsx
2023-06-19 21:25:18,317 INFO com.sis.ExcelReport.Service.EmailService [http-nio-90-exec-10] Mail sent Successfully
2023-06-19 21:25:18,318 INFO com.sis.ExcelReport.Controller.ReportController [http-nio-90-exec-10] DepartMent -->HEALTH AND FITNESS
2023-06-19 21:25:21,062 INFO com.sis.ExcelReport.Service.EmailService [http-nio-90-exec-9] E:\sc warrr11\ExcelReport\Stocklist.xlsx
2023-06-19 21:25:21,063 INFO com.sis.ExcelReport.Service.EmailService [http-nio-90-exec-9] Mail sent Successfully
2023-06-19 21:25:21,063 INFO com.sis.ExcelReport.Controller.ReportController [http-nio-90-exec-9] DepartMent -->CONSUMABLES
2023-06-19 21:25:23,502 INFO com.sis.ExcelReport.Service.EmailService [http-nio-90-exec-10] E:\sc warrr11\ExcelReport\Dispatchlist.xlsx
2023-06-19 21:25:23,502 INFO com.sis.ExcelReport.Service.EmailService [http-nio-90-exec-10] Mail sent Successfully
2023-06-19 21:25:23,502 INFO com.sis.ExcelReport.Controller.ReportController [http-nio-90-exec-10] DepartMent -->CONSUMABLES
2023-06-19 21:25:26,374 INFO com.sis.ExcelReport.Service.EmailService [http-nio-90-exec-9] E:\sc warrr11\ExcelReport\Stocklist.xlsx
2023-06-19 21:25:26,375 INFO com.sis.ExcelReport.Service.EmailService [http-nio-90-exec-9] Mail sent Successfully
2023-06-19 21:25:29,251 INFO com.sis.ExcelReport.Service.EmailService [http-nio-90-exec-10] E:\sc warrr11\ExcelReport\Dispatchlist.xlsx
2023-06-19 21:25:29,252 INFO com.sis.ExcelReport.Service.EmailService [http-nio-90-exec-10] Mail sent Successfully
2023-06-19 21:25:41,474 INFO com.sis.ExcelReport.Controller.ReportController [http-nio-90-exec-3] Report Type -->under_repair
2023-06-19 21:25:41,742 INFO com.sis.ExcelReport.Controller.ReportController [http-nio-90-exec-3] DepartMent -->all
2023-06-19 21:25:50,644 INFO com.sis.ExcelReport.Service.EmailService [http-nio-90-exec-3] E:\sc warrr11\ExcelReport\Under_Repair.xlsx
2023-06-19 21:25:50,645 INFO com.sis.ExcelReport.Service.EmailService [http-nio-90-exec-3] Mail sent Successfully
