2023-06-11 09:40:00,031 INFO com.sis.ExcelReport.Controller.ReportController [scheduling-1] Report Type -->prf/ob_pending
2023-06-11 09:40:00,418 INFO com.sis.ExcelReport.Controller.ReportController [scheduling-1] DepartMent -->SAG
2023-06-11 09:40:09,385 INFO com.sis.ExcelReport.Service.EmailService [scheduling-1] E:\sc warrr11\ExcelReport\PRFOB_'Pending'.xlsx
2023-06-11 09:40:09,385 INFO com.sis.ExcelReport.Service.EmailService [scheduling-1] Mail sent Successfully
2023-06-11 09:40:09,386 INFO com.sis.ExcelReport.Controller.ReportController [scheduling-1] DepartMent -->all
2023-06-11 09:40:16,206 INFO com.sis.ExcelReport.Service.EmailService [scheduling-1] E:\sc warrr11\ExcelReport\PRFOB_'Pending'.xlsx
2023-06-11 09:40:16,207 INFO com.sis.ExcelReport.Service.EmailService [scheduling-1] Mail sent Successfully
2023-06-11 09:40:16,207 INFO com.sis.ExcelReport.Controller.ReportController [scheduling-1] DepartMent -->OEM
2023-06-11 09:40:22,174 INFO com.sis.ExcelReport.Service.EmailService [scheduling-1] E:\sc warrr11\ExcelReport\PRFOB_'Pending'.xlsx
2023-06-11 09:40:22,174 INFO com.sis.ExcelReport.Service.EmailService [scheduling-1] Mail sent Successfully
2023-06-11 09:40:22,174 INFO com.sis.ExcelReport.Controller.ReportController [scheduling-1] DepartMent -->SHIPL
2023-06-11 09:40:28,416 INFO com.sis.ExcelReport.Service.EmailService [scheduling-1] E:\sc warrr11\ExcelReport\PRFOB_'Pending'.xlsx
2023-06-11 09:40:28,416 INFO com.sis.ExcelReport.Service.EmailService [scheduling-1] Mail sent Successfully
2023-06-11 09:40:28,416 INFO com.sis.ExcelReport.Controller.ReportController [scheduling-1] DepartMent -->INJECTOR
2023-06-11 09:40:34,908 INFO com.sis.ExcelReport.Service.EmailService [scheduling-1] E:\sc warrr11\ExcelReport\PRFOB_'Pending'.xlsx
2023-06-11 09:40:34,908 INFO com.sis.ExcelReport.Service.EmailService [scheduling-1] Mail sent Successfully
2023-06-11 11:30:00,006 INFO com.sis.ExcelReport.Controller.ReportController [scheduling-1] Report Type -->dispatchlist
2023-06-11 11:30:00,168 INFO com.sis.ExcelReport.Controller.ReportController [scheduling-1] DepartMent -->SAG
2023-06-11 11:30:06,941 INFO com.sis.ExcelReport.Service.EmailService [scheduling-1] E:\sc warrr11\ExcelReport\Dispatchlist.xlsx
2023-06-11 11:30:06,941 INFO com.sis.ExcelReport.Service.EmailService [scheduling-1] Mail sent Successfully
2023-06-11 11:30:06,942 INFO com.sis.ExcelReport.Controller.ReportController [scheduling-1] DepartMent -->all
2023-06-11 11:30:14,136 INFO com.sis.ExcelReport.Service.EmailService [scheduling-1] E:\sc warrr11\ExcelReport\Dispatchlist.xlsx
2023-06-11 11:30:14,136 INFO com.sis.ExcelReport.Service.EmailService [scheduling-1] Mail sent Successfully
2023-06-11 11:30:14,137 INFO com.sis.ExcelReport.Controller.ReportController [scheduling-1] DepartMent -->SHIPL
2023-06-11 11:30:19,997 INFO com.sis.ExcelReport.Service.EmailService [scheduling-1] E:\sc warrr11\ExcelReport\Dispatchlist.xlsx
2023-06-11 11:30:19,997 INFO com.sis.ExcelReport.Service.EmailService [scheduling-1] Mail sent Successfully
2023-06-11 11:30:19,997 INFO com.sis.ExcelReport.Controller.ReportController [scheduling-1] DepartMent -->OEM
2023-06-11 11:30:25,487 INFO com.sis.ExcelReport.Service.EmailService [scheduling-1] E:\sc warrr11\ExcelReport\Dispatchlist.xlsx
2023-06-11 11:30:25,487 INFO com.sis.ExcelReport.Service.EmailService [scheduling-1] Mail sent Successfully
2023-06-11 11:30:25,487 INFO com.sis.ExcelReport.Controller.ReportController [scheduling-1] DepartMent -->INJECTOR
2023-06-11 11:30:31,944 INFO com.sis.ExcelReport.Service.EmailService [scheduling-1] E:\sc warrr11\ExcelReport\Dispatchlist.xlsx
2023-06-11 11:30:31,945 INFO com.sis.ExcelReport.Service.EmailService [scheduling-1] Mail sent Successfully
2023-06-11 11:30:31,945 INFO com.sis.ExcelReport.Controller.ReportController [scheduling-1] DepartMent -->VENTILATOR
2023-06-11 11:30:37,616 INFO com.sis.ExcelReport.Service.EmailService [scheduling-1] E:\sc warrr11\ExcelReport\Dispatchlist.xlsx
2023-06-11 11:30:37,616 INFO com.sis.ExcelReport.Service.EmailService [scheduling-1] Mail sent Successfully
2023-06-11 11:30:37,616 INFO com.sis.ExcelReport.Controller.ReportController [scheduling-1] DepartMent -->HEALTH AND FITNESS
2023-06-11 11:30:42,990 INFO com.sis.ExcelReport.Service.EmailService [scheduling-1] E:\sc warrr11\ExcelReport\Dispatchlist.xlsx
2023-06-11 11:30:42,990 INFO com.sis.ExcelReport.Service.EmailService [scheduling-1] Mail sent Successfully
2023-06-11 11:30:42,991 INFO com.sis.ExcelReport.Controller.ReportController [scheduling-1] DepartMent -->CONSUMABLES
2023-06-11 11:30:48,454 INFO com.sis.ExcelReport.Service.EmailService [scheduling-1] E:\sc warrr11\ExcelReport\Dispatchlist.xlsx
2023-06-11 11:30:48,454 INFO com.sis.ExcelReport.Service.EmailService [scheduling-1] Mail sent Successfully
2023-06-11 16:06:00,008 INFO com.sis.ExcelReport.Controller.ReportController [scheduling-1] Report Type -->dispatchlist
2023-06-11 16:06:00,243 INFO com.sis.ExcelReport.Controller.ReportController [scheduling-1] DepartMent -->SAG
2023-06-11 16:06:08,596 INFO com.sis.ExcelReport.Service.EmailService [scheduling-1] E:\sc warrr11\ExcelReport\Dispatchlist.xlsx
2023-06-11 16:06:08,597 INFO com.sis.ExcelReport.Service.EmailService [scheduling-1] Mail sent Successfully
2023-06-11 16:06:08,597 INFO com.sis.ExcelReport.Controller.ReportController [scheduling-1] DepartMent -->all
2023-06-11 16:06:16,710 INFO com.sis.ExcelReport.Service.EmailService [scheduling-1] E:\sc warrr11\ExcelReport\Dispatchlist.xlsx
2023-06-11 16:06:16,711 INFO com.sis.ExcelReport.Service.EmailService [scheduling-1] Mail sent Successfully
2023-06-11 16:06:16,711 INFO com.sis.ExcelReport.Controller.ReportController [scheduling-1] DepartMent -->SHIPL
2023-06-11 16:06:22,580 INFO com.sis.ExcelReport.Service.EmailService [scheduling-1] E:\sc warrr11\ExcelReport\Dispatchlist.xlsx
2023-06-11 16:06:22,580 INFO com.sis.ExcelReport.Service.EmailService [scheduling-1] Mail sent Successfully
2023-06-11 16:06:22,580 INFO com.sis.ExcelReport.Controller.ReportController [scheduling-1] DepartMent -->OEM
2023-06-11 16:06:28,268 INFO com.sis.ExcelReport.Service.EmailService [scheduling-1] E:\sc warrr11\ExcelReport\Dispatchlist.xlsx
2023-06-11 16:06:28,268 INFO com.sis.ExcelReport.Service.EmailService [scheduling-1] Mail sent Successfully
2023-06-11 16:06:28,268 INFO com.sis.ExcelReport.Controller.ReportController [scheduling-1] DepartMent -->INJECTOR
2023-06-11 16:06:33,651 INFO com.sis.ExcelReport.Service.EmailService [scheduling-1] E:\sc warrr11\ExcelReport\Dispatchlist.xlsx
2023-06-11 16:06:33,652 INFO com.sis.ExcelReport.Service.EmailService [scheduling-1] Mail sent Successfully
2023-06-11 16:06:33,652 INFO com.sis.ExcelReport.Controller.ReportController [scheduling-1] DepartMent -->VENTILATOR
2023-06-11 16:06:39,091 INFO com.sis.ExcelReport.Service.EmailService [scheduling-1] E:\sc warrr11\ExcelReport\Dispatchlist.xlsx
2023-06-11 16:06:39,091 INFO com.sis.ExcelReport.Service.EmailService [scheduling-1] Mail sent Successfully
2023-06-11 16:06:39,091 INFO com.sis.ExcelReport.Controller.ReportController [scheduling-1] DepartMent -->HEALTH AND FITNESS
2023-06-11 16:06:44,875 INFO com.sis.ExcelReport.Service.EmailService [scheduling-1] E:\sc warrr11\ExcelReport\Dispatchlist.xlsx
2023-06-11 16:06:44,876 INFO com.sis.ExcelReport.Service.EmailService [scheduling-1] Mail sent Successfully
2023-06-11 16:06:44,876 INFO com.sis.ExcelReport.Controller.ReportController [scheduling-1] DepartMent -->CONSUMABLES
2023-06-11 16:06:50,194 INFO com.sis.ExcelReport.Service.EmailService [scheduling-1] E:\sc warrr11\ExcelReport\Dispatchlist.xlsx
2023-06-11 16:06:50,194 INFO com.sis.ExcelReport.Service.EmailService [scheduling-1] Mail sent Successfully
2023-06-11 18:30:00,017 INFO com.sis.ExcelReport.Controller.ReportController [scheduling-1] Report Type -->prf/ob_completed
2023-06-11 18:30:00,136 INFO com.sis.ExcelReport.Controller.ReportController [scheduling-1] DepartMent -->all
2023-06-11 18:30:06,398 INFO com.sis.ExcelReport.Service.EmailService [scheduling-1] E:\sc warrr11\ExcelReport\PRFOB_'Completed'.xlsx
2023-06-11 18:30:06,399 INFO com.sis.ExcelReport.Service.EmailService [scheduling-1] Mail sent Successfully
2023-06-11 18:30:06,399 INFO com.sis.ExcelReport.Controller.ReportController [scheduling-1] DepartMent -->SAG
2023-06-11 18:30:11,855 INFO com.sis.ExcelReport.Service.EmailService [scheduling-1] E:\sc warrr11\ExcelReport\PRFOB_'Completed'.xlsx
2023-06-11 18:30:11,855 INFO com.sis.ExcelReport.Service.EmailService [scheduling-1] Mail sent Successfully
2023-06-11 18:30:11,855 INFO com.sis.ExcelReport.Controller.ReportController [scheduling-1] DepartMent -->OEM
2023-06-11 18:30:17,489 INFO com.sis.ExcelReport.Service.EmailService [scheduling-1] E:\sc warrr11\ExcelReport\PRFOB_'Completed'.xlsx
2023-06-11 18:30:17,490 INFO com.sis.ExcelReport.Service.EmailService [scheduling-1] Mail sent Successfully
2023-06-11 20:00:00,014 INFO com.sis.ExcelReport.Controller.ReportController [scheduling-1] Report Type -->stocklist
2023-06-11 20:00:00,164 INFO com.sis.ExcelReport.Controller.ReportController [scheduling-1] DepartMent -->SAG
2023-06-11 20:00:08,099 INFO com.sis.ExcelReport.Service.EmailService [scheduling-1] E:\sc warrr11\ExcelReport\Stocklist.xlsx
2023-06-11 20:00:08,100 INFO com.sis.ExcelReport.Service.EmailService [scheduling-1] Mail sent Successfully
2023-06-11 20:00:08,100 INFO com.sis.ExcelReport.Controller.ReportController [scheduling-1] DepartMent -->all
2023-06-11 20:00:15,913 INFO com.sis.ExcelReport.Service.EmailService [scheduling-1] E:\sc warrr11\ExcelReport\Stocklist.xlsx
2023-06-11 20:00:15,913 INFO com.sis.ExcelReport.Service.EmailService [scheduling-1] Mail sent Successfully
2023-06-11 20:00:15,913 INFO com.sis.ExcelReport.Controller.ReportController [scheduling-1] DepartMent -->SHIPL
2023-06-11 20:00:22,120 INFO com.sis.ExcelReport.Service.EmailService [scheduling-1] E:\sc warrr11\ExcelReport\Stocklist.xlsx
2023-06-11 20:00:22,121 INFO com.sis.ExcelReport.Service.EmailService [scheduling-1] Mail sent Successfully
2023-06-11 20:00:22,121 INFO com.sis.ExcelReport.Controller.ReportController [scheduling-1] DepartMent -->OEM
2023-06-11 20:00:28,182 INFO com.sis.ExcelReport.Service.EmailService [scheduling-1] E:\sc warrr11\ExcelReport\Stocklist.xlsx
2023-06-11 20:00:28,183 INFO com.sis.ExcelReport.Service.EmailService [scheduling-1] Mail sent Successfully
2023-06-11 20:00:28,183 INFO com.sis.ExcelReport.Controller.ReportController [scheduling-1] DepartMent -->INJECTOR
2023-06-11 20:00:34,136 INFO com.sis.ExcelReport.Service.EmailService [scheduling-1] E:\sc warrr11\ExcelReport\Stocklist.xlsx
2023-06-11 20:00:34,136 INFO com.sis.ExcelReport.Service.EmailService [scheduling-1] Mail sent Successfully
2023-06-11 20:00:34,136 INFO com.sis.ExcelReport.Controller.ReportController [scheduling-1] DepartMent -->VENTILATOR
2023-06-11 20:00:40,255 INFO com.sis.ExcelReport.Service.EmailService [scheduling-1] E:\sc warrr11\ExcelReport\Stocklist.xlsx
2023-06-11 20:00:40,255 INFO com.sis.ExcelReport.Service.EmailService [scheduling-1] Mail sent Successfully
2023-06-11 20:00:40,255 INFO com.sis.ExcelReport.Controller.ReportController [scheduling-1] DepartMent -->CONSUMABLES
2023-06-11 20:00:46,942 INFO com.sis.ExcelReport.Service.EmailService [scheduling-1] E:\sc warrr11\ExcelReport\Stocklist.xlsx
2023-06-11 20:00:46,942 INFO com.sis.ExcelReport.Service.EmailService [scheduling-1] Mail sent Successfully
2023-06-11 23:50:52,871 INFO org.apache.juli.logging.DirectJDKLog [http-nio-90-exec-7] Error parsing HTTP request header
 Note: further occurrences of HTTP request parsing errors will be logged at DEBUG level.
java.lang.IllegalArgumentException: Invalid character found in method name [0x030x000x00/*0xe00x000x000x000x000x00Cookie:]. HTTP method names must be tokens
	at org.apache.coyote.http11.Http11InputBuffer.parseRequestLine(Http11InputBuffer.java:417)
	at org.apache.coyote.http11.Http11Processor.service(Http11Processor.java:261)
	at org.apache.coyote.AbstractProcessorLight.process(AbstractProcessorLight.java:65)
	at org.apache.coyote.AbstractProtocol$ConnectionHandler.process(AbstractProtocol.java:893)
	at org.apache.tomcat.util.net.NioEndpoint$SocketProcessor.doRun(NioEndpoint.java:1707)
	at org.apache.tomcat.util.net.SocketProcessorBase.run(SocketProcessorBase.java:49)
	at java.util.concurrent.ThreadPoolExecutor.runWorker(ThreadPoolExecutor.java:1149)
	at java.util.concurrent.ThreadPoolExecutor$Worker.run(ThreadPoolExecutor.java:624)
	at org.apache.tomcat.util.threads.TaskThread$WrappingRunnable.run(TaskThread.java:61)
	at java.lang.Thread.run(Thread.java:748)
