2023-05-26 04:47:22,887 INFO org.apache.juli.logging.DirectJDKLog [http-nio-90-exec-2] Initializing Spring DispatcherServlet 'dispatcherServlet'
2023-05-26 04:47:23,058 INFO org.springframework.web.servlet.FrameworkServlet [http-nio-90-exec-2] Initializing Servlet 'dispatcherServlet'
2023-05-26 04:47:24,165 INFO org.springframework.web.servlet.FrameworkServlet [http-nio-90-exec-2] Completed initialization in 1107 ms
2023-05-26 09:40:00,131 INFO com.sis.ExcelReport.Controller.ReportController [scheduling-1] Report Type -->prf/ob_pending
2023-05-26 09:40:02,687 INFO com.sis.ExcelReport.Controller.ReportController [scheduling-1] DepartMent -->SAG
2023-05-26 09:40:10,633 INFO com.sis.ExcelReport.Service.EmailService [scheduling-1] E:\sc warrr11\ExcelReport\PRFOB_'Pending'.xlsx
2023-05-26 09:40:10,634 INFO com.sis.ExcelReport.Service.EmailService [scheduling-1] Mail sent Successfully
2023-05-26 09:40:10,635 INFO com.sis.ExcelReport.Controller.ReportController [scheduling-1] DepartMent -->all
2023-05-26 09:40:17,392 INFO com.sis.ExcelReport.Service.EmailService [scheduling-1] E:\sc warrr11\ExcelReport\PRFOB_'Pending'.xlsx
2023-05-26 09:40:17,392 INFO com.sis.ExcelReport.Service.EmailService [scheduling-1] Mail sent Successfully
2023-05-26 09:40:17,392 INFO com.sis.ExcelReport.Controller.ReportController [scheduling-1] DepartMent -->OEM
2023-05-26 09:40:23,342 INFO com.sis.ExcelReport.Service.EmailService [scheduling-1] E:\sc warrr11\ExcelReport\PRFOB_'Pending'.xlsx
2023-05-26 09:40:23,342 INFO com.sis.ExcelReport.Service.EmailService [scheduling-1] Mail sent Successfully
2023-05-26 09:40:23,343 INFO com.sis.ExcelReport.Controller.ReportController [scheduling-1] DepartMent -->SHIPL
2023-05-26 09:40:29,122 INFO com.sis.ExcelReport.Service.EmailService [scheduling-1] E:\sc warrr11\ExcelReport\PRFOB_'Pending'.xlsx
2023-05-26 09:40:29,122 INFO com.sis.ExcelReport.Service.EmailService [scheduling-1] Mail sent Successfully
2023-05-26 09:40:29,123 INFO com.sis.ExcelReport.Controller.ReportController [scheduling-1] DepartMent -->INJECTOR
2023-05-26 09:40:34,545 INFO com.sis.ExcelReport.Service.EmailService [scheduling-1] E:\sc warrr11\ExcelReport\PRFOB_'Pending'.xlsx
2023-05-26 09:40:34,545 INFO com.sis.ExcelReport.Service.EmailService [scheduling-1] Mail sent Successfully
2023-05-26 09:40:34,545 INFO com.sis.ExcelReport.Controller.ReportController [scheduling-1] DepartMent -->VENTILATOR
2023-05-26 09:40:40,196 INFO com.sis.ExcelReport.Service.EmailService [scheduling-1] E:\sc warrr11\ExcelReport\PRFOB_'Pending'.xlsx
2023-05-26 09:40:40,196 INFO com.sis.ExcelReport.Service.EmailService [scheduling-1] Mail sent Successfully
2023-05-26 11:30:00,034 INFO com.sis.ExcelReport.Controller.ReportController [scheduling-1] Report Type -->dispatchlist
2023-05-26 11:30:00,269 INFO com.sis.ExcelReport.Controller.ReportController [scheduling-1] DepartMent -->SAG
2023-05-26 11:30:07,021 INFO com.sis.ExcelReport.Service.EmailService [scheduling-1] E:\sc warrr11\ExcelReport\Dispatchlist.xlsx
2023-05-26 11:30:07,021 INFO com.sis.ExcelReport.Service.EmailService [scheduling-1] Mail sent Successfully
2023-05-26 11:30:07,021 INFO com.sis.ExcelReport.Controller.ReportController [scheduling-1] DepartMent -->all
2023-05-26 11:30:14,421 INFO com.sis.ExcelReport.Service.EmailService [scheduling-1] E:\sc warrr11\ExcelReport\Dispatchlist.xlsx
2023-05-26 11:30:14,421 INFO com.sis.ExcelReport.Service.EmailService [scheduling-1] Mail sent Successfully
2023-05-26 11:30:14,421 INFO com.sis.ExcelReport.Controller.ReportController [scheduling-1] DepartMent -->SHIPL
2023-05-26 11:30:20,189 INFO com.sis.ExcelReport.Service.EmailService [scheduling-1] E:\sc warrr11\ExcelReport\Dispatchlist.xlsx
2023-05-26 11:30:20,189 INFO com.sis.ExcelReport.Service.EmailService [scheduling-1] Mail sent Successfully
2023-05-26 11:30:20,189 INFO com.sis.ExcelReport.Controller.ReportController [scheduling-1] DepartMent -->OEM
2023-05-26 11:30:25,607 INFO com.sis.ExcelReport.Service.EmailService [scheduling-1] E:\sc warrr11\ExcelReport\Dispatchlist.xlsx
2023-05-26 11:30:25,607 INFO com.sis.ExcelReport.Service.EmailService [scheduling-1] Mail sent Successfully
2023-05-26 11:30:25,608 INFO com.sis.ExcelReport.Controller.ReportController [scheduling-1] DepartMent -->INJECTOR
2023-05-26 11:30:31,001 INFO com.sis.ExcelReport.Service.EmailService [scheduling-1] E:\sc warrr11\ExcelReport\Dispatchlist.xlsx
2023-05-26 11:30:31,001 INFO com.sis.ExcelReport.Service.EmailService [scheduling-1] Mail sent Successfully
2023-05-26 11:30:31,001 INFO com.sis.ExcelReport.Controller.ReportController [scheduling-1] DepartMent -->VENTILATOR
2023-05-26 11:30:36,396 INFO com.sis.ExcelReport.Service.EmailService [scheduling-1] E:\sc warrr11\ExcelReport\Dispatchlist.xlsx
2023-05-26 11:30:36,396 INFO com.sis.ExcelReport.Service.EmailService [scheduling-1] Mail sent Successfully
2023-05-26 11:30:36,397 INFO com.sis.ExcelReport.Controller.ReportController [scheduling-1] DepartMent -->HEALTH AND FITNESS
2023-05-26 11:30:41,771 INFO com.sis.ExcelReport.Service.EmailService [scheduling-1] E:\sc warrr11\ExcelReport\Dispatchlist.xlsx
2023-05-26 11:30:41,771 INFO com.sis.ExcelReport.Service.EmailService [scheduling-1] Mail sent Successfully
2023-05-26 11:30:41,771 INFO com.sis.ExcelReport.Controller.ReportController [scheduling-1] DepartMent -->CONSUMABLES
2023-05-26 11:30:47,609 INFO com.sis.ExcelReport.Service.EmailService [scheduling-1] E:\sc warrr11\ExcelReport\Dispatchlist.xlsx
2023-05-26 11:30:47,609 INFO com.sis.ExcelReport.Service.EmailService [scheduling-1] Mail sent Successfully
2023-05-26 12:55:33,125 INFO org.apache.juli.logging.DirectJDKLog [http-nio-90-exec-4] Error parsing HTTP request header
 Note: further occurrences of HTTP request parsing errors will be logged at DEBUG level.
java.lang.IllegalArgumentException: Invalid character found in method name [0x030x000x00/*0xe00x000x000x000x000x00Cookie:]. HTTP method names must be tokens
	at org.apache.coyote.http11.Http11InputBuffer.parseRequestLine(Http11InputBuffer.java:417)
	at org.apache.coyote.http11.Http11Processor.service(Http11Processor.java:261)
	at org.apache.coyote.AbstractProcessorLight.process(AbstractProcessorLight.java:65)
	at org.apache.coyote.AbstractProtocol$ConnectionHandler.process(AbstractProtocol.java:893)
	at org.apache.tomcat.util.net.NioEndpoint$SocketProcessor.doRun(NioEndpoint.java:1707)
	at org.apache.tomcat.util.net.SocketProcessorBase.run(SocketProcessorBase.java:49)
	at java.util.concurrent.ThreadPoolExecutor.runWorker(ThreadPoolExecutor.java:1149)
	at java.util.concurrent.ThreadPoolExecutor$Worker.run(ThreadPoolExecutor.java:624)
	at org.apache.tomcat.util.threads.TaskThread$WrappingRunnable.run(TaskThread.java:61)
	at java.lang.Thread.run(Thread.java:748)
2023-05-26 16:06:00,021 INFO com.sis.ExcelReport.Controller.ReportController [scheduling-1] Report Type -->dispatchlist
2023-05-26 16:06:00,439 INFO com.sis.ExcelReport.Controller.ReportController [scheduling-1] DepartMent -->SAG
2023-05-26 16:06:07,389 INFO com.sis.ExcelReport.Service.EmailService [scheduling-1] E:\sc warrr11\ExcelReport\Dispatchlist.xlsx
2023-05-26 16:06:07,389 INFO com.sis.ExcelReport.Service.EmailService [scheduling-1] Mail sent Successfully
2023-05-26 16:06:07,389 INFO com.sis.ExcelReport.Controller.ReportController [scheduling-1] DepartMent -->all
2023-05-26 16:06:14,446 INFO com.sis.ExcelReport.Service.EmailService [scheduling-1] E:\sc warrr11\ExcelReport\Dispatchlist.xlsx
2023-05-26 16:06:14,446 INFO com.sis.ExcelReport.Service.EmailService [scheduling-1] Mail sent Successfully
2023-05-26 16:06:14,446 INFO com.sis.ExcelReport.Controller.ReportController [scheduling-1] DepartMent -->SHIPL
2023-05-26 16:06:20,334 INFO com.sis.ExcelReport.Service.EmailService [scheduling-1] E:\sc warrr11\ExcelReport\Dispatchlist.xlsx
2023-05-26 16:06:20,334 INFO com.sis.ExcelReport.Service.EmailService [scheduling-1] Mail sent Successfully
2023-05-26 16:06:20,334 INFO com.sis.ExcelReport.Controller.ReportController [scheduling-1] DepartMent -->OEM
2023-05-26 16:06:25,856 INFO com.sis.ExcelReport.Service.EmailService [scheduling-1] E:\sc warrr11\ExcelReport\Dispatchlist.xlsx
2023-05-26 16:06:25,856 INFO com.sis.ExcelReport.Service.EmailService [scheduling-1] Mail sent Successfully
2023-05-26 16:06:25,857 INFO com.sis.ExcelReport.Controller.ReportController [scheduling-1] DepartMent -->INJECTOR
2023-05-26 16:06:31,186 INFO com.sis.ExcelReport.Service.EmailService [scheduling-1] E:\sc warrr11\ExcelReport\Dispatchlist.xlsx
2023-05-26 16:06:31,186 INFO com.sis.ExcelReport.Service.EmailService [scheduling-1] Mail sent Successfully
2023-05-26 16:06:31,186 INFO com.sis.ExcelReport.Controller.ReportController [scheduling-1] DepartMent -->VENTILATOR
2023-05-26 16:06:36,573 INFO com.sis.ExcelReport.Service.EmailService [scheduling-1] E:\sc warrr11\ExcelReport\Dispatchlist.xlsx
2023-05-26 16:06:36,573 INFO com.sis.ExcelReport.Service.EmailService [scheduling-1] Mail sent Successfully
2023-05-26 16:06:36,573 INFO com.sis.ExcelReport.Controller.ReportController [scheduling-1] DepartMent -->HEALTH AND FITNESS
2023-05-26 16:06:42,115 INFO com.sis.ExcelReport.Service.EmailService [scheduling-1] E:\sc warrr11\ExcelReport\Dispatchlist.xlsx
2023-05-26 16:06:42,116 INFO com.sis.ExcelReport.Service.EmailService [scheduling-1] Mail sent Successfully
2023-05-26 16:06:42,116 INFO com.sis.ExcelReport.Controller.ReportController [scheduling-1] DepartMent -->CONSUMABLES
2023-05-26 16:06:47,690 INFO com.sis.ExcelReport.Service.EmailService [scheduling-1] E:\sc warrr11\ExcelReport\Dispatchlist.xlsx
2023-05-26 16:06:47,690 INFO com.sis.ExcelReport.Service.EmailService [scheduling-1] Mail sent Successfully
2023-05-26 18:30:00,007 INFO com.sis.ExcelReport.Controller.ReportController [scheduling-1] Report Type -->prf/ob_completed
2023-05-26 18:30:00,557 INFO com.sis.ExcelReport.Controller.ReportController [scheduling-1] DepartMent -->all
2023-05-26 18:30:07,390 INFO com.sis.ExcelReport.Service.EmailService [scheduling-1] E:\sc warrr11\ExcelReport\PRFOB_'Completed'.xlsx
2023-05-26 18:30:07,390 INFO com.sis.ExcelReport.Service.EmailService [scheduling-1] Mail sent Successfully
2023-05-26 18:30:07,390 INFO com.sis.ExcelReport.Controller.ReportController [scheduling-1] DepartMent -->VENTILATOR
2023-05-26 18:30:13,758 INFO com.sis.ExcelReport.Service.EmailService [scheduling-1] E:\sc warrr11\ExcelReport\PRFOB_'Completed'.xlsx
2023-05-26 18:30:13,758 INFO com.sis.ExcelReport.Service.EmailService [scheduling-1] Mail sent Successfully
2023-05-26 18:30:13,758 INFO com.sis.ExcelReport.Controller.ReportController [scheduling-1] DepartMent -->SAG
2023-05-26 18:30:19,123 INFO com.sis.ExcelReport.Service.EmailService [scheduling-1] E:\sc warrr11\ExcelReport\PRFOB_'Completed'.xlsx
2023-05-26 18:30:19,123 INFO com.sis.ExcelReport.Service.EmailService [scheduling-1] Mail sent Successfully
2023-05-26 18:30:19,123 INFO com.sis.ExcelReport.Controller.ReportController [scheduling-1] DepartMent -->OEM
2023-05-26 18:30:25,551 INFO com.sis.ExcelReport.Service.EmailService [scheduling-1] E:\sc warrr11\ExcelReport\PRFOB_'Completed'.xlsx
2023-05-26 18:30:25,551 INFO com.sis.ExcelReport.Service.EmailService [scheduling-1] Mail sent Successfully
2023-05-26 20:00:00,033 INFO com.sis.ExcelReport.Controller.ReportController [scheduling-1] Report Type -->stocklist
2023-05-26 20:00:00,965 INFO com.sis.ExcelReport.Controller.ReportController [scheduling-1] DepartMent -->SAG
2023-05-26 20:00:07,924 INFO com.sis.ExcelReport.Service.EmailService [scheduling-1] E:\sc warrr11\ExcelReport\Stocklist.xlsx
2023-05-26 20:00:07,924 INFO com.sis.ExcelReport.Service.EmailService [scheduling-1] Mail sent Successfully
2023-05-26 20:00:07,924 INFO com.sis.ExcelReport.Controller.ReportController [scheduling-1] DepartMent -->all
2023-05-26 20:00:15,857 INFO com.sis.ExcelReport.Service.EmailService [scheduling-1] E:\sc warrr11\ExcelReport\Stocklist.xlsx
2023-05-26 20:00:15,857 INFO com.sis.ExcelReport.Service.EmailService [scheduling-1] Mail sent Successfully
2023-05-26 20:00:15,857 INFO com.sis.ExcelReport.Controller.ReportController [scheduling-1] DepartMent -->SHIPL
2023-05-26 20:00:22,358 INFO com.sis.ExcelReport.Service.EmailService [scheduling-1] E:\sc warrr11\ExcelReport\Stocklist.xlsx
2023-05-26 20:00:22,358 INFO com.sis.ExcelReport.Service.EmailService [scheduling-1] Mail sent Successfully
2023-05-26 20:00:22,358 INFO com.sis.ExcelReport.Controller.ReportController [scheduling-1] DepartMent -->OEM
2023-05-26 20:00:28,021 INFO com.sis.ExcelReport.Service.EmailService [scheduling-1] E:\sc warrr11\ExcelReport\Stocklist.xlsx
2023-05-26 20:00:28,022 INFO com.sis.ExcelReport.Service.EmailService [scheduling-1] Mail sent Successfully
2023-05-26 20:00:28,083 INFO com.sis.ExcelReport.Controller.ReportController [scheduling-1] DepartMent -->INJECTOR
2023-05-26 20:00:34,017 INFO com.sis.ExcelReport.Service.EmailService [scheduling-1] E:\sc warrr11\ExcelReport\Stocklist.xlsx
2023-05-26 20:00:34,017 INFO com.sis.ExcelReport.Service.EmailService [scheduling-1] Mail sent Successfully
2023-05-26 20:00:34,017 INFO com.sis.ExcelReport.Controller.ReportController [scheduling-1] DepartMent -->VENTILATOR
2023-05-26 20:00:39,451 INFO com.sis.ExcelReport.Service.EmailService [scheduling-1] E:\sc warrr11\ExcelReport\Stocklist.xlsx
2023-05-26 20:00:39,451 INFO com.sis.ExcelReport.Service.EmailService [scheduling-1] Mail sent Successfully
2023-05-26 20:00:39,451 INFO com.sis.ExcelReport.Controller.ReportController [scheduling-1] DepartMent -->CONSUMABLES
2023-05-26 20:00:44,992 INFO com.sis.ExcelReport.Service.EmailService [scheduling-1] E:\sc warrr11\ExcelReport\Stocklist.xlsx
2023-05-26 20:00:44,992 INFO com.sis.ExcelReport.Service.EmailService [scheduling-1] Mail sent Successfully
