2023-04-22 09:40:00,005 INFO com.sis.ExcelReport.Controller.ReportController [scheduling-1] Report Type -->prf/ob_pending
2023-04-22 09:40:01,316 INFO com.sis.ExcelReport.Controller.ReportController [scheduling-1] DepartMent -->SAG
2023-04-22 09:40:02,656 ERROR org.springframework.scheduling.support.TaskUtils$LoggingErrorHandler [scheduling-1] Unexpected error occurred in scheduled task
org.springframework.mail.MailSendException: Mail server connection failed; nested exception is com.sun.mail.util.MailConnectException: Couldn't connect to host, port: smtp.gmail.com, 587; timeout -1;
  nested exception is:
	java.net.UnknownHostException: smtp.gmail.com. Failed messages: com.sun.mail.util.MailConnectException: Couldn't connect to host, port: smtp.gmail.com, 587; timeout -1;
  nested exception is:
	java.net.UnknownHostException: smtp.gmail.com
	at org.springframework.mail.javamail.JavaMailSenderImpl.doSend(JavaMailSenderImpl.java:448)
	at org.springframework.mail.javamail.JavaMailSenderImpl.send(JavaMailSenderImpl.java:361)
	at org.springframework.mail.javamail.JavaMailSenderImpl.send(JavaMailSenderImpl.java:356)
	at com.sis.ExcelReport.Service.EmailService.sendMailWithAttachments(EmailService.java:93)
	at com.sis.ExcelReport.Service.EmailService.sendMail(EmailService.java:129)
	at com.sis.ExcelReport.Controller.ReportController.lambda$9(ReportController.java:564)
	at java.util.ArrayList.forEach(ArrayList.java:1257)
	at com.sis.ExcelReport.Controller.ReportController.getPRFOBPendingList(ReportController.java:541)
	at com.sis.ExcelReport.Controller.Scheduler.cronJob_PRFOB_Pen(Scheduler.java:102)
	at sun.reflect.NativeMethodAccessorImpl.invoke0(Native Method)
	at sun.reflect.NativeMethodAccessorImpl.invoke(NativeMethodAccessorImpl.java:62)
	at sun.reflect.DelegatingMethodAccessorImpl.invoke(DelegatingMethodAccessorImpl.java:43)
	at java.lang.reflect.Method.invoke(Method.java:498)
	at org.springframework.scheduling.support.ScheduledMethodRunnable.run(ScheduledMethodRunnable.java:84)
	at org.springframework.scheduling.support.DelegatingErrorHandlingRunnable.run(DelegatingErrorHandlingRunnable.java:54)
	at org.springframework.scheduling.concurrent.ReschedulingRunnable.run(ReschedulingRunnable.java:95)
	at java.util.concurrent.Executors$RunnableAdapter.call(Executors.java:511)
	at java.util.concurrent.FutureTask.run(FutureTask.java:266)
	at java.util.concurrent.ScheduledThreadPoolExecutor$ScheduledFutureTask.access$201(ScheduledThreadPoolExecutor.java:180)
	at java.util.concurrent.ScheduledThreadPoolExecutor$ScheduledFutureTask.run(ScheduledThreadPoolExecutor.java:293)
	at java.util.concurrent.ThreadPoolExecutor.runWorker(ThreadPoolExecutor.java:1149)
	at java.util.concurrent.ThreadPoolExecutor$Worker.run(ThreadPoolExecutor.java:624)
	at java.lang.Thread.run(Thread.java:748)
Caused by: com.sun.mail.util.MailConnectException: Couldn't connect to host, port: smtp.gmail.com, 587; timeout -1
	at com.sun.mail.smtp.SMTPTransport.openServer(SMTPTransport.java:2210)
	at com.sun.mail.smtp.SMTPTransport.protocolConnect(SMTPTransport.java:722)
	at javax.mail.Service.connect(Service.java:342)
	at org.springframework.mail.javamail.JavaMailSenderImpl.connectTransport(JavaMailSenderImpl.java:518)
	at org.springframework.mail.javamail.JavaMailSenderImpl.doSend(JavaMailSenderImpl.java:437)
	... 22 common frames omitted
Caused by: java.net.UnknownHostException: smtp.gmail.com
	at java.net.AbstractPlainSocketImpl.connect(AbstractPlainSocketImpl.java:184)
	at java.net.PlainSocketImpl.connect(PlainSocketImpl.java:172)
	at java.net.SocksSocketImpl.connect(SocksSocketImpl.java:392)
	at java.net.Socket.connect(Socket.java:589)
	at java.net.Socket.connect(Socket.java:538)
	at com.sun.mail.util.SocketFetcher.createSocket(SocketFetcher.java:335)
	at com.sun.mail.util.SocketFetcher.getSocket(SocketFetcher.java:214)
	at com.sun.mail.smtp.SMTPTransport.openServer(SMTPTransport.java:2160)
	... 26 common frames omitted
2023-04-22 11:15:10,536 INFO com.sis.ExcelReport.Controller.ReportController [http-nio-90-exec-3] Report Type -->stocklist
2023-04-22 11:15:11,372 INFO com.sis.ExcelReport.Controller.ReportController [http-nio-90-exec-3] DepartMent -->SAG
2023-04-22 11:15:20,955 INFO com.sis.ExcelReport.Service.EmailService [http-nio-90-exec-3] E:\sc warrr11\ExcelReport\Stocklist.xlsx
2023-04-22 11:15:20,956 INFO com.sis.ExcelReport.Service.EmailService [http-nio-90-exec-3] Mail sent Successfully
2023-04-22 11:15:20,956 INFO com.sis.ExcelReport.Controller.ReportController [http-nio-90-exec-3] DepartMent -->all
2023-04-22 11:15:27,957 INFO com.sis.ExcelReport.Service.EmailService [http-nio-90-exec-3] E:\sc warrr11\ExcelReport\Stocklist.xlsx
2023-04-22 11:15:27,957 INFO com.sis.ExcelReport.Service.EmailService [http-nio-90-exec-3] Mail sent Successfully
2023-04-22 11:15:27,958 INFO com.sis.ExcelReport.Controller.ReportController [http-nio-90-exec-3] DepartMent -->SHIPL
2023-04-22 11:15:33,593 INFO com.sis.ExcelReport.Service.EmailService [http-nio-90-exec-3] E:\sc warrr11\ExcelReport\Stocklist.xlsx
2023-04-22 11:15:33,594 INFO com.sis.ExcelReport.Service.EmailService [http-nio-90-exec-3] Mail sent Successfully
2023-04-22 11:15:33,594 INFO com.sis.ExcelReport.Controller.ReportController [http-nio-90-exec-3] DepartMent -->OEM
2023-04-22 11:15:40,336 INFO com.sis.ExcelReport.Service.EmailService [http-nio-90-exec-3] E:\sc warrr11\ExcelReport\Stocklist.xlsx
2023-04-22 11:15:40,336 INFO com.sis.ExcelReport.Service.EmailService [http-nio-90-exec-3] Mail sent Successfully
2023-04-22 11:15:40,337 INFO com.sis.ExcelReport.Controller.ReportController [http-nio-90-exec-3] DepartMent -->INJECTOR
2023-04-22 11:15:46,019 INFO com.sis.ExcelReport.Service.EmailService [http-nio-90-exec-3] E:\sc warrr11\ExcelReport\Stocklist.xlsx
2023-04-22 11:15:46,033 INFO com.sis.ExcelReport.Service.EmailService [http-nio-90-exec-3] Mail sent Successfully
2023-04-22 11:15:46,034 INFO com.sis.ExcelReport.Controller.ReportController [http-nio-90-exec-3] DepartMent -->VENTILATOR
2023-04-22 11:15:51,636 INFO com.sis.ExcelReport.Service.EmailService [http-nio-90-exec-3] E:\sc warrr11\ExcelReport\Stocklist.xlsx
2023-04-22 11:15:51,637 INFO com.sis.ExcelReport.Service.EmailService [http-nio-90-exec-3] Mail sent Successfully
2023-04-22 11:15:51,637 INFO com.sis.ExcelReport.Controller.ReportController [http-nio-90-exec-3] DepartMent -->CONSUMABLES
2023-04-22 11:15:56,986 INFO com.sis.ExcelReport.Service.EmailService [http-nio-90-exec-3] E:\sc warrr11\ExcelReport\Stocklist.xlsx
2023-04-22 11:15:56,986 INFO com.sis.ExcelReport.Service.EmailService [http-nio-90-exec-3] Mail sent Successfully
2023-04-22 11:18:06,255 INFO org.springframework.boot.StartupInfoLogger [restartedMain] Starting ExcelReportApplication using Java 1.8.0_152 on DESKTOP-NCNS245 with PID 13888 (E:\sc warrr11\ExcelReport\target\classes started by Admin in E:\sc warrr11\ExcelReport)
2023-04-22 11:18:06,258 INFO org.springframework.boot.SpringApplication [restartedMain] No active profile set, falling back to default profiles: default
2023-04-22 11:18:06,579 INFO org.springframework.boot.logging.DeferredLog [restartedMain] Devtools property defaults active! Set 'spring.devtools.add-properties' to 'false' to disable
2023-04-22 11:18:06,581 INFO org.springframework.boot.logging.DeferredLog [restartedMain] For additional web related logging consider setting the 'logging.level.web' property to 'DEBUG'
2023-04-22 11:18:09,527 INFO com.sis.ExcelReport.Controller.ReportController [http-nio-90-exec-9] Report Type -->stocklist
2023-04-22 11:18:10,214 INFO com.sis.ExcelReport.Controller.ReportController [http-nio-90-exec-9] DepartMent -->SAG
2023-04-22 11:18:12,535 INFO org.springframework.data.repository.config.RepositoryConfigurationDelegate [restartedMain] Bootstrapping Spring Data JPA repositories in DEFAULT mode.
2023-04-22 11:18:13,430 INFO org.springframework.data.repository.config.RepositoryConfigurationDelegate [restartedMain] Finished Spring Data repository scanning in 882 ms. Found 10 JPA repository interfaces.
2023-04-22 11:18:16,156 INFO org.springframework.boot.web.embedded.tomcat.TomcatWebServer [restartedMain] Tomcat initialized with port(s): 90 (http)
2023-04-22 11:18:16,204 INFO org.apache.juli.logging.DirectJDKLog [restartedMain] Initializing ProtocolHandler ["http-nio-90"]
2023-04-22 11:18:16,212 INFO org.apache.juli.logging.DirectJDKLog [restartedMain] Starting service [Tomcat]
2023-04-22 11:18:16,213 INFO org.apache.juli.logging.DirectJDKLog [restartedMain] Starting Servlet engine: [Apache Tomcat/9.0.44]
2023-04-22 11:18:16,680 INFO com.sis.ExcelReport.Service.EmailService [http-nio-90-exec-9] E:\sc warrr11\ExcelReport\Stocklist.xlsx
2023-04-22 11:18:16,681 INFO com.sis.ExcelReport.Service.EmailService [http-nio-90-exec-9] Mail sent Successfully
2023-04-22 11:18:16,681 INFO com.sis.ExcelReport.Controller.ReportController [http-nio-90-exec-9] DepartMent -->all
2023-04-22 11:18:20,957 INFO org.apache.juli.logging.DirectJDKLog [restartedMain] At least one JAR was scanned for TLDs yet contained no TLDs. Enable debug logging for this logger for a complete list of JARs that were scanned but no TLDs were found in them. Skipping unneeded JARs during scanning can improve startup time and JSP compilation time.
2023-04-22 11:18:20,965 INFO org.apache.juli.logging.DirectJDKLog [restartedMain] Initializing Spring embedded WebApplicationContext
2023-04-22 11:18:20,965 INFO org.springframework.boot.web.servlet.context.ServletWebServerApplicationContext [restartedMain] Root WebApplicationContext: initialization completed in 14382 ms
2023-04-22 11:18:24,238 INFO com.sis.ExcelReport.Service.EmailService [http-nio-90-exec-9] E:\sc warrr11\ExcelReport\Stocklist.xlsx
2023-04-22 11:18:24,238 INFO com.sis.ExcelReport.Service.EmailService [http-nio-90-exec-9] Mail sent Successfully
2023-04-22 11:18:24,238 INFO com.sis.ExcelReport.Controller.ReportController [http-nio-90-exec-9] DepartMent -->SHIPL
2023-04-22 11:18:24,862 INFO com.zaxxer.hikari.HikariDataSource [restartedMain] HikariPool-1 - Starting...
2023-04-22 11:18:29,581 INFO com.zaxxer.hikari.HikariDataSource [restartedMain] HikariPool-1 - Start completed.
2023-04-22 11:18:29,898 INFO com.sis.ExcelReport.Service.EmailService [http-nio-90-exec-9] E:\sc warrr11\ExcelReport\Stocklist.xlsx
2023-04-22 11:18:29,982 INFO com.sis.ExcelReport.Service.EmailService [http-nio-90-exec-9] Mail sent Successfully
2023-04-22 11:18:29,983 INFO com.sis.ExcelReport.Controller.ReportController [http-nio-90-exec-9] DepartMent -->OEM
2023-04-22 11:18:30,721 INFO org.hibernate.jpa.internal.util.LogHelper [restartedMain] HHH000204: Processing PersistenceUnitInfo [name: default]
2023-04-22 11:18:32,895 INFO org.hibernate.Version [restartedMain] HHH000412: Hibernate ORM core version 5.4.29.Final
2023-04-22 11:18:34,043 INFO org.hibernate.annotations.common.reflection.java.JavaReflectionManager [restartedMain] HCANN000001: Hibernate Commons Annotations {5.1.2.Final}
2023-04-22 11:18:35,441 INFO com.sis.ExcelReport.Service.EmailService [http-nio-90-exec-9] E:\sc warrr11\ExcelReport\Stocklist.xlsx
2023-04-22 11:18:35,441 INFO com.sis.ExcelReport.Service.EmailService [http-nio-90-exec-9] Mail sent Successfully
2023-04-22 11:18:35,441 INFO com.sis.ExcelReport.Controller.ReportController [http-nio-90-exec-9] DepartMent -->INJECTOR
2023-04-22 11:18:36,233 INFO org.hibernate.dialect.Dialect [restartedMain] HHH000400: Using dialect: org.hibernate.dialect.MySQL8Dialect
2023-04-22 11:18:41,171 INFO com.sis.ExcelReport.Service.EmailService [http-nio-90-exec-9] E:\sc warrr11\ExcelReport\Stocklist.xlsx
2023-04-22 11:18:41,171 INFO com.sis.ExcelReport.Service.EmailService [http-nio-90-exec-9] Mail sent Successfully
2023-04-22 11:18:41,171 INFO com.sis.ExcelReport.Controller.ReportController [http-nio-90-exec-9] DepartMent -->VENTILATOR
2023-04-22 11:18:46,123 INFO org.hibernate.engine.transaction.jta.platform.internal.JtaPlatformInitiator [restartedMain] HHH000490: Using JtaPlatform implementation: [org.hibernate.engine.transaction.jta.platform.internal.NoJtaPlatform]
2023-04-22 11:18:46,218 INFO org.springframework.orm.jpa.AbstractEntityManagerFactoryBean [restartedMain] Initialized JPA EntityManagerFactory for persistence unit 'default'
2023-04-22 11:18:46,696 INFO com.sis.ExcelReport.Service.EmailService [http-nio-90-exec-9] E:\sc warrr11\ExcelReport\Stocklist.xlsx
2023-04-22 11:18:46,697 INFO com.sis.ExcelReport.Service.EmailService [http-nio-90-exec-9] Mail sent Successfully
2023-04-22 11:18:46,697 INFO com.sis.ExcelReport.Controller.ReportController [http-nio-90-exec-9] DepartMent -->CONSUMABLES
2023-04-22 11:18:50,349 WARN org.springframework.boot.autoconfigure.orm.jpa.JpaBaseConfiguration$JpaWebConfiguration [restartedMain] spring.jpa.open-in-view is enabled by default. Therefore, database queries may be performed during view rendering. Explicitly configure spring.jpa.open-in-view to disable this warning
2023-04-22 11:18:51,634 INFO org.springframework.scheduling.concurrent.ExecutorConfigurationSupport [restartedMain] Initializing ExecutorService 'applicationTaskExecutor'
2023-04-22 11:18:52,183 INFO com.sis.ExcelReport.Service.EmailService [http-nio-90-exec-9] E:\sc warrr11\ExcelReport\Stocklist.xlsx
2023-04-22 11:18:52,183 INFO com.sis.ExcelReport.Service.EmailService [http-nio-90-exec-9] Mail sent Successfully
2023-04-22 11:18:58,255 INFO org.springframework.scheduling.concurrent.ExecutorConfigurationSupport [restartedMain] Initializing ExecutorService 'taskScheduler'
2023-04-22 11:18:58,550 WARN org.springframework.boot.devtools.autoconfigure.OptionalLiveReloadServer [restartedMain] Unable to start LiveReload server
2023-04-22 11:18:58,589 INFO org.apache.juli.logging.DirectJDKLog [restartedMain] Starting ProtocolHandler ["http-nio-90"]
2023-04-22 11:19:00,987 WARN org.springframework.context.support.AbstractApplicationContext [restartedMain] Exception encountered during context initialization - cancelling refresh attempt: org.springframework.context.ApplicationContextException: Failed to start bean 'webServerStartStop'; nested exception is org.springframework.boot.web.server.PortInUseException: Port 90 is already in use
2023-04-22 11:19:00,989 INFO org.springframework.scheduling.concurrent.ExecutorConfigurationSupport [restartedMain] Shutting down ExecutorService 'taskScheduler'
2023-04-22 11:19:00,994 INFO org.springframework.scheduling.concurrent.ExecutorConfigurationSupport [restartedMain] Shutting down ExecutorService 'applicationTaskExecutor'
2023-04-22 11:19:01,000 INFO org.springframework.orm.jpa.AbstractEntityManagerFactoryBean [restartedMain] Closing JPA EntityManagerFactory for persistence unit 'default'
2023-04-22 11:19:01,015 INFO com.zaxxer.hikari.HikariDataSource [restartedMain] HikariPool-1 - Shutdown initiated...
2023-04-22 11:19:01,040 INFO com.zaxxer.hikari.HikariDataSource [restartedMain] HikariPool-1 - Shutdown completed.
2023-04-22 11:19:01,045 INFO org.apache.juli.logging.DirectJDKLog [restartedMain] Pausing ProtocolHandler ["http-nio-90"]
2023-04-22 11:19:01,046 INFO org.apache.juli.logging.DirectJDKLog [restartedMain] Stopping service [Tomcat]
2023-04-22 11:19:01,315 INFO org.apache.juli.logging.DirectJDKLog [restartedMain] Stopping ProtocolHandler ["http-nio-90"]
2023-04-22 11:19:01,359 INFO org.apache.juli.logging.DirectJDKLog [restartedMain] Destroying ProtocolHandler ["http-nio-90"]
2023-04-22 11:19:01,381 INFO org.springframework.boot.autoconfigure.logging.ConditionEvaluationReportLoggingListener [restartedMain] 

Error starting ApplicationContext. To display the conditions report re-run your application with 'debug' enabled.
2023-04-22 11:19:01,547 ERROR org.springframework.boot.diagnostics.LoggingFailureAnalysisReporter [restartedMain] 

***************************
APPLICATION FAILED TO START
***************************

Description:

Web server failed to start. Port 90 was already in use.

Action:

Identify and stop the process that's listening on port 90 or configure this application to listen on another port.

2023-04-22 11:30:00,019 INFO com.sis.ExcelReport.Controller.ReportController [scheduling-1] Report Type -->dispatchlist
2023-04-22 11:30:00,238 INFO com.sis.ExcelReport.Controller.ReportController [scheduling-1] DepartMent -->SAG
2023-04-22 11:30:06,477 INFO com.sis.ExcelReport.Service.EmailService [scheduling-1] E:\sc warrr11\ExcelReport\Dispatchlist.xlsx
2023-04-22 11:30:06,477 INFO com.sis.ExcelReport.Service.EmailService [scheduling-1] Mail sent Successfully
2023-04-22 11:30:06,477 INFO com.sis.ExcelReport.Controller.ReportController [scheduling-1] DepartMent -->all
2023-04-22 11:30:13,265 INFO com.sis.ExcelReport.Service.EmailService [scheduling-1] E:\sc warrr11\ExcelReport\Dispatchlist.xlsx
2023-04-22 11:30:13,265 INFO com.sis.ExcelReport.Service.EmailService [scheduling-1] Mail sent Successfully
2023-04-22 11:30:13,265 INFO com.sis.ExcelReport.Controller.ReportController [scheduling-1] DepartMent -->SHIPL
2023-04-22 11:30:18,921 INFO com.sis.ExcelReport.Service.EmailService [scheduling-1] E:\sc warrr11\ExcelReport\Dispatchlist.xlsx
2023-04-22 11:30:18,921 INFO com.sis.ExcelReport.Service.EmailService [scheduling-1] Mail sent Successfully
2023-04-22 11:30:18,921 INFO com.sis.ExcelReport.Controller.ReportController [scheduling-1] DepartMent -->OEM
2023-04-22 11:30:24,289 INFO com.sis.ExcelReport.Service.EmailService [scheduling-1] E:\sc warrr11\ExcelReport\Dispatchlist.xlsx
2023-04-22 11:30:24,289 INFO com.sis.ExcelReport.Service.EmailService [scheduling-1] Mail sent Successfully
2023-04-22 11:30:24,289 INFO com.sis.ExcelReport.Controller.ReportController [scheduling-1] DepartMent -->INJECTOR
2023-04-22 11:30:29,803 INFO com.sis.ExcelReport.Service.EmailService [scheduling-1] E:\sc warrr11\ExcelReport\Dispatchlist.xlsx
2023-04-22 11:30:29,803 INFO com.sis.ExcelReport.Service.EmailService [scheduling-1] Mail sent Successfully
2023-04-22 11:30:29,803 INFO com.sis.ExcelReport.Controller.ReportController [scheduling-1] DepartMent -->VENTILATOR
2023-04-22 11:30:35,658 INFO com.sis.ExcelReport.Service.EmailService [scheduling-1] E:\sc warrr11\ExcelReport\Dispatchlist.xlsx
2023-04-22 11:30:35,659 INFO com.sis.ExcelReport.Service.EmailService [scheduling-1] Mail sent Successfully
2023-04-22 11:30:35,659 INFO com.sis.ExcelReport.Controller.ReportController [scheduling-1] DepartMent -->HEALTH AND FITNESS
2023-04-22 11:30:41,322 INFO com.sis.ExcelReport.Service.EmailService [scheduling-1] E:\sc warrr11\ExcelReport\Dispatchlist.xlsx
2023-04-22 11:30:41,322 INFO com.sis.ExcelReport.Service.EmailService [scheduling-1] Mail sent Successfully
2023-04-22 11:30:41,322 INFO com.sis.ExcelReport.Controller.ReportController [scheduling-1] DepartMent -->CONSUMABLES
2023-04-22 11:30:47,264 INFO com.sis.ExcelReport.Service.EmailService [scheduling-1] E:\sc warrr11\ExcelReport\Dispatchlist.xlsx
2023-04-22 11:30:47,265 INFO com.sis.ExcelReport.Service.EmailService [scheduling-1] Mail sent Successfully
2023-04-22 12:05:18,117 INFO org.apache.juli.logging.DirectJDKLog [http-nio-90-exec-3] Error parsing HTTP request header
 Note: further occurrences of HTTP request parsing errors will be logged at DEBUG level.
java.lang.IllegalArgumentException: Invalid character found in the HTTP protocol [RTSP/1.00x0d0x0a0x0d...]
	at org.apache.coyote.http11.Http11InputBuffer.parseRequestLine(Http11InputBuffer.java:559)
	at org.apache.coyote.http11.Http11Processor.service(Http11Processor.java:261)
	at org.apache.coyote.AbstractProcessorLight.process(AbstractProcessorLight.java:65)
	at org.apache.coyote.AbstractProtocol$ConnectionHandler.process(AbstractProtocol.java:893)
	at org.apache.tomcat.util.net.NioEndpoint$SocketProcessor.doRun(NioEndpoint.java:1707)
	at org.apache.tomcat.util.net.SocketProcessorBase.run(SocketProcessorBase.java:49)
	at java.util.concurrent.ThreadPoolExecutor.runWorker(ThreadPoolExecutor.java:1149)
	at java.util.concurrent.ThreadPoolExecutor$Worker.run(ThreadPoolExecutor.java:624)
	at org.apache.tomcat.util.threads.TaskThread$WrappingRunnable.run(TaskThread.java:61)
	at java.lang.Thread.run(Thread.java:748)
2023-04-22 16:06:00,160 INFO com.sis.ExcelReport.Controller.ReportController [scheduling-1] Report Type -->dispatchlist
2023-04-22 16:06:00,843 INFO com.sis.ExcelReport.Controller.ReportController [scheduling-1] DepartMent -->SAG
2023-04-22 16:06:08,492 INFO com.sis.ExcelReport.Service.EmailService [scheduling-1] E:\sc warrr11\ExcelReport\Dispatchlist.xlsx
2023-04-22 16:06:08,492 INFO com.sis.ExcelReport.Service.EmailService [scheduling-1] Mail sent Successfully
2023-04-22 16:06:08,493 INFO com.sis.ExcelReport.Controller.ReportController [scheduling-1] DepartMent -->all
2023-04-22 16:06:16,131 INFO com.sis.ExcelReport.Service.EmailService [scheduling-1] E:\sc warrr11\ExcelReport\Dispatchlist.xlsx
2023-04-22 16:06:16,131 INFO com.sis.ExcelReport.Service.EmailService [scheduling-1] Mail sent Successfully
2023-04-22 16:06:16,131 INFO com.sis.ExcelReport.Controller.ReportController [scheduling-1] DepartMent -->SHIPL
2023-04-22 16:06:21,867 INFO com.sis.ExcelReport.Service.EmailService [scheduling-1] E:\sc warrr11\ExcelReport\Dispatchlist.xlsx
2023-04-22 16:06:21,867 INFO com.sis.ExcelReport.Service.EmailService [scheduling-1] Mail sent Successfully
2023-04-22 16:06:21,867 INFO com.sis.ExcelReport.Controller.ReportController [scheduling-1] DepartMent -->OEM
2023-04-22 16:06:27,492 INFO com.sis.ExcelReport.Service.EmailService [scheduling-1] E:\sc warrr11\ExcelReport\Dispatchlist.xlsx
2023-04-22 16:06:27,493 INFO com.sis.ExcelReport.Service.EmailService [scheduling-1] Mail sent Successfully
2023-04-22 16:06:27,493 INFO com.sis.ExcelReport.Controller.ReportController [scheduling-1] DepartMent -->INJECTOR
2023-04-22 16:06:33,030 INFO com.sis.ExcelReport.Service.EmailService [scheduling-1] E:\sc warrr11\ExcelReport\Dispatchlist.xlsx
2023-04-22 16:06:33,030 INFO com.sis.ExcelReport.Service.EmailService [scheduling-1] Mail sent Successfully
2023-04-22 16:06:33,031 INFO com.sis.ExcelReport.Controller.ReportController [scheduling-1] DepartMent -->VENTILATOR
2023-04-22 16:06:39,287 INFO com.sis.ExcelReport.Service.EmailService [scheduling-1] E:\sc warrr11\ExcelReport\Dispatchlist.xlsx
2023-04-22 16:06:39,287 INFO com.sis.ExcelReport.Service.EmailService [scheduling-1] Mail sent Successfully
2023-04-22 16:06:39,288 INFO com.sis.ExcelReport.Controller.ReportController [scheduling-1] DepartMent -->HEALTH AND FITNESS
2023-04-22 16:06:45,193 INFO com.sis.ExcelReport.Service.EmailService [scheduling-1] E:\sc warrr11\ExcelReport\Dispatchlist.xlsx
2023-04-22 16:06:45,194 INFO com.sis.ExcelReport.Service.EmailService [scheduling-1] Mail sent Successfully
2023-04-22 16:06:45,194 INFO com.sis.ExcelReport.Controller.ReportController [scheduling-1] DepartMent -->CONSUMABLES
2023-04-22 16:06:51,085 INFO com.sis.ExcelReport.Service.EmailService [scheduling-1] E:\sc warrr11\ExcelReport\Dispatchlist.xlsx
2023-04-22 16:06:51,086 INFO com.sis.ExcelReport.Service.EmailService [scheduling-1] Mail sent Successfully
2023-04-22 18:30:00,043 INFO com.sis.ExcelReport.Controller.ReportController [scheduling-1] Report Type -->prf/ob_completed
2023-04-22 18:30:00,310 INFO com.sis.ExcelReport.Controller.ReportController [scheduling-1] DepartMent -->all
2023-04-22 18:30:07,125 INFO com.sis.ExcelReport.Service.EmailService [scheduling-1] E:\sc warrr11\ExcelReport\PRFOB_'Completed'.xlsx
2023-04-22 18:30:07,125 INFO com.sis.ExcelReport.Service.EmailService [scheduling-1] Mail sent Successfully
2023-04-22 18:30:07,126 INFO com.sis.ExcelReport.Controller.ReportController [scheduling-1] DepartMent -->VENTILATOR
2023-04-22 18:30:12,502 INFO com.sis.ExcelReport.Service.EmailService [scheduling-1] E:\sc warrr11\ExcelReport\PRFOB_'Completed'.xlsx
2023-04-22 18:30:12,502 INFO com.sis.ExcelReport.Service.EmailService [scheduling-1] Mail sent Successfully
2023-04-22 18:30:12,502 INFO com.sis.ExcelReport.Controller.ReportController [scheduling-1] DepartMent -->SAG
2023-04-22 18:30:19,112 INFO com.sis.ExcelReport.Service.EmailService [scheduling-1] E:\sc warrr11\ExcelReport\PRFOB_'Completed'.xlsx
2023-04-22 18:30:19,112 INFO com.sis.ExcelReport.Service.EmailService [scheduling-1] Mail sent Successfully
2023-04-22 18:30:19,112 INFO com.sis.ExcelReport.Controller.ReportController [scheduling-1] DepartMent -->OEM
2023-04-22 18:30:24,473 INFO com.sis.ExcelReport.Service.EmailService [scheduling-1] E:\sc warrr11\ExcelReport\PRFOB_'Completed'.xlsx
2023-04-22 18:30:24,473 INFO com.sis.ExcelReport.Service.EmailService [scheduling-1] Mail sent Successfully
2023-04-22 20:00:00,032 INFO com.sis.ExcelReport.Controller.ReportController [scheduling-1] Report Type -->stocklist
2023-04-22 20:00:00,401 INFO com.sis.ExcelReport.Controller.ReportController [scheduling-1] DepartMent -->SAG
2023-04-22 20:00:07,062 INFO com.sis.ExcelReport.Service.EmailService [scheduling-1] E:\sc warrr11\ExcelReport\Stocklist.xlsx
2023-04-22 20:00:07,063 INFO com.sis.ExcelReport.Service.EmailService [scheduling-1] Mail sent Successfully
2023-04-22 20:00:07,063 INFO com.sis.ExcelReport.Controller.ReportController [scheduling-1] DepartMent -->all
2023-04-22 20:00:13,519 INFO com.sis.ExcelReport.Service.EmailService [scheduling-1] E:\sc warrr11\ExcelReport\Stocklist.xlsx
2023-04-22 20:00:13,519 INFO com.sis.ExcelReport.Service.EmailService [scheduling-1] Mail sent Successfully
2023-04-22 20:00:13,519 INFO com.sis.ExcelReport.Controller.ReportController [scheduling-1] DepartMent -->SHIPL
2023-04-22 20:00:19,662 INFO com.sis.ExcelReport.Service.EmailService [scheduling-1] E:\sc warrr11\ExcelReport\Stocklist.xlsx
2023-04-22 20:00:19,662 INFO com.sis.ExcelReport.Service.EmailService [scheduling-1] Mail sent Successfully
2023-04-22 20:00:19,662 INFO com.sis.ExcelReport.Controller.ReportController [scheduling-1] DepartMent -->OEM
2023-04-22 20:00:25,435 INFO com.sis.ExcelReport.Service.EmailService [scheduling-1] E:\sc warrr11\ExcelReport\Stocklist.xlsx
2023-04-22 20:00:25,435 INFO com.sis.ExcelReport.Service.EmailService [scheduling-1] Mail sent Successfully
2023-04-22 20:00:25,435 INFO com.sis.ExcelReport.Controller.ReportController [scheduling-1] DepartMent -->INJECTOR
2023-04-22 20:00:31,458 INFO com.sis.ExcelReport.Service.EmailService [scheduling-1] E:\sc warrr11\ExcelReport\Stocklist.xlsx
2023-04-22 20:00:31,458 INFO com.sis.ExcelReport.Service.EmailService [scheduling-1] Mail sent Successfully
2023-04-22 20:00:31,459 INFO com.sis.ExcelReport.Controller.ReportController [scheduling-1] DepartMent -->VENTILATOR
2023-04-22 20:00:37,083 INFO com.sis.ExcelReport.Service.EmailService [scheduling-1] E:\sc warrr11\ExcelReport\Stocklist.xlsx
2023-04-22 20:00:37,084 INFO com.sis.ExcelReport.Service.EmailService [scheduling-1] Mail sent Successfully
2023-04-22 20:00:37,084 INFO com.sis.ExcelReport.Controller.ReportController [scheduling-1] DepartMent -->CONSUMABLES
2023-04-22 20:00:42,688 INFO com.sis.ExcelReport.Service.EmailService [scheduling-1] E:\sc warrr11\ExcelReport\Stocklist.xlsx
2023-04-22 20:00:42,688 INFO com.sis.ExcelReport.Service.EmailService [scheduling-1] Mail sent Successfully
