2023-03-13 09:40:01,378 INFO com.sis.ExcelReport.Controller.ReportController [scheduling-1] Report Type -->prf/ob_pending
2023-03-13 09:40:03,867 INFO com.sis.ExcelReport.Controller.ReportController [scheduling-1] DepartMent -->SAG
2023-03-13 09:40:12,373 INFO com.sis.ExcelReport.Service.EmailService [scheduling-1] E:\sc warrr11\ExcelReport\PRFOB_'Pending'.xlsx
2023-03-13 09:40:12,374 INFO com.sis.ExcelReport.Service.EmailService [scheduling-1] Mail sent Successfully
2023-03-13 09:40:12,374 INFO com.sis.ExcelReport.Controller.ReportController [scheduling-1] DepartMent -->all
2023-03-13 09:40:18,579 INFO com.sis.ExcelReport.Service.EmailService [scheduling-1] E:\sc warrr11\ExcelReport\PRFOB_'Pending'.xlsx
2023-03-13 09:40:18,823 INFO com.sis.ExcelReport.Service.EmailService [scheduling-1] Mail sent Successfully
2023-03-13 09:40:18,824 INFO com.sis.ExcelReport.Controller.ReportController [scheduling-1] DepartMent -->OEM
2023-03-13 09:40:24,589 INFO com.sis.ExcelReport.Service.EmailService [scheduling-1] E:\sc warrr11\ExcelReport\PRFOB_'Pending'.xlsx
2023-03-13 09:40:24,589 INFO com.sis.ExcelReport.Service.EmailService [scheduling-1] Mail sent Successfully
2023-03-13 09:40:24,589 INFO com.sis.ExcelReport.Controller.ReportController [scheduling-1] DepartMent -->SHIPL
2023-03-13 09:40:30,001 INFO com.sis.ExcelReport.Service.EmailService [scheduling-1] E:\sc warrr11\ExcelReport\PRFOB_'Pending'.xlsx
2023-03-13 09:40:30,002 INFO com.sis.ExcelReport.Service.EmailService [scheduling-1] Mail sent Successfully
2023-03-13 09:40:30,002 INFO com.sis.ExcelReport.Controller.ReportController [scheduling-1] DepartMent -->INJECTOR
2023-03-13 09:40:35,337 INFO com.sis.ExcelReport.Service.EmailService [scheduling-1] E:\sc warrr11\ExcelReport\PRFOB_'Pending'.xlsx
2023-03-13 09:40:35,338 INFO com.sis.ExcelReport.Service.EmailService [scheduling-1] Mail sent Successfully
2023-03-13 09:40:35,338 INFO com.sis.ExcelReport.Controller.ReportController [scheduling-1] DepartMent -->VENTILATOR
2023-03-13 09:40:40,757 INFO com.sis.ExcelReport.Service.EmailService [scheduling-1] E:\sc warrr11\ExcelReport\PRFOB_'Pending'.xlsx
2023-03-13 09:40:40,757 INFO com.sis.ExcelReport.Service.EmailService [scheduling-1] Mail sent Successfully
2023-03-13 10:00:02,735 INFO com.sis.ExcelReport.Controller.ReportController [scheduling-1] Report Type -->under_repair
2023-03-13 10:30:02,713 INFO com.sis.ExcelReport.Controller.ReportController [scheduling-1] Report Type -->ob_pending
2023-03-13 11:00:02,720 INFO com.sis.ExcelReport.Controller.ReportController [scheduling-1] Report Type -->pendingfrn
2023-03-13 11:30:01,310 INFO com.sis.ExcelReport.Controller.ReportController [scheduling-1] Report Type -->dispatchlist
2023-03-13 11:30:01,424 INFO com.sis.ExcelReport.Controller.ReportController [scheduling-1] DepartMent -->SAG
2023-03-13 11:30:08,383 INFO com.sis.ExcelReport.Service.EmailService [scheduling-1] E:\sc warrr11\ExcelReport\Dispatchlist.xlsx
2023-03-13 11:30:08,384 INFO com.sis.ExcelReport.Service.EmailService [scheduling-1] Mail sent Successfully
2023-03-13 11:30:08,384 INFO com.sis.ExcelReport.Controller.ReportController [scheduling-1] DepartMent -->all
2023-03-13 11:30:14,754 INFO com.sis.ExcelReport.Service.EmailService [scheduling-1] E:\sc warrr11\ExcelReport\Dispatchlist.xlsx
2023-03-13 11:30:14,754 INFO com.sis.ExcelReport.Service.EmailService [scheduling-1] Mail sent Successfully
2023-03-13 11:30:14,754 INFO com.sis.ExcelReport.Controller.ReportController [scheduling-1] DepartMent -->SHIPL
2023-03-13 11:30:20,201 INFO com.sis.ExcelReport.Service.EmailService [scheduling-1] E:\sc warrr11\ExcelReport\Dispatchlist.xlsx
2023-03-13 11:30:20,201 INFO com.sis.ExcelReport.Service.EmailService [scheduling-1] Mail sent Successfully
2023-03-13 11:30:20,201 INFO com.sis.ExcelReport.Controller.ReportController [scheduling-1] DepartMent -->OEM
2023-03-13 11:30:25,713 INFO com.sis.ExcelReport.Service.EmailService [scheduling-1] E:\sc warrr11\ExcelReport\Dispatchlist.xlsx
2023-03-13 11:30:25,713 INFO com.sis.ExcelReport.Service.EmailService [scheduling-1] Mail sent Successfully
2023-03-13 11:30:25,713 INFO com.sis.ExcelReport.Controller.ReportController [scheduling-1] DepartMent -->INJECTOR
2023-03-13 11:30:31,077 INFO com.sis.ExcelReport.Service.EmailService [scheduling-1] E:\sc warrr11\ExcelReport\Dispatchlist.xlsx
2023-03-13 11:30:31,077 INFO com.sis.ExcelReport.Service.EmailService [scheduling-1] Mail sent Successfully
2023-03-13 11:30:31,078 INFO com.sis.ExcelReport.Controller.ReportController [scheduling-1] DepartMent -->VENTILATOR
2023-03-13 11:30:36,605 INFO com.sis.ExcelReport.Service.EmailService [scheduling-1] E:\sc warrr11\ExcelReport\Dispatchlist.xlsx
2023-03-13 11:30:36,605 INFO com.sis.ExcelReport.Service.EmailService [scheduling-1] Mail sent Successfully
2023-03-13 11:30:36,605 INFO com.sis.ExcelReport.Controller.ReportController [scheduling-1] DepartMent -->HEALTH AND FITNESS
2023-03-13 11:30:41,818 INFO com.sis.ExcelReport.Service.EmailService [scheduling-1] E:\sc warrr11\ExcelReport\Dispatchlist.xlsx
2023-03-13 11:30:41,818 INFO com.sis.ExcelReport.Service.EmailService [scheduling-1] Mail sent Successfully
2023-03-13 11:30:41,818 INFO com.sis.ExcelReport.Controller.ReportController [scheduling-1] DepartMent -->CONSUMABLES
2023-03-13 11:30:47,243 INFO com.sis.ExcelReport.Service.EmailService [scheduling-1] E:\sc warrr11\ExcelReport\Dispatchlist.xlsx
2023-03-13 11:30:47,243 INFO com.sis.ExcelReport.Service.EmailService [scheduling-1] Mail sent Successfully
2023-03-13 16:06:01,358 INFO com.sis.ExcelReport.Controller.ReportController [scheduling-1] Report Type -->dispatchlist
2023-03-13 16:06:03,591 INFO com.sis.ExcelReport.Controller.ReportController [scheduling-1] DepartMent -->SAG
2023-03-13 16:06:11,354 INFO com.sis.ExcelReport.Service.EmailService [scheduling-1] E:\sc warrr11\ExcelReport\Dispatchlist.xlsx
2023-03-13 16:06:11,354 INFO com.sis.ExcelReport.Service.EmailService [scheduling-1] Mail sent Successfully
2023-03-13 16:06:11,355 INFO com.sis.ExcelReport.Controller.ReportController [scheduling-1] DepartMent -->all
2023-03-13 16:06:18,331 INFO com.sis.ExcelReport.Service.EmailService [scheduling-1] E:\sc warrr11\ExcelReport\Dispatchlist.xlsx
2023-03-13 16:06:18,331 INFO com.sis.ExcelReport.Service.EmailService [scheduling-1] Mail sent Successfully
2023-03-13 16:06:18,331 INFO com.sis.ExcelReport.Controller.ReportController [scheduling-1] DepartMent -->SHIPL
2023-03-13 16:06:23,789 INFO com.sis.ExcelReport.Service.EmailService [scheduling-1] E:\sc warrr11\ExcelReport\Dispatchlist.xlsx
2023-03-13 16:06:23,789 INFO com.sis.ExcelReport.Service.EmailService [scheduling-1] Mail sent Successfully
2023-03-13 16:06:23,789 INFO com.sis.ExcelReport.Controller.ReportController [scheduling-1] DepartMent -->OEM
2023-03-13 16:06:29,223 INFO com.sis.ExcelReport.Service.EmailService [scheduling-1] E:\sc warrr11\ExcelReport\Dispatchlist.xlsx
2023-03-13 16:06:29,223 INFO com.sis.ExcelReport.Service.EmailService [scheduling-1] Mail sent Successfully
2023-03-13 16:06:29,224 INFO com.sis.ExcelReport.Controller.ReportController [scheduling-1] DepartMent -->INJECTOR
2023-03-13 16:06:34,777 INFO com.sis.ExcelReport.Service.EmailService [scheduling-1] E:\sc warrr11\ExcelReport\Dispatchlist.xlsx
2023-03-13 16:06:34,777 INFO com.sis.ExcelReport.Service.EmailService [scheduling-1] Mail sent Successfully
2023-03-13 16:06:34,777 INFO com.sis.ExcelReport.Controller.ReportController [scheduling-1] DepartMent -->VENTILATOR
2023-03-13 16:06:40,320 INFO com.sis.ExcelReport.Service.EmailService [scheduling-1] E:\sc warrr11\ExcelReport\Dispatchlist.xlsx
2023-03-13 16:06:40,320 INFO com.sis.ExcelReport.Service.EmailService [scheduling-1] Mail sent Successfully
2023-03-13 16:06:40,320 INFO com.sis.ExcelReport.Controller.ReportController [scheduling-1] DepartMent -->HEALTH AND FITNESS
2023-03-13 16:06:45,479 INFO com.sis.ExcelReport.Service.EmailService [scheduling-1] E:\sc warrr11\ExcelReport\Dispatchlist.xlsx
2023-03-13 16:06:45,480 INFO com.sis.ExcelReport.Service.EmailService [scheduling-1] Mail sent Successfully
2023-03-13 16:06:45,480 INFO com.sis.ExcelReport.Controller.ReportController [scheduling-1] DepartMent -->CONSUMABLES
2023-03-13 16:06:51,643 INFO com.sis.ExcelReport.Service.EmailService [scheduling-1] E:\sc warrr11\ExcelReport\Dispatchlist.xlsx
2023-03-13 16:06:51,644 INFO com.sis.ExcelReport.Service.EmailService [scheduling-1] Mail sent Successfully
2023-03-13 18:30:01,503 INFO com.sis.ExcelReport.Controller.ReportController [scheduling-1] Report Type -->prf/ob_completed
2023-03-13 18:30:04,673 INFO com.sis.ExcelReport.Controller.ReportController [scheduling-1] DepartMent -->all
2023-03-13 18:30:12,771 INFO com.sis.ExcelReport.Service.EmailService [scheduling-1] E:\sc warrr11\ExcelReport\PRFOB_'Completed'.xlsx
2023-03-13 18:30:12,772 INFO com.sis.ExcelReport.Service.EmailService [scheduling-1] Mail sent Successfully
2023-03-13 18:30:12,772 INFO com.sis.ExcelReport.Controller.ReportController [scheduling-1] DepartMent -->VENTILATOR
2023-03-13 18:30:18,094 INFO com.sis.ExcelReport.Service.EmailService [scheduling-1] E:\sc warrr11\ExcelReport\PRFOB_'Completed'.xlsx
2023-03-13 18:30:18,094 INFO com.sis.ExcelReport.Service.EmailService [scheduling-1] Mail sent Successfully
2023-03-13 19:42:43,374 INFO org.apache.juli.logging.DirectJDKLog [http-nio-90-exec-5] Error parsing HTTP request header
 Note: further occurrences of HTTP request parsing errors will be logged at DEBUG level.
java.lang.IllegalArgumentException: Invalid character found in the HTTP protocol [RTSP/1.00x0d0x0a0x0d...]
	at org.apache.coyote.http11.Http11InputBuffer.parseRequestLine(Http11InputBuffer.java:559)
	at org.apache.coyote.http11.Http11Processor.service(Http11Processor.java:261)
	at org.apache.coyote.AbstractProcessorLight.process(AbstractProcessorLight.java:65)
	at org.apache.coyote.AbstractProtocol$ConnectionHandler.process(AbstractProtocol.java:893)
	at org.apache.tomcat.util.net.NioEndpoint$SocketProcessor.doRun(NioEndpoint.java:1707)
	at org.apache.tomcat.util.net.SocketProcessorBase.run(SocketProcessorBase.java:49)
	at java.util.concurrent.ThreadPoolExecutor.runWorker(ThreadPoolExecutor.java:1149)
	at java.util.concurrent.ThreadPoolExecutor$Worker.run(ThreadPoolExecutor.java:624)
	at org.apache.tomcat.util.threads.TaskThread$WrappingRunnable.run(TaskThread.java:61)
	at java.lang.Thread.run(Thread.java:748)
2023-03-13 20:00:01,325 INFO com.sis.ExcelReport.Controller.ReportController [scheduling-1] Report Type -->stocklist
2023-03-13 20:00:02,153 INFO com.sis.ExcelReport.Controller.ReportController [scheduling-1] DepartMent -->SAG
2023-03-13 20:00:10,105 INFO com.sis.ExcelReport.Service.EmailService [scheduling-1] E:\sc warrr11\ExcelReport\Stocklist.xlsx
2023-03-13 20:00:10,105 INFO com.sis.ExcelReport.Service.EmailService [scheduling-1] Mail sent Successfully
2023-03-13 20:00:10,106 INFO com.sis.ExcelReport.Controller.ReportController [scheduling-1] DepartMent -->all
2023-03-13 20:00:16,953 INFO com.sis.ExcelReport.Service.EmailService [scheduling-1] E:\sc warrr11\ExcelReport\Stocklist.xlsx
2023-03-13 20:00:16,953 INFO com.sis.ExcelReport.Service.EmailService [scheduling-1] Mail sent Successfully
2023-03-13 20:00:16,953 INFO com.sis.ExcelReport.Controller.ReportController [scheduling-1] DepartMent -->SHIPL
2023-03-13 20:00:22,506 INFO com.sis.ExcelReport.Service.EmailService [scheduling-1] E:\sc warrr11\ExcelReport\Stocklist.xlsx
2023-03-13 20:00:22,507 INFO com.sis.ExcelReport.Service.EmailService [scheduling-1] Mail sent Successfully
2023-03-13 20:00:22,507 INFO com.sis.ExcelReport.Controller.ReportController [scheduling-1] DepartMent -->OEM
2023-03-13 20:00:27,957 INFO com.sis.ExcelReport.Service.EmailService [scheduling-1] E:\sc warrr11\ExcelReport\Stocklist.xlsx
2023-03-13 20:00:27,957 INFO com.sis.ExcelReport.Service.EmailService [scheduling-1] Mail sent Successfully
2023-03-13 20:00:27,957 INFO com.sis.ExcelReport.Controller.ReportController [scheduling-1] DepartMent -->INJECTOR
2023-03-13 20:00:33,458 INFO com.sis.ExcelReport.Service.EmailService [scheduling-1] E:\sc warrr11\ExcelReport\Stocklist.xlsx
2023-03-13 20:00:33,458 INFO com.sis.ExcelReport.Service.EmailService [scheduling-1] Mail sent Successfully
2023-03-13 20:00:33,458 INFO com.sis.ExcelReport.Controller.ReportController [scheduling-1] DepartMent -->VENTILATOR
2023-03-13 20:00:39,054 INFO com.sis.ExcelReport.Service.EmailService [scheduling-1] E:\sc warrr11\ExcelReport\Stocklist.xlsx
2023-03-13 20:00:39,054 INFO com.sis.ExcelReport.Service.EmailService [scheduling-1] Mail sent Successfully
2023-03-13 20:00:39,054 INFO com.sis.ExcelReport.Controller.ReportController [scheduling-1] DepartMent -->CONSUMABLES
2023-03-13 20:00:44,454 INFO com.sis.ExcelReport.Service.EmailService [scheduling-1] E:\sc warrr11\ExcelReport\Stocklist.xlsx
2023-03-13 20:00:44,454 INFO com.sis.ExcelReport.Service.EmailService [scheduling-1] Mail sent Successfully
