2023-03-26 09:40:00,620 INFO com.sis.ExcelReport.Controller.ReportController [scheduling-1] Report Type -->prf/ob_pending
2023-03-26 09:40:12,981 INFO com.sis.ExcelReport.Controller.ReportController [scheduling-1] DepartMent -->SAG
2023-03-26 09:40:29,022 INFO com.sis.ExcelReport.Service.EmailService [scheduling-1] E:\sc warrr11\ExcelReport\PRFOB_'Pending'.xlsx
2023-03-26 09:40:29,022 INFO com.sis.ExcelReport.Service.EmailService [scheduling-1] Mail sent Successfully
2023-03-26 09:40:29,022 INFO com.sis.ExcelReport.Controller.ReportController [scheduling-1] DepartMent -->all
2023-03-26 09:40:36,037 INFO com.sis.ExcelReport.Service.EmailService [scheduling-1] E:\sc warrr11\ExcelReport\PRFOB_'Pending'.xlsx
2023-03-26 09:40:36,038 INFO com.sis.ExcelReport.Service.EmailService [scheduling-1] Mail sent Successfully
2023-03-26 09:40:36,038 INFO com.sis.ExcelReport.Controller.ReportController [scheduling-1] DepartMent -->OEM
2023-03-26 09:40:41,446 INFO com.sis.ExcelReport.Service.EmailService [scheduling-1] E:\sc warrr11\ExcelReport\PRFOB_'Pending'.xlsx
2023-03-26 09:40:41,447 INFO com.sis.ExcelReport.Service.EmailService [scheduling-1] Mail sent Successfully
2023-03-26 09:40:41,447 INFO com.sis.ExcelReport.Controller.ReportController [scheduling-1] DepartMent -->SHIPL
2023-03-26 09:40:46,920 INFO com.sis.ExcelReport.Service.EmailService [scheduling-1] E:\sc warrr11\ExcelReport\PRFOB_'Pending'.xlsx
2023-03-26 09:40:46,920 INFO com.sis.ExcelReport.Service.EmailService [scheduling-1] Mail sent Successfully
2023-03-26 09:40:46,920 INFO com.sis.ExcelReport.Controller.ReportController [scheduling-1] DepartMent -->INJECTOR
2023-03-26 09:40:52,083 INFO com.sis.ExcelReport.Service.EmailService [scheduling-1] E:\sc warrr11\ExcelReport\PRFOB_'Pending'.xlsx
2023-03-26 09:40:52,084 INFO com.sis.ExcelReport.Service.EmailService [scheduling-1] Mail sent Successfully
2023-03-26 09:40:52,084 INFO com.sis.ExcelReport.Controller.ReportController [scheduling-1] DepartMent -->VENTILATOR
2023-03-26 09:40:57,422 INFO com.sis.ExcelReport.Service.EmailService [scheduling-1] E:\sc warrr11\ExcelReport\PRFOB_'Pending'.xlsx
2023-03-26 09:40:57,423 INFO com.sis.ExcelReport.Service.EmailService [scheduling-1] Mail sent Successfully
2023-03-26 11:30:00,042 INFO com.sis.ExcelReport.Controller.ReportController [scheduling-1] Report Type -->dispatchlist
2023-03-26 11:30:01,495 INFO com.sis.ExcelReport.Controller.ReportController [scheduling-1] DepartMent -->SAG
2023-03-26 11:30:07,551 INFO com.sis.ExcelReport.Service.EmailService [scheduling-1] E:\sc warrr11\ExcelReport\Dispatchlist.xlsx
2023-03-26 11:30:07,551 INFO com.sis.ExcelReport.Service.EmailService [scheduling-1] Mail sent Successfully
2023-03-26 11:30:07,551 INFO com.sis.ExcelReport.Controller.ReportController [scheduling-1] DepartMent -->all
2023-03-26 11:30:14,891 INFO com.sis.ExcelReport.Service.EmailService [scheduling-1] E:\sc warrr11\ExcelReport\Dispatchlist.xlsx
2023-03-26 11:30:14,891 INFO com.sis.ExcelReport.Service.EmailService [scheduling-1] Mail sent Successfully
2023-03-26 11:30:14,891 INFO com.sis.ExcelReport.Controller.ReportController [scheduling-1] DepartMent -->SHIPL
2023-03-26 11:30:20,515 INFO com.sis.ExcelReport.Service.EmailService [scheduling-1] E:\sc warrr11\ExcelReport\Dispatchlist.xlsx
2023-03-26 11:30:20,515 INFO com.sis.ExcelReport.Service.EmailService [scheduling-1] Mail sent Successfully
2023-03-26 11:30:20,515 INFO com.sis.ExcelReport.Controller.ReportController [scheduling-1] DepartMent -->OEM
2023-03-26 11:30:25,840 INFO com.sis.ExcelReport.Service.EmailService [scheduling-1] E:\sc warrr11\ExcelReport\Dispatchlist.xlsx
2023-03-26 11:30:25,840 INFO com.sis.ExcelReport.Service.EmailService [scheduling-1] Mail sent Successfully
2023-03-26 11:30:25,840 INFO com.sis.ExcelReport.Controller.ReportController [scheduling-1] DepartMent -->INJECTOR
2023-03-26 11:30:31,060 INFO com.sis.ExcelReport.Service.EmailService [scheduling-1] E:\sc warrr11\ExcelReport\Dispatchlist.xlsx
2023-03-26 11:30:31,060 INFO com.sis.ExcelReport.Service.EmailService [scheduling-1] Mail sent Successfully
2023-03-26 11:30:31,060 INFO com.sis.ExcelReport.Controller.ReportController [scheduling-1] DepartMent -->VENTILATOR
2023-03-26 11:30:36,528 INFO com.sis.ExcelReport.Service.EmailService [scheduling-1] E:\sc warrr11\ExcelReport\Dispatchlist.xlsx
2023-03-26 11:30:36,528 INFO com.sis.ExcelReport.Service.EmailService [scheduling-1] Mail sent Successfully
2023-03-26 11:30:36,528 INFO com.sis.ExcelReport.Controller.ReportController [scheduling-1] DepartMent -->HEALTH AND FITNESS
2023-03-26 11:30:41,744 INFO com.sis.ExcelReport.Service.EmailService [scheduling-1] E:\sc warrr11\ExcelReport\Dispatchlist.xlsx
2023-03-26 11:30:41,744 INFO com.sis.ExcelReport.Service.EmailService [scheduling-1] Mail sent Successfully
2023-03-26 11:30:41,744 INFO com.sis.ExcelReport.Controller.ReportController [scheduling-1] DepartMent -->CONSUMABLES
2023-03-26 11:30:47,130 INFO com.sis.ExcelReport.Service.EmailService [scheduling-1] E:\sc warrr11\ExcelReport\Dispatchlist.xlsx
2023-03-26 11:30:47,130 INFO com.sis.ExcelReport.Service.EmailService [scheduling-1] Mail sent Successfully
2023-03-26 12:00:39,469 INFO org.apache.juli.logging.DirectJDKLog [http-nio-90-exec-8] Error parsing HTTP request header
 Note: further occurrences of HTTP request parsing errors will be logged at DEBUG level.
java.lang.IllegalArgumentException: Invalid character found in method name [0x160x030x010x010x090x010x000x010x050x030x03V0xc7h0xad>e0xe60x990x880x050xdf0x820xf80xf6}-0xd30xef0x0a,0xabQ0x8360xa2;k0x9d60xfe|0xdb]. HTTP method names must be tokens
	at org.apache.coyote.http11.Http11InputBuffer.parseRequestLine(Http11InputBuffer.java:417)
	at org.apache.coyote.http11.Http11Processor.service(Http11Processor.java:261)
	at org.apache.coyote.AbstractProcessorLight.process(AbstractProcessorLight.java:65)
	at org.apache.coyote.AbstractProtocol$ConnectionHandler.process(AbstractProtocol.java:893)
	at org.apache.tomcat.util.net.NioEndpoint$SocketProcessor.doRun(NioEndpoint.java:1707)
	at org.apache.tomcat.util.net.SocketProcessorBase.run(SocketProcessorBase.java:49)
	at java.util.concurrent.ThreadPoolExecutor.runWorker(ThreadPoolExecutor.java:1149)
	at java.util.concurrent.ThreadPoolExecutor$Worker.run(ThreadPoolExecutor.java:624)
	at org.apache.tomcat.util.threads.TaskThread$WrappingRunnable.run(TaskThread.java:61)
	at java.lang.Thread.run(Thread.java:748)
2023-03-26 16:06:00,137 INFO com.sis.ExcelReport.Controller.ReportController [scheduling-1] Report Type -->dispatchlist
2023-03-26 16:06:08,836 INFO com.sis.ExcelReport.Controller.ReportController [scheduling-1] DepartMent -->SAG
2023-03-26 16:06:17,728 INFO com.sis.ExcelReport.Service.EmailService [scheduling-1] E:\sc warrr11\ExcelReport\Dispatchlist.xlsx
2023-03-26 16:06:17,728 INFO com.sis.ExcelReport.Service.EmailService [scheduling-1] Mail sent Successfully
2023-03-26 16:06:17,729 INFO com.sis.ExcelReport.Controller.ReportController [scheduling-1] DepartMent -->all
2023-03-26 16:06:28,533 INFO com.sis.ExcelReport.Service.EmailService [scheduling-1] E:\sc warrr11\ExcelReport\Dispatchlist.xlsx
2023-03-26 16:06:28,534 INFO com.sis.ExcelReport.Service.EmailService [scheduling-1] Mail sent Successfully
2023-03-26 16:06:28,534 INFO com.sis.ExcelReport.Controller.ReportController [scheduling-1] DepartMent -->SHIPL
2023-03-26 16:06:35,122 INFO com.sis.ExcelReport.Service.EmailService [scheduling-1] E:\sc warrr11\ExcelReport\Dispatchlist.xlsx
2023-03-26 16:06:35,122 INFO com.sis.ExcelReport.Service.EmailService [scheduling-1] Mail sent Successfully
2023-03-26 16:06:35,122 INFO com.sis.ExcelReport.Controller.ReportController [scheduling-1] DepartMent -->OEM
2023-03-26 16:06:40,364 INFO com.sis.ExcelReport.Service.EmailService [scheduling-1] E:\sc warrr11\ExcelReport\Dispatchlist.xlsx
2023-03-26 16:06:40,364 INFO com.sis.ExcelReport.Service.EmailService [scheduling-1] Mail sent Successfully
2023-03-26 16:06:40,364 INFO com.sis.ExcelReport.Controller.ReportController [scheduling-1] DepartMent -->INJECTOR
2023-03-26 16:06:45,535 INFO com.sis.ExcelReport.Service.EmailService [scheduling-1] E:\sc warrr11\ExcelReport\Dispatchlist.xlsx
2023-03-26 16:06:45,536 INFO com.sis.ExcelReport.Service.EmailService [scheduling-1] Mail sent Successfully
2023-03-26 16:06:45,536 INFO com.sis.ExcelReport.Controller.ReportController [scheduling-1] DepartMent -->VENTILATOR
2023-03-26 16:06:51,071 INFO com.sis.ExcelReport.Service.EmailService [scheduling-1] E:\sc warrr11\ExcelReport\Dispatchlist.xlsx
2023-03-26 16:06:51,072 INFO com.sis.ExcelReport.Service.EmailService [scheduling-1] Mail sent Successfully
2023-03-26 16:06:51,072 INFO com.sis.ExcelReport.Controller.ReportController [scheduling-1] DepartMent -->HEALTH AND FITNESS
2023-03-26 16:06:56,189 INFO com.sis.ExcelReport.Service.EmailService [scheduling-1] E:\sc warrr11\ExcelReport\Dispatchlist.xlsx
2023-03-26 16:06:56,190 INFO com.sis.ExcelReport.Service.EmailService [scheduling-1] Mail sent Successfully
2023-03-26 16:06:56,190 INFO com.sis.ExcelReport.Controller.ReportController [scheduling-1] DepartMent -->CONSUMABLES
2023-03-26 16:07:01,957 INFO com.sis.ExcelReport.Service.EmailService [scheduling-1] E:\sc warrr11\ExcelReport\Dispatchlist.xlsx
2023-03-26 16:07:01,957 INFO com.sis.ExcelReport.Service.EmailService [scheduling-1] Mail sent Successfully
2023-03-26 18:30:00,572 INFO com.sis.ExcelReport.Controller.ReportController [scheduling-1] Report Type -->prf/ob_completed
2023-03-26 18:30:06,135 INFO com.sis.ExcelReport.Controller.ReportController [scheduling-1] DepartMent -->all
2023-03-26 18:30:13,924 INFO com.sis.ExcelReport.Service.EmailService [scheduling-1] E:\sc warrr11\ExcelReport\PRFOB_'Completed'.xlsx
2023-03-26 18:30:13,924 INFO com.sis.ExcelReport.Service.EmailService [scheduling-1] Mail sent Successfully
2023-03-26 18:30:13,924 INFO com.sis.ExcelReport.Controller.ReportController [scheduling-1] DepartMent -->VENTILATOR
2023-03-26 18:30:19,211 INFO com.sis.ExcelReport.Service.EmailService [scheduling-1] E:\sc warrr11\ExcelReport\PRFOB_'Completed'.xlsx
2023-03-26 18:30:19,211 INFO com.sis.ExcelReport.Service.EmailService [scheduling-1] Mail sent Successfully
2023-03-26 18:30:19,211 INFO com.sis.ExcelReport.Controller.ReportController [scheduling-1] DepartMent -->SAG
2023-03-26 18:30:25,156 INFO com.sis.ExcelReport.Service.EmailService [scheduling-1] E:\sc warrr11\ExcelReport\PRFOB_'Completed'.xlsx
2023-03-26 18:30:25,156 INFO com.sis.ExcelReport.Service.EmailService [scheduling-1] Mail sent Successfully
2023-03-26 18:30:25,156 INFO com.sis.ExcelReport.Controller.ReportController [scheduling-1] DepartMent -->OEM
2023-03-26 18:30:30,738 INFO com.sis.ExcelReport.Service.EmailService [scheduling-1] E:\sc warrr11\ExcelReport\PRFOB_'Completed'.xlsx
2023-03-26 18:30:30,738 INFO com.sis.ExcelReport.Service.EmailService [scheduling-1] Mail sent Successfully
2023-03-26 20:00:00,026 INFO com.sis.ExcelReport.Controller.ReportController [scheduling-1] Report Type -->stocklist
2023-03-26 20:00:01,087 INFO com.sis.ExcelReport.Controller.ReportController [scheduling-1] DepartMent -->SAG
2023-03-26 20:00:07,312 INFO com.sis.ExcelReport.Service.EmailService [scheduling-1] E:\sc warrr11\ExcelReport\Stocklist.xlsx
2023-03-26 20:00:07,313 INFO com.sis.ExcelReport.Service.EmailService [scheduling-1] Mail sent Successfully
2023-03-26 20:00:07,313 INFO com.sis.ExcelReport.Controller.ReportController [scheduling-1] DepartMent -->all
2023-03-26 20:00:13,742 INFO com.sis.ExcelReport.Service.EmailService [scheduling-1] E:\sc warrr11\ExcelReport\Stocklist.xlsx
2023-03-26 20:00:13,742 INFO com.sis.ExcelReport.Service.EmailService [scheduling-1] Mail sent Successfully
2023-03-26 20:00:13,742 INFO com.sis.ExcelReport.Controller.ReportController [scheduling-1] DepartMent -->SHIPL
2023-03-26 20:00:19,170 INFO com.sis.ExcelReport.Service.EmailService [scheduling-1] E:\sc warrr11\ExcelReport\Stocklist.xlsx
2023-03-26 20:00:19,170 INFO com.sis.ExcelReport.Service.EmailService [scheduling-1] Mail sent Successfully
2023-03-26 20:00:19,171 INFO com.sis.ExcelReport.Controller.ReportController [scheduling-1] DepartMent -->OEM
2023-03-26 20:00:24,742 INFO com.sis.ExcelReport.Service.EmailService [scheduling-1] E:\sc warrr11\ExcelReport\Stocklist.xlsx
2023-03-26 20:00:24,743 INFO com.sis.ExcelReport.Service.EmailService [scheduling-1] Mail sent Successfully
2023-03-26 20:00:24,743 INFO com.sis.ExcelReport.Controller.ReportController [scheduling-1] DepartMent -->INJECTOR
2023-03-26 20:00:29,865 INFO com.sis.ExcelReport.Service.EmailService [scheduling-1] E:\sc warrr11\ExcelReport\Stocklist.xlsx
2023-03-26 20:00:29,865 INFO com.sis.ExcelReport.Service.EmailService [scheduling-1] Mail sent Successfully
2023-03-26 20:00:29,865 INFO com.sis.ExcelReport.Controller.ReportController [scheduling-1] DepartMent -->VENTILATOR
2023-03-26 20:00:35,230 INFO com.sis.ExcelReport.Service.EmailService [scheduling-1] E:\sc warrr11\ExcelReport\Stocklist.xlsx
2023-03-26 20:00:35,230 INFO com.sis.ExcelReport.Service.EmailService [scheduling-1] Mail sent Successfully
2023-03-26 20:00:35,230 INFO com.sis.ExcelReport.Controller.ReportController [scheduling-1] DepartMent -->CONSUMABLES
2023-03-26 20:00:40,398 INFO com.sis.ExcelReport.Service.EmailService [scheduling-1] E:\sc warrr11\ExcelReport\Stocklist.xlsx
2023-03-26 20:00:40,399 INFO com.sis.ExcelReport.Service.EmailService [scheduling-1] Mail sent Successfully
