2023-01-30 05:49:19,598 INFO org.apache.juli.logging.DirectJDKLog [http-nio-90-exec-1] Initializing Spring DispatcherServlet 'dispatcherServlet'
2023-01-30 05:49:19,723 INFO org.springframework.web.servlet.FrameworkServlet [http-nio-90-exec-1] Initializing Servlet 'dispatcherServlet'
2023-01-30 05:49:20,643 INFO org.springframework.web.servlet.FrameworkServlet [http-nio-90-exec-1] Completed initialization in 905 ms
2023-01-30 09:40:00,122 INFO com.sis.ExcelReport.Controller.ReportController [scheduling-1] Report Type -->prf/ob_pending
2023-01-30 09:40:01,286 INFO com.sis.ExcelReport.Controller.ReportController [scheduling-1] DepartMent -->SAG
2023-01-30 09:40:09,115 INFO com.sis.ExcelReport.Service.EmailService [scheduling-1] E:\sc warrr11\ExcelReport\PRFOB_'Pending'.xlsx
2023-01-30 09:40:09,116 INFO com.sis.ExcelReport.Service.EmailService [scheduling-1] Mail sent Successfully
2023-01-30 09:40:09,116 INFO com.sis.ExcelReport.Controller.ReportController [scheduling-1] DepartMent -->all
2023-01-30 09:40:15,931 INFO com.sis.ExcelReport.Service.EmailService [scheduling-1] E:\sc warrr11\ExcelReport\PRFOB_'Pending'.xlsx
2023-01-30 09:40:15,931 INFO com.sis.ExcelReport.Service.EmailService [scheduling-1] Mail sent Successfully
2023-01-30 09:40:15,931 INFO com.sis.ExcelReport.Controller.ReportController [scheduling-1] DepartMent -->OEM
2023-01-30 09:40:21,943 INFO com.sis.ExcelReport.Service.EmailService [scheduling-1] E:\sc warrr11\ExcelReport\PRFOB_'Pending'.xlsx
2023-01-30 09:40:21,943 INFO com.sis.ExcelReport.Service.EmailService [scheduling-1] Mail sent Successfully
2023-01-30 09:40:21,944 INFO com.sis.ExcelReport.Controller.ReportController [scheduling-1] DepartMent -->SHIPL
2023-01-30 09:40:27,720 INFO com.sis.ExcelReport.Service.EmailService [scheduling-1] E:\sc warrr11\ExcelReport\PRFOB_'Pending'.xlsx
2023-01-30 09:40:27,720 INFO com.sis.ExcelReport.Service.EmailService [scheduling-1] Mail sent Successfully
2023-01-30 09:40:27,720 INFO com.sis.ExcelReport.Controller.ReportController [scheduling-1] DepartMent -->INJECTOR
2023-01-30 09:40:33,367 INFO com.sis.ExcelReport.Service.EmailService [scheduling-1] E:\sc warrr11\ExcelReport\PRFOB_'Pending'.xlsx
2023-01-30 09:40:33,367 INFO com.sis.ExcelReport.Service.EmailService [scheduling-1] Mail sent Successfully
2023-01-30 09:40:33,368 INFO com.sis.ExcelReport.Controller.ReportController [scheduling-1] DepartMent -->VENTILATOR
2023-01-30 09:40:39,231 INFO com.sis.ExcelReport.Service.EmailService [scheduling-1] E:\sc warrr11\ExcelReport\PRFOB_'Pending'.xlsx
2023-01-30 09:40:39,231 INFO com.sis.ExcelReport.Service.EmailService [scheduling-1] Mail sent Successfully
2023-01-30 10:00:00,005 INFO com.sis.ExcelReport.Controller.ReportController [scheduling-1] Report Type -->under_repair
2023-01-30 10:00:00,234 INFO com.sis.ExcelReport.Controller.ReportController [scheduling-1] DepartMent -->OEM
2023-01-30 10:00:07,118 INFO com.sis.ExcelReport.Service.EmailService [scheduling-1] E:\sc warrr11\ExcelReport\Under_Repair.xlsx
2023-01-30 10:00:07,118 INFO com.sis.ExcelReport.Service.EmailService [scheduling-1] Mail sent Successfully
2023-01-30 10:00:07,118 INFO com.sis.ExcelReport.Controller.ReportController [scheduling-1] DepartMent -->all
2023-01-30 10:00:18,220 INFO com.sis.ExcelReport.Service.EmailService [scheduling-1] E:\sc warrr11\ExcelReport\Under_Repair.xlsx
2023-01-30 10:00:18,220 INFO com.sis.ExcelReport.Service.EmailService [scheduling-1] Mail sent Successfully
2023-01-30 10:30:00,015 INFO com.sis.ExcelReport.Controller.ReportController [scheduling-1] Report Type -->ob_pending
2023-01-30 10:30:00,104 INFO com.sis.ExcelReport.Controller.ReportController [scheduling-1] DepartMent -->OEM
2023-01-30 10:30:06,322 INFO com.sis.ExcelReport.Service.EmailService [scheduling-1] E:\sc warrr11\ExcelReport\Ob_Pending'30-01-2023'.xlsx
2023-01-30 10:30:06,323 INFO com.sis.ExcelReport.Service.EmailService [scheduling-1] Mail sent Successfully
2023-01-30 10:30:06,323 INFO com.sis.ExcelReport.Controller.ReportController [scheduling-1] DepartMent -->all
2023-01-30 10:30:12,903 INFO com.sis.ExcelReport.Service.EmailService [scheduling-1] E:\sc warrr11\ExcelReport\Ob_Pending'30-01-2023'.xlsx
2023-01-30 10:30:12,904 INFO com.sis.ExcelReport.Service.EmailService [scheduling-1] Mail sent Successfully
2023-01-30 11:00:00,004 INFO com.sis.ExcelReport.Controller.ReportController [scheduling-1] Report Type -->pendingfrn
2023-01-30 11:00:00,125 INFO com.sis.ExcelReport.Controller.ReportController [scheduling-1] DepartMent -->OEM
2023-01-30 11:00:06,629 INFO com.sis.ExcelReport.Service.EmailService [scheduling-1] E:\sc warrr11\ExcelReport\PendingFRN.xlsx
2023-01-30 11:00:06,629 INFO com.sis.ExcelReport.Service.EmailService [scheduling-1] Mail sent Successfully
2023-01-30 11:00:06,629 INFO com.sis.ExcelReport.Controller.ReportController [scheduling-1] DepartMent -->all
2023-01-30 11:00:13,266 INFO com.sis.ExcelReport.Service.EmailService [scheduling-1] E:\sc warrr11\ExcelReport\PendingFRN.xlsx
2023-01-30 11:00:13,267 INFO com.sis.ExcelReport.Service.EmailService [scheduling-1] Mail sent Successfully
2023-01-30 11:30:00,518 INFO com.sis.ExcelReport.Controller.ReportController [scheduling-1] Report Type -->dispatchlist
2023-01-30 11:30:04,405 INFO com.sis.ExcelReport.Controller.ReportController [scheduling-1] DepartMent -->SAG
2023-01-30 11:30:14,669 INFO com.sis.ExcelReport.Service.EmailService [scheduling-1] E:\sc warrr11\ExcelReport\Dispatchlist.xlsx
2023-01-30 11:30:14,669 INFO com.sis.ExcelReport.Service.EmailService [scheduling-1] Mail sent Successfully
2023-01-30 11:30:14,669 INFO com.sis.ExcelReport.Controller.ReportController [scheduling-1] DepartMent -->all
2023-01-30 11:30:21,422 INFO com.sis.ExcelReport.Service.EmailService [scheduling-1] E:\sc warrr11\ExcelReport\Dispatchlist.xlsx
2023-01-30 11:30:21,422 INFO com.sis.ExcelReport.Service.EmailService [scheduling-1] Mail sent Successfully
2023-01-30 11:30:21,422 INFO com.sis.ExcelReport.Controller.ReportController [scheduling-1] DepartMent -->OEM
2023-01-30 11:30:28,491 INFO com.sis.ExcelReport.Service.EmailService [scheduling-1] E:\sc warrr11\ExcelReport\Dispatchlist.xlsx
2023-01-30 11:30:28,492 INFO com.sis.ExcelReport.Service.EmailService [scheduling-1] Mail sent Successfully
2023-01-30 11:30:28,492 INFO com.sis.ExcelReport.Controller.ReportController [scheduling-1] DepartMent -->SHIPL
2023-01-30 11:30:33,809 INFO com.sis.ExcelReport.Service.EmailService [scheduling-1] E:\sc warrr11\ExcelReport\Dispatchlist.xlsx
2023-01-30 11:30:33,809 INFO com.sis.ExcelReport.Service.EmailService [scheduling-1] Mail sent Successfully
2023-01-30 11:30:33,810 INFO com.sis.ExcelReport.Controller.ReportController [scheduling-1] DepartMent -->INJECTOR
2023-01-30 11:30:41,385 INFO com.sis.ExcelReport.Service.EmailService [scheduling-1] E:\sc warrr11\ExcelReport\Dispatchlist.xlsx
2023-01-30 11:30:41,385 INFO com.sis.ExcelReport.Service.EmailService [scheduling-1] Mail sent Successfully
2023-01-30 11:30:41,385 INFO com.sis.ExcelReport.Controller.ReportController [scheduling-1] DepartMent -->VENTILATOR
2023-01-30 11:30:47,403 INFO com.sis.ExcelReport.Service.EmailService [scheduling-1] E:\sc warrr11\ExcelReport\Dispatchlist.xlsx
2023-01-30 11:30:47,403 INFO com.sis.ExcelReport.Service.EmailService [scheduling-1] Mail sent Successfully
2023-01-30 11:30:47,403 INFO com.sis.ExcelReport.Controller.ReportController [scheduling-1] DepartMent -->HEALTH AND FITNESS
2023-01-30 11:30:53,879 INFO com.sis.ExcelReport.Service.EmailService [scheduling-1] E:\sc warrr11\ExcelReport\Dispatchlist.xlsx
2023-01-30 11:30:53,879 INFO com.sis.ExcelReport.Service.EmailService [scheduling-1] Mail sent Successfully
2023-01-30 11:30:53,879 INFO com.sis.ExcelReport.Controller.ReportController [scheduling-1] DepartMent -->CONSUMABLES
2023-01-30 11:31:00,322 INFO com.sis.ExcelReport.Service.EmailService [scheduling-1] E:\sc warrr11\ExcelReport\Dispatchlist.xlsx
2023-01-30 11:31:00,322 INFO com.sis.ExcelReport.Service.EmailService [scheduling-1] Mail sent Successfully
2023-01-30 16:06:00,539 INFO com.sis.ExcelReport.Controller.ReportController [scheduling-1] Report Type -->dispatchlist
2023-01-30 16:06:03,298 INFO com.sis.ExcelReport.Controller.ReportController [scheduling-1] DepartMent -->SAG
2023-01-30 16:06:10,398 INFO com.sis.ExcelReport.Service.EmailService [scheduling-1] E:\sc warrr11\ExcelReport\Dispatchlist.xlsx
2023-01-30 16:06:10,398 INFO com.sis.ExcelReport.Service.EmailService [scheduling-1] Mail sent Successfully
2023-01-30 16:06:10,414 INFO com.sis.ExcelReport.Controller.ReportController [scheduling-1] DepartMent -->all
2023-01-30 16:06:17,032 INFO com.sis.ExcelReport.Service.EmailService [scheduling-1] E:\sc warrr11\ExcelReport\Dispatchlist.xlsx
2023-01-30 16:06:17,033 INFO com.sis.ExcelReport.Service.EmailService [scheduling-1] Mail sent Successfully
2023-01-30 16:06:17,033 INFO com.sis.ExcelReport.Controller.ReportController [scheduling-1] DepartMent -->OEM
2023-01-30 16:06:22,775 INFO com.sis.ExcelReport.Service.EmailService [scheduling-1] E:\sc warrr11\ExcelReport\Dispatchlist.xlsx
2023-01-30 16:06:22,775 INFO com.sis.ExcelReport.Service.EmailService [scheduling-1] Mail sent Successfully
2023-01-30 16:06:22,776 INFO com.sis.ExcelReport.Controller.ReportController [scheduling-1] DepartMent -->SHIPL
2023-01-30 16:06:28,398 INFO com.sis.ExcelReport.Service.EmailService [scheduling-1] E:\sc warrr11\ExcelReport\Dispatchlist.xlsx
2023-01-30 16:06:28,398 INFO com.sis.ExcelReport.Service.EmailService [scheduling-1] Mail sent Successfully
2023-01-30 16:06:28,398 INFO com.sis.ExcelReport.Controller.ReportController [scheduling-1] DepartMent -->INJECTOR
2023-01-30 16:06:34,007 INFO com.sis.ExcelReport.Service.EmailService [scheduling-1] E:\sc warrr11\ExcelReport\Dispatchlist.xlsx
2023-01-30 16:06:34,008 INFO com.sis.ExcelReport.Service.EmailService [scheduling-1] Mail sent Successfully
2023-01-30 16:06:34,008 INFO com.sis.ExcelReport.Controller.ReportController [scheduling-1] DepartMent -->VENTILATOR
2023-01-30 16:06:39,710 INFO com.sis.ExcelReport.Service.EmailService [scheduling-1] E:\sc warrr11\ExcelReport\Dispatchlist.xlsx
2023-01-30 16:06:39,711 INFO com.sis.ExcelReport.Service.EmailService [scheduling-1] Mail sent Successfully
2023-01-30 16:06:39,711 INFO com.sis.ExcelReport.Controller.ReportController [scheduling-1] DepartMent -->HEALTH AND FITNESS
2023-01-30 16:06:45,171 INFO com.sis.ExcelReport.Service.EmailService [scheduling-1] E:\sc warrr11\ExcelReport\Dispatchlist.xlsx
2023-01-30 16:06:45,171 INFO com.sis.ExcelReport.Service.EmailService [scheduling-1] Mail sent Successfully
2023-01-30 16:06:45,171 INFO com.sis.ExcelReport.Controller.ReportController [scheduling-1] DepartMent -->CONSUMABLES
2023-01-30 16:06:51,188 INFO com.sis.ExcelReport.Service.EmailService [scheduling-1] E:\sc warrr11\ExcelReport\Dispatchlist.xlsx
2023-01-30 16:06:51,188 INFO com.sis.ExcelReport.Service.EmailService [scheduling-1] Mail sent Successfully
2023-01-30 18:30:00,036 INFO com.sis.ExcelReport.Controller.ReportController [scheduling-1] Report Type -->prf/ob_completed
2023-01-30 18:30:01,325 INFO com.sis.ExcelReport.Controller.ReportController [scheduling-1] DepartMent -->all
2023-01-30 18:30:07,289 INFO com.sis.ExcelReport.Service.EmailService [scheduling-1] E:\sc warrr11\ExcelReport\PRFOB_'Completed'.xlsx
2023-01-30 18:30:07,289 INFO com.sis.ExcelReport.Service.EmailService [scheduling-1] Mail sent Successfully
2023-01-30 18:30:07,289 INFO com.sis.ExcelReport.Controller.ReportController [scheduling-1] DepartMent -->OEM
2023-01-30 18:30:13,140 INFO com.sis.ExcelReport.Service.EmailService [scheduling-1] E:\sc warrr11\ExcelReport\PRFOB_'Completed'.xlsx
2023-01-30 18:30:13,140 INFO com.sis.ExcelReport.Service.EmailService [scheduling-1] Mail sent Successfully
2023-01-30 18:30:13,140 INFO com.sis.ExcelReport.Controller.ReportController [scheduling-1] DepartMent -->VENTILATOR
2023-01-30 18:30:18,827 INFO com.sis.ExcelReport.Service.EmailService [scheduling-1] E:\sc warrr11\ExcelReport\PRFOB_'Completed'.xlsx
2023-01-30 18:30:18,827 INFO com.sis.ExcelReport.Service.EmailService [scheduling-1] Mail sent Successfully
2023-01-30 20:00:00,273 INFO com.sis.ExcelReport.Controller.ReportController [scheduling-1] Report Type -->stocklist
2023-01-30 20:00:01,186 INFO com.sis.ExcelReport.Controller.ReportController [scheduling-1] DepartMent -->SAG
2023-01-30 20:00:07,891 INFO com.sis.ExcelReport.Service.EmailService [scheduling-1] E:\sc warrr11\ExcelReport\Stocklist'.xlsx
2023-01-30 20:00:07,891 INFO com.sis.ExcelReport.Service.EmailService [scheduling-1] Mail sent Successfully
2023-01-30 20:00:07,892 INFO com.sis.ExcelReport.Controller.ReportController [scheduling-1] DepartMent -->all
2023-01-30 20:00:14,405 INFO com.sis.ExcelReport.Service.EmailService [scheduling-1] E:\sc warrr11\ExcelReport\Stocklist'.xlsx
2023-01-30 20:00:14,405 INFO com.sis.ExcelReport.Service.EmailService [scheduling-1] Mail sent Successfully
2023-01-30 20:00:14,405 INFO com.sis.ExcelReport.Controller.ReportController [scheduling-1] DepartMent -->OEM
2023-01-30 20:00:20,146 INFO com.sis.ExcelReport.Service.EmailService [scheduling-1] E:\sc warrr11\ExcelReport\Stocklist'.xlsx
2023-01-30 20:00:20,146 INFO com.sis.ExcelReport.Service.EmailService [scheduling-1] Mail sent Successfully
2023-01-30 20:00:20,146 INFO com.sis.ExcelReport.Controller.ReportController [scheduling-1] DepartMent -->SHIPL
2023-01-30 20:00:25,215 INFO com.sis.ExcelReport.Service.EmailService [scheduling-1] E:\sc warrr11\ExcelReport\Stocklist'.xlsx
2023-01-30 20:00:25,215 INFO com.sis.ExcelReport.Service.EmailService [scheduling-1] Mail sent Successfully
2023-01-30 20:00:25,215 INFO com.sis.ExcelReport.Controller.ReportController [scheduling-1] DepartMent -->INJECTOR
2023-01-30 20:00:29,776 INFO com.sis.ExcelReport.Service.EmailService [scheduling-1] E:\sc warrr11\ExcelReport\Stocklist'.xlsx
2023-01-30 20:00:29,777 INFO com.sis.ExcelReport.Service.EmailService [scheduling-1] Mail sent Successfully
2023-01-30 20:00:29,777 INFO com.sis.ExcelReport.Controller.ReportController [scheduling-1] DepartMent -->VENTILATOR
2023-01-30 20:00:35,840 INFO com.sis.ExcelReport.Service.EmailService [scheduling-1] E:\sc warrr11\ExcelReport\Stocklist'.xlsx
2023-01-30 20:00:35,840 INFO com.sis.ExcelReport.Service.EmailService [scheduling-1] Mail sent Successfully
2023-01-30 20:00:35,841 INFO com.sis.ExcelReport.Controller.ReportController [scheduling-1] DepartMent -->CONSUMABLES
2023-01-30 20:00:41,583 INFO com.sis.ExcelReport.Service.EmailService [scheduling-1] E:\sc warrr11\ExcelReport\Stocklist'.xlsx
2023-01-30 20:00:41,583 INFO com.sis.ExcelReport.Service.EmailService [scheduling-1] Mail sent Successfully
