2023-03-07 09:40:01,429 INFO com.sis.ExcelReport.Controller.ReportController [scheduling-1] Report Type -->prf/ob_pending
2023-03-07 09:40:06,523 INFO com.sis.ExcelReport.Controller.ReportController [scheduling-1] DepartMent -->SAG
2023-03-07 09:40:20,899 INFO com.sis.ExcelReport.Service.EmailService [scheduling-1] E:\sc warrr11\ExcelReport\PRFOB_'Pending'.xlsx
2023-03-07 09:40:20,910 INFO com.sis.ExcelReport.Service.EmailService [scheduling-1] Mail sent Successfully
2023-03-07 09:40:20,910 INFO com.sis.ExcelReport.Controller.ReportController [scheduling-1] DepartMent -->all
2023-03-07 09:40:27,656 INFO com.sis.ExcelReport.Service.EmailService [scheduling-1] E:\sc warrr11\ExcelReport\PRFOB_'Pending'.xlsx
2023-03-07 09:40:27,679 INFO com.sis.ExcelReport.Service.EmailService [scheduling-1] Mail sent Successfully
2023-03-07 09:40:27,679 INFO com.sis.ExcelReport.Controller.ReportController [scheduling-1] DepartMent -->OEM
2023-03-07 09:40:33,174 INFO com.sis.ExcelReport.Service.EmailService [scheduling-1] E:\sc warrr11\ExcelReport\PRFOB_'Pending'.xlsx
2023-03-07 09:40:33,174 INFO com.sis.ExcelReport.Service.EmailService [scheduling-1] Mail sent Successfully
2023-03-07 09:40:33,174 INFO com.sis.ExcelReport.Controller.ReportController [scheduling-1] DepartMent -->SHIPL
2023-03-07 09:40:39,076 INFO com.sis.ExcelReport.Service.EmailService [scheduling-1] E:\sc warrr11\ExcelReport\PRFOB_'Pending'.xlsx
2023-03-07 09:40:39,076 INFO com.sis.ExcelReport.Service.EmailService [scheduling-1] Mail sent Successfully
2023-03-07 09:40:39,076 INFO com.sis.ExcelReport.Controller.ReportController [scheduling-1] DepartMent -->INJECTOR
2023-03-07 09:40:44,687 INFO com.sis.ExcelReport.Service.EmailService [scheduling-1] E:\sc warrr11\ExcelReport\PRFOB_'Pending'.xlsx
2023-03-07 09:40:44,687 INFO com.sis.ExcelReport.Service.EmailService [scheduling-1] Mail sent Successfully
2023-03-07 09:40:44,687 INFO com.sis.ExcelReport.Controller.ReportController [scheduling-1] DepartMent -->VENTILATOR
2023-03-07 09:40:50,285 INFO com.sis.ExcelReport.Service.EmailService [scheduling-1] E:\sc warrr11\ExcelReport\PRFOB_'Pending'.xlsx
2023-03-07 09:40:50,285 INFO com.sis.ExcelReport.Service.EmailService [scheduling-1] Mail sent Successfully
2023-03-07 11:30:01,101 INFO com.sis.ExcelReport.Controller.ReportController [scheduling-1] Report Type -->dispatchlist
2023-03-07 11:30:02,042 INFO com.sis.ExcelReport.Controller.ReportController [scheduling-1] DepartMent -->SAG
2023-03-07 11:30:09,447 INFO com.sis.ExcelReport.Service.EmailService [scheduling-1] E:\sc warrr11\ExcelReport\Dispatchlist.xlsx
2023-03-07 11:30:09,448 INFO com.sis.ExcelReport.Service.EmailService [scheduling-1] Mail sent Successfully
2023-03-07 11:30:09,448 INFO com.sis.ExcelReport.Controller.ReportController [scheduling-1] DepartMent -->all
2023-03-07 11:30:16,080 INFO com.sis.ExcelReport.Service.EmailService [scheduling-1] E:\sc warrr11\ExcelReport\Dispatchlist.xlsx
2023-03-07 11:30:16,080 INFO com.sis.ExcelReport.Service.EmailService [scheduling-1] Mail sent Successfully
2023-03-07 11:30:16,080 INFO com.sis.ExcelReport.Controller.ReportController [scheduling-1] DepartMent -->SHIPL
2023-03-07 11:30:21,590 INFO com.sis.ExcelReport.Service.EmailService [scheduling-1] E:\sc warrr11\ExcelReport\Dispatchlist.xlsx
2023-03-07 11:30:21,590 INFO com.sis.ExcelReport.Service.EmailService [scheduling-1] Mail sent Successfully
2023-03-07 11:30:21,590 INFO com.sis.ExcelReport.Controller.ReportController [scheduling-1] DepartMent -->OEM
2023-03-07 11:30:27,113 INFO com.sis.ExcelReport.Service.EmailService [scheduling-1] E:\sc warrr11\ExcelReport\Dispatchlist.xlsx
2023-03-07 11:30:27,113 INFO com.sis.ExcelReport.Service.EmailService [scheduling-1] Mail sent Successfully
2023-03-07 11:30:27,113 INFO com.sis.ExcelReport.Controller.ReportController [scheduling-1] DepartMent -->INJECTOR
2023-03-07 11:30:32,395 INFO com.sis.ExcelReport.Service.EmailService [scheduling-1] E:\sc warrr11\ExcelReport\Dispatchlist.xlsx
2023-03-07 11:30:32,395 INFO com.sis.ExcelReport.Service.EmailService [scheduling-1] Mail sent Successfully
2023-03-07 11:30:32,396 INFO com.sis.ExcelReport.Controller.ReportController [scheduling-1] DepartMent -->VENTILATOR
2023-03-07 11:30:37,742 INFO com.sis.ExcelReport.Service.EmailService [scheduling-1] E:\sc warrr11\ExcelReport\Dispatchlist.xlsx
2023-03-07 11:30:37,742 INFO com.sis.ExcelReport.Service.EmailService [scheduling-1] Mail sent Successfully
2023-03-07 11:30:37,742 INFO com.sis.ExcelReport.Controller.ReportController [scheduling-1] DepartMent -->HEALTH AND FITNESS
2023-03-07 11:30:43,994 INFO com.sis.ExcelReport.Service.EmailService [scheduling-1] E:\sc warrr11\ExcelReport\Dispatchlist.xlsx
2023-03-07 11:30:43,994 INFO com.sis.ExcelReport.Service.EmailService [scheduling-1] Mail sent Successfully
2023-03-07 11:30:43,995 INFO com.sis.ExcelReport.Controller.ReportController [scheduling-1] DepartMent -->CONSUMABLES
2023-03-07 11:30:49,469 INFO com.sis.ExcelReport.Service.EmailService [scheduling-1] E:\sc warrr11\ExcelReport\Dispatchlist.xlsx
2023-03-07 11:30:49,469 INFO com.sis.ExcelReport.Service.EmailService [scheduling-1] Mail sent Successfully
2023-03-07 16:06:01,477 INFO com.sis.ExcelReport.Controller.ReportController [scheduling-1] Report Type -->dispatchlist
2023-03-07 16:06:04,967 INFO com.sis.ExcelReport.Controller.ReportController [scheduling-1] DepartMent -->SAG
2023-03-07 16:06:13,618 INFO com.sis.ExcelReport.Service.EmailService [scheduling-1] E:\sc warrr11\ExcelReport\Dispatchlist.xlsx
2023-03-07 16:06:13,618 INFO com.sis.ExcelReport.Service.EmailService [scheduling-1] Mail sent Successfully
2023-03-07 16:06:13,618 INFO com.sis.ExcelReport.Controller.ReportController [scheduling-1] DepartMent -->all
2023-03-07 16:06:20,485 INFO com.sis.ExcelReport.Service.EmailService [scheduling-1] E:\sc warrr11\ExcelReport\Dispatchlist.xlsx
2023-03-07 16:06:20,485 INFO com.sis.ExcelReport.Service.EmailService [scheduling-1] Mail sent Successfully
2023-03-07 16:06:20,486 INFO com.sis.ExcelReport.Controller.ReportController [scheduling-1] DepartMent -->SHIPL
2023-03-07 16:06:26,011 INFO com.sis.ExcelReport.Service.EmailService [scheduling-1] E:\sc warrr11\ExcelReport\Dispatchlist.xlsx
2023-03-07 16:06:26,011 INFO com.sis.ExcelReport.Service.EmailService [scheduling-1] Mail sent Successfully
2023-03-07 16:06:26,011 INFO com.sis.ExcelReport.Controller.ReportController [scheduling-1] DepartMent -->OEM
2023-03-07 16:06:31,196 INFO com.sis.ExcelReport.Service.EmailService [scheduling-1] E:\sc warrr11\ExcelReport\Dispatchlist.xlsx
2023-03-07 16:06:31,196 INFO com.sis.ExcelReport.Service.EmailService [scheduling-1] Mail sent Successfully
2023-03-07 16:06:31,197 INFO com.sis.ExcelReport.Controller.ReportController [scheduling-1] DepartMent -->INJECTOR
2023-03-07 16:06:36,897 INFO com.sis.ExcelReport.Service.EmailService [scheduling-1] E:\sc warrr11\ExcelReport\Dispatchlist.xlsx
2023-03-07 16:06:36,897 INFO com.sis.ExcelReport.Service.EmailService [scheduling-1] Mail sent Successfully
2023-03-07 16:06:36,898 INFO com.sis.ExcelReport.Controller.ReportController [scheduling-1] DepartMent -->VENTILATOR
2023-03-07 16:06:42,669 INFO com.sis.ExcelReport.Service.EmailService [scheduling-1] E:\sc warrr11\ExcelReport\Dispatchlist.xlsx
2023-03-07 16:06:42,669 INFO com.sis.ExcelReport.Service.EmailService [scheduling-1] Mail sent Successfully
2023-03-07 16:06:42,669 INFO com.sis.ExcelReport.Controller.ReportController [scheduling-1] DepartMent -->HEALTH AND FITNESS
2023-03-07 16:06:47,867 INFO com.sis.ExcelReport.Service.EmailService [scheduling-1] E:\sc warrr11\ExcelReport\Dispatchlist.xlsx
2023-03-07 16:06:47,867 INFO com.sis.ExcelReport.Service.EmailService [scheduling-1] Mail sent Successfully
2023-03-07 16:06:47,867 INFO com.sis.ExcelReport.Controller.ReportController [scheduling-1] DepartMent -->CONSUMABLES
2023-03-07 16:06:53,427 INFO com.sis.ExcelReport.Service.EmailService [scheduling-1] E:\sc warrr11\ExcelReport\Dispatchlist.xlsx
2023-03-07 16:06:53,427 INFO com.sis.ExcelReport.Service.EmailService [scheduling-1] Mail sent Successfully
2023-03-07 18:30:01,053 INFO com.sis.ExcelReport.Controller.ReportController [scheduling-1] Report Type -->prf/ob_completed
2023-03-07 18:30:02,688 INFO com.sis.ExcelReport.Controller.ReportController [scheduling-1] DepartMent -->all
2023-03-07 18:30:08,806 INFO com.sis.ExcelReport.Service.EmailService [scheduling-1] E:\sc warrr11\ExcelReport\PRFOB_'Completed'.xlsx
2023-03-07 18:30:08,806 INFO com.sis.ExcelReport.Service.EmailService [scheduling-1] Mail sent Successfully
2023-03-07 18:30:08,807 INFO com.sis.ExcelReport.Controller.ReportController [scheduling-1] DepartMent -->VENTILATOR
2023-03-07 18:30:14,041 INFO com.sis.ExcelReport.Service.EmailService [scheduling-1] E:\sc warrr11\ExcelReport\PRFOB_'Completed'.xlsx
2023-03-07 18:30:14,041 INFO com.sis.ExcelReport.Service.EmailService [scheduling-1] Mail sent Successfully
2023-03-07 20:00:01,061 INFO com.sis.ExcelReport.Controller.ReportController [scheduling-1] Report Type -->stocklist
2023-03-07 20:00:02,234 INFO com.sis.ExcelReport.Controller.ReportController [scheduling-1] DepartMent -->SAG
2023-03-07 20:00:09,050 INFO com.sis.ExcelReport.Service.EmailService [scheduling-1] E:\sc warrr11\ExcelReport\Stocklist.xlsx
2023-03-07 20:00:09,050 INFO com.sis.ExcelReport.Service.EmailService [scheduling-1] Mail sent Successfully
2023-03-07 20:00:09,050 INFO com.sis.ExcelReport.Controller.ReportController [scheduling-1] DepartMent -->all
2023-03-07 20:00:15,794 INFO com.sis.ExcelReport.Service.EmailService [scheduling-1] E:\sc warrr11\ExcelReport\Stocklist.xlsx
2023-03-07 20:00:15,794 INFO com.sis.ExcelReport.Service.EmailService [scheduling-1] Mail sent Successfully
2023-03-07 20:00:15,794 INFO com.sis.ExcelReport.Controller.ReportController [scheduling-1] DepartMent -->SHIPL
2023-03-07 20:00:21,380 INFO com.sis.ExcelReport.Service.EmailService [scheduling-1] E:\sc warrr11\ExcelReport\Stocklist.xlsx
2023-03-07 20:00:21,381 INFO com.sis.ExcelReport.Service.EmailService [scheduling-1] Mail sent Successfully
2023-03-07 20:00:21,381 INFO com.sis.ExcelReport.Controller.ReportController [scheduling-1] DepartMent -->OEM
2023-03-07 20:00:26,851 INFO com.sis.ExcelReport.Service.EmailService [scheduling-1] E:\sc warrr11\ExcelReport\Stocklist.xlsx
2023-03-07 20:00:26,852 INFO com.sis.ExcelReport.Service.EmailService [scheduling-1] Mail sent Successfully
2023-03-07 20:00:26,852 INFO com.sis.ExcelReport.Controller.ReportController [scheduling-1] DepartMent -->INJECTOR
2023-03-07 20:00:32,672 INFO com.sis.ExcelReport.Service.EmailService [scheduling-1] E:\sc warrr11\ExcelReport\Stocklist.xlsx
2023-03-07 20:00:32,672 INFO com.sis.ExcelReport.Service.EmailService [scheduling-1] Mail sent Successfully
2023-03-07 20:00:32,672 INFO com.sis.ExcelReport.Controller.ReportController [scheduling-1] DepartMent -->VENTILATOR
2023-03-07 20:00:38,309 INFO com.sis.ExcelReport.Service.EmailService [scheduling-1] E:\sc warrr11\ExcelReport\Stocklist.xlsx
2023-03-07 20:00:38,309 INFO com.sis.ExcelReport.Service.EmailService [scheduling-1] Mail sent Successfully
2023-03-07 20:00:38,309 INFO com.sis.ExcelReport.Controller.ReportController [scheduling-1] DepartMent -->CONSUMABLES
2023-03-07 20:00:43,737 INFO com.sis.ExcelReport.Service.EmailService [scheduling-1] E:\sc warrr11\ExcelReport\Stocklist.xlsx
2023-03-07 20:00:43,737 INFO com.sis.ExcelReport.Service.EmailService [scheduling-1] Mail sent Successfully
