2023-05-21 09:40:00,015 INFO com.sis.ExcelReport.Controller.ReportController [scheduling-1] Report Type -->prf/ob_pending
2023-05-21 09:40:00,297 INFO com.sis.ExcelReport.Controller.ReportController [scheduling-1] DepartMent -->SAG
2023-05-21 09:40:06,805 INFO com.sis.ExcelReport.Service.EmailService [scheduling-1] E:\sc warrr11\ExcelReport\PRFOB_'Pending'.xlsx
2023-05-21 09:40:06,805 INFO com.sis.ExcelReport.Service.EmailService [scheduling-1] Mail sent Successfully
2023-05-21 09:40:06,806 INFO com.sis.ExcelReport.Controller.ReportController [scheduling-1] DepartMent -->all
2023-05-21 09:40:13,219 INFO com.sis.ExcelReport.Service.EmailService [scheduling-1] E:\sc warrr11\ExcelReport\PRFOB_'Pending'.xlsx
2023-05-21 09:40:13,228 INFO com.sis.ExcelReport.Service.EmailService [scheduling-1] Mail sent Successfully
2023-05-21 09:40:13,228 INFO com.sis.ExcelReport.Controller.ReportController [scheduling-1] DepartMent -->OEM
2023-05-21 09:40:18,913 INFO com.sis.ExcelReport.Service.EmailService [scheduling-1] E:\sc warrr11\ExcelReport\PRFOB_'Pending'.xlsx
2023-05-21 09:40:18,913 INFO com.sis.ExcelReport.Service.EmailService [scheduling-1] Mail sent Successfully
2023-05-21 09:40:18,913 INFO com.sis.ExcelReport.Controller.ReportController [scheduling-1] DepartMent -->SHIPL
2023-05-21 09:40:24,473 INFO com.sis.ExcelReport.Service.EmailService [scheduling-1] E:\sc warrr11\ExcelReport\PRFOB_'Pending'.xlsx
2023-05-21 09:40:24,473 INFO com.sis.ExcelReport.Service.EmailService [scheduling-1] Mail sent Successfully
2023-05-21 09:40:24,473 INFO com.sis.ExcelReport.Controller.ReportController [scheduling-1] DepartMent -->INJECTOR
2023-05-21 09:40:29,766 INFO com.sis.ExcelReport.Service.EmailService [scheduling-1] E:\sc warrr11\ExcelReport\PRFOB_'Pending'.xlsx
2023-05-21 09:40:29,766 INFO com.sis.ExcelReport.Service.EmailService [scheduling-1] Mail sent Successfully
2023-05-21 09:40:29,766 INFO com.sis.ExcelReport.Controller.ReportController [scheduling-1] DepartMent -->VENTILATOR
2023-05-21 09:40:35,094 INFO com.sis.ExcelReport.Service.EmailService [scheduling-1] E:\sc warrr11\ExcelReport\PRFOB_'Pending'.xlsx
2023-05-21 09:40:35,094 INFO com.sis.ExcelReport.Service.EmailService [scheduling-1] Mail sent Successfully
2023-05-21 11:30:00,010 INFO com.sis.ExcelReport.Controller.ReportController [scheduling-1] Report Type -->dispatchlist
2023-05-21 11:30:00,208 INFO com.sis.ExcelReport.Controller.ReportController [scheduling-1] DepartMent -->SAG
2023-05-21 11:30:06,740 INFO com.sis.ExcelReport.Service.EmailService [scheduling-1] E:\sc warrr11\ExcelReport\Dispatchlist.xlsx
2023-05-21 11:30:06,740 INFO com.sis.ExcelReport.Service.EmailService [scheduling-1] Mail sent Successfully
2023-05-21 11:30:06,740 INFO com.sis.ExcelReport.Controller.ReportController [scheduling-1] DepartMent -->all
2023-05-21 11:30:13,642 INFO com.sis.ExcelReport.Service.EmailService [scheduling-1] E:\sc warrr11\ExcelReport\Dispatchlist.xlsx
2023-05-21 11:30:13,642 INFO com.sis.ExcelReport.Service.EmailService [scheduling-1] Mail sent Successfully
2023-05-21 11:30:13,642 INFO com.sis.ExcelReport.Controller.ReportController [scheduling-1] DepartMent -->SHIPL
2023-05-21 11:30:19,121 INFO com.sis.ExcelReport.Service.EmailService [scheduling-1] E:\sc warrr11\ExcelReport\Dispatchlist.xlsx
2023-05-21 11:30:19,122 INFO com.sis.ExcelReport.Service.EmailService [scheduling-1] Mail sent Successfully
2023-05-21 11:30:19,122 INFO com.sis.ExcelReport.Controller.ReportController [scheduling-1] DepartMent -->OEM
2023-05-21 11:30:24,440 INFO com.sis.ExcelReport.Service.EmailService [scheduling-1] E:\sc warrr11\ExcelReport\Dispatchlist.xlsx
2023-05-21 11:30:24,440 INFO com.sis.ExcelReport.Service.EmailService [scheduling-1] Mail sent Successfully
2023-05-21 11:30:24,440 INFO com.sis.ExcelReport.Controller.ReportController [scheduling-1] DepartMent -->INJECTOR
2023-05-21 11:30:29,787 INFO com.sis.ExcelReport.Service.EmailService [scheduling-1] E:\sc warrr11\ExcelReport\Dispatchlist.xlsx
2023-05-21 11:30:29,787 INFO com.sis.ExcelReport.Service.EmailService [scheduling-1] Mail sent Successfully
2023-05-21 11:30:29,788 INFO com.sis.ExcelReport.Controller.ReportController [scheduling-1] DepartMent -->VENTILATOR
2023-05-21 11:30:35,493 INFO com.sis.ExcelReport.Service.EmailService [scheduling-1] E:\sc warrr11\ExcelReport\Dispatchlist.xlsx
2023-05-21 11:30:35,493 INFO com.sis.ExcelReport.Service.EmailService [scheduling-1] Mail sent Successfully
2023-05-21 11:30:35,493 INFO com.sis.ExcelReport.Controller.ReportController [scheduling-1] DepartMent -->HEALTH AND FITNESS
2023-05-21 11:30:40,801 INFO com.sis.ExcelReport.Service.EmailService [scheduling-1] E:\sc warrr11\ExcelReport\Dispatchlist.xlsx
2023-05-21 11:30:40,801 INFO com.sis.ExcelReport.Service.EmailService [scheduling-1] Mail sent Successfully
2023-05-21 11:30:40,801 INFO com.sis.ExcelReport.Controller.ReportController [scheduling-1] DepartMent -->CONSUMABLES
2023-05-21 11:30:46,358 INFO com.sis.ExcelReport.Service.EmailService [scheduling-1] E:\sc warrr11\ExcelReport\Dispatchlist.xlsx
2023-05-21 11:30:46,359 INFO com.sis.ExcelReport.Service.EmailService [scheduling-1] Mail sent Successfully
2023-05-21 16:06:00,004 INFO com.sis.ExcelReport.Controller.ReportController [scheduling-1] Report Type -->dispatchlist
2023-05-21 16:06:00,234 INFO com.sis.ExcelReport.Controller.ReportController [scheduling-1] DepartMent -->SAG
2023-05-21 16:06:07,053 INFO com.sis.ExcelReport.Service.EmailService [scheduling-1] E:\sc warrr11\ExcelReport\Dispatchlist.xlsx
2023-05-21 16:06:07,053 INFO com.sis.ExcelReport.Service.EmailService [scheduling-1] Mail sent Successfully
2023-05-21 16:06:07,053 INFO com.sis.ExcelReport.Controller.ReportController [scheduling-1] DepartMent -->all
2023-05-21 16:06:15,140 INFO com.sis.ExcelReport.Service.EmailService [scheduling-1] E:\sc warrr11\ExcelReport\Dispatchlist.xlsx
2023-05-21 16:06:15,140 INFO com.sis.ExcelReport.Service.EmailService [scheduling-1] Mail sent Successfully
2023-05-21 16:06:15,140 INFO com.sis.ExcelReport.Controller.ReportController [scheduling-1] DepartMent -->SHIPL
2023-05-21 16:06:20,798 INFO com.sis.ExcelReport.Service.EmailService [scheduling-1] E:\sc warrr11\ExcelReport\Dispatchlist.xlsx
2023-05-21 16:06:20,798 INFO com.sis.ExcelReport.Service.EmailService [scheduling-1] Mail sent Successfully
2023-05-21 16:06:20,798 INFO com.sis.ExcelReport.Controller.ReportController [scheduling-1] DepartMent -->OEM
2023-05-21 16:06:26,150 INFO com.sis.ExcelReport.Service.EmailService [scheduling-1] E:\sc warrr11\ExcelReport\Dispatchlist.xlsx
2023-05-21 16:06:26,150 INFO com.sis.ExcelReport.Service.EmailService [scheduling-1] Mail sent Successfully
2023-05-21 16:06:26,150 INFO com.sis.ExcelReport.Controller.ReportController [scheduling-1] DepartMent -->INJECTOR
2023-05-21 16:06:31,459 INFO com.sis.ExcelReport.Service.EmailService [scheduling-1] E:\sc warrr11\ExcelReport\Dispatchlist.xlsx
2023-05-21 16:06:31,460 INFO com.sis.ExcelReport.Service.EmailService [scheduling-1] Mail sent Successfully
2023-05-21 16:06:31,460 INFO com.sis.ExcelReport.Controller.ReportController [scheduling-1] DepartMent -->VENTILATOR
2023-05-21 16:06:36,818 INFO com.sis.ExcelReport.Service.EmailService [scheduling-1] E:\sc warrr11\ExcelReport\Dispatchlist.xlsx
2023-05-21 16:06:36,818 INFO com.sis.ExcelReport.Service.EmailService [scheduling-1] Mail sent Successfully
2023-05-21 16:06:36,818 INFO com.sis.ExcelReport.Controller.ReportController [scheduling-1] DepartMent -->HEALTH AND FITNESS
2023-05-21 16:06:42,276 INFO com.sis.ExcelReport.Service.EmailService [scheduling-1] E:\sc warrr11\ExcelReport\Dispatchlist.xlsx
2023-05-21 16:06:42,276 INFO com.sis.ExcelReport.Service.EmailService [scheduling-1] Mail sent Successfully
2023-05-21 16:06:42,276 INFO com.sis.ExcelReport.Controller.ReportController [scheduling-1] DepartMent -->CONSUMABLES
2023-05-21 16:06:47,927 INFO com.sis.ExcelReport.Service.EmailService [scheduling-1] E:\sc warrr11\ExcelReport\Dispatchlist.xlsx
2023-05-21 16:06:47,927 INFO com.sis.ExcelReport.Service.EmailService [scheduling-1] Mail sent Successfully
2023-05-21 18:30:00,000 INFO com.sis.ExcelReport.Controller.ReportController [scheduling-1] Report Type -->prf/ob_completed
2023-05-21 18:30:00,059 INFO com.sis.ExcelReport.Controller.ReportController [scheduling-1] DepartMent -->all
2023-05-21 18:30:05,981 INFO com.sis.ExcelReport.Service.EmailService [scheduling-1] E:\sc warrr11\ExcelReport\PRFOB_'Completed'.xlsx
2023-05-21 18:30:05,981 INFO com.sis.ExcelReport.Service.EmailService [scheduling-1] Mail sent Successfully
2023-05-21 18:30:05,981 INFO com.sis.ExcelReport.Controller.ReportController [scheduling-1] DepartMent -->VENTILATOR
2023-05-21 18:30:11,528 INFO com.sis.ExcelReport.Service.EmailService [scheduling-1] E:\sc warrr11\ExcelReport\PRFOB_'Completed'.xlsx
2023-05-21 18:30:11,528 INFO com.sis.ExcelReport.Service.EmailService [scheduling-1] Mail sent Successfully
2023-05-21 18:30:11,528 INFO com.sis.ExcelReport.Controller.ReportController [scheduling-1] DepartMent -->SAG
2023-05-21 18:30:17,176 INFO com.sis.ExcelReport.Service.EmailService [scheduling-1] E:\sc warrr11\ExcelReport\PRFOB_'Completed'.xlsx
2023-05-21 18:30:17,176 INFO com.sis.ExcelReport.Service.EmailService [scheduling-1] Mail sent Successfully
2023-05-21 18:30:17,177 INFO com.sis.ExcelReport.Controller.ReportController [scheduling-1] DepartMent -->OEM
2023-05-21 18:30:22,536 INFO com.sis.ExcelReport.Service.EmailService [scheduling-1] E:\sc warrr11\ExcelReport\PRFOB_'Completed'.xlsx
2023-05-21 18:30:22,536 INFO com.sis.ExcelReport.Service.EmailService [scheduling-1] Mail sent Successfully
2023-05-21 20:00:00,010 INFO com.sis.ExcelReport.Controller.ReportController [scheduling-1] Report Type -->stocklist
2023-05-21 20:00:00,157 INFO com.sis.ExcelReport.Controller.ReportController [scheduling-1] DepartMent -->SAG
2023-05-21 20:00:06,578 INFO com.sis.ExcelReport.Service.EmailService [scheduling-1] E:\sc warrr11\ExcelReport\Stocklist.xlsx
2023-05-21 20:00:06,578 INFO com.sis.ExcelReport.Service.EmailService [scheduling-1] Mail sent Successfully
2023-05-21 20:00:06,579 INFO com.sis.ExcelReport.Controller.ReportController [scheduling-1] DepartMent -->all
2023-05-21 20:00:13,270 INFO com.sis.ExcelReport.Service.EmailService [scheduling-1] E:\sc warrr11\ExcelReport\Stocklist.xlsx
2023-05-21 20:00:13,270 INFO com.sis.ExcelReport.Service.EmailService [scheduling-1] Mail sent Successfully
2023-05-21 20:00:13,270 INFO com.sis.ExcelReport.Controller.ReportController [scheduling-1] DepartMent -->SHIPL
2023-05-21 20:00:18,964 INFO com.sis.ExcelReport.Service.EmailService [scheduling-1] E:\sc warrr11\ExcelReport\Stocklist.xlsx
2023-05-21 20:00:18,964 INFO com.sis.ExcelReport.Service.EmailService [scheduling-1] Mail sent Successfully
2023-05-21 20:00:18,964 INFO com.sis.ExcelReport.Controller.ReportController [scheduling-1] DepartMent -->OEM
2023-05-21 20:00:24,567 INFO com.sis.ExcelReport.Service.EmailService [scheduling-1] E:\sc warrr11\ExcelReport\Stocklist.xlsx
2023-05-21 20:00:24,567 INFO com.sis.ExcelReport.Service.EmailService [scheduling-1] Mail sent Successfully
2023-05-21 20:00:24,567 INFO com.sis.ExcelReport.Controller.ReportController [scheduling-1] DepartMent -->INJECTOR
2023-05-21 20:00:29,827 INFO com.sis.ExcelReport.Service.EmailService [scheduling-1] E:\sc warrr11\ExcelReport\Stocklist.xlsx
2023-05-21 20:00:29,827 INFO com.sis.ExcelReport.Service.EmailService [scheduling-1] Mail sent Successfully
2023-05-21 20:00:29,827 INFO com.sis.ExcelReport.Controller.ReportController [scheduling-1] DepartMent -->VENTILATOR
2023-05-21 20:00:35,224 INFO com.sis.ExcelReport.Service.EmailService [scheduling-1] E:\sc warrr11\ExcelReport\Stocklist.xlsx
2023-05-21 20:00:35,224 INFO com.sis.ExcelReport.Service.EmailService [scheduling-1] Mail sent Successfully
2023-05-21 20:00:35,224 INFO com.sis.ExcelReport.Controller.ReportController [scheduling-1] DepartMent -->CONSUMABLES
2023-05-21 20:00:40,604 INFO com.sis.ExcelReport.Service.EmailService [scheduling-1] E:\sc warrr11\ExcelReport\Stocklist.xlsx
2023-05-21 20:00:40,604 INFO com.sis.ExcelReport.Service.EmailService [scheduling-1] Mail sent Successfully
2023-05-21 21:45:06,675 INFO org.apache.juli.logging.DirectJDKLog [http-nio-90-exec-8] Error parsing HTTP request header
 Note: further occurrences of HTTP request parsing errors will be logged at DEBUG level.
java.lang.IllegalArgumentException: Invalid character found in method name [0x030x000x00/*0xe00x000x000x000x000x00Cookie:]. HTTP method names must be tokens
	at org.apache.coyote.http11.Http11InputBuffer.parseRequestLine(Http11InputBuffer.java:417)
	at org.apache.coyote.http11.Http11Processor.service(Http11Processor.java:261)
	at org.apache.coyote.AbstractProcessorLight.process(AbstractProcessorLight.java:65)
	at org.apache.coyote.AbstractProtocol$ConnectionHandler.process(AbstractProtocol.java:893)
	at org.apache.tomcat.util.net.NioEndpoint$SocketProcessor.doRun(NioEndpoint.java:1707)
	at org.apache.tomcat.util.net.SocketProcessorBase.run(SocketProcessorBase.java:49)
	at java.util.concurrent.ThreadPoolExecutor.runWorker(ThreadPoolExecutor.java:1149)
	at java.util.concurrent.ThreadPoolExecutor$Worker.run(ThreadPoolExecutor.java:624)
	at org.apache.tomcat.util.threads.TaskThread$WrappingRunnable.run(TaskThread.java:61)
	at java.lang.Thread.run(Thread.java:748)
