2023-02-23 09:40:00,062 INFO com.sis.ExcelReport.Controller.ReportController [scheduling-1] Report Type -->prf/ob_pending
2023-02-23 09:40:01,344 INFO com.sis.ExcelReport.Controller.ReportController [scheduling-1] DepartMent -->SAG
2023-02-23 09:40:08,991 INFO com.sis.ExcelReport.Service.EmailService [scheduling-1] E:\sc warrr11\ExcelReport\PRFOB_'Pending'.xlsx
2023-02-23 09:40:08,991 INFO com.sis.ExcelReport.Service.EmailService [scheduling-1] Mail sent Successfully
2023-02-23 09:40:08,991 INFO com.sis.ExcelReport.Controller.ReportController [scheduling-1] DepartMent -->all
2023-02-23 09:40:15,793 INFO com.sis.ExcelReport.Service.EmailService [scheduling-1] E:\sc warrr11\ExcelReport\PRFOB_'Pending'.xlsx
2023-02-23 09:40:15,794 INFO com.sis.ExcelReport.Service.EmailService [scheduling-1] Mail sent Successfully
2023-02-23 09:40:15,794 INFO com.sis.ExcelReport.Controller.ReportController [scheduling-1] DepartMent -->OEM
2023-02-23 09:40:22,051 INFO com.sis.ExcelReport.Service.EmailService [scheduling-1] E:\sc warrr11\ExcelReport\PRFOB_'Pending'.xlsx
2023-02-23 09:40:22,052 INFO com.sis.ExcelReport.Service.EmailService [scheduling-1] Mail sent Successfully
2023-02-23 09:40:22,052 INFO com.sis.ExcelReport.Controller.ReportController [scheduling-1] DepartMent -->SHIPL
2023-02-23 09:40:27,593 INFO com.sis.ExcelReport.Service.EmailService [scheduling-1] E:\sc warrr11\ExcelReport\PRFOB_'Pending'.xlsx
2023-02-23 09:40:27,593 INFO com.sis.ExcelReport.Service.EmailService [scheduling-1] Mail sent Successfully
2023-02-23 09:40:27,593 INFO com.sis.ExcelReport.Controller.ReportController [scheduling-1] DepartMent -->INJECTOR
2023-02-23 09:40:32,920 INFO com.sis.ExcelReport.Service.EmailService [scheduling-1] E:\sc warrr11\ExcelReport\PRFOB_'Pending'.xlsx
2023-02-23 09:40:32,920 INFO com.sis.ExcelReport.Service.EmailService [scheduling-1] Mail sent Successfully
2023-02-23 09:40:32,920 INFO com.sis.ExcelReport.Controller.ReportController [scheduling-1] DepartMent -->VENTILATOR
2023-02-23 09:40:38,494 INFO com.sis.ExcelReport.Service.EmailService [scheduling-1] E:\sc warrr11\ExcelReport\PRFOB_'Pending'.xlsx
2023-02-23 09:40:38,494 INFO com.sis.ExcelReport.Service.EmailService [scheduling-1] Mail sent Successfully
2023-02-23 11:30:00,055 INFO com.sis.ExcelReport.Controller.ReportController [scheduling-1] Report Type -->dispatchlist
2023-02-23 11:30:00,310 INFO com.sis.ExcelReport.Controller.ReportController [scheduling-1] DepartMent -->SAG
2023-02-23 11:30:06,494 INFO com.sis.ExcelReport.Service.EmailService [scheduling-1] E:\sc warrr11\ExcelReport\Dispatchlist.xlsx
2023-02-23 11:30:06,494 INFO com.sis.ExcelReport.Service.EmailService [scheduling-1] Mail sent Successfully
2023-02-23 11:30:06,494 INFO com.sis.ExcelReport.Controller.ReportController [scheduling-1] DepartMent -->all
2023-02-23 11:30:12,584 INFO com.sis.ExcelReport.Service.EmailService [scheduling-1] E:\sc warrr11\ExcelReport\Dispatchlist.xlsx
2023-02-23 11:30:12,584 INFO com.sis.ExcelReport.Service.EmailService [scheduling-1] Mail sent Successfully
2023-02-23 11:30:12,584 INFO com.sis.ExcelReport.Controller.ReportController [scheduling-1] DepartMent -->OEM
2023-02-23 11:30:18,126 INFO com.sis.ExcelReport.Service.EmailService [scheduling-1] E:\sc warrr11\ExcelReport\Dispatchlist.xlsx
2023-02-23 11:30:18,127 INFO com.sis.ExcelReport.Service.EmailService [scheduling-1] Mail sent Successfully
2023-02-23 11:30:18,127 INFO com.sis.ExcelReport.Controller.ReportController [scheduling-1] DepartMent -->SHIPL
2023-02-23 11:30:23,589 INFO com.sis.ExcelReport.Service.EmailService [scheduling-1] E:\sc warrr11\ExcelReport\Dispatchlist.xlsx
2023-02-23 11:30:23,589 INFO com.sis.ExcelReport.Service.EmailService [scheduling-1] Mail sent Successfully
2023-02-23 11:30:23,589 INFO com.sis.ExcelReport.Controller.ReportController [scheduling-1] DepartMent -->INJECTOR
2023-02-23 11:30:28,870 INFO com.sis.ExcelReport.Service.EmailService [scheduling-1] E:\sc warrr11\ExcelReport\Dispatchlist.xlsx
2023-02-23 11:30:28,870 INFO com.sis.ExcelReport.Service.EmailService [scheduling-1] Mail sent Successfully
2023-02-23 11:30:28,871 INFO com.sis.ExcelReport.Controller.ReportController [scheduling-1] DepartMent -->VENTILATOR
2023-02-23 11:30:34,419 INFO com.sis.ExcelReport.Service.EmailService [scheduling-1] E:\sc warrr11\ExcelReport\Dispatchlist.xlsx
2023-02-23 11:30:34,419 INFO com.sis.ExcelReport.Service.EmailService [scheduling-1] Mail sent Successfully
2023-02-23 11:30:34,419 INFO com.sis.ExcelReport.Controller.ReportController [scheduling-1] DepartMent -->HEALTH AND FITNESS
2023-02-23 11:30:39,726 INFO com.sis.ExcelReport.Service.EmailService [scheduling-1] E:\sc warrr11\ExcelReport\Dispatchlist.xlsx
2023-02-23 11:30:39,726 INFO com.sis.ExcelReport.Service.EmailService [scheduling-1] Mail sent Successfully
2023-02-23 11:30:39,726 INFO com.sis.ExcelReport.Controller.ReportController [scheduling-1] DepartMent -->CONSUMABLES
2023-02-23 11:30:45,204 INFO com.sis.ExcelReport.Service.EmailService [scheduling-1] E:\sc warrr11\ExcelReport\Dispatchlist.xlsx
2023-02-23 11:30:45,204 INFO com.sis.ExcelReport.Service.EmailService [scheduling-1] Mail sent Successfully
2023-02-23 16:06:00,156 INFO com.sis.ExcelReport.Controller.ReportController [scheduling-1] Report Type -->dispatchlist
2023-02-23 16:06:01,798 INFO com.sis.ExcelReport.Controller.ReportController [scheduling-1] DepartMent -->SAG
2023-02-23 16:06:09,446 INFO com.sis.ExcelReport.Service.EmailService [scheduling-1] E:\sc warrr11\ExcelReport\Dispatchlist.xlsx
2023-02-23 16:06:09,455 INFO com.sis.ExcelReport.Service.EmailService [scheduling-1] Mail sent Successfully
2023-02-23 16:06:09,455 INFO com.sis.ExcelReport.Controller.ReportController [scheduling-1] DepartMent -->all
2023-02-23 16:06:16,283 INFO com.sis.ExcelReport.Service.EmailService [scheduling-1] E:\sc warrr11\ExcelReport\Dispatchlist.xlsx
2023-02-23 16:06:16,283 INFO com.sis.ExcelReport.Service.EmailService [scheduling-1] Mail sent Successfully
2023-02-23 16:06:16,283 INFO com.sis.ExcelReport.Controller.ReportController [scheduling-1] DepartMent -->OEM
2023-02-23 16:06:21,747 INFO com.sis.ExcelReport.Service.EmailService [scheduling-1] E:\sc warrr11\ExcelReport\Dispatchlist.xlsx
2023-02-23 16:06:21,747 INFO com.sis.ExcelReport.Service.EmailService [scheduling-1] Mail sent Successfully
2023-02-23 16:06:21,747 INFO com.sis.ExcelReport.Controller.ReportController [scheduling-1] DepartMent -->SHIPL
2023-02-23 16:06:27,153 INFO com.sis.ExcelReport.Service.EmailService [scheduling-1] E:\sc warrr11\ExcelReport\Dispatchlist.xlsx
2023-02-23 16:06:27,154 INFO com.sis.ExcelReport.Service.EmailService [scheduling-1] Mail sent Successfully
2023-02-23 16:06:27,154 INFO com.sis.ExcelReport.Controller.ReportController [scheduling-1] DepartMent -->INJECTOR
2023-02-23 16:06:32,513 INFO com.sis.ExcelReport.Service.EmailService [scheduling-1] E:\sc warrr11\ExcelReport\Dispatchlist.xlsx
2023-02-23 16:06:32,513 INFO com.sis.ExcelReport.Service.EmailService [scheduling-1] Mail sent Successfully
2023-02-23 16:06:32,513 INFO com.sis.ExcelReport.Controller.ReportController [scheduling-1] DepartMent -->VENTILATOR
2023-02-23 16:06:38,375 INFO com.sis.ExcelReport.Service.EmailService [scheduling-1] E:\sc warrr11\ExcelReport\Dispatchlist.xlsx
2023-02-23 16:06:38,375 INFO com.sis.ExcelReport.Service.EmailService [scheduling-1] Mail sent Successfully
2023-02-23 16:06:38,375 INFO com.sis.ExcelReport.Controller.ReportController [scheduling-1] DepartMent -->HEALTH AND FITNESS
2023-02-23 16:06:43,687 INFO com.sis.ExcelReport.Service.EmailService [scheduling-1] E:\sc warrr11\ExcelReport\Dispatchlist.xlsx
2023-02-23 16:06:43,687 INFO com.sis.ExcelReport.Service.EmailService [scheduling-1] Mail sent Successfully
2023-02-23 16:06:43,688 INFO com.sis.ExcelReport.Controller.ReportController [scheduling-1] DepartMent -->CONSUMABLES
2023-02-23 16:06:49,201 INFO com.sis.ExcelReport.Service.EmailService [scheduling-1] E:\sc warrr11\ExcelReport\Dispatchlist.xlsx
2023-02-23 16:06:49,202 INFO com.sis.ExcelReport.Service.EmailService [scheduling-1] Mail sent Successfully
2023-02-23 18:30:00,007 INFO com.sis.ExcelReport.Controller.ReportController [scheduling-1] Report Type -->prf/ob_completed
2023-02-23 18:30:00,225 INFO com.sis.ExcelReport.Controller.ReportController [scheduling-1] DepartMent -->all
2023-02-23 18:30:06,156 INFO com.sis.ExcelReport.Service.EmailService [scheduling-1] E:\sc warrr11\ExcelReport\PRFOB_'Completed'.xlsx
2023-02-23 18:30:06,156 INFO com.sis.ExcelReport.Service.EmailService [scheduling-1] Mail sent Successfully
2023-02-23 18:30:06,156 INFO com.sis.ExcelReport.Controller.ReportController [scheduling-1] DepartMent -->OEM
2023-02-23 18:30:11,521 INFO com.sis.ExcelReport.Service.EmailService [scheduling-1] E:\sc warrr11\ExcelReport\PRFOB_'Completed'.xlsx
2023-02-23 18:30:11,521 INFO com.sis.ExcelReport.Service.EmailService [scheduling-1] Mail sent Successfully
2023-02-23 18:30:11,521 INFO com.sis.ExcelReport.Controller.ReportController [scheduling-1] DepartMent -->VENTILATOR
2023-02-23 18:30:16,973 INFO com.sis.ExcelReport.Service.EmailService [scheduling-1] E:\sc warrr11\ExcelReport\PRFOB_'Completed'.xlsx
2023-02-23 18:30:16,973 INFO com.sis.ExcelReport.Service.EmailService [scheduling-1] Mail sent Successfully
2023-02-23 20:00:01,375 INFO com.sis.ExcelReport.Controller.ReportController [scheduling-1] Report Type -->stocklist
2023-02-23 20:00:01,843 INFO com.sis.ExcelReport.Controller.ReportController [scheduling-1] DepartMent -->SAG
2023-02-23 20:00:08,361 INFO com.sis.ExcelReport.Service.EmailService [scheduling-1] E:\sc warrr11\ExcelReport\Stocklist.xlsx
2023-02-23 20:00:08,361 INFO com.sis.ExcelReport.Service.EmailService [scheduling-1] Mail sent Successfully
2023-02-23 20:00:08,361 INFO com.sis.ExcelReport.Controller.ReportController [scheduling-1] DepartMent -->all
2023-02-23 20:00:15,313 INFO com.sis.ExcelReport.Service.EmailService [scheduling-1] E:\sc warrr11\ExcelReport\Stocklist.xlsx
2023-02-23 20:00:15,313 INFO com.sis.ExcelReport.Service.EmailService [scheduling-1] Mail sent Successfully
2023-02-23 20:00:15,314 INFO com.sis.ExcelReport.Controller.ReportController [scheduling-1] DepartMent -->OEM
2023-02-23 20:00:20,954 INFO com.sis.ExcelReport.Service.EmailService [scheduling-1] E:\sc warrr11\ExcelReport\Stocklist.xlsx
2023-02-23 20:00:20,954 INFO com.sis.ExcelReport.Service.EmailService [scheduling-1] Mail sent Successfully
2023-02-23 20:00:20,955 INFO com.sis.ExcelReport.Controller.ReportController [scheduling-1] DepartMent -->SHIPL
2023-02-23 20:00:26,883 INFO com.sis.ExcelReport.Service.EmailService [scheduling-1] E:\sc warrr11\ExcelReport\Stocklist.xlsx
2023-02-23 20:00:26,883 INFO com.sis.ExcelReport.Service.EmailService [scheduling-1] Mail sent Successfully
2023-02-23 20:00:26,884 INFO com.sis.ExcelReport.Controller.ReportController [scheduling-1] DepartMent -->INJECTOR
2023-02-23 20:00:32,230 INFO com.sis.ExcelReport.Service.EmailService [scheduling-1] E:\sc warrr11\ExcelReport\Stocklist.xlsx
2023-02-23 20:00:32,230 INFO com.sis.ExcelReport.Service.EmailService [scheduling-1] Mail sent Successfully
2023-02-23 20:00:32,230 INFO com.sis.ExcelReport.Controller.ReportController [scheduling-1] DepartMent -->VENTILATOR
2023-02-23 20:00:37,857 INFO com.sis.ExcelReport.Service.EmailService [scheduling-1] E:\sc warrr11\ExcelReport\Stocklist.xlsx
2023-02-23 20:00:37,857 INFO com.sis.ExcelReport.Service.EmailService [scheduling-1] Mail sent Successfully
2023-02-23 20:00:37,857 INFO com.sis.ExcelReport.Controller.ReportController [scheduling-1] DepartMent -->CONSUMABLES
2023-02-23 20:00:43,501 INFO com.sis.ExcelReport.Service.EmailService [scheduling-1] E:\sc warrr11\ExcelReport\Stocklist.xlsx
2023-02-23 20:00:43,501 INFO com.sis.ExcelReport.Service.EmailService [scheduling-1] Mail sent Successfully
2023-02-23 21:13:21,955 WARN com.zaxxer.hikari.pool.HikariPool$HouseKeeper [HikariPool-1 housekeeper] HikariPool-1 - Thread starvation or clock leap detected (housekeeper delta=1m21s943ms544µs100ns).
