2023-02-12 09:40:00,328 INFO com.sis.ExcelReport.Controller.ReportController [scheduling-1] Report Type -->prf/ob_pending
2023-02-12 09:40:03,207 INFO com.sis.ExcelReport.Controller.ReportController [scheduling-1] DepartMent -->SAG
2023-02-12 09:40:17,577 INFO com.sis.ExcelReport.Service.EmailService [scheduling-1] E:\sc warrr11\ExcelReport\PRFOB_'Pending'.xlsx
2023-02-12 09:40:17,577 INFO com.sis.ExcelReport.Service.EmailService [scheduling-1] Mail sent Successfully
2023-02-12 09:40:17,578 INFO com.sis.ExcelReport.Controller.ReportController [scheduling-1] DepartMent -->all
2023-02-12 09:40:27,267 INFO com.sis.ExcelReport.Service.EmailService [scheduling-1] E:\sc warrr11\ExcelReport\PRFOB_'Pending'.xlsx
2023-02-12 09:40:27,268 INFO com.sis.ExcelReport.Service.EmailService [scheduling-1] Mail sent Successfully
2023-02-12 09:40:27,268 INFO com.sis.ExcelReport.Controller.ReportController [scheduling-1] DepartMent -->OEM
2023-02-12 09:40:37,077 INFO com.sis.ExcelReport.Service.EmailService [scheduling-1] E:\sc warrr11\ExcelReport\PRFOB_'Pending'.xlsx
2023-02-12 09:40:37,077 INFO com.sis.ExcelReport.Service.EmailService [scheduling-1] Mail sent Successfully
2023-02-12 09:40:37,078 INFO com.sis.ExcelReport.Controller.ReportController [scheduling-1] DepartMent -->SHIPL
2023-02-12 09:40:43,246 INFO com.sis.ExcelReport.Service.EmailService [scheduling-1] E:\sc warrr11\ExcelReport\PRFOB_'Pending'.xlsx
2023-02-12 09:40:43,246 INFO com.sis.ExcelReport.Service.EmailService [scheduling-1] Mail sent Successfully
2023-02-12 09:40:43,246 INFO com.sis.ExcelReport.Controller.ReportController [scheduling-1] DepartMent -->INJECTOR
2023-02-12 09:40:51,708 INFO com.sis.ExcelReport.Service.EmailService [scheduling-1] E:\sc warrr11\ExcelReport\PRFOB_'Pending'.xlsx
2023-02-12 09:40:51,708 INFO com.sis.ExcelReport.Service.EmailService [scheduling-1] Mail sent Successfully
2023-02-12 09:40:51,708 INFO com.sis.ExcelReport.Controller.ReportController [scheduling-1] DepartMent -->VENTILATOR
2023-02-12 09:41:00,949 INFO com.sis.ExcelReport.Service.EmailService [scheduling-1] E:\sc warrr11\ExcelReport\PRFOB_'Pending'.xlsx
2023-02-12 09:41:00,949 INFO com.sis.ExcelReport.Service.EmailService [scheduling-1] Mail sent Successfully
2023-02-12 11:30:00,174 INFO com.sis.ExcelReport.Controller.ReportController [scheduling-1] Report Type -->dispatchlist
2023-02-12 11:30:02,103 INFO com.sis.ExcelReport.Controller.ReportController [scheduling-1] DepartMent -->SAG
2023-02-12 11:30:10,010 INFO com.sis.ExcelReport.Service.EmailService [scheduling-1] E:\sc warrr11\ExcelReport\Dispatchlist.xlsx
2023-02-12 11:30:10,011 INFO com.sis.ExcelReport.Service.EmailService [scheduling-1] Mail sent Successfully
2023-02-12 11:30:10,011 INFO com.sis.ExcelReport.Controller.ReportController [scheduling-1] DepartMent -->all
2023-02-12 11:30:17,085 INFO com.sis.ExcelReport.Service.EmailService [scheduling-1] E:\sc warrr11\ExcelReport\Dispatchlist.xlsx
2023-02-12 11:30:17,085 INFO com.sis.ExcelReport.Service.EmailService [scheduling-1] Mail sent Successfully
2023-02-12 11:30:17,085 INFO com.sis.ExcelReport.Controller.ReportController [scheduling-1] DepartMent -->OEM
2023-02-12 11:30:24,291 INFO com.sis.ExcelReport.Service.EmailService [scheduling-1] E:\sc warrr11\ExcelReport\Dispatchlist.xlsx
2023-02-12 11:30:24,291 INFO com.sis.ExcelReport.Service.EmailService [scheduling-1] Mail sent Successfully
2023-02-12 11:30:24,291 INFO com.sis.ExcelReport.Controller.ReportController [scheduling-1] DepartMent -->SHIPL
2023-02-12 11:30:31,308 INFO com.sis.ExcelReport.Service.EmailService [scheduling-1] E:\sc warrr11\ExcelReport\Dispatchlist.xlsx
2023-02-12 11:30:31,308 INFO com.sis.ExcelReport.Service.EmailService [scheduling-1] Mail sent Successfully
2023-02-12 11:30:31,309 INFO com.sis.ExcelReport.Controller.ReportController [scheduling-1] DepartMent -->INJECTOR
2023-02-12 11:30:38,012 INFO com.sis.ExcelReport.Service.EmailService [scheduling-1] E:\sc warrr11\ExcelReport\Dispatchlist.xlsx
2023-02-12 11:30:38,012 INFO com.sis.ExcelReport.Service.EmailService [scheduling-1] Mail sent Successfully
2023-02-12 11:30:38,013 INFO com.sis.ExcelReport.Controller.ReportController [scheduling-1] DepartMent -->VENTILATOR
2023-02-12 11:30:46,899 INFO com.sis.ExcelReport.Service.EmailService [scheduling-1] E:\sc warrr11\ExcelReport\Dispatchlist.xlsx
2023-02-12 11:30:46,899 INFO com.sis.ExcelReport.Service.EmailService [scheduling-1] Mail sent Successfully
2023-02-12 11:30:46,900 INFO com.sis.ExcelReport.Controller.ReportController [scheduling-1] DepartMent -->HEALTH AND FITNESS
2023-02-12 11:30:53,558 INFO com.sis.ExcelReport.Service.EmailService [scheduling-1] E:\sc warrr11\ExcelReport\Dispatchlist.xlsx
2023-02-12 11:30:53,558 INFO com.sis.ExcelReport.Service.EmailService [scheduling-1] Mail sent Successfully
2023-02-12 11:30:53,558 INFO com.sis.ExcelReport.Controller.ReportController [scheduling-1] DepartMent -->CONSUMABLES
2023-02-12 11:31:01,767 INFO com.sis.ExcelReport.Service.EmailService [scheduling-1] E:\sc warrr11\ExcelReport\Dispatchlist.xlsx
2023-02-12 11:31:01,767 INFO com.sis.ExcelReport.Service.EmailService [scheduling-1] Mail sent Successfully
2023-02-12 16:06:00,021 INFO com.sis.ExcelReport.Controller.ReportController [scheduling-1] Report Type -->dispatchlist
2023-02-12 16:06:00,135 INFO com.sis.ExcelReport.Controller.ReportController [scheduling-1] DepartMent -->SAG
2023-02-12 16:06:07,391 INFO com.sis.ExcelReport.Service.EmailService [scheduling-1] E:\sc warrr11\ExcelReport\Dispatchlist.xlsx
2023-02-12 16:06:07,391 INFO com.sis.ExcelReport.Service.EmailService [scheduling-1] Mail sent Successfully
2023-02-12 16:06:07,391 INFO com.sis.ExcelReport.Controller.ReportController [scheduling-1] DepartMent -->all
2023-02-12 16:06:14,156 INFO com.sis.ExcelReport.Service.EmailService [scheduling-1] E:\sc warrr11\ExcelReport\Dispatchlist.xlsx
2023-02-12 16:06:14,156 INFO com.sis.ExcelReport.Service.EmailService [scheduling-1] Mail sent Successfully
2023-02-12 16:06:14,156 INFO com.sis.ExcelReport.Controller.ReportController [scheduling-1] DepartMent -->OEM
2023-02-12 16:06:20,156 INFO com.sis.ExcelReport.Service.EmailService [scheduling-1] E:\sc warrr11\ExcelReport\Dispatchlist.xlsx
2023-02-12 16:06:20,156 INFO com.sis.ExcelReport.Service.EmailService [scheduling-1] Mail sent Successfully
2023-02-12 16:06:20,156 INFO com.sis.ExcelReport.Controller.ReportController [scheduling-1] DepartMent -->SHIPL
2023-02-12 16:06:26,208 INFO com.sis.ExcelReport.Service.EmailService [scheduling-1] E:\sc warrr11\ExcelReport\Dispatchlist.xlsx
2023-02-12 16:06:26,208 INFO com.sis.ExcelReport.Service.EmailService [scheduling-1] Mail sent Successfully
2023-02-12 16:06:26,208 INFO com.sis.ExcelReport.Controller.ReportController [scheduling-1] DepartMent -->INJECTOR
2023-02-12 16:06:32,024 INFO com.sis.ExcelReport.Service.EmailService [scheduling-1] E:\sc warrr11\ExcelReport\Dispatchlist.xlsx
2023-02-12 16:06:32,024 INFO com.sis.ExcelReport.Service.EmailService [scheduling-1] Mail sent Successfully
2023-02-12 16:06:32,024 INFO com.sis.ExcelReport.Controller.ReportController [scheduling-1] DepartMent -->VENTILATOR
2023-02-12 16:06:38,069 INFO com.sis.ExcelReport.Service.EmailService [scheduling-1] E:\sc warrr11\ExcelReport\Dispatchlist.xlsx
2023-02-12 16:06:38,069 INFO com.sis.ExcelReport.Service.EmailService [scheduling-1] Mail sent Successfully
2023-02-12 16:06:38,070 INFO com.sis.ExcelReport.Controller.ReportController [scheduling-1] DepartMent -->HEALTH AND FITNESS
2023-02-12 16:06:44,025 INFO com.sis.ExcelReport.Service.EmailService [scheduling-1] E:\sc warrr11\ExcelReport\Dispatchlist.xlsx
2023-02-12 16:06:44,025 INFO com.sis.ExcelReport.Service.EmailService [scheduling-1] Mail sent Successfully
2023-02-12 16:06:44,025 INFO com.sis.ExcelReport.Controller.ReportController [scheduling-1] DepartMent -->CONSUMABLES
2023-02-12 16:06:50,010 INFO com.sis.ExcelReport.Service.EmailService [scheduling-1] E:\sc warrr11\ExcelReport\Dispatchlist.xlsx
2023-02-12 16:06:50,011 INFO com.sis.ExcelReport.Service.EmailService [scheduling-1] Mail sent Successfully
2023-02-12 18:30:00,069 INFO com.sis.ExcelReport.Controller.ReportController [scheduling-1] Report Type -->prf/ob_completed
2023-02-12 18:30:00,500 INFO com.sis.ExcelReport.Controller.ReportController [scheduling-1] DepartMent -->all
2023-02-12 18:30:07,583 INFO com.sis.ExcelReport.Service.EmailService [scheduling-1] E:\sc warrr11\ExcelReport\PRFOB_'Completed'.xlsx
2023-02-12 18:30:07,583 INFO com.sis.ExcelReport.Service.EmailService [scheduling-1] Mail sent Successfully
2023-02-12 18:30:07,583 INFO com.sis.ExcelReport.Controller.ReportController [scheduling-1] DepartMent -->OEM
2023-02-12 18:30:13,328 INFO com.sis.ExcelReport.Service.EmailService [scheduling-1] E:\sc warrr11\ExcelReport\PRFOB_'Completed'.xlsx
2023-02-12 18:30:13,329 INFO com.sis.ExcelReport.Service.EmailService [scheduling-1] Mail sent Successfully
2023-02-12 18:30:13,329 INFO com.sis.ExcelReport.Controller.ReportController [scheduling-1] DepartMent -->VENTILATOR
2023-02-12 18:30:19,298 INFO com.sis.ExcelReport.Service.EmailService [scheduling-1] E:\sc warrr11\ExcelReport\PRFOB_'Completed'.xlsx
2023-02-12 18:30:19,298 INFO com.sis.ExcelReport.Service.EmailService [scheduling-1] Mail sent Successfully
2023-02-12 20:00:00,030 INFO com.sis.ExcelReport.Controller.ReportController [scheduling-1] Report Type -->stocklist
2023-02-12 20:00:00,617 INFO com.sis.ExcelReport.Controller.ReportController [scheduling-1] DepartMent -->SAG
2023-02-12 20:00:08,430 INFO com.sis.ExcelReport.Service.EmailService [scheduling-1] E:\sc warrr11\ExcelReport\Stocklist.xlsx
2023-02-12 20:00:08,430 INFO com.sis.ExcelReport.Service.EmailService [scheduling-1] Mail sent Successfully
2023-02-12 20:00:08,430 INFO com.sis.ExcelReport.Controller.ReportController [scheduling-1] DepartMent -->all
2023-02-12 20:00:16,652 INFO com.sis.ExcelReport.Service.EmailService [scheduling-1] E:\sc warrr11\ExcelReport\Stocklist.xlsx
2023-02-12 20:00:16,652 INFO com.sis.ExcelReport.Service.EmailService [scheduling-1] Mail sent Successfully
2023-02-12 20:00:16,652 INFO com.sis.ExcelReport.Controller.ReportController [scheduling-1] DepartMent -->OEM
2023-02-12 20:00:23,795 INFO com.sis.ExcelReport.Service.EmailService [scheduling-1] E:\sc warrr11\ExcelReport\Stocklist.xlsx
2023-02-12 20:00:23,795 INFO com.sis.ExcelReport.Service.EmailService [scheduling-1] Mail sent Successfully
2023-02-12 20:00:23,795 INFO com.sis.ExcelReport.Controller.ReportController [scheduling-1] DepartMent -->SHIPL
2023-02-12 20:00:29,641 INFO com.sis.ExcelReport.Service.EmailService [scheduling-1] E:\sc warrr11\ExcelReport\Stocklist.xlsx
2023-02-12 20:00:29,641 INFO com.sis.ExcelReport.Service.EmailService [scheduling-1] Mail sent Successfully
2023-02-12 20:00:29,641 INFO com.sis.ExcelReport.Controller.ReportController [scheduling-1] DepartMent -->INJECTOR
2023-02-12 20:00:35,812 INFO com.sis.ExcelReport.Service.EmailService [scheduling-1] E:\sc warrr11\ExcelReport\Stocklist.xlsx
2023-02-12 20:00:35,812 INFO com.sis.ExcelReport.Service.EmailService [scheduling-1] Mail sent Successfully
2023-02-12 20:00:35,812 INFO com.sis.ExcelReport.Controller.ReportController [scheduling-1] DepartMent -->VENTILATOR
2023-02-12 20:00:42,253 INFO com.sis.ExcelReport.Service.EmailService [scheduling-1] E:\sc warrr11\ExcelReport\Stocklist.xlsx
2023-02-12 20:00:42,253 INFO com.sis.ExcelReport.Service.EmailService [scheduling-1] Mail sent Successfully
2023-02-12 20:00:42,253 INFO com.sis.ExcelReport.Controller.ReportController [scheduling-1] DepartMent -->CONSUMABLES
2023-02-12 20:00:48,110 INFO com.sis.ExcelReport.Service.EmailService [scheduling-1] E:\sc warrr11\ExcelReport\Stocklist.xlsx
2023-02-12 20:00:48,110 INFO com.sis.ExcelReport.Service.EmailService [scheduling-1] Mail sent Successfully
