2023-05-20 08:23:11,730 INFO org.apache.juli.logging.DirectJDKLog [http-nio-90-exec-3] Error parsing HTTP request header
 Note: further occurrences of HTTP request parsing errors will be logged at DEBUG level.
java.lang.IllegalArgumentException: Invalid character found in method name [0x030x000x00/*0xe00x000x000x000x000x00Cookie:]. HTTP method names must be tokens
	at org.apache.coyote.http11.Http11InputBuffer.parseRequestLine(Http11InputBuffer.java:417)
	at org.apache.coyote.http11.Http11Processor.service(Http11Processor.java:261)
	at org.apache.coyote.AbstractProcessorLight.process(AbstractProcessorLight.java:65)
	at org.apache.coyote.AbstractProtocol$ConnectionHandler.process(AbstractProtocol.java:893)
	at org.apache.tomcat.util.net.NioEndpoint$SocketProcessor.doRun(NioEndpoint.java:1707)
	at org.apache.tomcat.util.net.SocketProcessorBase.run(SocketProcessorBase.java:49)
	at java.util.concurrent.ThreadPoolExecutor.runWorker(ThreadPoolExecutor.java:1149)
	at java.util.concurrent.ThreadPoolExecutor$Worker.run(ThreadPoolExecutor.java:624)
	at org.apache.tomcat.util.threads.TaskThread$WrappingRunnable.run(TaskThread.java:61)
	at java.lang.Thread.run(Thread.java:748)
2023-05-20 09:40:00,070 INFO com.sis.ExcelReport.Controller.ReportController [scheduling-1] Report Type -->prf/ob_pending
2023-05-20 09:40:00,599 INFO com.sis.ExcelReport.Controller.ReportController [scheduling-1] DepartMent -->SAG
2023-05-20 09:40:07,721 INFO com.sis.ExcelReport.Service.EmailService [scheduling-1] E:\sc warrr11\ExcelReport\PRFOB_'Pending'.xlsx
2023-05-20 09:40:07,722 INFO com.sis.ExcelReport.Service.EmailService [scheduling-1] Mail sent Successfully
2023-05-20 09:40:07,722 INFO com.sis.ExcelReport.Controller.ReportController [scheduling-1] DepartMent -->all
2023-05-20 09:40:14,018 INFO com.sis.ExcelReport.Service.EmailService [scheduling-1] E:\sc warrr11\ExcelReport\PRFOB_'Pending'.xlsx
2023-05-20 09:40:14,018 INFO com.sis.ExcelReport.Service.EmailService [scheduling-1] Mail sent Successfully
2023-05-20 09:40:14,018 INFO com.sis.ExcelReport.Controller.ReportController [scheduling-1] DepartMent -->OEM
2023-05-20 09:40:19,909 INFO com.sis.ExcelReport.Service.EmailService [scheduling-1] E:\sc warrr11\ExcelReport\PRFOB_'Pending'.xlsx
2023-05-20 09:40:19,909 INFO com.sis.ExcelReport.Service.EmailService [scheduling-1] Mail sent Successfully
2023-05-20 09:40:19,909 INFO com.sis.ExcelReport.Controller.ReportController [scheduling-1] DepartMent -->SHIPL
2023-05-20 09:40:25,835 INFO com.sis.ExcelReport.Service.EmailService [scheduling-1] E:\sc warrr11\ExcelReport\PRFOB_'Pending'.xlsx
2023-05-20 09:40:25,835 INFO com.sis.ExcelReport.Service.EmailService [scheduling-1] Mail sent Successfully
2023-05-20 09:40:25,835 INFO com.sis.ExcelReport.Controller.ReportController [scheduling-1] DepartMent -->INJECTOR
2023-05-20 09:40:31,435 INFO com.sis.ExcelReport.Service.EmailService [scheduling-1] E:\sc warrr11\ExcelReport\PRFOB_'Pending'.xlsx
2023-05-20 09:40:31,435 INFO com.sis.ExcelReport.Service.EmailService [scheduling-1] Mail sent Successfully
2023-05-20 09:40:31,435 INFO com.sis.ExcelReport.Controller.ReportController [scheduling-1] DepartMent -->VENTILATOR
2023-05-20 09:40:36,997 INFO com.sis.ExcelReport.Service.EmailService [scheduling-1] E:\sc warrr11\ExcelReport\PRFOB_'Pending'.xlsx
2023-05-20 09:40:36,997 INFO com.sis.ExcelReport.Service.EmailService [scheduling-1] Mail sent Successfully
2023-05-20 11:30:00,028 INFO com.sis.ExcelReport.Controller.ReportController [scheduling-1] Report Type -->dispatchlist
2023-05-20 11:30:00,214 INFO com.sis.ExcelReport.Controller.ReportController [scheduling-1] DepartMent -->SAG
2023-05-20 11:30:07,191 INFO com.sis.ExcelReport.Service.EmailService [scheduling-1] E:\sc warrr11\ExcelReport\Dispatchlist.xlsx
2023-05-20 11:30:07,191 INFO com.sis.ExcelReport.Service.EmailService [scheduling-1] Mail sent Successfully
2023-05-20 11:30:07,191 INFO com.sis.ExcelReport.Controller.ReportController [scheduling-1] DepartMent -->all
2023-05-20 11:30:14,442 INFO com.sis.ExcelReport.Service.EmailService [scheduling-1] E:\sc warrr11\ExcelReport\Dispatchlist.xlsx
2023-05-20 11:30:14,442 INFO com.sis.ExcelReport.Service.EmailService [scheduling-1] Mail sent Successfully
2023-05-20 11:30:14,443 INFO com.sis.ExcelReport.Controller.ReportController [scheduling-1] DepartMent -->SHIPL
2023-05-20 11:30:20,066 INFO com.sis.ExcelReport.Service.EmailService [scheduling-1] E:\sc warrr11\ExcelReport\Dispatchlist.xlsx
2023-05-20 11:30:20,066 INFO com.sis.ExcelReport.Service.EmailService [scheduling-1] Mail sent Successfully
2023-05-20 11:30:20,067 INFO com.sis.ExcelReport.Controller.ReportController [scheduling-1] DepartMent -->OEM
2023-05-20 11:30:25,426 INFO com.sis.ExcelReport.Service.EmailService [scheduling-1] E:\sc warrr11\ExcelReport\Dispatchlist.xlsx
2023-05-20 11:30:25,426 INFO com.sis.ExcelReport.Service.EmailService [scheduling-1] Mail sent Successfully
2023-05-20 11:30:25,427 INFO com.sis.ExcelReport.Controller.ReportController [scheduling-1] DepartMent -->INJECTOR
2023-05-20 11:30:30,909 INFO com.sis.ExcelReport.Service.EmailService [scheduling-1] E:\sc warrr11\ExcelReport\Dispatchlist.xlsx
2023-05-20 11:30:30,910 INFO com.sis.ExcelReport.Service.EmailService [scheduling-1] Mail sent Successfully
2023-05-20 11:30:30,910 INFO com.sis.ExcelReport.Controller.ReportController [scheduling-1] DepartMent -->VENTILATOR
2023-05-20 11:30:36,648 INFO com.sis.ExcelReport.Service.EmailService [scheduling-1] E:\sc warrr11\ExcelReport\Dispatchlist.xlsx
2023-05-20 11:30:36,648 INFO com.sis.ExcelReport.Service.EmailService [scheduling-1] Mail sent Successfully
2023-05-20 11:30:36,648 INFO com.sis.ExcelReport.Controller.ReportController [scheduling-1] DepartMent -->HEALTH AND FITNESS
2023-05-20 11:30:42,229 INFO com.sis.ExcelReport.Service.EmailService [scheduling-1] E:\sc warrr11\ExcelReport\Dispatchlist.xlsx
2023-05-20 11:30:42,229 INFO com.sis.ExcelReport.Service.EmailService [scheduling-1] Mail sent Successfully
2023-05-20 11:30:42,229 INFO com.sis.ExcelReport.Controller.ReportController [scheduling-1] DepartMent -->CONSUMABLES
2023-05-20 11:30:47,750 INFO com.sis.ExcelReport.Service.EmailService [scheduling-1] E:\sc warrr11\ExcelReport\Dispatchlist.xlsx
2023-05-20 11:30:47,750 INFO com.sis.ExcelReport.Service.EmailService [scheduling-1] Mail sent Successfully
2023-05-20 16:06:00,011 INFO com.sis.ExcelReport.Controller.ReportController [scheduling-1] Report Type -->dispatchlist
2023-05-20 16:06:00,203 INFO com.sis.ExcelReport.Controller.ReportController [scheduling-1] DepartMent -->SAG
2023-05-20 16:06:06,913 INFO com.sis.ExcelReport.Service.EmailService [scheduling-1] E:\sc warrr11\ExcelReport\Dispatchlist.xlsx
2023-05-20 16:06:06,913 INFO com.sis.ExcelReport.Service.EmailService [scheduling-1] Mail sent Successfully
2023-05-20 16:06:06,913 INFO com.sis.ExcelReport.Controller.ReportController [scheduling-1] DepartMent -->all
2023-05-20 16:06:14,162 INFO com.sis.ExcelReport.Service.EmailService [scheduling-1] E:\sc warrr11\ExcelReport\Dispatchlist.xlsx
2023-05-20 16:06:14,163 INFO com.sis.ExcelReport.Service.EmailService [scheduling-1] Mail sent Successfully
2023-05-20 16:06:14,163 INFO com.sis.ExcelReport.Controller.ReportController [scheduling-1] DepartMent -->SHIPL
2023-05-20 16:06:20,009 INFO com.sis.ExcelReport.Service.EmailService [scheduling-1] E:\sc warrr11\ExcelReport\Dispatchlist.xlsx
2023-05-20 16:06:20,010 INFO com.sis.ExcelReport.Service.EmailService [scheduling-1] Mail sent Successfully
2023-05-20 16:06:20,010 INFO com.sis.ExcelReport.Controller.ReportController [scheduling-1] DepartMent -->OEM
2023-05-20 16:06:25,349 INFO com.sis.ExcelReport.Service.EmailService [scheduling-1] E:\sc warrr11\ExcelReport\Dispatchlist.xlsx
2023-05-20 16:06:25,349 INFO com.sis.ExcelReport.Service.EmailService [scheduling-1] Mail sent Successfully
2023-05-20 16:06:25,350 INFO com.sis.ExcelReport.Controller.ReportController [scheduling-1] DepartMent -->INJECTOR
2023-05-20 16:06:30,710 INFO com.sis.ExcelReport.Service.EmailService [scheduling-1] E:\sc warrr11\ExcelReport\Dispatchlist.xlsx
2023-05-20 16:06:30,710 INFO com.sis.ExcelReport.Service.EmailService [scheduling-1] Mail sent Successfully
2023-05-20 16:06:30,711 INFO com.sis.ExcelReport.Controller.ReportController [scheduling-1] DepartMent -->VENTILATOR
2023-05-20 16:06:36,244 INFO com.sis.ExcelReport.Service.EmailService [scheduling-1] E:\sc warrr11\ExcelReport\Dispatchlist.xlsx
2023-05-20 16:06:36,245 INFO com.sis.ExcelReport.Service.EmailService [scheduling-1] Mail sent Successfully
2023-05-20 16:06:36,245 INFO com.sis.ExcelReport.Controller.ReportController [scheduling-1] DepartMent -->HEALTH AND FITNESS
2023-05-20 16:06:42,098 INFO com.sis.ExcelReport.Service.EmailService [scheduling-1] E:\sc warrr11\ExcelReport\Dispatchlist.xlsx
2023-05-20 16:06:42,098 INFO com.sis.ExcelReport.Service.EmailService [scheduling-1] Mail sent Successfully
2023-05-20 16:06:42,098 INFO com.sis.ExcelReport.Controller.ReportController [scheduling-1] DepartMent -->CONSUMABLES
2023-05-20 16:06:47,585 INFO com.sis.ExcelReport.Service.EmailService [scheduling-1] E:\sc warrr11\ExcelReport\Dispatchlist.xlsx
2023-05-20 16:06:47,585 INFO com.sis.ExcelReport.Service.EmailService [scheduling-1] Mail sent Successfully
2023-05-20 18:30:00,027 INFO com.sis.ExcelReport.Controller.ReportController [scheduling-1] Report Type -->prf/ob_completed
2023-05-20 18:30:00,322 INFO com.sis.ExcelReport.Controller.ReportController [scheduling-1] DepartMent -->all
2023-05-20 18:30:07,581 INFO com.sis.ExcelReport.Service.EmailService [scheduling-1] E:\sc warrr11\ExcelReport\PRFOB_'Completed'.xlsx
2023-05-20 18:30:07,582 INFO com.sis.ExcelReport.Service.EmailService [scheduling-1] Mail sent Successfully
2023-05-20 18:30:07,582 INFO com.sis.ExcelReport.Controller.ReportController [scheduling-1] DepartMent -->VENTILATOR
2023-05-20 18:30:13,185 INFO com.sis.ExcelReport.Service.EmailService [scheduling-1] E:\sc warrr11\ExcelReport\PRFOB_'Completed'.xlsx
2023-05-20 18:30:13,185 INFO com.sis.ExcelReport.Service.EmailService [scheduling-1] Mail sent Successfully
2023-05-20 18:30:13,185 INFO com.sis.ExcelReport.Controller.ReportController [scheduling-1] DepartMent -->SAG
2023-05-20 18:30:18,660 INFO com.sis.ExcelReport.Service.EmailService [scheduling-1] E:\sc warrr11\ExcelReport\PRFOB_'Completed'.xlsx
2023-05-20 18:30:18,660 INFO com.sis.ExcelReport.Service.EmailService [scheduling-1] Mail sent Successfully
2023-05-20 18:30:18,660 INFO com.sis.ExcelReport.Controller.ReportController [scheduling-1] DepartMent -->OEM
2023-05-20 18:30:24,345 INFO com.sis.ExcelReport.Service.EmailService [scheduling-1] E:\sc warrr11\ExcelReport\PRFOB_'Completed'.xlsx
2023-05-20 18:30:24,345 INFO com.sis.ExcelReport.Service.EmailService [scheduling-1] Mail sent Successfully
2023-05-20 20:00:00,028 INFO com.sis.ExcelReport.Controller.ReportController [scheduling-1] Report Type -->stocklist
2023-05-20 20:00:00,139 INFO com.sis.ExcelReport.Controller.ReportController [scheduling-1] DepartMent -->SAG
2023-05-20 20:00:06,215 INFO com.sis.ExcelReport.Service.EmailService [scheduling-1] E:\sc warrr11\ExcelReport\Stocklist.xlsx
2023-05-20 20:00:06,215 INFO com.sis.ExcelReport.Service.EmailService [scheduling-1] Mail sent Successfully
2023-05-20 20:00:06,215 INFO com.sis.ExcelReport.Controller.ReportController [scheduling-1] DepartMent -->all
2023-05-20 20:00:13,134 INFO com.sis.ExcelReport.Service.EmailService [scheduling-1] E:\sc warrr11\ExcelReport\Stocklist.xlsx
2023-05-20 20:00:13,134 INFO com.sis.ExcelReport.Service.EmailService [scheduling-1] Mail sent Successfully
2023-05-20 20:00:13,134 INFO com.sis.ExcelReport.Controller.ReportController [scheduling-1] DepartMent -->SHIPL
2023-05-20 20:00:18,918 INFO com.sis.ExcelReport.Service.EmailService [scheduling-1] E:\sc warrr11\ExcelReport\Stocklist.xlsx
2023-05-20 20:00:18,919 INFO com.sis.ExcelReport.Service.EmailService [scheduling-1] Mail sent Successfully
2023-05-20 20:00:18,919 INFO com.sis.ExcelReport.Controller.ReportController [scheduling-1] DepartMent -->OEM
2023-05-20 20:00:24,870 INFO com.sis.ExcelReport.Service.EmailService [scheduling-1] E:\sc warrr11\ExcelReport\Stocklist.xlsx
2023-05-20 20:00:24,870 INFO com.sis.ExcelReport.Service.EmailService [scheduling-1] Mail sent Successfully
2023-05-20 20:00:24,870 INFO com.sis.ExcelReport.Controller.ReportController [scheduling-1] DepartMent -->INJECTOR
2023-05-20 20:00:30,418 INFO com.sis.ExcelReport.Service.EmailService [scheduling-1] E:\sc warrr11\ExcelReport\Stocklist.xlsx
2023-05-20 20:00:30,418 INFO com.sis.ExcelReport.Service.EmailService [scheduling-1] Mail sent Successfully
2023-05-20 20:00:30,418 INFO com.sis.ExcelReport.Controller.ReportController [scheduling-1] DepartMent -->VENTILATOR
2023-05-20 20:00:35,876 INFO com.sis.ExcelReport.Service.EmailService [scheduling-1] E:\sc warrr11\ExcelReport\Stocklist.xlsx
2023-05-20 20:00:35,876 INFO com.sis.ExcelReport.Service.EmailService [scheduling-1] Mail sent Successfully
2023-05-20 20:00:35,876 INFO com.sis.ExcelReport.Controller.ReportController [scheduling-1] DepartMent -->CONSUMABLES
2023-05-20 20:00:41,226 INFO com.sis.ExcelReport.Service.EmailService [scheduling-1] E:\sc warrr11\ExcelReport\Stocklist.xlsx
2023-05-20 20:00:41,226 INFO com.sis.ExcelReport.Service.EmailService [scheduling-1] Mail sent Successfully
