2023-06-12 09:40:02,002 INFO com.sis.ExcelReport.Controller.ReportController [scheduling-1] Report Type -->prf/ob_pending
2023-06-12 09:40:03,347 INFO com.sis.ExcelReport.Controller.ReportController [scheduling-1] DepartMent -->SAG
2023-06-12 09:40:10,426 INFO com.sis.ExcelReport.Service.EmailService [scheduling-1] E:\sc warrr11\ExcelReport\PRFOB_'Pending'.xlsx
2023-06-12 09:40:10,426 INFO com.sis.ExcelReport.Service.EmailService [scheduling-1] Mail sent Successfully
2023-06-12 09:40:10,427 INFO com.sis.ExcelReport.Controller.ReportController [scheduling-1] DepartMent -->all
2023-06-12 09:40:17,146 INFO com.sis.ExcelReport.Service.EmailService [scheduling-1] E:\sc warrr11\ExcelReport\PRFOB_'Pending'.xlsx
2023-06-12 09:40:17,147 INFO com.sis.ExcelReport.Service.EmailService [scheduling-1] Mail sent Successfully
2023-06-12 09:40:17,147 INFO com.sis.ExcelReport.Controller.ReportController [scheduling-1] DepartMent -->OEM
2023-06-12 09:40:23,008 INFO com.sis.ExcelReport.Service.EmailService [scheduling-1] E:\sc warrr11\ExcelReport\PRFOB_'Pending'.xlsx
2023-06-12 09:40:23,008 INFO com.sis.ExcelReport.Service.EmailService [scheduling-1] Mail sent Successfully
2023-06-12 09:40:23,008 INFO com.sis.ExcelReport.Controller.ReportController [scheduling-1] DepartMent -->SHIPL
2023-06-12 09:40:28,643 INFO com.sis.ExcelReport.Service.EmailService [scheduling-1] E:\sc warrr11\ExcelReport\PRFOB_'Pending'.xlsx
2023-06-12 09:40:28,643 INFO com.sis.ExcelReport.Service.EmailService [scheduling-1] Mail sent Successfully
2023-06-12 09:40:28,643 INFO com.sis.ExcelReport.Controller.ReportController [scheduling-1] DepartMent -->INJECTOR
2023-06-12 09:40:34,095 INFO com.sis.ExcelReport.Service.EmailService [scheduling-1] E:\sc warrr11\ExcelReport\PRFOB_'Pending'.xlsx
2023-06-12 09:40:34,095 INFO com.sis.ExcelReport.Service.EmailService [scheduling-1] Mail sent Successfully
2023-06-12 10:00:03,056 INFO com.sis.ExcelReport.Controller.ReportController [scheduling-1] Report Type -->under_repair
2023-06-12 10:30:03,052 INFO com.sis.ExcelReport.Controller.ReportController [scheduling-1] Report Type -->ob_pending
2023-06-12 11:00:03,037 INFO com.sis.ExcelReport.Controller.ReportController [scheduling-1] Report Type -->pendingfrn
2023-06-12 11:30:01,872 INFO com.sis.ExcelReport.Controller.ReportController [scheduling-1] Report Type -->dispatchlist
2023-06-12 11:30:02,116 INFO com.sis.ExcelReport.Controller.ReportController [scheduling-1] DepartMent -->SAG
2023-06-12 11:30:09,749 INFO com.sis.ExcelReport.Service.EmailService [scheduling-1] E:\sc warrr11\ExcelReport\Dispatchlist.xlsx
2023-06-12 11:30:09,750 INFO com.sis.ExcelReport.Service.EmailService [scheduling-1] Mail sent Successfully
2023-06-12 11:30:09,750 INFO com.sis.ExcelReport.Controller.ReportController [scheduling-1] DepartMent -->all
2023-06-12 11:30:17,754 INFO com.sis.ExcelReport.Service.EmailService [scheduling-1] E:\sc warrr11\ExcelReport\Dispatchlist.xlsx
2023-06-12 11:30:17,755 INFO com.sis.ExcelReport.Service.EmailService [scheduling-1] Mail sent Successfully
2023-06-12 11:30:17,755 INFO com.sis.ExcelReport.Controller.ReportController [scheduling-1] DepartMent -->SHIPL
2023-06-12 11:30:24,044 INFO com.sis.ExcelReport.Service.EmailService [scheduling-1] E:\sc warrr11\ExcelReport\Dispatchlist.xlsx
2023-06-12 11:30:24,044 INFO com.sis.ExcelReport.Service.EmailService [scheduling-1] Mail sent Successfully
2023-06-12 11:30:24,044 INFO com.sis.ExcelReport.Controller.ReportController [scheduling-1] DepartMent -->OEM
2023-06-12 11:30:29,759 INFO com.sis.ExcelReport.Service.EmailService [scheduling-1] E:\sc warrr11\ExcelReport\Dispatchlist.xlsx
2023-06-12 11:30:29,759 INFO com.sis.ExcelReport.Service.EmailService [scheduling-1] Mail sent Successfully
2023-06-12 11:30:29,759 INFO com.sis.ExcelReport.Controller.ReportController [scheduling-1] DepartMent -->INJECTOR
2023-06-12 11:30:35,752 INFO com.sis.ExcelReport.Service.EmailService [scheduling-1] E:\sc warrr11\ExcelReport\Dispatchlist.xlsx
2023-06-12 11:30:35,752 INFO com.sis.ExcelReport.Service.EmailService [scheduling-1] Mail sent Successfully
2023-06-12 11:30:35,752 INFO com.sis.ExcelReport.Controller.ReportController [scheduling-1] DepartMent -->VENTILATOR
2023-06-12 11:30:41,754 INFO com.sis.ExcelReport.Service.EmailService [scheduling-1] E:\sc warrr11\ExcelReport\Dispatchlist.xlsx
2023-06-12 11:30:41,755 INFO com.sis.ExcelReport.Service.EmailService [scheduling-1] Mail sent Successfully
2023-06-12 11:30:41,755 INFO com.sis.ExcelReport.Controller.ReportController [scheduling-1] DepartMent -->HEALTH AND FITNESS
2023-06-12 11:30:47,312 INFO com.sis.ExcelReport.Service.EmailService [scheduling-1] E:\sc warrr11\ExcelReport\Dispatchlist.xlsx
2023-06-12 11:30:47,313 INFO com.sis.ExcelReport.Service.EmailService [scheduling-1] Mail sent Successfully
2023-06-12 11:30:47,313 INFO com.sis.ExcelReport.Controller.ReportController [scheduling-1] DepartMent -->CONSUMABLES
2023-06-12 11:30:53,307 INFO com.sis.ExcelReport.Service.EmailService [scheduling-1] E:\sc warrr11\ExcelReport\Dispatchlist.xlsx
2023-06-12 11:30:53,308 INFO com.sis.ExcelReport.Service.EmailService [scheduling-1] Mail sent Successfully
2023-06-12 16:06:02,194 INFO com.sis.ExcelReport.Controller.ReportController [scheduling-1] Report Type -->dispatchlist
2023-06-12 16:06:03,950 INFO com.sis.ExcelReport.Controller.ReportController [scheduling-1] DepartMent -->SAG
2023-06-12 16:06:11,655 INFO com.sis.ExcelReport.Service.EmailService [scheduling-1] E:\sc warrr11\ExcelReport\Dispatchlist.xlsx
2023-06-12 16:06:11,655 INFO com.sis.ExcelReport.Service.EmailService [scheduling-1] Mail sent Successfully
2023-06-12 16:06:11,655 INFO com.sis.ExcelReport.Controller.ReportController [scheduling-1] DepartMent -->all
2023-06-12 16:06:19,287 INFO com.sis.ExcelReport.Service.EmailService [scheduling-1] E:\sc warrr11\ExcelReport\Dispatchlist.xlsx
2023-06-12 16:06:19,287 INFO com.sis.ExcelReport.Service.EmailService [scheduling-1] Mail sent Successfully
2023-06-12 16:06:19,288 INFO com.sis.ExcelReport.Controller.ReportController [scheduling-1] DepartMent -->SHIPL
2023-06-12 16:06:24,834 INFO com.sis.ExcelReport.Service.EmailService [scheduling-1] E:\sc warrr11\ExcelReport\Dispatchlist.xlsx
2023-06-12 16:06:24,847 INFO com.sis.ExcelReport.Service.EmailService [scheduling-1] Mail sent Successfully
2023-06-12 16:06:24,847 INFO com.sis.ExcelReport.Controller.ReportController [scheduling-1] DepartMent -->OEM
2023-06-12 16:06:30,607 INFO com.sis.ExcelReport.Service.EmailService [scheduling-1] E:\sc warrr11\ExcelReport\Dispatchlist.xlsx
2023-06-12 16:06:30,608 INFO com.sis.ExcelReport.Service.EmailService [scheduling-1] Mail sent Successfully
2023-06-12 16:06:30,608 INFO com.sis.ExcelReport.Controller.ReportController [scheduling-1] DepartMent -->INJECTOR
2023-06-12 16:06:36,194 INFO com.sis.ExcelReport.Service.EmailService [scheduling-1] E:\sc warrr11\ExcelReport\Dispatchlist.xlsx
2023-06-12 16:06:36,194 INFO com.sis.ExcelReport.Service.EmailService [scheduling-1] Mail sent Successfully
2023-06-12 16:06:36,194 INFO com.sis.ExcelReport.Controller.ReportController [scheduling-1] DepartMent -->VENTILATOR
2023-06-12 16:06:42,254 INFO com.sis.ExcelReport.Service.EmailService [scheduling-1] E:\sc warrr11\ExcelReport\Dispatchlist.xlsx
2023-06-12 16:06:42,254 INFO com.sis.ExcelReport.Service.EmailService [scheduling-1] Mail sent Successfully
2023-06-12 16:06:42,254 INFO com.sis.ExcelReport.Controller.ReportController [scheduling-1] DepartMent -->HEALTH AND FITNESS
2023-06-12 16:06:47,718 INFO com.sis.ExcelReport.Service.EmailService [scheduling-1] E:\sc warrr11\ExcelReport\Dispatchlist.xlsx
2023-06-12 16:06:47,718 INFO com.sis.ExcelReport.Service.EmailService [scheduling-1] Mail sent Successfully
2023-06-12 16:06:47,718 INFO com.sis.ExcelReport.Controller.ReportController [scheduling-1] DepartMent -->CONSUMABLES
2023-06-12 16:06:53,009 INFO com.sis.ExcelReport.Service.EmailService [scheduling-1] E:\sc warrr11\ExcelReport\Dispatchlist.xlsx
2023-06-12 16:06:53,009 INFO com.sis.ExcelReport.Service.EmailService [scheduling-1] Mail sent Successfully
2023-06-12 18:30:01,903 INFO com.sis.ExcelReport.Controller.ReportController [scheduling-1] Report Type -->prf/ob_completed
2023-06-12 18:30:02,766 INFO com.sis.ExcelReport.Controller.ReportController [scheduling-1] DepartMent -->all
2023-06-12 18:30:10,481 INFO com.sis.ExcelReport.Service.EmailService [scheduling-1] E:\sc warrr11\ExcelReport\PRFOB_'Completed'.xlsx
2023-06-12 18:30:10,481 INFO com.sis.ExcelReport.Service.EmailService [scheduling-1] Mail sent Successfully
2023-06-12 18:30:10,481 INFO com.sis.ExcelReport.Controller.ReportController [scheduling-1] DepartMent -->SAG
2023-06-12 18:30:15,855 INFO com.sis.ExcelReport.Service.EmailService [scheduling-1] E:\sc warrr11\ExcelReport\PRFOB_'Completed'.xlsx
2023-06-12 18:30:15,855 INFO com.sis.ExcelReport.Service.EmailService [scheduling-1] Mail sent Successfully
2023-06-12 18:30:15,855 INFO com.sis.ExcelReport.Controller.ReportController [scheduling-1] DepartMent -->OEM
2023-06-12 18:30:22,009 INFO com.sis.ExcelReport.Service.EmailService [scheduling-1] E:\sc warrr11\ExcelReport\PRFOB_'Completed'.xlsx
2023-06-12 18:30:22,009 INFO com.sis.ExcelReport.Service.EmailService [scheduling-1] Mail sent Successfully
2023-06-12 20:00:01,873 INFO com.sis.ExcelReport.Controller.ReportController [scheduling-1] Report Type -->stocklist
2023-06-12 20:00:02,215 INFO com.sis.ExcelReport.Controller.ReportController [scheduling-1] DepartMent -->SAG
2023-06-12 20:00:09,949 INFO com.sis.ExcelReport.Service.EmailService [scheduling-1] E:\sc warrr11\ExcelReport\Stocklist.xlsx
2023-06-12 20:00:09,950 INFO com.sis.ExcelReport.Service.EmailService [scheduling-1] Mail sent Successfully
2023-06-12 20:00:09,950 INFO com.sis.ExcelReport.Controller.ReportController [scheduling-1] DepartMent -->all
2023-06-12 20:00:16,969 INFO com.sis.ExcelReport.Service.EmailService [scheduling-1] E:\sc warrr11\ExcelReport\Stocklist.xlsx
2023-06-12 20:00:16,969 INFO com.sis.ExcelReport.Service.EmailService [scheduling-1] Mail sent Successfully
2023-06-12 20:00:16,969 INFO com.sis.ExcelReport.Controller.ReportController [scheduling-1] DepartMent -->SHIPL
2023-06-12 20:00:22,776 INFO com.sis.ExcelReport.Service.EmailService [scheduling-1] E:\sc warrr11\ExcelReport\Stocklist.xlsx
2023-06-12 20:00:22,776 INFO com.sis.ExcelReport.Service.EmailService [scheduling-1] Mail sent Successfully
2023-06-12 20:00:22,776 INFO com.sis.ExcelReport.Controller.ReportController [scheduling-1] DepartMent -->OEM
2023-06-12 20:00:28,225 INFO com.sis.ExcelReport.Service.EmailService [scheduling-1] E:\sc warrr11\ExcelReport\Stocklist.xlsx
2023-06-12 20:00:28,225 INFO com.sis.ExcelReport.Service.EmailService [scheduling-1] Mail sent Successfully
2023-06-12 20:00:28,225 INFO com.sis.ExcelReport.Controller.ReportController [scheduling-1] DepartMent -->INJECTOR
2023-06-12 20:00:33,519 INFO com.sis.ExcelReport.Service.EmailService [scheduling-1] E:\sc warrr11\ExcelReport\Stocklist.xlsx
2023-06-12 20:00:33,520 INFO com.sis.ExcelReport.Service.EmailService [scheduling-1] Mail sent Successfully
2023-06-12 20:00:33,520 INFO com.sis.ExcelReport.Controller.ReportController [scheduling-1] DepartMent -->VENTILATOR
2023-06-12 20:00:39,257 INFO com.sis.ExcelReport.Service.EmailService [scheduling-1] E:\sc warrr11\ExcelReport\Stocklist.xlsx
2023-06-12 20:00:39,257 INFO com.sis.ExcelReport.Service.EmailService [scheduling-1] Mail sent Successfully
2023-06-12 20:00:39,257 INFO com.sis.ExcelReport.Controller.ReportController [scheduling-1] DepartMent -->CONSUMABLES
2023-06-12 20:00:44,525 INFO com.sis.ExcelReport.Service.EmailService [scheduling-1] E:\sc warrr11\ExcelReport\Stocklist.xlsx
2023-06-12 20:00:44,525 INFO com.sis.ExcelReport.Service.EmailService [scheduling-1] Mail sent Successfully
