2023-02-18 09:40:00,152 INFO com.sis.ExcelReport.Controller.ReportController [scheduling-1] Report Type -->prf/ob_pending
2023-02-18 09:40:01,698 INFO com.sis.ExcelReport.Controller.ReportController [scheduling-1] DepartMent -->SAG
2023-02-18 09:40:09,673 INFO com.sis.ExcelReport.Service.EmailService [scheduling-1] E:\sc warrr11\ExcelReport\PRFOB_'Pending'.xlsx
2023-02-18 09:40:09,673 INFO com.sis.ExcelReport.Service.EmailService [scheduling-1] Mail sent Successfully
2023-02-18 09:40:09,673 INFO com.sis.ExcelReport.Controller.ReportController [scheduling-1] DepartMent -->all
2023-02-18 09:40:16,609 INFO com.sis.ExcelReport.Service.EmailService [scheduling-1] E:\sc warrr11\ExcelReport\PRFOB_'Pending'.xlsx
2023-02-18 09:40:16,610 INFO com.sis.ExcelReport.Service.EmailService [scheduling-1] Mail sent Successfully
2023-02-18 09:40:16,610 INFO com.sis.ExcelReport.Controller.ReportController [scheduling-1] DepartMent -->OEM
2023-02-18 09:40:22,560 INFO com.sis.ExcelReport.Service.EmailService [scheduling-1] E:\sc warrr11\ExcelReport\PRFOB_'Pending'.xlsx
2023-02-18 09:40:22,560 INFO com.sis.ExcelReport.Service.EmailService [scheduling-1] Mail sent Successfully
2023-02-18 09:40:22,560 INFO com.sis.ExcelReport.Controller.ReportController [scheduling-1] DepartMent -->SHIPL
2023-02-18 09:40:28,528 INFO com.sis.ExcelReport.Service.EmailService [scheduling-1] E:\sc warrr11\ExcelReport\PRFOB_'Pending'.xlsx
2023-02-18 09:40:28,529 INFO com.sis.ExcelReport.Service.EmailService [scheduling-1] Mail sent Successfully
2023-02-18 09:40:28,529 INFO com.sis.ExcelReport.Controller.ReportController [scheduling-1] DepartMent -->INJECTOR
2023-02-18 09:40:34,658 INFO com.sis.ExcelReport.Service.EmailService [scheduling-1] E:\sc warrr11\ExcelReport\PRFOB_'Pending'.xlsx
2023-02-18 09:40:34,658 INFO com.sis.ExcelReport.Service.EmailService [scheduling-1] Mail sent Successfully
2023-02-18 09:40:34,658 INFO com.sis.ExcelReport.Controller.ReportController [scheduling-1] DepartMent -->VENTILATOR
2023-02-18 09:40:40,612 INFO com.sis.ExcelReport.Service.EmailService [scheduling-1] E:\sc warrr11\ExcelReport\PRFOB_'Pending'.xlsx
2023-02-18 09:40:40,613 INFO com.sis.ExcelReport.Service.EmailService [scheduling-1] Mail sent Successfully
2023-02-18 10:11:56,564 INFO org.apache.juli.logging.DirectJDKLog [http-nio-90-exec-1] Initializing Spring DispatcherServlet 'dispatcherServlet'
2023-02-18 10:11:56,576 INFO org.springframework.web.servlet.FrameworkServlet [http-nio-90-exec-1] Initializing Servlet 'dispatcherServlet'
2023-02-18 10:11:58,328 INFO org.springframework.web.servlet.FrameworkServlet [http-nio-90-exec-1] Completed initialization in 1752 ms
2023-02-18 11:30:00,031 INFO com.sis.ExcelReport.Controller.ReportController [scheduling-1] Report Type -->dispatchlist
2023-02-18 11:30:00,679 INFO com.sis.ExcelReport.Controller.ReportController [scheduling-1] DepartMent -->SAG
2023-02-18 11:30:07,211 INFO com.sis.ExcelReport.Service.EmailService [scheduling-1] E:\sc warrr11\ExcelReport\Dispatchlist.xlsx
2023-02-18 11:30:07,211 INFO com.sis.ExcelReport.Service.EmailService [scheduling-1] Mail sent Successfully
2023-02-18 11:30:07,211 INFO com.sis.ExcelReport.Controller.ReportController [scheduling-1] DepartMent -->all
2023-02-18 11:30:14,013 INFO com.sis.ExcelReport.Service.EmailService [scheduling-1] E:\sc warrr11\ExcelReport\Dispatchlist.xlsx
2023-02-18 11:30:14,014 INFO com.sis.ExcelReport.Service.EmailService [scheduling-1] Mail sent Successfully
2023-02-18 11:30:14,014 INFO com.sis.ExcelReport.Controller.ReportController [scheduling-1] DepartMent -->OEM
2023-02-18 11:30:19,919 INFO com.sis.ExcelReport.Service.EmailService [scheduling-1] E:\sc warrr11\ExcelReport\Dispatchlist.xlsx
2023-02-18 11:30:19,919 INFO com.sis.ExcelReport.Service.EmailService [scheduling-1] Mail sent Successfully
2023-02-18 11:30:19,920 INFO com.sis.ExcelReport.Controller.ReportController [scheduling-1] DepartMent -->SHIPL
2023-02-18 11:30:25,607 INFO com.sis.ExcelReport.Service.EmailService [scheduling-1] E:\sc warrr11\ExcelReport\Dispatchlist.xlsx
2023-02-18 11:30:25,607 INFO com.sis.ExcelReport.Service.EmailService [scheduling-1] Mail sent Successfully
2023-02-18 11:30:25,607 INFO com.sis.ExcelReport.Controller.ReportController [scheduling-1] DepartMent -->INJECTOR
2023-02-18 11:30:31,075 INFO com.sis.ExcelReport.Service.EmailService [scheduling-1] E:\sc warrr11\ExcelReport\Dispatchlist.xlsx
2023-02-18 11:30:31,076 INFO com.sis.ExcelReport.Service.EmailService [scheduling-1] Mail sent Successfully
2023-02-18 11:30:31,076 INFO com.sis.ExcelReport.Controller.ReportController [scheduling-1] DepartMent -->VENTILATOR
2023-02-18 11:30:37,243 INFO com.sis.ExcelReport.Service.EmailService [scheduling-1] E:\sc warrr11\ExcelReport\Dispatchlist.xlsx
2023-02-18 11:30:37,243 INFO com.sis.ExcelReport.Service.EmailService [scheduling-1] Mail sent Successfully
2023-02-18 11:30:37,244 INFO com.sis.ExcelReport.Controller.ReportController [scheduling-1] DepartMent -->HEALTH AND FITNESS
2023-02-18 11:30:42,688 INFO com.sis.ExcelReport.Service.EmailService [scheduling-1] E:\sc warrr11\ExcelReport\Dispatchlist.xlsx
2023-02-18 11:30:42,688 INFO com.sis.ExcelReport.Service.EmailService [scheduling-1] Mail sent Successfully
2023-02-18 11:30:42,688 INFO com.sis.ExcelReport.Controller.ReportController [scheduling-1] DepartMent -->CONSUMABLES
2023-02-18 11:30:48,367 INFO com.sis.ExcelReport.Service.EmailService [scheduling-1] E:\sc warrr11\ExcelReport\Dispatchlist.xlsx
2023-02-18 11:30:48,367 INFO com.sis.ExcelReport.Service.EmailService [scheduling-1] Mail sent Successfully
2023-02-18 16:06:00,013 INFO com.sis.ExcelReport.Controller.ReportController [scheduling-1] Report Type -->dispatchlist
2023-02-18 16:06:00,928 INFO com.sis.ExcelReport.Controller.ReportController [scheduling-1] DepartMent -->SAG
2023-02-18 16:06:10,425 INFO com.sis.ExcelReport.Service.EmailService [scheduling-1] E:\sc warrr11\ExcelReport\Dispatchlist.xlsx
2023-02-18 16:06:10,425 INFO com.sis.ExcelReport.Service.EmailService [scheduling-1] Mail sent Successfully
2023-02-18 16:06:10,425 INFO com.sis.ExcelReport.Controller.ReportController [scheduling-1] DepartMent -->all
2023-02-18 16:06:19,418 INFO com.sis.ExcelReport.Service.EmailService [scheduling-1] E:\sc warrr11\ExcelReport\Dispatchlist.xlsx
2023-02-18 16:06:19,418 INFO com.sis.ExcelReport.Service.EmailService [scheduling-1] Mail sent Successfully
2023-02-18 16:06:19,418 INFO com.sis.ExcelReport.Controller.ReportController [scheduling-1] DepartMent -->OEM
2023-02-18 16:06:25,923 INFO com.sis.ExcelReport.Service.EmailService [scheduling-1] E:\sc warrr11\ExcelReport\Dispatchlist.xlsx
2023-02-18 16:06:25,924 INFO com.sis.ExcelReport.Service.EmailService [scheduling-1] Mail sent Successfully
2023-02-18 16:06:25,924 INFO com.sis.ExcelReport.Controller.ReportController [scheduling-1] DepartMent -->SHIPL
2023-02-18 16:06:33,403 INFO com.sis.ExcelReport.Service.EmailService [scheduling-1] E:\sc warrr11\ExcelReport\Dispatchlist.xlsx
2023-02-18 16:06:33,403 INFO com.sis.ExcelReport.Service.EmailService [scheduling-1] Mail sent Successfully
2023-02-18 16:06:33,403 INFO com.sis.ExcelReport.Controller.ReportController [scheduling-1] DepartMent -->INJECTOR
2023-02-18 16:06:39,475 INFO com.sis.ExcelReport.Service.EmailService [scheduling-1] E:\sc warrr11\ExcelReport\Dispatchlist.xlsx
2023-02-18 16:06:39,476 INFO com.sis.ExcelReport.Service.EmailService [scheduling-1] Mail sent Successfully
2023-02-18 16:06:39,476 INFO com.sis.ExcelReport.Controller.ReportController [scheduling-1] DepartMent -->VENTILATOR
2023-02-18 16:06:45,477 INFO com.sis.ExcelReport.Service.EmailService [scheduling-1] E:\sc warrr11\ExcelReport\Dispatchlist.xlsx
2023-02-18 16:06:45,477 INFO com.sis.ExcelReport.Service.EmailService [scheduling-1] Mail sent Successfully
2023-02-18 16:06:45,477 INFO com.sis.ExcelReport.Controller.ReportController [scheduling-1] DepartMent -->HEALTH AND FITNESS
2023-02-18 16:06:51,542 INFO com.sis.ExcelReport.Service.EmailService [scheduling-1] E:\sc warrr11\ExcelReport\Dispatchlist.xlsx
2023-02-18 16:06:51,543 INFO com.sis.ExcelReport.Service.EmailService [scheduling-1] Mail sent Successfully
2023-02-18 16:06:51,543 INFO com.sis.ExcelReport.Controller.ReportController [scheduling-1] DepartMent -->CONSUMABLES
2023-02-18 16:06:58,345 INFO com.sis.ExcelReport.Service.EmailService [scheduling-1] E:\sc warrr11\ExcelReport\Dispatchlist.xlsx
2023-02-18 16:06:58,345 INFO com.sis.ExcelReport.Service.EmailService [scheduling-1] Mail sent Successfully
2023-02-18 18:30:00,007 INFO com.sis.ExcelReport.Controller.ReportController [scheduling-1] Report Type -->prf/ob_completed
2023-02-18 18:30:00,647 INFO com.sis.ExcelReport.Controller.ReportController [scheduling-1] DepartMent -->all
2023-02-18 18:30:09,526 INFO com.sis.ExcelReport.Service.EmailService [scheduling-1] E:\sc warrr11\ExcelReport\PRFOB_'Completed'.xlsx
2023-02-18 18:30:09,526 INFO com.sis.ExcelReport.Service.EmailService [scheduling-1] Mail sent Successfully
2023-02-18 18:30:09,526 INFO com.sis.ExcelReport.Controller.ReportController [scheduling-1] DepartMent -->OEM
2023-02-18 18:30:15,608 INFO com.sis.ExcelReport.Service.EmailService [scheduling-1] E:\sc warrr11\ExcelReport\PRFOB_'Completed'.xlsx
2023-02-18 18:30:15,608 INFO com.sis.ExcelReport.Service.EmailService [scheduling-1] Mail sent Successfully
2023-02-18 18:30:15,608 INFO com.sis.ExcelReport.Controller.ReportController [scheduling-1] DepartMent -->VENTILATOR
2023-02-18 18:30:21,531 INFO com.sis.ExcelReport.Service.EmailService [scheduling-1] E:\sc warrr11\ExcelReport\PRFOB_'Completed'.xlsx
2023-02-18 18:30:21,531 INFO com.sis.ExcelReport.Service.EmailService [scheduling-1] Mail sent Successfully
2023-02-18 20:00:00,022 INFO com.sis.ExcelReport.Controller.ReportController [scheduling-1] Report Type -->stocklist
2023-02-18 20:00:00,169 INFO com.sis.ExcelReport.Controller.ReportController [scheduling-1] DepartMent -->SAG
2023-02-18 20:00:07,395 INFO com.sis.ExcelReport.Service.EmailService [scheduling-1] E:\sc warrr11\ExcelReport\Stocklist.xlsx
2023-02-18 20:00:07,395 INFO com.sis.ExcelReport.Service.EmailService [scheduling-1] Mail sent Successfully
2023-02-18 20:00:07,395 INFO com.sis.ExcelReport.Controller.ReportController [scheduling-1] DepartMent -->all
2023-02-18 20:00:15,002 INFO com.sis.ExcelReport.Service.EmailService [scheduling-1] E:\sc warrr11\ExcelReport\Stocklist.xlsx
2023-02-18 20:00:15,003 INFO com.sis.ExcelReport.Service.EmailService [scheduling-1] Mail sent Successfully
2023-02-18 20:00:15,003 INFO com.sis.ExcelReport.Controller.ReportController [scheduling-1] DepartMent -->OEM
2023-02-18 20:00:21,688 INFO com.sis.ExcelReport.Service.EmailService [scheduling-1] E:\sc warrr11\ExcelReport\Stocklist.xlsx
2023-02-18 20:00:21,688 INFO com.sis.ExcelReport.Service.EmailService [scheduling-1] Mail sent Successfully
2023-02-18 20:00:21,688 INFO com.sis.ExcelReport.Controller.ReportController [scheduling-1] DepartMent -->SHIPL
2023-02-18 20:00:28,696 INFO com.sis.ExcelReport.Service.EmailService [scheduling-1] E:\sc warrr11\ExcelReport\Stocklist.xlsx
2023-02-18 20:00:28,696 INFO com.sis.ExcelReport.Service.EmailService [scheduling-1] Mail sent Successfully
2023-02-18 20:00:28,696 INFO com.sis.ExcelReport.Controller.ReportController [scheduling-1] DepartMent -->INJECTOR
2023-02-18 20:00:34,452 INFO com.sis.ExcelReport.Service.EmailService [scheduling-1] E:\sc warrr11\ExcelReport\Stocklist.xlsx
2023-02-18 20:00:34,452 INFO com.sis.ExcelReport.Service.EmailService [scheduling-1] Mail sent Successfully
2023-02-18 20:00:34,453 INFO com.sis.ExcelReport.Controller.ReportController [scheduling-1] DepartMent -->VENTILATOR
2023-02-18 20:00:40,715 INFO com.sis.ExcelReport.Service.EmailService [scheduling-1] E:\sc warrr11\ExcelReport\Stocklist.xlsx
2023-02-18 20:00:40,715 INFO com.sis.ExcelReport.Service.EmailService [scheduling-1] Mail sent Successfully
2023-02-18 20:00:40,716 INFO com.sis.ExcelReport.Controller.ReportController [scheduling-1] DepartMent -->CONSUMABLES
2023-02-18 20:00:47,397 INFO com.sis.ExcelReport.Service.EmailService [scheduling-1] E:\sc warrr11\ExcelReport\Stocklist.xlsx
2023-02-18 20:00:47,397 INFO com.sis.ExcelReport.Service.EmailService [scheduling-1] Mail sent Successfully
