2023-05-07 09:40:01,477 INFO com.sis.ExcelReport.Controller.ReportController [scheduling-1] Report Type -->prf/ob_pending
2023-05-07 09:40:13,440 INFO com.sis.ExcelReport.Controller.ReportController [scheduling-1] DepartMent -->SAG
2023-05-07 09:40:29,562 INFO com.sis.ExcelReport.Service.EmailService [scheduling-1] E:\sc warrr11\ExcelReport\PRFOB_'Pending'.xlsx
2023-05-07 09:40:29,592 INFO com.sis.ExcelReport.Service.EmailService [scheduling-1] Mail sent Successfully
2023-05-07 09:40:29,592 INFO com.sis.ExcelReport.Controller.ReportController [scheduling-1] DepartMent -->all
2023-05-07 09:40:36,883 INFO com.sis.ExcelReport.Service.EmailService [scheduling-1] E:\sc warrr11\ExcelReport\PRFOB_'Pending'.xlsx
2023-05-07 09:40:36,887 INFO com.sis.ExcelReport.Service.EmailService [scheduling-1] Mail sent Successfully
2023-05-07 09:40:36,887 INFO com.sis.ExcelReport.Controller.ReportController [scheduling-1] DepartMent -->OEM
2023-05-07 09:40:42,794 INFO com.sis.ExcelReport.Service.EmailService [scheduling-1] E:\sc warrr11\ExcelReport\PRFOB_'Pending'.xlsx
2023-05-07 09:40:42,794 INFO com.sis.ExcelReport.Service.EmailService [scheduling-1] Mail sent Successfully
2023-05-07 09:40:42,794 INFO com.sis.ExcelReport.Controller.ReportController [scheduling-1] DepartMent -->SHIPL
2023-05-07 09:40:48,665 INFO com.sis.ExcelReport.Service.EmailService [scheduling-1] E:\sc warrr11\ExcelReport\PRFOB_'Pending'.xlsx
2023-05-07 09:40:48,665 INFO com.sis.ExcelReport.Service.EmailService [scheduling-1] Mail sent Successfully
2023-05-07 09:40:48,665 INFO com.sis.ExcelReport.Controller.ReportController [scheduling-1] DepartMent -->INJECTOR
2023-05-07 09:40:55,059 INFO com.sis.ExcelReport.Service.EmailService [scheduling-1] E:\sc warrr11\ExcelReport\PRFOB_'Pending'.xlsx
2023-05-07 09:40:55,129 INFO com.sis.ExcelReport.Service.EmailService [scheduling-1] Mail sent Successfully
2023-05-07 09:40:55,129 INFO com.sis.ExcelReport.Controller.ReportController [scheduling-1] DepartMent -->VENTILATOR
2023-05-07 09:41:01,159 INFO com.sis.ExcelReport.Service.EmailService [scheduling-1] E:\sc warrr11\ExcelReport\PRFOB_'Pending'.xlsx
2023-05-07 09:41:01,159 INFO com.sis.ExcelReport.Service.EmailService [scheduling-1] Mail sent Successfully
2023-05-07 11:30:00,979 INFO com.sis.ExcelReport.Controller.ReportController [scheduling-1] Report Type -->dispatchlist
2023-05-07 11:30:06,473 INFO com.sis.ExcelReport.Controller.ReportController [scheduling-1] DepartMent -->SAG
2023-05-07 11:30:15,023 INFO com.sis.ExcelReport.Service.EmailService [scheduling-1] E:\sc warrr11\ExcelReport\Dispatchlist.xlsx
2023-05-07 11:30:15,034 INFO com.sis.ExcelReport.Service.EmailService [scheduling-1] Mail sent Successfully
2023-05-07 11:30:15,034 INFO com.sis.ExcelReport.Controller.ReportController [scheduling-1] DepartMent -->all
2023-05-07 11:30:23,830 INFO com.sis.ExcelReport.Service.EmailService [scheduling-1] E:\sc warrr11\ExcelReport\Dispatchlist.xlsx
2023-05-07 11:30:23,830 INFO com.sis.ExcelReport.Service.EmailService [scheduling-1] Mail sent Successfully
2023-05-07 11:30:23,830 INFO com.sis.ExcelReport.Controller.ReportController [scheduling-1] DepartMent -->SHIPL
2023-05-07 11:30:29,990 INFO com.sis.ExcelReport.Service.EmailService [scheduling-1] E:\sc warrr11\ExcelReport\Dispatchlist.xlsx
2023-05-07 11:30:29,991 INFO com.sis.ExcelReport.Service.EmailService [scheduling-1] Mail sent Successfully
2023-05-07 11:30:29,991 INFO com.sis.ExcelReport.Controller.ReportController [scheduling-1] DepartMent -->OEM
2023-05-07 11:30:35,718 INFO com.sis.ExcelReport.Service.EmailService [scheduling-1] E:\sc warrr11\ExcelReport\Dispatchlist.xlsx
2023-05-07 11:30:35,718 INFO com.sis.ExcelReport.Service.EmailService [scheduling-1] Mail sent Successfully
2023-05-07 11:30:35,718 INFO com.sis.ExcelReport.Controller.ReportController [scheduling-1] DepartMent -->INJECTOR
2023-05-07 11:30:41,192 INFO com.sis.ExcelReport.Service.EmailService [scheduling-1] E:\sc warrr11\ExcelReport\Dispatchlist.xlsx
2023-05-07 11:30:41,192 INFO com.sis.ExcelReport.Service.EmailService [scheduling-1] Mail sent Successfully
2023-05-07 11:30:41,218 INFO com.sis.ExcelReport.Controller.ReportController [scheduling-1] DepartMent -->VENTILATOR
2023-05-07 11:30:46,985 INFO com.sis.ExcelReport.Service.EmailService [scheduling-1] E:\sc warrr11\ExcelReport\Dispatchlist.xlsx
2023-05-07 11:30:46,985 INFO com.sis.ExcelReport.Service.EmailService [scheduling-1] Mail sent Successfully
2023-05-07 11:30:46,985 INFO com.sis.ExcelReport.Controller.ReportController [scheduling-1] DepartMent -->HEALTH AND FITNESS
2023-05-07 11:30:52,720 INFO com.sis.ExcelReport.Service.EmailService [scheduling-1] E:\sc warrr11\ExcelReport\Dispatchlist.xlsx
2023-05-07 11:30:52,720 INFO com.sis.ExcelReport.Service.EmailService [scheduling-1] Mail sent Successfully
2023-05-07 11:30:52,720 INFO com.sis.ExcelReport.Controller.ReportController [scheduling-1] DepartMent -->CONSUMABLES
2023-05-07 11:30:58,419 INFO com.sis.ExcelReport.Service.EmailService [scheduling-1] E:\sc warrr11\ExcelReport\Dispatchlist.xlsx
2023-05-07 11:30:58,419 INFO com.sis.ExcelReport.Service.EmailService [scheduling-1] Mail sent Successfully
2023-05-07 16:06:01,918 INFO com.sis.ExcelReport.Controller.ReportController [scheduling-1] Report Type -->dispatchlist
2023-05-07 16:06:12,157 INFO com.sis.ExcelReport.Controller.ReportController [scheduling-1] DepartMent -->SAG
2023-05-07 16:06:26,682 INFO com.sis.ExcelReport.Service.EmailService [scheduling-1] E:\sc warrr11\ExcelReport\Dispatchlist.xlsx
2023-05-07 16:06:26,705 INFO com.sis.ExcelReport.Service.EmailService [scheduling-1] Mail sent Successfully
2023-05-07 16:06:26,705 INFO com.sis.ExcelReport.Controller.ReportController [scheduling-1] DepartMent -->all
2023-05-07 16:06:33,825 INFO com.sis.ExcelReport.Service.EmailService [scheduling-1] E:\sc warrr11\ExcelReport\Dispatchlist.xlsx
2023-05-07 16:06:33,825 INFO com.sis.ExcelReport.Service.EmailService [scheduling-1] Mail sent Successfully
2023-05-07 16:06:33,825 INFO com.sis.ExcelReport.Controller.ReportController [scheduling-1] DepartMent -->SHIPL
2023-05-07 16:06:40,162 INFO com.sis.ExcelReport.Service.EmailService [scheduling-1] E:\sc warrr11\ExcelReport\Dispatchlist.xlsx
2023-05-07 16:06:40,162 INFO com.sis.ExcelReport.Service.EmailService [scheduling-1] Mail sent Successfully
2023-05-07 16:06:40,162 INFO com.sis.ExcelReport.Controller.ReportController [scheduling-1] DepartMent -->OEM
2023-05-07 16:06:46,031 INFO com.sis.ExcelReport.Service.EmailService [scheduling-1] E:\sc warrr11\ExcelReport\Dispatchlist.xlsx
2023-05-07 16:06:46,032 INFO com.sis.ExcelReport.Service.EmailService [scheduling-1] Mail sent Successfully
2023-05-07 16:06:46,032 INFO com.sis.ExcelReport.Controller.ReportController [scheduling-1] DepartMent -->INJECTOR
2023-05-07 16:06:51,629 INFO com.sis.ExcelReport.Service.EmailService [scheduling-1] E:\sc warrr11\ExcelReport\Dispatchlist.xlsx
2023-05-07 16:06:51,629 INFO com.sis.ExcelReport.Service.EmailService [scheduling-1] Mail sent Successfully
2023-05-07 16:06:51,629 INFO com.sis.ExcelReport.Controller.ReportController [scheduling-1] DepartMent -->VENTILATOR
2023-05-07 16:06:57,369 INFO com.sis.ExcelReport.Service.EmailService [scheduling-1] E:\sc warrr11\ExcelReport\Dispatchlist.xlsx
2023-05-07 16:06:57,369 INFO com.sis.ExcelReport.Service.EmailService [scheduling-1] Mail sent Successfully
2023-05-07 16:06:57,369 INFO com.sis.ExcelReport.Controller.ReportController [scheduling-1] DepartMent -->HEALTH AND FITNESS
2023-05-07 16:07:03,018 INFO com.sis.ExcelReport.Service.EmailService [scheduling-1] E:\sc warrr11\ExcelReport\Dispatchlist.xlsx
2023-05-07 16:07:03,018 INFO com.sis.ExcelReport.Service.EmailService [scheduling-1] Mail sent Successfully
2023-05-07 16:07:03,019 INFO com.sis.ExcelReport.Controller.ReportController [scheduling-1] DepartMent -->CONSUMABLES
2023-05-07 16:07:08,803 INFO com.sis.ExcelReport.Service.EmailService [scheduling-1] E:\sc warrr11\ExcelReport\Dispatchlist.xlsx
2023-05-07 16:07:08,803 INFO com.sis.ExcelReport.Service.EmailService [scheduling-1] Mail sent Successfully
2023-05-07 18:30:00,891 INFO com.sis.ExcelReport.Controller.ReportController [scheduling-1] Report Type -->prf/ob_completed
2023-05-07 18:30:03,899 INFO com.sis.ExcelReport.Controller.ReportController [scheduling-1] DepartMent -->all
2023-05-07 18:30:11,553 INFO com.sis.ExcelReport.Service.EmailService [scheduling-1] E:\sc warrr11\ExcelReport\PRFOB_'Completed'.xlsx
2023-05-07 18:30:11,553 INFO com.sis.ExcelReport.Service.EmailService [scheduling-1] Mail sent Successfully
2023-05-07 18:30:11,554 INFO com.sis.ExcelReport.Controller.ReportController [scheduling-1] DepartMent -->VENTILATOR
2023-05-07 18:30:18,092 INFO com.sis.ExcelReport.Service.EmailService [scheduling-1] E:\sc warrr11\ExcelReport\PRFOB_'Completed'.xlsx
2023-05-07 18:30:18,093 INFO com.sis.ExcelReport.Service.EmailService [scheduling-1] Mail sent Successfully
2023-05-07 18:30:18,093 INFO com.sis.ExcelReport.Controller.ReportController [scheduling-1] DepartMent -->SAG
2023-05-07 18:30:23,862 INFO com.sis.ExcelReport.Service.EmailService [scheduling-1] E:\sc warrr11\ExcelReport\PRFOB_'Completed'.xlsx
2023-05-07 18:30:23,862 INFO com.sis.ExcelReport.Service.EmailService [scheduling-1] Mail sent Successfully
2023-05-07 18:30:23,862 INFO com.sis.ExcelReport.Controller.ReportController [scheduling-1] DepartMent -->OEM
2023-05-07 18:30:29,442 INFO com.sis.ExcelReport.Service.EmailService [scheduling-1] E:\sc warrr11\ExcelReport\PRFOB_'Completed'.xlsx
2023-05-07 18:30:29,442 INFO com.sis.ExcelReport.Service.EmailService [scheduling-1] Mail sent Successfully
2023-05-07 20:00:00,890 INFO com.sis.ExcelReport.Controller.ReportController [scheduling-1] Report Type -->stocklist
2023-05-07 20:00:01,402 INFO com.sis.ExcelReport.Controller.ReportController [scheduling-1] DepartMent -->SAG
2023-05-07 20:00:08,716 INFO com.sis.ExcelReport.Service.EmailService [scheduling-1] E:\sc warrr11\ExcelReport\Stocklist.xlsx
2023-05-07 20:00:08,716 INFO com.sis.ExcelReport.Service.EmailService [scheduling-1] Mail sent Successfully
2023-05-07 20:00:08,716 INFO com.sis.ExcelReport.Controller.ReportController [scheduling-1] DepartMent -->all
2023-05-07 20:00:15,787 INFO com.sis.ExcelReport.Service.EmailService [scheduling-1] E:\sc warrr11\ExcelReport\Stocklist.xlsx
2023-05-07 20:00:15,787 INFO com.sis.ExcelReport.Service.EmailService [scheduling-1] Mail sent Successfully
2023-05-07 20:00:15,787 INFO com.sis.ExcelReport.Controller.ReportController [scheduling-1] DepartMent -->SHIPL
2023-05-07 20:00:21,545 INFO com.sis.ExcelReport.Service.EmailService [scheduling-1] E:\sc warrr11\ExcelReport\Stocklist.xlsx
2023-05-07 20:00:21,545 INFO com.sis.ExcelReport.Service.EmailService [scheduling-1] Mail sent Successfully
2023-05-07 20:00:21,545 INFO com.sis.ExcelReport.Controller.ReportController [scheduling-1] DepartMent -->OEM
2023-05-07 20:00:27,262 INFO com.sis.ExcelReport.Service.EmailService [scheduling-1] E:\sc warrr11\ExcelReport\Stocklist.xlsx
2023-05-07 20:00:27,262 INFO com.sis.ExcelReport.Service.EmailService [scheduling-1] Mail sent Successfully
2023-05-07 20:00:27,262 INFO com.sis.ExcelReport.Controller.ReportController [scheduling-1] DepartMent -->INJECTOR
2023-05-07 20:00:33,002 INFO com.sis.ExcelReport.Service.EmailService [scheduling-1] E:\sc warrr11\ExcelReport\Stocklist.xlsx
2023-05-07 20:00:33,002 INFO com.sis.ExcelReport.Service.EmailService [scheduling-1] Mail sent Successfully
2023-05-07 20:00:33,003 INFO com.sis.ExcelReport.Controller.ReportController [scheduling-1] DepartMent -->VENTILATOR
2023-05-07 20:00:38,750 INFO com.sis.ExcelReport.Service.EmailService [scheduling-1] E:\sc warrr11\ExcelReport\Stocklist.xlsx
2023-05-07 20:00:38,751 INFO com.sis.ExcelReport.Service.EmailService [scheduling-1] Mail sent Successfully
2023-05-07 20:00:38,751 INFO com.sis.ExcelReport.Controller.ReportController [scheduling-1] DepartMent -->CONSUMABLES
2023-05-07 20:00:44,379 INFO com.sis.ExcelReport.Service.EmailService [scheduling-1] E:\sc warrr11\ExcelReport\Stocklist.xlsx
2023-05-07 20:00:44,379 INFO com.sis.ExcelReport.Service.EmailService [scheduling-1] Mail sent Successfully
