2023-02-13 09:40:01,266 INFO com.sis.ExcelReport.Controller.ReportController [scheduling-1] Report Type -->prf/ob_pending
2023-02-13 09:40:01,626 INFO com.sis.ExcelReport.Controller.ReportController [scheduling-1] DepartMent -->SAG
2023-02-13 09:40:08,513 INFO com.sis.ExcelReport.Service.EmailService [scheduling-1] E:\sc warrr11\ExcelReport\PRFOB_'Pending'.xlsx
2023-02-13 09:40:08,513 INFO com.sis.ExcelReport.Service.EmailService [scheduling-1] Mail sent Successfully
2023-02-13 09:40:08,514 INFO com.sis.ExcelReport.Controller.ReportController [scheduling-1] DepartMent -->all
2023-02-13 09:40:16,527 INFO com.sis.ExcelReport.Service.EmailService [scheduling-1] E:\sc warrr11\ExcelReport\PRFOB_'Pending'.xlsx
2023-02-13 09:40:16,528 INFO com.sis.ExcelReport.Service.EmailService [scheduling-1] Mail sent Successfully
2023-02-13 09:40:16,528 INFO com.sis.ExcelReport.Controller.ReportController [scheduling-1] DepartMent -->OEM
2023-02-13 09:40:22,473 INFO com.sis.ExcelReport.Service.EmailService [scheduling-1] E:\sc warrr11\ExcelReport\PRFOB_'Pending'.xlsx
2023-02-13 09:40:22,473 INFO com.sis.ExcelReport.Service.EmailService [scheduling-1] Mail sent Successfully
2023-02-13 09:40:22,473 INFO com.sis.ExcelReport.Controller.ReportController [scheduling-1] DepartMent -->SHIPL
2023-02-13 09:40:28,830 INFO com.sis.ExcelReport.Service.EmailService [scheduling-1] E:\sc warrr11\ExcelReport\PRFOB_'Pending'.xlsx
2023-02-13 09:40:28,830 INFO com.sis.ExcelReport.Service.EmailService [scheduling-1] Mail sent Successfully
2023-02-13 09:40:28,830 INFO com.sis.ExcelReport.Controller.ReportController [scheduling-1] DepartMent -->INJECTOR
2023-02-13 09:40:34,687 INFO com.sis.ExcelReport.Service.EmailService [scheduling-1] E:\sc warrr11\ExcelReport\PRFOB_'Pending'.xlsx
2023-02-13 09:40:34,687 INFO com.sis.ExcelReport.Service.EmailService [scheduling-1] Mail sent Successfully
2023-02-13 09:40:34,688 INFO com.sis.ExcelReport.Controller.ReportController [scheduling-1] DepartMent -->VENTILATOR
2023-02-13 09:40:40,399 INFO com.sis.ExcelReport.Service.EmailService [scheduling-1] E:\sc warrr11\ExcelReport\PRFOB_'Pending'.xlsx
2023-02-13 09:40:40,399 INFO com.sis.ExcelReport.Service.EmailService [scheduling-1] Mail sent Successfully
2023-02-13 10:00:02,819 INFO com.sis.ExcelReport.Controller.ReportController [scheduling-1] Report Type -->under_repair
2023-02-13 10:00:05,192 INFO com.sis.ExcelReport.Controller.ReportController [scheduling-1] DepartMent -->OEM
2023-02-13 10:00:15,212 INFO com.sis.ExcelReport.Service.EmailService [scheduling-1] E:\sc warrr11\ExcelReport\Under_Repair.xlsx
2023-02-13 10:00:15,212 INFO com.sis.ExcelReport.Service.EmailService [scheduling-1] Mail sent Successfully
2023-02-13 10:00:15,212 INFO com.sis.ExcelReport.Controller.ReportController [scheduling-1] DepartMent -->all
2023-02-13 10:00:24,819 INFO com.sis.ExcelReport.Service.EmailService [scheduling-1] E:\sc warrr11\ExcelReport\Under_Repair.xlsx
2023-02-13 10:00:24,819 INFO com.sis.ExcelReport.Service.EmailService [scheduling-1] Mail sent Successfully
2023-02-13 10:30:02,788 INFO com.sis.ExcelReport.Controller.ReportController [scheduling-1] Report Type -->ob_pending
2023-02-13 10:30:02,951 INFO com.sis.ExcelReport.Controller.ReportController [scheduling-1] DepartMent -->OEM
2023-02-13 10:30:09,818 INFO com.sis.ExcelReport.Service.EmailService [scheduling-1] E:\sc warrr11\ExcelReport\Ob_Pending'13-02-2023'.xlsx
2023-02-13 10:30:09,818 INFO com.sis.ExcelReport.Service.EmailService [scheduling-1] Mail sent Successfully
2023-02-13 10:30:09,818 INFO com.sis.ExcelReport.Controller.ReportController [scheduling-1] DepartMent -->all
2023-02-13 10:30:16,433 INFO com.sis.ExcelReport.Service.EmailService [scheduling-1] E:\sc warrr11\ExcelReport\Ob_Pending'13-02-2023'.xlsx
2023-02-13 10:30:16,433 INFO com.sis.ExcelReport.Service.EmailService [scheduling-1] Mail sent Successfully
2023-02-13 11:00:02,796 INFO com.sis.ExcelReport.Controller.ReportController [scheduling-1] Report Type -->pendingfrn
2023-02-13 11:00:02,937 INFO com.sis.ExcelReport.Controller.ReportController [scheduling-1] DepartMent -->OEM
2023-02-13 11:00:13,420 INFO com.sis.ExcelReport.Service.EmailService [scheduling-1] E:\sc warrr11\ExcelReport\PendingFRN.xlsx
2023-02-13 11:00:13,421 INFO com.sis.ExcelReport.Service.EmailService [scheduling-1] Mail sent Successfully
2023-02-13 11:00:13,421 INFO com.sis.ExcelReport.Controller.ReportController [scheduling-1] DepartMent -->all
2023-02-13 11:00:21,035 INFO com.sis.ExcelReport.Service.EmailService [scheduling-1] E:\sc warrr11\ExcelReport\PendingFRN.xlsx
2023-02-13 11:00:21,035 INFO com.sis.ExcelReport.Service.EmailService [scheduling-1] Mail sent Successfully
2023-02-13 11:30:01,273 INFO com.sis.ExcelReport.Controller.ReportController [scheduling-1] Report Type -->dispatchlist
2023-02-13 11:30:02,018 INFO com.sis.ExcelReport.Controller.ReportController [scheduling-1] DepartMent -->SAG
2023-02-13 11:30:09,219 INFO com.sis.ExcelReport.Service.EmailService [scheduling-1] E:\sc warrr11\ExcelReport\Dispatchlist.xlsx
2023-02-13 11:30:09,221 INFO com.sis.ExcelReport.Service.EmailService [scheduling-1] Mail sent Successfully
2023-02-13 11:30:09,221 INFO com.sis.ExcelReport.Controller.ReportController [scheduling-1] DepartMent -->all
2023-02-13 11:30:16,477 INFO com.sis.ExcelReport.Service.EmailService [scheduling-1] E:\sc warrr11\ExcelReport\Dispatchlist.xlsx
2023-02-13 11:30:16,477 INFO com.sis.ExcelReport.Service.EmailService [scheduling-1] Mail sent Successfully
2023-02-13 11:30:16,477 INFO com.sis.ExcelReport.Controller.ReportController [scheduling-1] DepartMent -->OEM
2023-02-13 11:30:22,495 INFO com.sis.ExcelReport.Service.EmailService [scheduling-1] E:\sc warrr11\ExcelReport\Dispatchlist.xlsx
2023-02-13 11:30:22,495 INFO com.sis.ExcelReport.Service.EmailService [scheduling-1] Mail sent Successfully
2023-02-13 11:30:22,495 INFO com.sis.ExcelReport.Controller.ReportController [scheduling-1] DepartMent -->SHIPL
2023-02-13 11:30:30,931 INFO com.sis.ExcelReport.Service.EmailService [scheduling-1] E:\sc warrr11\ExcelReport\Dispatchlist.xlsx
2023-02-13 11:30:30,931 INFO com.sis.ExcelReport.Service.EmailService [scheduling-1] Mail sent Successfully
2023-02-13 11:30:30,931 INFO com.sis.ExcelReport.Controller.ReportController [scheduling-1] DepartMent -->INJECTOR
2023-02-13 11:30:37,177 INFO com.sis.ExcelReport.Service.EmailService [scheduling-1] E:\sc warrr11\ExcelReport\Dispatchlist.xlsx
2023-02-13 11:30:37,177 INFO com.sis.ExcelReport.Service.EmailService [scheduling-1] Mail sent Successfully
2023-02-13 11:30:37,178 INFO com.sis.ExcelReport.Controller.ReportController [scheduling-1] DepartMent -->VENTILATOR
2023-02-13 11:30:43,106 INFO com.sis.ExcelReport.Service.EmailService [scheduling-1] E:\sc warrr11\ExcelReport\Dispatchlist.xlsx
2023-02-13 11:30:43,106 INFO com.sis.ExcelReport.Service.EmailService [scheduling-1] Mail sent Successfully
2023-02-13 11:30:43,106 INFO com.sis.ExcelReport.Controller.ReportController [scheduling-1] DepartMent -->HEALTH AND FITNESS
2023-02-13 11:30:48,706 INFO com.sis.ExcelReport.Service.EmailService [scheduling-1] E:\sc warrr11\ExcelReport\Dispatchlist.xlsx
2023-02-13 11:30:48,706 INFO com.sis.ExcelReport.Service.EmailService [scheduling-1] Mail sent Successfully
2023-02-13 11:30:48,706 INFO com.sis.ExcelReport.Controller.ReportController [scheduling-1] DepartMent -->CONSUMABLES
2023-02-13 11:30:55,294 INFO com.sis.ExcelReport.Service.EmailService [scheduling-1] E:\sc warrr11\ExcelReport\Dispatchlist.xlsx
2023-02-13 11:30:55,294 INFO com.sis.ExcelReport.Service.EmailService [scheduling-1] Mail sent Successfully
2023-02-13 16:06:01,326 INFO com.sis.ExcelReport.Controller.ReportController [scheduling-1] Report Type -->dispatchlist
2023-02-13 16:06:02,175 INFO com.sis.ExcelReport.Controller.ReportController [scheduling-1] DepartMent -->SAG
2023-02-13 16:06:09,617 INFO com.sis.ExcelReport.Service.EmailService [scheduling-1] E:\sc warrr11\ExcelReport\Dispatchlist.xlsx
2023-02-13 16:06:09,617 INFO com.sis.ExcelReport.Service.EmailService [scheduling-1] Mail sent Successfully
2023-02-13 16:06:09,617 INFO com.sis.ExcelReport.Controller.ReportController [scheduling-1] DepartMent -->all
2023-02-13 16:06:16,067 INFO com.sis.ExcelReport.Service.EmailService [scheduling-1] E:\sc warrr11\ExcelReport\Dispatchlist.xlsx
2023-02-13 16:06:16,067 INFO com.sis.ExcelReport.Service.EmailService [scheduling-1] Mail sent Successfully
2023-02-13 16:06:16,067 INFO com.sis.ExcelReport.Controller.ReportController [scheduling-1] DepartMent -->OEM
2023-02-13 16:06:22,114 INFO com.sis.ExcelReport.Service.EmailService [scheduling-1] E:\sc warrr11\ExcelReport\Dispatchlist.xlsx
2023-02-13 16:06:22,114 INFO com.sis.ExcelReport.Service.EmailService [scheduling-1] Mail sent Successfully
2023-02-13 16:06:22,114 INFO com.sis.ExcelReport.Controller.ReportController [scheduling-1] DepartMent -->SHIPL
2023-02-13 16:06:27,725 INFO com.sis.ExcelReport.Service.EmailService [scheduling-1] E:\sc warrr11\ExcelReport\Dispatchlist.xlsx
2023-02-13 16:06:27,725 INFO com.sis.ExcelReport.Service.EmailService [scheduling-1] Mail sent Successfully
2023-02-13 16:06:27,726 INFO com.sis.ExcelReport.Controller.ReportController [scheduling-1] DepartMent -->INJECTOR
2023-02-13 16:06:34,438 INFO com.sis.ExcelReport.Service.EmailService [scheduling-1] E:\sc warrr11\ExcelReport\Dispatchlist.xlsx
2023-02-13 16:06:34,438 INFO com.sis.ExcelReport.Service.EmailService [scheduling-1] Mail sent Successfully
2023-02-13 16:06:34,438 INFO com.sis.ExcelReport.Controller.ReportController [scheduling-1] DepartMent -->VENTILATOR
2023-02-13 16:06:41,009 INFO com.sis.ExcelReport.Service.EmailService [scheduling-1] E:\sc warrr11\ExcelReport\Dispatchlist.xlsx
2023-02-13 16:06:41,009 INFO com.sis.ExcelReport.Service.EmailService [scheduling-1] Mail sent Successfully
2023-02-13 16:06:41,009 INFO com.sis.ExcelReport.Controller.ReportController [scheduling-1] DepartMent -->HEALTH AND FITNESS
2023-02-13 16:06:46,618 INFO com.sis.ExcelReport.Service.EmailService [scheduling-1] E:\sc warrr11\ExcelReport\Dispatchlist.xlsx
2023-02-13 16:06:46,618 INFO com.sis.ExcelReport.Service.EmailService [scheduling-1] Mail sent Successfully
2023-02-13 16:06:46,618 INFO com.sis.ExcelReport.Controller.ReportController [scheduling-1] DepartMent -->CONSUMABLES
2023-02-13 16:06:53,657 INFO com.sis.ExcelReport.Service.EmailService [scheduling-1] E:\sc warrr11\ExcelReport\Dispatchlist.xlsx
2023-02-13 16:06:53,657 INFO com.sis.ExcelReport.Service.EmailService [scheduling-1] Mail sent Successfully
2023-02-13 18:30:01,293 INFO com.sis.ExcelReport.Controller.ReportController [scheduling-1] Report Type -->prf/ob_completed
2023-02-13 18:30:01,486 INFO com.sis.ExcelReport.Controller.ReportController [scheduling-1] DepartMent -->all
2023-02-13 18:30:07,945 INFO com.sis.ExcelReport.Service.EmailService [scheduling-1] E:\sc warrr11\ExcelReport\PRFOB_'Completed'.xlsx
2023-02-13 18:30:07,946 INFO com.sis.ExcelReport.Service.EmailService [scheduling-1] Mail sent Successfully
2023-02-13 18:30:07,946 INFO com.sis.ExcelReport.Controller.ReportController [scheduling-1] DepartMent -->OEM
2023-02-13 18:30:13,505 INFO com.sis.ExcelReport.Service.EmailService [scheduling-1] E:\sc warrr11\ExcelReport\PRFOB_'Completed'.xlsx
2023-02-13 18:30:13,505 INFO com.sis.ExcelReport.Service.EmailService [scheduling-1] Mail sent Successfully
2023-02-13 18:30:13,505 INFO com.sis.ExcelReport.Controller.ReportController [scheduling-1] DepartMent -->VENTILATOR
2023-02-13 18:30:19,298 INFO com.sis.ExcelReport.Service.EmailService [scheduling-1] E:\sc warrr11\ExcelReport\PRFOB_'Completed'.xlsx
2023-02-13 18:30:19,298 INFO com.sis.ExcelReport.Service.EmailService [scheduling-1] Mail sent Successfully
2023-02-13 20:00:01,275 INFO com.sis.ExcelReport.Controller.ReportController [scheduling-1] Report Type -->stocklist
2023-02-13 20:00:01,754 INFO com.sis.ExcelReport.Controller.ReportController [scheduling-1] DepartMent -->SAG
2023-02-13 20:00:09,479 INFO com.sis.ExcelReport.Service.EmailService [scheduling-1] E:\sc warrr11\ExcelReport\Stocklist.xlsx
2023-02-13 20:00:09,480 INFO com.sis.ExcelReport.Service.EmailService [scheduling-1] Mail sent Successfully
2023-02-13 20:00:09,480 INFO com.sis.ExcelReport.Controller.ReportController [scheduling-1] DepartMent -->all
2023-02-13 20:00:16,875 INFO com.sis.ExcelReport.Service.EmailService [scheduling-1] E:\sc warrr11\ExcelReport\Stocklist.xlsx
2023-02-13 20:00:16,876 INFO com.sis.ExcelReport.Service.EmailService [scheduling-1] Mail sent Successfully
2023-02-13 20:00:16,876 INFO com.sis.ExcelReport.Controller.ReportController [scheduling-1] DepartMent -->OEM
2023-02-13 20:00:24,632 INFO com.sis.ExcelReport.Service.EmailService [scheduling-1] E:\sc warrr11\ExcelReport\Stocklist.xlsx
2023-02-13 20:00:24,632 INFO com.sis.ExcelReport.Service.EmailService [scheduling-1] Mail sent Successfully
2023-02-13 20:00:24,632 INFO com.sis.ExcelReport.Controller.ReportController [scheduling-1] DepartMent -->SHIPL
2023-02-13 20:00:30,701 INFO com.sis.ExcelReport.Service.EmailService [scheduling-1] E:\sc warrr11\ExcelReport\Stocklist.xlsx
2023-02-13 20:00:30,701 INFO com.sis.ExcelReport.Service.EmailService [scheduling-1] Mail sent Successfully
2023-02-13 20:00:30,701 INFO com.sis.ExcelReport.Controller.ReportController [scheduling-1] DepartMent -->INJECTOR
2023-02-13 20:00:36,780 INFO com.sis.ExcelReport.Service.EmailService [scheduling-1] E:\sc warrr11\ExcelReport\Stocklist.xlsx
2023-02-13 20:00:36,780 INFO com.sis.ExcelReport.Service.EmailService [scheduling-1] Mail sent Successfully
2023-02-13 20:00:36,780 INFO com.sis.ExcelReport.Controller.ReportController [scheduling-1] DepartMent -->VENTILATOR
2023-02-13 20:00:43,438 INFO com.sis.ExcelReport.Service.EmailService [scheduling-1] E:\sc warrr11\ExcelReport\Stocklist.xlsx
2023-02-13 20:00:43,439 INFO com.sis.ExcelReport.Service.EmailService [scheduling-1] Mail sent Successfully
2023-02-13 20:00:43,439 INFO com.sis.ExcelReport.Controller.ReportController [scheduling-1] DepartMent -->CONSUMABLES
2023-02-13 20:00:49,473 INFO com.sis.ExcelReport.Service.EmailService [scheduling-1] E:\sc warrr11\ExcelReport\Stocklist.xlsx
2023-02-13 20:00:49,473 INFO com.sis.ExcelReport.Service.EmailService [scheduling-1] Mail sent Successfully
2023-02-13 22:17:28,593 INFO org.apache.juli.logging.DirectJDKLog [http-nio-90-exec-1] Error parsing HTTP request header
 Note: further occurrences of HTTP request parsing errors will be logged at DEBUG level.
java.lang.IllegalArgumentException: Invalid character found in method name [0x030x000x00/*0xe00x000x000x000x000x00Cookie:]. HTTP method names must be tokens
	at org.apache.coyote.http11.Http11InputBuffer.parseRequestLine(Http11InputBuffer.java:417)
	at org.apache.coyote.http11.Http11Processor.service(Http11Processor.java:261)
	at org.apache.coyote.AbstractProcessorLight.process(AbstractProcessorLight.java:65)
	at org.apache.coyote.AbstractProtocol$ConnectionHandler.process(AbstractProtocol.java:893)
	at org.apache.tomcat.util.net.NioEndpoint$SocketProcessor.doRun(NioEndpoint.java:1707)
	at org.apache.tomcat.util.net.SocketProcessorBase.run(SocketProcessorBase.java:49)
	at java.util.concurrent.ThreadPoolExecutor.runWorker(ThreadPoolExecutor.java:1149)
	at java.util.concurrent.ThreadPoolExecutor$Worker.run(ThreadPoolExecutor.java:624)
	at org.apache.tomcat.util.threads.TaskThread$WrappingRunnable.run(TaskThread.java:61)
	at java.lang.Thread.run(Thread.java:748)
