2023-01-26 05:28:42,249 INFO org.apache.juli.logging.DirectJDKLog [http-nio-90-exec-1] Initializing Spring DispatcherServlet 'dispatcherServlet'
2023-01-26 05:28:43,141 INFO org.springframework.web.servlet.FrameworkServlet [http-nio-90-exec-1] Initializing Servlet 'dispatcherServlet'
2023-01-26 05:28:48,097 INFO org.springframework.web.servlet.FrameworkServlet [http-nio-90-exec-1] Completed initialization in 4928 ms
2023-01-26 05:39:01,873 WARN com.zaxxer.hikari.pool.HikariPool$HouseKeeper [HikariPool-10 housekeeper] HikariPool-10 - Thread starvation or clock leap detected (housekeeper delta=1m2s209ms26µs600ns).
2023-01-26 09:40:02,489 INFO com.sis.ExcelReport.Controller.ReportController [scheduling-1] Report Type -->prf/ob_pending
2023-01-26 09:40:16,338 INFO com.sis.ExcelReport.Controller.ReportController [scheduling-1] DepartMent -->SAG
2023-01-26 09:40:33,136 INFO com.sis.ExcelReport.Service.EmailService [scheduling-1] E:\sc warrr11\ExcelReport\PRFOB_'Pending'.xlsx
2023-01-26 09:40:33,167 INFO com.sis.ExcelReport.Service.EmailService [scheduling-1] Mail sent Successfully
2023-01-26 09:40:33,167 INFO com.sis.ExcelReport.Controller.ReportController [scheduling-1] DepartMent -->all
2023-01-26 09:40:41,687 INFO com.sis.ExcelReport.Service.EmailService [scheduling-1] E:\sc warrr11\ExcelReport\PRFOB_'Pending'.xlsx
2023-01-26 09:40:41,687 INFO com.sis.ExcelReport.Service.EmailService [scheduling-1] Mail sent Successfully
2023-01-26 09:40:41,688 INFO com.sis.ExcelReport.Controller.ReportController [scheduling-1] DepartMent -->OEM
2023-01-26 09:40:48,174 INFO com.sis.ExcelReport.Service.EmailService [scheduling-1] E:\sc warrr11\ExcelReport\PRFOB_'Pending'.xlsx
2023-01-26 09:40:48,175 INFO com.sis.ExcelReport.Service.EmailService [scheduling-1] Mail sent Successfully
2023-01-26 09:40:48,175 INFO com.sis.ExcelReport.Controller.ReportController [scheduling-1] DepartMent -->SHIPL
2023-01-26 09:40:53,316 INFO com.sis.ExcelReport.Service.EmailService [scheduling-1] E:\sc warrr11\ExcelReport\PRFOB_'Pending'.xlsx
2023-01-26 09:40:53,316 INFO com.sis.ExcelReport.Service.EmailService [scheduling-1] Mail sent Successfully
2023-01-26 09:40:53,317 INFO com.sis.ExcelReport.Controller.ReportController [scheduling-1] DepartMent -->INJECTOR
2023-01-26 09:40:58,877 INFO com.sis.ExcelReport.Service.EmailService [scheduling-1] E:\sc warrr11\ExcelReport\PRFOB_'Pending'.xlsx
2023-01-26 09:40:58,877 INFO com.sis.ExcelReport.Service.EmailService [scheduling-1] Mail sent Successfully
2023-01-26 09:40:58,877 INFO com.sis.ExcelReport.Controller.ReportController [scheduling-1] DepartMent -->VENTILATOR
2023-01-26 09:41:05,168 INFO com.sis.ExcelReport.Service.EmailService [scheduling-1] E:\sc warrr11\ExcelReport\PRFOB_'Pending'.xlsx
2023-01-26 09:41:05,169 INFO com.sis.ExcelReport.Service.EmailService [scheduling-1] Mail sent Successfully
2023-01-26 11:30:00,022 INFO com.sis.ExcelReport.Controller.ReportController [scheduling-1] Report Type -->dispatchlist
2023-01-26 11:30:01,995 INFO com.sis.ExcelReport.Controller.ReportController [scheduling-1] DepartMent -->SAG
2023-01-26 11:30:09,328 INFO com.sis.ExcelReport.Service.EmailService [scheduling-1] E:\sc warrr11\ExcelReport\Dispatchlist.xlsx
2023-01-26 11:30:09,328 INFO com.sis.ExcelReport.Service.EmailService [scheduling-1] Mail sent Successfully
2023-01-26 11:30:09,329 INFO com.sis.ExcelReport.Controller.ReportController [scheduling-1] DepartMent -->all
2023-01-26 11:30:16,503 INFO com.sis.ExcelReport.Service.EmailService [scheduling-1] E:\sc warrr11\ExcelReport\Dispatchlist.xlsx
2023-01-26 11:30:16,503 INFO com.sis.ExcelReport.Service.EmailService [scheduling-1] Mail sent Successfully
2023-01-26 11:30:16,504 INFO com.sis.ExcelReport.Controller.ReportController [scheduling-1] DepartMent -->OEM
2023-01-26 11:30:22,670 INFO com.sis.ExcelReport.Service.EmailService [scheduling-1] E:\sc warrr11\ExcelReport\Dispatchlist.xlsx
2023-01-26 11:30:22,670 INFO com.sis.ExcelReport.Service.EmailService [scheduling-1] Mail sent Successfully
2023-01-26 11:30:22,671 INFO com.sis.ExcelReport.Controller.ReportController [scheduling-1] DepartMent -->SHIPL
2023-01-26 11:30:28,649 INFO com.sis.ExcelReport.Service.EmailService [scheduling-1] E:\sc warrr11\ExcelReport\Dispatchlist.xlsx
2023-01-26 11:30:28,649 INFO com.sis.ExcelReport.Service.EmailService [scheduling-1] Mail sent Successfully
2023-01-26 11:30:28,649 INFO com.sis.ExcelReport.Controller.ReportController [scheduling-1] DepartMent -->INJECTOR
2023-01-26 11:30:34,694 INFO com.sis.ExcelReport.Service.EmailService [scheduling-1] E:\sc warrr11\ExcelReport\Dispatchlist.xlsx
2023-01-26 11:30:34,695 INFO com.sis.ExcelReport.Service.EmailService [scheduling-1] Mail sent Successfully
2023-01-26 11:30:34,695 INFO com.sis.ExcelReport.Controller.ReportController [scheduling-1] DepartMent -->VENTILATOR
2023-01-26 11:30:41,901 INFO com.sis.ExcelReport.Service.EmailService [scheduling-1] E:\sc warrr11\ExcelReport\Dispatchlist.xlsx
2023-01-26 11:30:41,901 INFO com.sis.ExcelReport.Service.EmailService [scheduling-1] Mail sent Successfully
2023-01-26 11:30:41,902 INFO com.sis.ExcelReport.Controller.ReportController [scheduling-1] DepartMent -->HEALTH AND FITNESS
2023-01-26 11:30:47,476 INFO com.sis.ExcelReport.Service.EmailService [scheduling-1] E:\sc warrr11\ExcelReport\Dispatchlist.xlsx
2023-01-26 11:30:47,477 INFO com.sis.ExcelReport.Service.EmailService [scheduling-1] Mail sent Successfully
2023-01-26 11:30:47,497 INFO com.sis.ExcelReport.Controller.ReportController [scheduling-1] DepartMent -->CONSUMABLES
2023-01-26 11:30:53,682 INFO com.sis.ExcelReport.Service.EmailService [scheduling-1] E:\sc warrr11\ExcelReport\Dispatchlist.xlsx
2023-01-26 11:30:53,682 INFO com.sis.ExcelReport.Service.EmailService [scheduling-1] Mail sent Successfully
2023-01-26 16:06:01,083 INFO com.sis.ExcelReport.Controller.ReportController [scheduling-1] Report Type -->dispatchlist
2023-01-26 16:06:09,794 INFO com.sis.ExcelReport.Controller.ReportController [scheduling-1] DepartMent -->SAG
2023-01-26 16:06:20,762 INFO com.sis.ExcelReport.Service.EmailService [scheduling-1] E:\sc warrr11\ExcelReport\Dispatchlist.xlsx
2023-01-26 16:06:20,763 INFO com.sis.ExcelReport.Service.EmailService [scheduling-1] Mail sent Successfully
2023-01-26 16:06:20,763 INFO com.sis.ExcelReport.Controller.ReportController [scheduling-1] DepartMent -->all
2023-01-26 16:06:28,935 INFO com.sis.ExcelReport.Service.EmailService [scheduling-1] E:\sc warrr11\ExcelReport\Dispatchlist.xlsx
2023-01-26 16:06:28,935 INFO com.sis.ExcelReport.Service.EmailService [scheduling-1] Mail sent Successfully
2023-01-26 16:06:28,936 INFO com.sis.ExcelReport.Controller.ReportController [scheduling-1] DepartMent -->OEM
2023-01-26 16:06:34,279 INFO com.sis.ExcelReport.Service.EmailService [scheduling-1] E:\sc warrr11\ExcelReport\Dispatchlist.xlsx
2023-01-26 16:06:34,279 INFO com.sis.ExcelReport.Service.EmailService [scheduling-1] Mail sent Successfully
2023-01-26 16:06:34,280 INFO com.sis.ExcelReport.Controller.ReportController [scheduling-1] DepartMent -->SHIPL
2023-01-26 16:06:41,019 INFO com.sis.ExcelReport.Service.EmailService [scheduling-1] E:\sc warrr11\ExcelReport\Dispatchlist.xlsx
2023-01-26 16:06:41,020 INFO com.sis.ExcelReport.Service.EmailService [scheduling-1] Mail sent Successfully
2023-01-26 16:06:41,020 INFO com.sis.ExcelReport.Controller.ReportController [scheduling-1] DepartMent -->INJECTOR
2023-01-26 16:06:46,312 INFO com.sis.ExcelReport.Service.EmailService [scheduling-1] E:\sc warrr11\ExcelReport\Dispatchlist.xlsx
2023-01-26 16:06:46,312 INFO com.sis.ExcelReport.Service.EmailService [scheduling-1] Mail sent Successfully
2023-01-26 16:06:46,312 INFO com.sis.ExcelReport.Controller.ReportController [scheduling-1] DepartMent -->VENTILATOR
2023-01-26 16:06:52,096 INFO com.sis.ExcelReport.Service.EmailService [scheduling-1] E:\sc warrr11\ExcelReport\Dispatchlist.xlsx
2023-01-26 16:06:52,096 INFO com.sis.ExcelReport.Service.EmailService [scheduling-1] Mail sent Successfully
2023-01-26 16:06:52,096 INFO com.sis.ExcelReport.Controller.ReportController [scheduling-1] DepartMent -->HEALTH AND FITNESS
2023-01-26 16:06:57,568 INFO com.sis.ExcelReport.Service.EmailService [scheduling-1] E:\sc warrr11\ExcelReport\Dispatchlist.xlsx
2023-01-26 16:06:57,568 INFO com.sis.ExcelReport.Service.EmailService [scheduling-1] Mail sent Successfully
2023-01-26 16:06:57,569 INFO com.sis.ExcelReport.Controller.ReportController [scheduling-1] DepartMent -->CONSUMABLES
2023-01-26 16:07:03,775 INFO com.sis.ExcelReport.Service.EmailService [scheduling-1] E:\sc warrr11\ExcelReport\Dispatchlist.xlsx
2023-01-26 16:07:03,776 INFO com.sis.ExcelReport.Service.EmailService [scheduling-1] Mail sent Successfully
2023-01-26 18:30:00,109 INFO com.sis.ExcelReport.Controller.ReportController [scheduling-1] Report Type -->prf/ob_completed
2023-01-26 18:30:01,907 INFO com.sis.ExcelReport.Controller.ReportController [scheduling-1] DepartMent -->all
2023-01-26 18:30:09,592 INFO com.sis.ExcelReport.Service.EmailService [scheduling-1] E:\sc warrr11\ExcelReport\PRFOB_'Completed'.xlsx
2023-01-26 18:30:09,592 INFO com.sis.ExcelReport.Service.EmailService [scheduling-1] Mail sent Successfully
2023-01-26 18:30:09,593 INFO com.sis.ExcelReport.Controller.ReportController [scheduling-1] DepartMent -->OEM
2023-01-26 18:30:15,847 INFO com.sis.ExcelReport.Service.EmailService [scheduling-1] E:\sc warrr11\ExcelReport\PRFOB_'Completed'.xlsx
2023-01-26 18:30:15,847 INFO com.sis.ExcelReport.Service.EmailService [scheduling-1] Mail sent Successfully
2023-01-26 18:30:15,848 INFO com.sis.ExcelReport.Controller.ReportController [scheduling-1] DepartMent -->VENTILATOR
2023-01-26 18:30:19,440 INFO com.sis.ExcelReport.Service.EmailService [scheduling-1] E:\sc warrr11\ExcelReport\PRFOB_'Completed'.xlsx
2023-01-26 18:30:19,440 INFO com.sis.ExcelReport.Service.EmailService [scheduling-1] Mail sent Successfully
2023-01-26 20:00:00,016 INFO com.sis.ExcelReport.Controller.ReportController [scheduling-1] Report Type -->stocklist
2023-01-26 20:00:00,501 INFO com.sis.ExcelReport.Controller.ReportController [scheduling-1] DepartMent -->SAG
2023-01-26 20:00:07,602 INFO com.sis.ExcelReport.Service.EmailService [scheduling-1] E:\sc warrr11\ExcelReport\Stocklist'.xlsx
2023-01-26 20:00:07,603 INFO com.sis.ExcelReport.Service.EmailService [scheduling-1] Mail sent Successfully
2023-01-26 20:00:07,603 INFO com.sis.ExcelReport.Controller.ReportController [scheduling-1] DepartMent -->all
2023-01-26 20:00:15,720 INFO com.sis.ExcelReport.Service.EmailService [scheduling-1] E:\sc warrr11\ExcelReport\Stocklist'.xlsx
2023-01-26 20:00:15,720 INFO com.sis.ExcelReport.Service.EmailService [scheduling-1] Mail sent Successfully
2023-01-26 20:00:15,720 INFO com.sis.ExcelReport.Controller.ReportController [scheduling-1] DepartMent -->OEM
2023-01-26 20:00:21,486 INFO com.sis.ExcelReport.Service.EmailService [scheduling-1] E:\sc warrr11\ExcelReport\Stocklist'.xlsx
2023-01-26 20:00:21,487 INFO com.sis.ExcelReport.Service.EmailService [scheduling-1] Mail sent Successfully
2023-01-26 20:00:21,487 INFO com.sis.ExcelReport.Controller.ReportController [scheduling-1] DepartMent -->SHIPL
2023-01-26 20:00:28,658 INFO com.sis.ExcelReport.Service.EmailService [scheduling-1] E:\sc warrr11\ExcelReport\Stocklist'.xlsx
2023-01-26 20:00:28,659 INFO com.sis.ExcelReport.Service.EmailService [scheduling-1] Mail sent Successfully
2023-01-26 20:00:28,659 INFO com.sis.ExcelReport.Controller.ReportController [scheduling-1] DepartMent -->INJECTOR
2023-01-26 20:00:34,512 INFO com.sis.ExcelReport.Service.EmailService [scheduling-1] E:\sc warrr11\ExcelReport\Stocklist'.xlsx
2023-01-26 20:00:34,512 INFO com.sis.ExcelReport.Service.EmailService [scheduling-1] Mail sent Successfully
2023-01-26 20:00:34,513 INFO com.sis.ExcelReport.Controller.ReportController [scheduling-1] DepartMent -->VENTILATOR
2023-01-26 20:00:40,301 INFO com.sis.ExcelReport.Service.EmailService [scheduling-1] E:\sc warrr11\ExcelReport\Stocklist'.xlsx
2023-01-26 20:00:40,302 INFO com.sis.ExcelReport.Service.EmailService [scheduling-1] Mail sent Successfully
2023-01-26 20:00:40,302 INFO com.sis.ExcelReport.Controller.ReportController [scheduling-1] DepartMent -->CONSUMABLES
2023-01-26 20:00:45,827 INFO com.sis.ExcelReport.Service.EmailService [scheduling-1] E:\sc warrr11\ExcelReport\Stocklist'.xlsx
2023-01-26 20:00:45,827 INFO com.sis.ExcelReport.Service.EmailService [scheduling-1] Mail sent Successfully
