2023-04-30 09:40:01,255 INFO com.sis.ExcelReport.Controller.ReportController [scheduling-1] Report Type -->prf/ob_pending
2023-04-30 09:40:05,362 INFO com.sis.ExcelReport.Controller.ReportController [scheduling-1] DepartMent -->SAG
2023-04-30 09:40:15,325 INFO com.sis.ExcelReport.Service.EmailService [scheduling-1] E:\sc warrr11\ExcelReport\PRFOB_'Pending'.xlsx
2023-04-30 09:40:15,325 INFO com.sis.ExcelReport.Service.EmailService [scheduling-1] Mail sent Successfully
2023-04-30 09:40:15,326 INFO com.sis.ExcelReport.Controller.ReportController [scheduling-1] DepartMent -->all
2023-04-30 09:40:21,263 INFO com.sis.ExcelReport.Service.EmailService [scheduling-1] E:\sc warrr11\ExcelReport\PRFOB_'Pending'.xlsx
2023-04-30 09:40:21,264 INFO com.sis.ExcelReport.Service.EmailService [scheduling-1] Mail sent Successfully
2023-04-30 09:40:21,264 INFO com.sis.ExcelReport.Controller.ReportController [scheduling-1] DepartMent -->OEM
2023-04-30 09:40:26,885 INFO com.sis.ExcelReport.Service.EmailService [scheduling-1] E:\sc warrr11\ExcelReport\PRFOB_'Pending'.xlsx
2023-04-30 09:40:26,885 INFO com.sis.ExcelReport.Service.EmailService [scheduling-1] Mail sent Successfully
2023-04-30 09:40:26,885 INFO com.sis.ExcelReport.Controller.ReportController [scheduling-1] DepartMent -->SHIPL
2023-04-30 09:40:32,461 INFO com.sis.ExcelReport.Service.EmailService [scheduling-1] E:\sc warrr11\ExcelReport\PRFOB_'Pending'.xlsx
2023-04-30 09:40:32,461 INFO com.sis.ExcelReport.Service.EmailService [scheduling-1] Mail sent Successfully
2023-04-30 09:40:32,461 INFO com.sis.ExcelReport.Controller.ReportController [scheduling-1] DepartMent -->INJECTOR
2023-04-30 09:40:37,844 INFO com.sis.ExcelReport.Service.EmailService [scheduling-1] E:\sc warrr11\ExcelReport\PRFOB_'Pending'.xlsx
2023-04-30 09:40:37,845 INFO com.sis.ExcelReport.Service.EmailService [scheduling-1] Mail sent Successfully
2023-04-30 09:40:37,845 INFO com.sis.ExcelReport.Controller.ReportController [scheduling-1] DepartMent -->VENTILATOR
2023-04-30 09:40:43,306 INFO com.sis.ExcelReport.Service.EmailService [scheduling-1] E:\sc warrr11\ExcelReport\PRFOB_'Pending'.xlsx
2023-04-30 09:40:43,307 INFO com.sis.ExcelReport.Service.EmailService [scheduling-1] Mail sent Successfully
2023-04-30 11:30:00,949 INFO com.sis.ExcelReport.Controller.ReportController [scheduling-1] Report Type -->dispatchlist
2023-04-30 11:30:01,896 INFO com.sis.ExcelReport.Controller.ReportController [scheduling-1] DepartMent -->SAG
2023-04-30 11:30:09,357 INFO com.sis.ExcelReport.Service.EmailService [scheduling-1] E:\sc warrr11\ExcelReport\Dispatchlist.xlsx
2023-04-30 11:30:09,358 INFO com.sis.ExcelReport.Service.EmailService [scheduling-1] Mail sent Successfully
2023-04-30 11:30:09,358 INFO com.sis.ExcelReport.Controller.ReportController [scheduling-1] DepartMent -->all
2023-04-30 11:30:16,353 INFO com.sis.ExcelReport.Service.EmailService [scheduling-1] E:\sc warrr11\ExcelReport\Dispatchlist.xlsx
2023-04-30 11:30:16,353 INFO com.sis.ExcelReport.Service.EmailService [scheduling-1] Mail sent Successfully
2023-04-30 11:30:16,353 INFO com.sis.ExcelReport.Controller.ReportController [scheduling-1] DepartMent -->SHIPL
2023-04-30 11:30:22,073 INFO com.sis.ExcelReport.Service.EmailService [scheduling-1] E:\sc warrr11\ExcelReport\Dispatchlist.xlsx
2023-04-30 11:30:22,073 INFO com.sis.ExcelReport.Service.EmailService [scheduling-1] Mail sent Successfully
2023-04-30 11:30:22,073 INFO com.sis.ExcelReport.Controller.ReportController [scheduling-1] DepartMent -->OEM
2023-04-30 11:30:27,377 INFO com.sis.ExcelReport.Service.EmailService [scheduling-1] E:\sc warrr11\ExcelReport\Dispatchlist.xlsx
2023-04-30 11:30:27,377 INFO com.sis.ExcelReport.Service.EmailService [scheduling-1] Mail sent Successfully
2023-04-30 11:30:27,377 INFO com.sis.ExcelReport.Controller.ReportController [scheduling-1] DepartMent -->INJECTOR
2023-04-30 11:30:32,711 INFO com.sis.ExcelReport.Service.EmailService [scheduling-1] E:\sc warrr11\ExcelReport\Dispatchlist.xlsx
2023-04-30 11:30:32,712 INFO com.sis.ExcelReport.Service.EmailService [scheduling-1] Mail sent Successfully
2023-04-30 11:30:32,727 INFO com.sis.ExcelReport.Controller.ReportController [scheduling-1] DepartMent -->VENTILATOR
2023-04-30 11:30:38,245 INFO com.sis.ExcelReport.Service.EmailService [scheduling-1] E:\sc warrr11\ExcelReport\Dispatchlist.xlsx
2023-04-30 11:30:38,245 INFO com.sis.ExcelReport.Service.EmailService [scheduling-1] Mail sent Successfully
2023-04-30 11:30:38,245 INFO com.sis.ExcelReport.Controller.ReportController [scheduling-1] DepartMent -->HEALTH AND FITNESS
2023-04-30 11:30:43,733 INFO com.sis.ExcelReport.Service.EmailService [scheduling-1] E:\sc warrr11\ExcelReport\Dispatchlist.xlsx
2023-04-30 11:30:43,733 INFO com.sis.ExcelReport.Service.EmailService [scheduling-1] Mail sent Successfully
2023-04-30 11:30:43,733 INFO com.sis.ExcelReport.Controller.ReportController [scheduling-1] DepartMent -->CONSUMABLES
2023-04-30 11:30:49,496 INFO com.sis.ExcelReport.Service.EmailService [scheduling-1] E:\sc warrr11\ExcelReport\Dispatchlist.xlsx
2023-04-30 11:30:49,496 INFO com.sis.ExcelReport.Service.EmailService [scheduling-1] Mail sent Successfully
2023-04-30 13:23:39,263 INFO org.springframework.scheduling.concurrent.ExecutorConfigurationSupport [Thread-7] Shutting down ExecutorService 'taskScheduler'
2023-04-30 13:23:40,825 INFO org.springframework.scheduling.concurrent.ExecutorConfigurationSupport [Thread-7] Shutting down ExecutorService 'applicationTaskExecutor'
2023-04-30 13:23:41,053 INFO org.springframework.orm.jpa.AbstractEntityManagerFactoryBean [Thread-7] Closing JPA EntityManagerFactory for persistence unit 'default'
2023-04-30 13:23:43,738 INFO com.zaxxer.hikari.HikariDataSource [Thread-7] HikariPool-1 - Shutdown initiated...
2023-04-30 13:23:44,614 INFO com.zaxxer.hikari.HikariDataSource [Thread-7] HikariPool-1 - Shutdown completed.
2023-04-30 13:24:17,469 INFO org.springframework.boot.StartupInfoLogger [restartedMain] Starting ExcelReportApplication using Java 1.8.0_152 on DESKTOP-NCNS245 with PID 1248 (E:\sc warrr11\ExcelReport\target\classes started by Admin in E:\sc warrr11\ExcelReport)
2023-04-30 13:24:17,471 INFO org.springframework.boot.SpringApplication [restartedMain] No active profile set, falling back to default profiles: default
2023-04-30 13:24:19,972 INFO org.springframework.data.repository.config.RepositoryConfigurationDelegate [restartedMain] Bootstrapping Spring Data JPA repositories in DEFAULT mode.
2023-04-30 13:24:20,177 INFO org.springframework.data.repository.config.RepositoryConfigurationDelegate [restartedMain] Finished Spring Data repository scanning in 205 ms. Found 10 JPA repository interfaces.
2023-04-30 13:24:20,949 INFO org.springframework.boot.web.embedded.tomcat.TomcatWebServer [restartedMain] Tomcat initialized with port(s): 90 (http)
2023-04-30 13:24:20,950 INFO org.apache.juli.logging.DirectJDKLog [restartedMain] Initializing ProtocolHandler ["http-nio-90"]
2023-04-30 13:24:20,951 INFO org.apache.juli.logging.DirectJDKLog [restartedMain] Starting service [Tomcat]
2023-04-30 13:24:20,951 INFO org.apache.juli.logging.DirectJDKLog [restartedMain] Starting Servlet engine: [Apache Tomcat/9.0.44]
2023-04-30 13:24:21,242 INFO org.apache.juli.logging.DirectJDKLog [restartedMain] At least one JAR was scanned for TLDs yet contained no TLDs. Enable debug logging for this logger for a complete list of JARs that were scanned but no TLDs were found in them. Skipping unneeded JARs during scanning can improve startup time and JSP compilation time.
2023-04-30 13:24:21,243 INFO org.apache.juli.logging.DirectJDKLog [restartedMain] Initializing Spring embedded WebApplicationContext
2023-04-30 13:24:21,244 INFO org.springframework.boot.web.servlet.context.ServletWebServerApplicationContext [restartedMain] Root WebApplicationContext: initialization completed in 3733 ms
2023-04-30 13:24:21,387 INFO com.zaxxer.hikari.HikariDataSource [restartedMain] HikariPool-2 - Starting...
2023-04-30 13:24:21,518 INFO com.zaxxer.hikari.HikariDataSource [restartedMain] HikariPool-2 - Start completed.
2023-04-30 13:24:21,555 INFO org.hibernate.jpa.internal.util.LogHelper [restartedMain] HHH000204: Processing PersistenceUnitInfo [name: default]
2023-04-30 13:24:21,605 INFO org.hibernate.dialect.Dialect [restartedMain] HHH000400: Using dialect: org.hibernate.dialect.MySQL8Dialect
2023-04-30 13:24:22,086 INFO org.hibernate.engine.transaction.jta.platform.internal.JtaPlatformInitiator [restartedMain] HHH000490: Using JtaPlatform implementation: [org.hibernate.engine.transaction.jta.platform.internal.NoJtaPlatform]
2023-04-30 13:24:22,109 INFO org.springframework.orm.jpa.AbstractEntityManagerFactoryBean [restartedMain] Initialized JPA EntityManagerFactory for persistence unit 'default'
2023-04-30 13:24:23,445 WARN org.springframework.boot.autoconfigure.orm.jpa.JpaBaseConfiguration$JpaWebConfiguration [restartedMain] spring.jpa.open-in-view is enabled by default. Therefore, database queries may be performed during view rendering. Explicitly configure spring.jpa.open-in-view to disable this warning
2023-04-30 13:24:23,539 INFO org.springframework.scheduling.concurrent.ExecutorConfigurationSupport [restartedMain] Initializing ExecutorService 'applicationTaskExecutor'
2023-04-30 13:24:23,892 INFO org.springframework.scheduling.concurrent.ExecutorConfigurationSupport [restartedMain] Initializing ExecutorService 'taskScheduler'
2023-04-30 13:24:23,918 INFO org.springframework.boot.devtools.autoconfigure.OptionalLiveReloadServer [restartedMain] LiveReload server is running on port 35729
2023-04-30 13:24:23,968 INFO org.apache.juli.logging.DirectJDKLog [restartedMain] Starting ProtocolHandler ["http-nio-90"]
2023-04-30 13:24:23,994 INFO org.springframework.boot.web.embedded.tomcat.TomcatWebServer [restartedMain] Tomcat started on port(s): 90 (http) with context path ''
2023-04-30 13:24:24,005 INFO org.springframework.boot.StartupInfoLogger [restartedMain] Started ExcelReportApplication in 7.03 seconds (JVM running for 244112.521)
2023-04-30 13:24:24,008 INFO org.springframework.boot.devtools.autoconfigure.ConditionEvaluationDeltaLoggingListener [restartedMain] Condition evaluation unchanged
2023-04-30 16:06:00,921 INFO com.sis.ExcelReport.Controller.ReportController [scheduling-1] Report Type -->dispatchlist
2023-04-30 16:06:08,536 INFO com.sis.ExcelReport.Controller.ReportController [scheduling-1] DepartMent -->SAG
2023-04-30 16:06:17,174 INFO com.sis.ExcelReport.Service.EmailService [scheduling-1] E:\sc warrr11\ExcelReport\Dispatchlist.xlsx
2023-04-30 16:06:17,175 INFO com.sis.ExcelReport.Service.EmailService [scheduling-1] Mail sent Successfully
2023-04-30 16:06:17,175 INFO com.sis.ExcelReport.Controller.ReportController [scheduling-1] DepartMent -->all
2023-04-30 16:06:24,097 INFO com.sis.ExcelReport.Service.EmailService [scheduling-1] E:\sc warrr11\ExcelReport\Dispatchlist.xlsx
2023-04-30 16:06:24,097 INFO com.sis.ExcelReport.Service.EmailService [scheduling-1] Mail sent Successfully
2023-04-30 16:06:24,097 INFO com.sis.ExcelReport.Controller.ReportController [scheduling-1] DepartMent -->SHIPL
2023-04-30 16:06:30,274 INFO com.sis.ExcelReport.Service.EmailService [scheduling-1] E:\sc warrr11\ExcelReport\Dispatchlist.xlsx
2023-04-30 16:06:30,275 INFO com.sis.ExcelReport.Service.EmailService [scheduling-1] Mail sent Successfully
2023-04-30 16:06:30,275 INFO com.sis.ExcelReport.Controller.ReportController [scheduling-1] DepartMent -->OEM
2023-04-30 16:06:35,692 INFO com.sis.ExcelReport.Service.EmailService [scheduling-1] E:\sc warrr11\ExcelReport\Dispatchlist.xlsx
2023-04-30 16:06:35,693 INFO com.sis.ExcelReport.Service.EmailService [scheduling-1] Mail sent Successfully
2023-04-30 16:06:35,693 INFO com.sis.ExcelReport.Controller.ReportController [scheduling-1] DepartMent -->INJECTOR
2023-04-30 16:06:41,069 INFO com.sis.ExcelReport.Service.EmailService [scheduling-1] E:\sc warrr11\ExcelReport\Dispatchlist.xlsx
2023-04-30 16:06:41,069 INFO com.sis.ExcelReport.Service.EmailService [scheduling-1] Mail sent Successfully
2023-04-30 16:06:41,069 INFO com.sis.ExcelReport.Controller.ReportController [scheduling-1] DepartMent -->VENTILATOR
2023-04-30 16:06:46,644 INFO com.sis.ExcelReport.Service.EmailService [scheduling-1] E:\sc warrr11\ExcelReport\Dispatchlist.xlsx
2023-04-30 16:06:46,664 INFO com.sis.ExcelReport.Service.EmailService [scheduling-1] Mail sent Successfully
2023-04-30 16:06:46,664 INFO com.sis.ExcelReport.Controller.ReportController [scheduling-1] DepartMent -->HEALTH AND FITNESS
2023-04-30 16:06:52,225 INFO com.sis.ExcelReport.Service.EmailService [scheduling-1] E:\sc warrr11\ExcelReport\Dispatchlist.xlsx
2023-04-30 16:06:52,225 INFO com.sis.ExcelReport.Service.EmailService [scheduling-1] Mail sent Successfully
2023-04-30 16:06:52,225 INFO com.sis.ExcelReport.Controller.ReportController [scheduling-1] DepartMent -->CONSUMABLES
2023-04-30 16:06:57,919 INFO com.sis.ExcelReport.Service.EmailService [scheduling-1] E:\sc warrr11\ExcelReport\Dispatchlist.xlsx
2023-04-30 16:06:57,919 INFO com.sis.ExcelReport.Service.EmailService [scheduling-1] Mail sent Successfully
2023-04-30 18:30:00,255 INFO com.sis.ExcelReport.Controller.ReportController [scheduling-1] Report Type -->prf/ob_completed
2023-04-30 18:30:01,453 INFO com.sis.ExcelReport.Controller.ReportController [scheduling-1] DepartMent -->all
2023-04-30 18:30:08,431 INFO com.sis.ExcelReport.Service.EmailService [scheduling-1] E:\sc warrr11\ExcelReport\PRFOB_'Completed'.xlsx
2023-04-30 18:30:08,431 INFO com.sis.ExcelReport.Service.EmailService [scheduling-1] Mail sent Successfully
2023-04-30 18:30:08,431 INFO com.sis.ExcelReport.Controller.ReportController [scheduling-1] DepartMent -->VENTILATOR
2023-04-30 18:30:14,120 INFO com.sis.ExcelReport.Service.EmailService [scheduling-1] E:\sc warrr11\ExcelReport\PRFOB_'Completed'.xlsx
2023-04-30 18:30:14,120 INFO com.sis.ExcelReport.Service.EmailService [scheduling-1] Mail sent Successfully
2023-04-30 18:30:14,120 INFO com.sis.ExcelReport.Controller.ReportController [scheduling-1] DepartMent -->SAG
2023-04-30 18:30:20,259 INFO com.sis.ExcelReport.Service.EmailService [scheduling-1] E:\sc warrr11\ExcelReport\PRFOB_'Completed'.xlsx
2023-04-30 18:30:20,259 INFO com.sis.ExcelReport.Service.EmailService [scheduling-1] Mail sent Successfully
2023-04-30 18:30:20,259 INFO com.sis.ExcelReport.Controller.ReportController [scheduling-1] DepartMent -->OEM
2023-04-30 18:30:26,517 INFO com.sis.ExcelReport.Service.EmailService [scheduling-1] E:\sc warrr11\ExcelReport\PRFOB_'Completed'.xlsx
2023-04-30 18:30:26,517 INFO com.sis.ExcelReport.Service.EmailService [scheduling-1] Mail sent Successfully
2023-04-30 20:00:00,280 INFO com.sis.ExcelReport.Controller.ReportController [scheduling-1] Report Type -->stocklist
2023-04-30 20:00:00,476 INFO com.sis.ExcelReport.Controller.ReportController [scheduling-1] DepartMent -->SAG
2023-04-30 20:00:06,690 INFO com.sis.ExcelReport.Service.EmailService [scheduling-1] E:\sc warrr11\ExcelReport\Stocklist.xlsx
2023-04-30 20:00:06,690 INFO com.sis.ExcelReport.Service.EmailService [scheduling-1] Mail sent Successfully
2023-04-30 20:00:06,690 INFO com.sis.ExcelReport.Controller.ReportController [scheduling-1] DepartMent -->all
2023-04-30 20:00:13,108 INFO com.sis.ExcelReport.Service.EmailService [scheduling-1] E:\sc warrr11\ExcelReport\Stocklist.xlsx
2023-04-30 20:00:13,108 INFO com.sis.ExcelReport.Service.EmailService [scheduling-1] Mail sent Successfully
2023-04-30 20:00:13,108 INFO com.sis.ExcelReport.Controller.ReportController [scheduling-1] DepartMent -->SHIPL
2023-04-30 20:00:18,779 INFO com.sis.ExcelReport.Service.EmailService [scheduling-1] E:\sc warrr11\ExcelReport\Stocklist.xlsx
2023-04-30 20:00:18,779 INFO com.sis.ExcelReport.Service.EmailService [scheduling-1] Mail sent Successfully
2023-04-30 20:00:18,779 INFO com.sis.ExcelReport.Controller.ReportController [scheduling-1] DepartMent -->OEM
2023-04-30 20:00:24,902 INFO com.sis.ExcelReport.Service.EmailService [scheduling-1] E:\sc warrr11\ExcelReport\Stocklist.xlsx
2023-04-30 20:00:24,902 INFO com.sis.ExcelReport.Service.EmailService [scheduling-1] Mail sent Successfully
2023-04-30 20:00:24,902 INFO com.sis.ExcelReport.Controller.ReportController [scheduling-1] DepartMent -->INJECTOR
2023-04-30 20:00:30,458 INFO com.sis.ExcelReport.Service.EmailService [scheduling-1] E:\sc warrr11\ExcelReport\Stocklist.xlsx
2023-04-30 20:00:30,458 INFO com.sis.ExcelReport.Service.EmailService [scheduling-1] Mail sent Successfully
2023-04-30 20:00:30,458 INFO com.sis.ExcelReport.Controller.ReportController [scheduling-1] DepartMent -->VENTILATOR
2023-04-30 20:00:35,922 INFO com.sis.ExcelReport.Service.EmailService [scheduling-1] E:\sc warrr11\ExcelReport\Stocklist.xlsx
2023-04-30 20:00:35,922 INFO com.sis.ExcelReport.Service.EmailService [scheduling-1] Mail sent Successfully
2023-04-30 20:00:35,922 INFO com.sis.ExcelReport.Controller.ReportController [scheduling-1] DepartMent -->CONSUMABLES
2023-04-30 20:00:41,205 INFO com.sis.ExcelReport.Service.EmailService [scheduling-1] E:\sc warrr11\ExcelReport\Stocklist.xlsx
2023-04-30 20:00:41,205 INFO com.sis.ExcelReport.Service.EmailService [scheduling-1] Mail sent Successfully
