2023-05-30 09:40:01,727 INFO com.sis.ExcelReport.Controller.ReportController [scheduling-1] Report Type -->prf/ob_pending
2023-05-30 09:40:02,657 INFO com.sis.ExcelReport.Controller.ReportController [scheduling-1] DepartMent -->SAG
2023-05-30 09:40:09,624 INFO com.sis.ExcelReport.Service.EmailService [scheduling-1] E:\sc warrr11\ExcelReport\PRFOB_'Pending'.xlsx
2023-05-30 09:40:09,624 INFO com.sis.ExcelReport.Service.EmailService [scheduling-1] Mail sent Successfully
2023-05-30 09:40:09,624 INFO com.sis.ExcelReport.Controller.ReportController [scheduling-1] DepartMent -->all
2023-05-30 09:40:16,373 INFO com.sis.ExcelReport.Service.EmailService [scheduling-1] E:\sc warrr11\ExcelReport\PRFOB_'Pending'.xlsx
2023-05-30 09:40:16,378 INFO com.sis.ExcelReport.Service.EmailService [scheduling-1] Mail sent Successfully
2023-05-30 09:40:16,378 INFO com.sis.ExcelReport.Controller.ReportController [scheduling-1] DepartMent -->OEM
2023-05-30 09:40:22,189 INFO com.sis.ExcelReport.Service.EmailService [scheduling-1] E:\sc warrr11\ExcelReport\PRFOB_'Pending'.xlsx
2023-05-30 09:40:22,189 INFO com.sis.ExcelReport.Service.EmailService [scheduling-1] Mail sent Successfully
2023-05-30 09:40:22,189 INFO com.sis.ExcelReport.Controller.ReportController [scheduling-1] DepartMent -->SHIPL
2023-05-30 09:40:27,967 INFO com.sis.ExcelReport.Service.EmailService [scheduling-1] E:\sc warrr11\ExcelReport\PRFOB_'Pending'.xlsx
2023-05-30 09:40:27,968 INFO com.sis.ExcelReport.Service.EmailService [scheduling-1] Mail sent Successfully
2023-05-30 09:40:27,968 INFO com.sis.ExcelReport.Controller.ReportController [scheduling-1] DepartMent -->INJECTOR
2023-05-30 09:40:33,478 INFO com.sis.ExcelReport.Service.EmailService [scheduling-1] E:\sc warrr11\ExcelReport\PRFOB_'Pending'.xlsx
2023-05-30 09:40:33,478 INFO com.sis.ExcelReport.Service.EmailService [scheduling-1] Mail sent Successfully
2023-05-30 09:40:33,478 INFO com.sis.ExcelReport.Controller.ReportController [scheduling-1] DepartMent -->VENTILATOR
2023-05-30 09:40:38,916 INFO com.sis.ExcelReport.Service.EmailService [scheduling-1] E:\sc warrr11\ExcelReport\PRFOB_'Pending'.xlsx
2023-05-30 09:40:38,916 INFO com.sis.ExcelReport.Service.EmailService [scheduling-1] Mail sent Successfully
2023-05-30 11:30:01,719 INFO com.sis.ExcelReport.Controller.ReportController [scheduling-1] Report Type -->dispatchlist
2023-05-30 11:30:01,942 INFO com.sis.ExcelReport.Controller.ReportController [scheduling-1] DepartMent -->SAG
2023-05-30 11:30:08,839 INFO com.sis.ExcelReport.Service.EmailService [scheduling-1] E:\sc warrr11\ExcelReport\Dispatchlist.xlsx
2023-05-30 11:30:08,839 INFO com.sis.ExcelReport.Service.EmailService [scheduling-1] Mail sent Successfully
2023-05-30 11:30:08,839 INFO com.sis.ExcelReport.Controller.ReportController [scheduling-1] DepartMent -->all
2023-05-30 11:30:15,970 INFO com.sis.ExcelReport.Service.EmailService [scheduling-1] E:\sc warrr11\ExcelReport\Dispatchlist.xlsx
2023-05-30 11:30:15,970 INFO com.sis.ExcelReport.Service.EmailService [scheduling-1] Mail sent Successfully
2023-05-30 11:30:15,970 INFO com.sis.ExcelReport.Controller.ReportController [scheduling-1] DepartMent -->SHIPL
2023-05-30 11:30:21,612 INFO com.sis.ExcelReport.Service.EmailService [scheduling-1] E:\sc warrr11\ExcelReport\Dispatchlist.xlsx
2023-05-30 11:30:21,612 INFO com.sis.ExcelReport.Service.EmailService [scheduling-1] Mail sent Successfully
2023-05-30 11:30:21,612 INFO com.sis.ExcelReport.Controller.ReportController [scheduling-1] DepartMent -->OEM
2023-05-30 11:30:27,233 INFO com.sis.ExcelReport.Service.EmailService [scheduling-1] E:\sc warrr11\ExcelReport\Dispatchlist.xlsx
2023-05-30 11:30:27,233 INFO com.sis.ExcelReport.Service.EmailService [scheduling-1] Mail sent Successfully
2023-05-30 11:30:27,233 INFO com.sis.ExcelReport.Controller.ReportController [scheduling-1] DepartMent -->INJECTOR
2023-05-30 11:30:32,698 INFO com.sis.ExcelReport.Service.EmailService [scheduling-1] E:\sc warrr11\ExcelReport\Dispatchlist.xlsx
2023-05-30 11:30:32,698 INFO com.sis.ExcelReport.Service.EmailService [scheduling-1] Mail sent Successfully
2023-05-30 11:30:32,698 INFO com.sis.ExcelReport.Controller.ReportController [scheduling-1] DepartMent -->VENTILATOR
2023-05-30 11:30:39,983 INFO com.sis.ExcelReport.Service.EmailService [scheduling-1] E:\sc warrr11\ExcelReport\Dispatchlist.xlsx
2023-05-30 11:30:39,983 INFO com.sis.ExcelReport.Service.EmailService [scheduling-1] Mail sent Successfully
2023-05-30 11:30:39,983 INFO com.sis.ExcelReport.Controller.ReportController [scheduling-1] DepartMent -->HEALTH AND FITNESS
2023-05-30 11:30:45,521 INFO com.sis.ExcelReport.Service.EmailService [scheduling-1] E:\sc warrr11\ExcelReport\Dispatchlist.xlsx
2023-05-30 11:30:45,521 INFO com.sis.ExcelReport.Service.EmailService [scheduling-1] Mail sent Successfully
2023-05-30 11:30:45,522 INFO com.sis.ExcelReport.Controller.ReportController [scheduling-1] DepartMent -->CONSUMABLES
2023-05-30 11:30:51,186 INFO com.sis.ExcelReport.Service.EmailService [scheduling-1] E:\sc warrr11\ExcelReport\Dispatchlist.xlsx
2023-05-30 11:30:51,186 INFO com.sis.ExcelReport.Service.EmailService [scheduling-1] Mail sent Successfully
2023-05-30 16:06:01,736 INFO com.sis.ExcelReport.Controller.ReportController [scheduling-1] Report Type -->dispatchlist
2023-05-30 16:06:01,963 INFO com.sis.ExcelReport.Controller.ReportController [scheduling-1] DepartMent -->SAG
2023-05-30 16:06:10,509 INFO com.sis.ExcelReport.Service.EmailService [scheduling-1] E:\sc warrr11\ExcelReport\Dispatchlist.xlsx
2023-05-30 16:06:10,509 INFO com.sis.ExcelReport.Service.EmailService [scheduling-1] Mail sent Successfully
2023-05-30 16:06:10,509 INFO com.sis.ExcelReport.Controller.ReportController [scheduling-1] DepartMent -->all
2023-05-30 16:06:17,989 INFO com.sis.ExcelReport.Service.EmailService [scheduling-1] E:\sc warrr11\ExcelReport\Dispatchlist.xlsx
2023-05-30 16:06:17,989 INFO com.sis.ExcelReport.Service.EmailService [scheduling-1] Mail sent Successfully
2023-05-30 16:06:17,989 INFO com.sis.ExcelReport.Controller.ReportController [scheduling-1] DepartMent -->SHIPL
2023-05-30 16:06:23,693 INFO com.sis.ExcelReport.Service.EmailService [scheduling-1] E:\sc warrr11\ExcelReport\Dispatchlist.xlsx
2023-05-30 16:06:23,693 INFO com.sis.ExcelReport.Service.EmailService [scheduling-1] Mail sent Successfully
2023-05-30 16:06:23,693 INFO com.sis.ExcelReport.Controller.ReportController [scheduling-1] DepartMent -->OEM
2023-05-30 16:06:29,545 INFO com.sis.ExcelReport.Service.EmailService [scheduling-1] E:\sc warrr11\ExcelReport\Dispatchlist.xlsx
2023-05-30 16:06:29,545 INFO com.sis.ExcelReport.Service.EmailService [scheduling-1] Mail sent Successfully
2023-05-30 16:06:29,546 INFO com.sis.ExcelReport.Controller.ReportController [scheduling-1] DepartMent -->INJECTOR
2023-05-30 16:06:34,862 INFO com.sis.ExcelReport.Service.EmailService [scheduling-1] E:\sc warrr11\ExcelReport\Dispatchlist.xlsx
2023-05-30 16:06:34,862 INFO com.sis.ExcelReport.Service.EmailService [scheduling-1] Mail sent Successfully
2023-05-30 16:06:34,862 INFO com.sis.ExcelReport.Controller.ReportController [scheduling-1] DepartMent -->VENTILATOR
2023-05-30 16:06:40,403 INFO com.sis.ExcelReport.Service.EmailService [scheduling-1] E:\sc warrr11\ExcelReport\Dispatchlist.xlsx
2023-05-30 16:06:40,403 INFO com.sis.ExcelReport.Service.EmailService [scheduling-1] Mail sent Successfully
2023-05-30 16:06:40,403 INFO com.sis.ExcelReport.Controller.ReportController [scheduling-1] DepartMent -->HEALTH AND FITNESS
2023-05-30 16:06:45,948 INFO com.sis.ExcelReport.Service.EmailService [scheduling-1] E:\sc warrr11\ExcelReport\Dispatchlist.xlsx
2023-05-30 16:06:45,948 INFO com.sis.ExcelReport.Service.EmailService [scheduling-1] Mail sent Successfully
2023-05-30 16:06:45,948 INFO com.sis.ExcelReport.Controller.ReportController [scheduling-1] DepartMent -->CONSUMABLES
2023-05-30 16:06:51,558 INFO com.sis.ExcelReport.Service.EmailService [scheduling-1] E:\sc warrr11\ExcelReport\Dispatchlist.xlsx
2023-05-30 16:06:51,559 INFO com.sis.ExcelReport.Service.EmailService [scheduling-1] Mail sent Successfully
2023-05-30 18:30:01,720 INFO com.sis.ExcelReport.Controller.ReportController [scheduling-1] Report Type -->prf/ob_completed
2023-05-30 18:30:02,064 INFO com.sis.ExcelReport.Controller.ReportController [scheduling-1] DepartMent -->all
2023-05-30 18:30:08,713 INFO com.sis.ExcelReport.Service.EmailService [scheduling-1] E:\sc warrr11\ExcelReport\PRFOB_'Completed'.xlsx
2023-05-30 18:30:08,713 INFO com.sis.ExcelReport.Service.EmailService [scheduling-1] Mail sent Successfully
2023-05-30 18:30:08,714 INFO com.sis.ExcelReport.Controller.ReportController [scheduling-1] DepartMent -->VENTILATOR
2023-05-30 18:30:14,308 INFO com.sis.ExcelReport.Service.EmailService [scheduling-1] E:\sc warrr11\ExcelReport\PRFOB_'Completed'.xlsx
2023-05-30 18:30:14,309 INFO com.sis.ExcelReport.Service.EmailService [scheduling-1] Mail sent Successfully
2023-05-30 18:30:14,309 INFO com.sis.ExcelReport.Controller.ReportController [scheduling-1] DepartMent -->SAG
2023-05-30 18:30:19,989 INFO com.sis.ExcelReport.Service.EmailService [scheduling-1] E:\sc warrr11\ExcelReport\PRFOB_'Completed'.xlsx
2023-05-30 18:30:19,989 INFO com.sis.ExcelReport.Service.EmailService [scheduling-1] Mail sent Successfully
2023-05-30 18:30:19,989 INFO com.sis.ExcelReport.Controller.ReportController [scheduling-1] DepartMent -->OEM
2023-05-30 18:30:25,748 INFO com.sis.ExcelReport.Service.EmailService [scheduling-1] E:\sc warrr11\ExcelReport\PRFOB_'Completed'.xlsx
2023-05-30 18:30:25,748 INFO com.sis.ExcelReport.Service.EmailService [scheduling-1] Mail sent Successfully
2023-05-30 20:00:01,719 INFO com.sis.ExcelReport.Controller.ReportController [scheduling-1] Report Type -->stocklist
2023-05-30 20:00:02,449 INFO com.sis.ExcelReport.Controller.ReportController [scheduling-1] DepartMent -->SAG
2023-05-30 20:00:08,847 INFO com.sis.ExcelReport.Service.EmailService [scheduling-1] E:\sc warrr11\ExcelReport\Stocklist.xlsx
2023-05-30 20:00:08,847 INFO com.sis.ExcelReport.Service.EmailService [scheduling-1] Mail sent Successfully
2023-05-30 20:00:08,847 INFO com.sis.ExcelReport.Controller.ReportController [scheduling-1] DepartMent -->all
2023-05-30 20:00:17,961 INFO com.sis.ExcelReport.Service.EmailService [scheduling-1] E:\sc warrr11\ExcelReport\Stocklist.xlsx
2023-05-30 20:00:17,961 INFO com.sis.ExcelReport.Service.EmailService [scheduling-1] Mail sent Successfully
2023-05-30 20:00:17,961 INFO com.sis.ExcelReport.Controller.ReportController [scheduling-1] DepartMent -->SHIPL
2023-05-30 20:00:23,745 INFO com.sis.ExcelReport.Service.EmailService [scheduling-1] E:\sc warrr11\ExcelReport\Stocklist.xlsx
2023-05-30 20:00:23,745 INFO com.sis.ExcelReport.Service.EmailService [scheduling-1] Mail sent Successfully
2023-05-30 20:00:23,745 INFO com.sis.ExcelReport.Controller.ReportController [scheduling-1] DepartMent -->OEM
2023-05-30 20:00:29,372 INFO com.sis.ExcelReport.Service.EmailService [scheduling-1] E:\sc warrr11\ExcelReport\Stocklist.xlsx
2023-05-30 20:00:29,372 INFO com.sis.ExcelReport.Service.EmailService [scheduling-1] Mail sent Successfully
2023-05-30 20:00:29,372 INFO com.sis.ExcelReport.Controller.ReportController [scheduling-1] DepartMent -->INJECTOR
2023-05-30 20:00:34,755 INFO com.sis.ExcelReport.Service.EmailService [scheduling-1] E:\sc warrr11\ExcelReport\Stocklist.xlsx
2023-05-30 20:00:34,755 INFO com.sis.ExcelReport.Service.EmailService [scheduling-1] Mail sent Successfully
2023-05-30 20:00:34,755 INFO com.sis.ExcelReport.Controller.ReportController [scheduling-1] DepartMent -->VENTILATOR
2023-05-30 20:00:40,340 INFO com.sis.ExcelReport.Service.EmailService [scheduling-1] E:\sc warrr11\ExcelReport\Stocklist.xlsx
2023-05-30 20:00:40,340 INFO com.sis.ExcelReport.Service.EmailService [scheduling-1] Mail sent Successfully
2023-05-30 20:00:40,340 INFO com.sis.ExcelReport.Controller.ReportController [scheduling-1] DepartMent -->CONSUMABLES
2023-05-30 20:00:45,623 INFO com.sis.ExcelReport.Service.EmailService [scheduling-1] E:\sc warrr11\ExcelReport\Stocklist.xlsx
2023-05-30 20:00:45,623 INFO com.sis.ExcelReport.Service.EmailService [scheduling-1] Mail sent Successfully
