2023-06-15 09:40:00,780 INFO com.sis.ExcelReport.Controller.ReportController [scheduling-1] Report Type -->prf/ob_pending
2023-06-15 09:40:07,404 INFO com.sis.ExcelReport.Controller.ReportController [scheduling-1] DepartMent -->SAG
2023-06-15 09:40:17,522 INFO com.sis.ExcelReport.Service.EmailService [scheduling-1] E:\sc warrr11\ExcelReport\PRFOB_'Pending'.xlsx
2023-06-15 09:40:17,522 INFO com.sis.ExcelReport.Service.EmailService [scheduling-1] Mail sent Successfully
2023-06-15 09:40:17,523 INFO com.sis.ExcelReport.Controller.ReportController [scheduling-1] DepartMent -->all
2023-06-15 09:40:24,098 INFO com.sis.ExcelReport.Service.EmailService [scheduling-1] E:\sc warrr11\ExcelReport\PRFOB_'Pending'.xlsx
2023-06-15 09:40:24,099 INFO com.sis.ExcelReport.Service.EmailService [scheduling-1] Mail sent Successfully
2023-06-15 09:40:24,099 INFO com.sis.ExcelReport.Controller.ReportController [scheduling-1] DepartMent -->OEM
2023-06-15 09:40:29,732 INFO com.sis.ExcelReport.Service.EmailService [scheduling-1] E:\sc warrr11\ExcelReport\PRFOB_'Pending'.xlsx
2023-06-15 09:40:29,732 INFO com.sis.ExcelReport.Service.EmailService [scheduling-1] Mail sent Successfully
2023-06-15 09:40:29,732 INFO com.sis.ExcelReport.Controller.ReportController [scheduling-1] DepartMent -->SHIPL
2023-06-15 09:40:35,173 INFO com.sis.ExcelReport.Service.EmailService [scheduling-1] E:\sc warrr11\ExcelReport\PRFOB_'Pending'.xlsx
2023-06-15 09:40:35,174 INFO com.sis.ExcelReport.Service.EmailService [scheduling-1] Mail sent Successfully
2023-06-15 09:40:35,174 INFO com.sis.ExcelReport.Controller.ReportController [scheduling-1] DepartMent -->INJECTOR
2023-06-15 09:40:40,438 INFO com.sis.ExcelReport.Service.EmailService [scheduling-1] E:\sc warrr11\ExcelReport\PRFOB_'Pending'.xlsx
2023-06-15 09:40:40,438 INFO com.sis.ExcelReport.Service.EmailService [scheduling-1] Mail sent Successfully
2023-06-15 11:30:00,082 INFO com.sis.ExcelReport.Controller.ReportController [scheduling-1] Report Type -->dispatchlist
2023-06-15 11:30:00,474 INFO com.sis.ExcelReport.Controller.ReportController [scheduling-1] DepartMent -->SAG
2023-06-15 11:30:07,914 INFO com.sis.ExcelReport.Service.EmailService [scheduling-1] E:\sc warrr11\ExcelReport\Dispatchlist.xlsx
2023-06-15 11:30:07,914 INFO com.sis.ExcelReport.Service.EmailService [scheduling-1] Mail sent Successfully
2023-06-15 11:30:07,915 INFO com.sis.ExcelReport.Controller.ReportController [scheduling-1] DepartMent -->all
2023-06-15 11:30:15,110 INFO com.sis.ExcelReport.Service.EmailService [scheduling-1] E:\sc warrr11\ExcelReport\Dispatchlist.xlsx
2023-06-15 11:30:15,110 INFO com.sis.ExcelReport.Service.EmailService [scheduling-1] Mail sent Successfully
2023-06-15 11:30:15,110 INFO com.sis.ExcelReport.Controller.ReportController [scheduling-1] DepartMent -->SHIPL
2023-06-15 11:30:20,762 INFO com.sis.ExcelReport.Service.EmailService [scheduling-1] E:\sc warrr11\ExcelReport\Dispatchlist.xlsx
2023-06-15 11:30:20,762 INFO com.sis.ExcelReport.Service.EmailService [scheduling-1] Mail sent Successfully
2023-06-15 11:30:20,762 INFO com.sis.ExcelReport.Controller.ReportController [scheduling-1] DepartMent -->OEM
2023-06-15 11:30:25,933 INFO com.sis.ExcelReport.Service.EmailService [scheduling-1] E:\sc warrr11\ExcelReport\Dispatchlist.xlsx
2023-06-15 11:30:25,935 INFO com.sis.ExcelReport.Service.EmailService [scheduling-1] Mail sent Successfully
2023-06-15 11:30:25,935 INFO com.sis.ExcelReport.Controller.ReportController [scheduling-1] DepartMent -->INJECTOR
2023-06-15 11:30:31,183 INFO com.sis.ExcelReport.Service.EmailService [scheduling-1] E:\sc warrr11\ExcelReport\Dispatchlist.xlsx
2023-06-15 11:30:31,183 INFO com.sis.ExcelReport.Service.EmailService [scheduling-1] Mail sent Successfully
2023-06-15 11:30:31,183 INFO com.sis.ExcelReport.Controller.ReportController [scheduling-1] DepartMent -->VENTILATOR
2023-06-15 11:30:36,691 INFO com.sis.ExcelReport.Service.EmailService [scheduling-1] E:\sc warrr11\ExcelReport\Dispatchlist.xlsx
2023-06-15 11:30:36,691 INFO com.sis.ExcelReport.Service.EmailService [scheduling-1] Mail sent Successfully
2023-06-15 11:30:36,692 INFO com.sis.ExcelReport.Controller.ReportController [scheduling-1] DepartMent -->HEALTH AND FITNESS
2023-06-15 11:30:41,980 INFO com.sis.ExcelReport.Service.EmailService [scheduling-1] E:\sc warrr11\ExcelReport\Dispatchlist.xlsx
2023-06-15 11:30:41,980 INFO com.sis.ExcelReport.Service.EmailService [scheduling-1] Mail sent Successfully
2023-06-15 11:30:41,981 INFO com.sis.ExcelReport.Controller.ReportController [scheduling-1] DepartMent -->CONSUMABLES
2023-06-15 11:30:47,316 INFO com.sis.ExcelReport.Service.EmailService [scheduling-1] E:\sc warrr11\ExcelReport\Dispatchlist.xlsx
2023-06-15 11:30:47,317 INFO com.sis.ExcelReport.Service.EmailService [scheduling-1] Mail sent Successfully
2023-06-15 16:06:00,422 INFO com.sis.ExcelReport.Controller.ReportController [scheduling-1] Report Type -->dispatchlist
2023-06-15 16:06:05,283 INFO com.sis.ExcelReport.Controller.ReportController [scheduling-1] DepartMent -->SAG
2023-06-15 16:06:18,145 INFO com.sis.ExcelReport.Service.EmailService [scheduling-1] E:\sc warrr11\ExcelReport\Dispatchlist.xlsx
2023-06-15 16:06:18,145 INFO com.sis.ExcelReport.Service.EmailService [scheduling-1] Mail sent Successfully
2023-06-15 16:06:18,145 INFO com.sis.ExcelReport.Controller.ReportController [scheduling-1] DepartMent -->all
2023-06-15 16:06:26,031 INFO com.sis.ExcelReport.Service.EmailService [scheduling-1] E:\sc warrr11\ExcelReport\Dispatchlist.xlsx
2023-06-15 16:06:26,031 INFO com.sis.ExcelReport.Service.EmailService [scheduling-1] Mail sent Successfully
2023-06-15 16:06:26,032 INFO com.sis.ExcelReport.Controller.ReportController [scheduling-1] DepartMent -->SHIPL
2023-06-15 16:06:31,557 INFO com.sis.ExcelReport.Service.EmailService [scheduling-1] E:\sc warrr11\ExcelReport\Dispatchlist.xlsx
2023-06-15 16:06:31,558 INFO com.sis.ExcelReport.Service.EmailService [scheduling-1] Mail sent Successfully
2023-06-15 16:06:31,558 INFO com.sis.ExcelReport.Controller.ReportController [scheduling-1] DepartMent -->OEM
2023-06-15 16:06:36,789 INFO com.sis.ExcelReport.Service.EmailService [scheduling-1] E:\sc warrr11\ExcelReport\Dispatchlist.xlsx
2023-06-15 16:06:36,789 INFO com.sis.ExcelReport.Service.EmailService [scheduling-1] Mail sent Successfully
2023-06-15 16:06:36,789 INFO com.sis.ExcelReport.Controller.ReportController [scheduling-1] DepartMent -->INJECTOR
2023-06-15 16:06:42,020 INFO com.sis.ExcelReport.Service.EmailService [scheduling-1] E:\sc warrr11\ExcelReport\Dispatchlist.xlsx
2023-06-15 16:06:42,021 INFO com.sis.ExcelReport.Service.EmailService [scheduling-1] Mail sent Successfully
2023-06-15 16:06:42,021 INFO com.sis.ExcelReport.Controller.ReportController [scheduling-1] DepartMent -->VENTILATOR
2023-06-15 16:06:47,913 INFO com.sis.ExcelReport.Service.EmailService [scheduling-1] E:\sc warrr11\ExcelReport\Dispatchlist.xlsx
2023-06-15 16:06:47,914 INFO com.sis.ExcelReport.Service.EmailService [scheduling-1] Mail sent Successfully
2023-06-15 16:06:47,914 INFO com.sis.ExcelReport.Controller.ReportController [scheduling-1] DepartMent -->HEALTH AND FITNESS
2023-06-15 16:06:53,159 INFO com.sis.ExcelReport.Service.EmailService [scheduling-1] E:\sc warrr11\ExcelReport\Dispatchlist.xlsx
2023-06-15 16:06:53,160 INFO com.sis.ExcelReport.Service.EmailService [scheduling-1] Mail sent Successfully
2023-06-15 16:06:53,160 INFO com.sis.ExcelReport.Controller.ReportController [scheduling-1] DepartMent -->CONSUMABLES
2023-06-15 16:06:59,006 INFO com.sis.ExcelReport.Service.EmailService [scheduling-1] E:\sc warrr11\ExcelReport\Dispatchlist.xlsx
2023-06-15 16:06:59,008 INFO com.sis.ExcelReport.Service.EmailService [scheduling-1] Mail sent Successfully
2023-06-15 18:30:00,144 INFO com.sis.ExcelReport.Controller.ReportController [scheduling-1] Report Type -->prf/ob_completed
2023-06-15 18:30:02,618 INFO com.sis.ExcelReport.Controller.ReportController [scheduling-1] DepartMent -->all
2023-06-15 18:30:11,281 INFO com.sis.ExcelReport.Service.EmailService [scheduling-1] E:\sc warrr11\ExcelReport\PRFOB_'Completed'.xlsx
2023-06-15 18:30:11,281 INFO com.sis.ExcelReport.Service.EmailService [scheduling-1] Mail sent Successfully
2023-06-15 18:30:11,282 INFO com.sis.ExcelReport.Controller.ReportController [scheduling-1] DepartMent -->SAG
2023-06-15 18:30:17,557 INFO com.sis.ExcelReport.Service.EmailService [scheduling-1] E:\sc warrr11\ExcelReport\PRFOB_'Completed'.xlsx
2023-06-15 18:30:17,576 INFO com.sis.ExcelReport.Service.EmailService [scheduling-1] Mail sent Successfully
2023-06-15 18:30:17,576 INFO com.sis.ExcelReport.Controller.ReportController [scheduling-1] DepartMent -->OEM
2023-06-15 18:30:22,981 INFO com.sis.ExcelReport.Service.EmailService [scheduling-1] E:\sc warrr11\ExcelReport\PRFOB_'Completed'.xlsx
2023-06-15 18:30:22,982 INFO com.sis.ExcelReport.Service.EmailService [scheduling-1] Mail sent Successfully
2023-06-15 20:00:01,817 INFO com.sis.ExcelReport.Controller.ReportController [scheduling-1] Report Type -->stocklist
2023-06-15 20:00:03,583 INFO com.sis.ExcelReport.Controller.ReportController [scheduling-1] DepartMent -->SAG
2023-06-15 20:00:12,029 INFO com.sis.ExcelReport.Service.EmailService [scheduling-1] E:\sc warrr11\ExcelReport\Stocklist.xlsx
2023-06-15 20:00:12,030 INFO com.sis.ExcelReport.Service.EmailService [scheduling-1] Mail sent Successfully
2023-06-15 20:00:12,030 INFO com.sis.ExcelReport.Controller.ReportController [scheduling-1] DepartMent -->all
2023-06-15 20:00:19,853 INFO com.sis.ExcelReport.Service.EmailService [scheduling-1] E:\sc warrr11\ExcelReport\Stocklist.xlsx
2023-06-15 20:00:19,854 INFO com.sis.ExcelReport.Service.EmailService [scheduling-1] Mail sent Successfully
2023-06-15 20:00:19,854 INFO com.sis.ExcelReport.Controller.ReportController [scheduling-1] DepartMent -->SHIPL
2023-06-15 20:00:25,491 INFO com.sis.ExcelReport.Service.EmailService [scheduling-1] E:\sc warrr11\ExcelReport\Stocklist.xlsx
2023-06-15 20:00:25,492 INFO com.sis.ExcelReport.Service.EmailService [scheduling-1] Mail sent Successfully
2023-06-15 20:00:25,492 INFO com.sis.ExcelReport.Controller.ReportController [scheduling-1] DepartMent -->OEM
2023-06-15 20:00:32,119 INFO com.sis.ExcelReport.Service.EmailService [scheduling-1] E:\sc warrr11\ExcelReport\Stocklist.xlsx
2023-06-15 20:00:32,120 INFO com.sis.ExcelReport.Service.EmailService [scheduling-1] Mail sent Successfully
2023-06-15 20:00:32,120 INFO com.sis.ExcelReport.Controller.ReportController [scheduling-1] DepartMent -->INJECTOR
2023-06-15 20:00:38,767 INFO com.sis.ExcelReport.Service.EmailService [scheduling-1] E:\sc warrr11\ExcelReport\Stocklist.xlsx
2023-06-15 20:00:38,767 INFO com.sis.ExcelReport.Service.EmailService [scheduling-1] Mail sent Successfully
2023-06-15 20:00:38,768 INFO com.sis.ExcelReport.Controller.ReportController [scheduling-1] DepartMent -->VENTILATOR
2023-06-15 20:00:45,218 INFO com.sis.ExcelReport.Service.EmailService [scheduling-1] E:\sc warrr11\ExcelReport\Stocklist.xlsx
2023-06-15 20:00:45,219 INFO com.sis.ExcelReport.Service.EmailService [scheduling-1] Mail sent Successfully
2023-06-15 20:00:45,219 INFO com.sis.ExcelReport.Controller.ReportController [scheduling-1] DepartMent -->CONSUMABLES
2023-06-15 20:00:51,559 INFO com.sis.ExcelReport.Service.EmailService [scheduling-1] E:\sc warrr11\ExcelReport\Stocklist.xlsx
2023-06-15 20:00:51,560 INFO com.sis.ExcelReport.Service.EmailService [scheduling-1] Mail sent Successfully
2023-06-15 20:19:43,619 INFO org.springframework.boot.admin.SpringApplicationAdminMXBeanRegistrar$SpringApplicationAdmin [RMI TCP Connection(10771)-127.0.0.1] Application shutdown requested.
2023-06-15 20:19:54,813 INFO org.springframework.scheduling.concurrent.ExecutorConfigurationSupport [RMI TCP Connection(10771)-127.0.0.1] Shutting down ExecutorService 'taskScheduler'
2023-06-15 20:19:55,477 INFO org.springframework.scheduling.concurrent.ExecutorConfigurationSupport [RMI TCP Connection(10771)-127.0.0.1] Shutting down ExecutorService 'applicationTaskExecutor'
2023-06-15 20:19:55,667 INFO org.springframework.orm.jpa.AbstractEntityManagerFactoryBean [RMI TCP Connection(10771)-127.0.0.1] Closing JPA EntityManagerFactory for persistence unit 'default'
2023-06-15 20:19:57,577 INFO com.zaxxer.hikari.HikariDataSource [RMI TCP Connection(10771)-127.0.0.1] HikariPool-1 - Shutdown initiated...
2023-06-15 20:19:58,161 INFO com.zaxxer.hikari.HikariDataSource [RMI TCP Connection(10771)-127.0.0.1] HikariPool-1 - Shutdown completed.
