2023-03-27 09:40:01,960 INFO com.sis.ExcelReport.Controller.ReportController [scheduling-1] Report Type -->prf/ob_pending
2023-03-27 09:40:11,554 INFO com.sis.ExcelReport.Controller.ReportController [scheduling-1] DepartMent -->SAG
2023-03-27 09:40:25,236 INFO com.sis.ExcelReport.Service.EmailService [scheduling-1] E:\sc warrr11\ExcelReport\PRFOB_'Pending'.xlsx
2023-03-27 09:40:25,284 INFO com.sis.ExcelReport.Service.EmailService [scheduling-1] Mail sent Successfully
2023-03-27 09:40:25,284 INFO com.sis.ExcelReport.Controller.ReportController [scheduling-1] DepartMent -->all
2023-03-27 09:40:31,710 INFO com.sis.ExcelReport.Service.EmailService [scheduling-1] E:\sc warrr11\ExcelReport\PRFOB_'Pending'.xlsx
2023-03-27 09:40:31,723 INFO com.sis.ExcelReport.Service.EmailService [scheduling-1] Mail sent Successfully
2023-03-27 09:40:31,723 INFO com.sis.ExcelReport.Controller.ReportController [scheduling-1] DepartMent -->OEM
2023-03-27 09:40:37,572 INFO com.sis.ExcelReport.Service.EmailService [scheduling-1] E:\sc warrr11\ExcelReport\PRFOB_'Pending'.xlsx
2023-03-27 09:40:37,573 INFO com.sis.ExcelReport.Service.EmailService [scheduling-1] Mail sent Successfully
2023-03-27 09:40:37,573 INFO com.sis.ExcelReport.Controller.ReportController [scheduling-1] DepartMent -->SHIPL
2023-03-27 09:40:43,428 INFO com.sis.ExcelReport.Service.EmailService [scheduling-1] E:\sc warrr11\ExcelReport\PRFOB_'Pending'.xlsx
2023-03-27 09:40:43,428 INFO com.sis.ExcelReport.Service.EmailService [scheduling-1] Mail sent Successfully
2023-03-27 09:40:43,429 INFO com.sis.ExcelReport.Controller.ReportController [scheduling-1] DepartMent -->INJECTOR
2023-03-27 09:40:48,577 INFO com.sis.ExcelReport.Service.EmailService [scheduling-1] E:\sc warrr11\ExcelReport\PRFOB_'Pending'.xlsx
2023-03-27 09:40:48,577 INFO com.sis.ExcelReport.Service.EmailService [scheduling-1] Mail sent Successfully
2023-03-27 09:40:48,578 INFO com.sis.ExcelReport.Controller.ReportController [scheduling-1] DepartMent -->VENTILATOR
2023-03-27 09:40:53,871 INFO com.sis.ExcelReport.Service.EmailService [scheduling-1] E:\sc warrr11\ExcelReport\PRFOB_'Pending'.xlsx
2023-03-27 09:40:53,871 INFO com.sis.ExcelReport.Service.EmailService [scheduling-1] Mail sent Successfully
2023-03-27 10:00:06,334 INFO com.sis.ExcelReport.Controller.ReportController [scheduling-1] Report Type -->under_repair
2023-03-27 10:30:04,343 INFO com.sis.ExcelReport.Controller.ReportController [scheduling-1] Report Type -->ob_pending
2023-03-27 11:00:04,306 INFO com.sis.ExcelReport.Controller.ReportController [scheduling-1] Report Type -->pendingfrn
2023-03-27 11:30:01,483 INFO com.sis.ExcelReport.Controller.ReportController [scheduling-1] Report Type -->dispatchlist
2023-03-27 11:30:02,336 INFO com.sis.ExcelReport.Controller.ReportController [scheduling-1] DepartMent -->SAG
2023-03-27 11:30:11,106 INFO com.sis.ExcelReport.Service.EmailService [scheduling-1] E:\sc warrr11\ExcelReport\Dispatchlist.xlsx
2023-03-27 11:30:11,106 INFO com.sis.ExcelReport.Service.EmailService [scheduling-1] Mail sent Successfully
2023-03-27 11:30:11,106 INFO com.sis.ExcelReport.Controller.ReportController [scheduling-1] DepartMent -->all
2023-03-27 11:30:18,019 INFO com.sis.ExcelReport.Service.EmailService [scheduling-1] E:\sc warrr11\ExcelReport\Dispatchlist.xlsx
2023-03-27 11:30:18,019 INFO com.sis.ExcelReport.Service.EmailService [scheduling-1] Mail sent Successfully
2023-03-27 11:30:18,019 INFO com.sis.ExcelReport.Controller.ReportController [scheduling-1] DepartMent -->SHIPL
2023-03-27 11:30:23,556 INFO com.sis.ExcelReport.Service.EmailService [scheduling-1] E:\sc warrr11\ExcelReport\Dispatchlist.xlsx
2023-03-27 11:30:23,556 INFO com.sis.ExcelReport.Service.EmailService [scheduling-1] Mail sent Successfully
2023-03-27 11:30:23,557 INFO com.sis.ExcelReport.Controller.ReportController [scheduling-1] DepartMent -->OEM
2023-03-27 11:30:28,764 INFO com.sis.ExcelReport.Service.EmailService [scheduling-1] E:\sc warrr11\ExcelReport\Dispatchlist.xlsx
2023-03-27 11:30:28,764 INFO com.sis.ExcelReport.Service.EmailService [scheduling-1] Mail sent Successfully
2023-03-27 11:30:28,764 INFO com.sis.ExcelReport.Controller.ReportController [scheduling-1] DepartMent -->INJECTOR
2023-03-27 11:30:33,905 INFO com.sis.ExcelReport.Service.EmailService [scheduling-1] E:\sc warrr11\ExcelReport\Dispatchlist.xlsx
2023-03-27 11:30:33,905 INFO com.sis.ExcelReport.Service.EmailService [scheduling-1] Mail sent Successfully
2023-03-27 11:30:33,905 INFO com.sis.ExcelReport.Controller.ReportController [scheduling-1] DepartMent -->VENTILATOR
2023-03-27 11:30:39,429 INFO com.sis.ExcelReport.Service.EmailService [scheduling-1] E:\sc warrr11\ExcelReport\Dispatchlist.xlsx
2023-03-27 11:30:39,430 INFO com.sis.ExcelReport.Service.EmailService [scheduling-1] Mail sent Successfully
2023-03-27 11:30:39,430 INFO com.sis.ExcelReport.Controller.ReportController [scheduling-1] DepartMent -->HEALTH AND FITNESS
2023-03-27 11:30:44,681 INFO com.sis.ExcelReport.Service.EmailService [scheduling-1] E:\sc warrr11\ExcelReport\Dispatchlist.xlsx
2023-03-27 11:30:44,681 INFO com.sis.ExcelReport.Service.EmailService [scheduling-1] Mail sent Successfully
2023-03-27 11:30:44,681 INFO com.sis.ExcelReport.Controller.ReportController [scheduling-1] DepartMent -->CONSUMABLES
2023-03-27 11:30:50,115 INFO com.sis.ExcelReport.Service.EmailService [scheduling-1] E:\sc warrr11\ExcelReport\Dispatchlist.xlsx
2023-03-27 11:30:50,115 INFO com.sis.ExcelReport.Service.EmailService [scheduling-1] Mail sent Successfully
2023-03-27 16:05:27,043 INFO org.apache.juli.logging.DirectJDKLog [http-nio-90-exec-10] Error parsing HTTP request header
 Note: further occurrences of HTTP request parsing errors will be logged at DEBUG level.
java.lang.IllegalArgumentException: Invalid character found in method name [0x030x000x000x130x0e0xe00x000x000x000x000x000x010x000x080x000x030x000x00...]. HTTP method names must be tokens
	at org.apache.coyote.http11.Http11InputBuffer.parseRequestLine(Http11InputBuffer.java:417)
	at org.apache.coyote.http11.Http11Processor.service(Http11Processor.java:261)
	at org.apache.coyote.AbstractProcessorLight.process(AbstractProcessorLight.java:65)
	at org.apache.coyote.AbstractProtocol$ConnectionHandler.process(AbstractProtocol.java:893)
	at org.apache.tomcat.util.net.NioEndpoint$SocketProcessor.doRun(NioEndpoint.java:1707)
	at org.apache.tomcat.util.net.SocketProcessorBase.run(SocketProcessorBase.java:49)
	at java.util.concurrent.ThreadPoolExecutor.runWorker(ThreadPoolExecutor.java:1149)
	at java.util.concurrent.ThreadPoolExecutor$Worker.run(ThreadPoolExecutor.java:624)
	at org.apache.tomcat.util.threads.TaskThread$WrappingRunnable.run(TaskThread.java:61)
	at java.lang.Thread.run(Thread.java:748)
2023-03-27 16:06:02,610 INFO com.sis.ExcelReport.Controller.ReportController [scheduling-1] Report Type -->dispatchlist
2023-03-27 16:06:15,323 INFO com.sis.ExcelReport.Controller.ReportController [scheduling-1] DepartMent -->SAG
2023-03-27 16:06:38,328 INFO com.sis.ExcelReport.Service.EmailService [scheduling-1] E:\sc warrr11\ExcelReport\Dispatchlist.xlsx
2023-03-27 16:06:38,328 INFO com.sis.ExcelReport.Service.EmailService [scheduling-1] Mail sent Successfully
2023-03-27 16:06:38,329 INFO com.sis.ExcelReport.Controller.ReportController [scheduling-1] DepartMent -->all
2023-03-27 16:06:47,486 INFO com.sis.ExcelReport.Service.EmailService [scheduling-1] E:\sc warrr11\ExcelReport\Dispatchlist.xlsx
2023-03-27 16:06:47,486 INFO com.sis.ExcelReport.Service.EmailService [scheduling-1] Mail sent Successfully
2023-03-27 16:06:47,486 INFO com.sis.ExcelReport.Controller.ReportController [scheduling-1] DepartMent -->SHIPL
2023-03-27 16:06:53,001 INFO com.sis.ExcelReport.Service.EmailService [scheduling-1] E:\sc warrr11\ExcelReport\Dispatchlist.xlsx
2023-03-27 16:06:53,002 INFO com.sis.ExcelReport.Service.EmailService [scheduling-1] Mail sent Successfully
2023-03-27 16:06:53,002 INFO com.sis.ExcelReport.Controller.ReportController [scheduling-1] DepartMent -->OEM
2023-03-27 16:06:58,209 INFO com.sis.ExcelReport.Service.EmailService [scheduling-1] E:\sc warrr11\ExcelReport\Dispatchlist.xlsx
2023-03-27 16:06:58,209 INFO com.sis.ExcelReport.Service.EmailService [scheduling-1] Mail sent Successfully
2023-03-27 16:06:58,209 INFO com.sis.ExcelReport.Controller.ReportController [scheduling-1] DepartMent -->INJECTOR
2023-03-27 16:07:27,096 INFO com.sis.ExcelReport.Service.EmailService [scheduling-1] E:\sc warrr11\ExcelReport\Dispatchlist.xlsx
2023-03-27 16:07:27,096 INFO com.sis.ExcelReport.Service.EmailService [scheduling-1] Mail sent Successfully
2023-03-27 16:07:27,096 INFO com.sis.ExcelReport.Controller.ReportController [scheduling-1] DepartMent -->VENTILATOR
2023-03-27 16:07:32,447 INFO com.sis.ExcelReport.Service.EmailService [scheduling-1] E:\sc warrr11\ExcelReport\Dispatchlist.xlsx
2023-03-27 16:07:32,447 INFO com.sis.ExcelReport.Service.EmailService [scheduling-1] Mail sent Successfully
2023-03-27 16:07:32,469 INFO com.sis.ExcelReport.Controller.ReportController [scheduling-1] DepartMent -->HEALTH AND FITNESS
2023-03-27 16:07:37,721 INFO com.sis.ExcelReport.Service.EmailService [scheduling-1] E:\sc warrr11\ExcelReport\Dispatchlist.xlsx
2023-03-27 16:07:37,721 INFO com.sis.ExcelReport.Service.EmailService [scheduling-1] Mail sent Successfully
2023-03-27 16:07:37,721 INFO com.sis.ExcelReport.Controller.ReportController [scheduling-1] DepartMent -->CONSUMABLES
2023-03-27 16:07:46,212 INFO com.sis.ExcelReport.Service.EmailService [scheduling-1] E:\sc warrr11\ExcelReport\Dispatchlist.xlsx
2023-03-27 16:07:46,212 INFO com.sis.ExcelReport.Service.EmailService [scheduling-1] Mail sent Successfully
2023-03-27 18:30:02,329 INFO com.sis.ExcelReport.Controller.ReportController [scheduling-1] Report Type -->prf/ob_completed
2023-03-27 18:30:11,362 INFO com.sis.ExcelReport.Controller.ReportController [scheduling-1] DepartMent -->all
2023-03-27 18:30:22,022 INFO com.sis.ExcelReport.Service.EmailService [scheduling-1] E:\sc warrr11\ExcelReport\PRFOB_'Completed'.xlsx
2023-03-27 18:30:22,022 INFO com.sis.ExcelReport.Service.EmailService [scheduling-1] Mail sent Successfully
2023-03-27 18:30:22,022 INFO com.sis.ExcelReport.Controller.ReportController [scheduling-1] DepartMent -->VENTILATOR
2023-03-27 18:30:27,760 INFO com.sis.ExcelReport.Service.EmailService [scheduling-1] E:\sc warrr11\ExcelReport\PRFOB_'Completed'.xlsx
2023-03-27 18:30:27,760 INFO com.sis.ExcelReport.Service.EmailService [scheduling-1] Mail sent Successfully
2023-03-27 18:30:27,760 INFO com.sis.ExcelReport.Controller.ReportController [scheduling-1] DepartMent -->SAG
2023-03-27 18:30:33,987 INFO com.sis.ExcelReport.Service.EmailService [scheduling-1] E:\sc warrr11\ExcelReport\PRFOB_'Completed'.xlsx
2023-03-27 18:30:33,987 INFO com.sis.ExcelReport.Service.EmailService [scheduling-1] Mail sent Successfully
2023-03-27 18:30:33,988 INFO com.sis.ExcelReport.Controller.ReportController [scheduling-1] DepartMent -->OEM
2023-03-27 18:30:39,210 INFO com.sis.ExcelReport.Service.EmailService [scheduling-1] E:\sc warrr11\ExcelReport\PRFOB_'Completed'.xlsx
2023-03-27 18:30:39,210 INFO com.sis.ExcelReport.Service.EmailService [scheduling-1] Mail sent Successfully
2023-03-27 20:00:01,422 INFO com.sis.ExcelReport.Controller.ReportController [scheduling-1] Report Type -->stocklist
2023-03-27 20:00:03,876 INFO com.sis.ExcelReport.Controller.ReportController [scheduling-1] DepartMent -->SAG
2023-03-27 20:00:10,373 INFO com.sis.ExcelReport.Service.EmailService [scheduling-1] E:\sc warrr11\ExcelReport\Stocklist.xlsx
2023-03-27 20:00:10,373 INFO com.sis.ExcelReport.Service.EmailService [scheduling-1] Mail sent Successfully
2023-03-27 20:00:10,373 INFO com.sis.ExcelReport.Controller.ReportController [scheduling-1] DepartMent -->all
2023-03-27 20:00:17,438 INFO com.sis.ExcelReport.Service.EmailService [scheduling-1] E:\sc warrr11\ExcelReport\Stocklist.xlsx
2023-03-27 20:00:17,438 INFO com.sis.ExcelReport.Service.EmailService [scheduling-1] Mail sent Successfully
2023-03-27 20:00:17,438 INFO com.sis.ExcelReport.Controller.ReportController [scheduling-1] DepartMent -->SHIPL
2023-03-27 20:00:23,094 INFO com.sis.ExcelReport.Service.EmailService [scheduling-1] E:\sc warrr11\ExcelReport\Stocklist.xlsx
2023-03-27 20:00:23,094 INFO com.sis.ExcelReport.Service.EmailService [scheduling-1] Mail sent Successfully
2023-03-27 20:00:23,094 INFO com.sis.ExcelReport.Controller.ReportController [scheduling-1] DepartMent -->OEM
2023-03-27 20:00:30,251 INFO com.sis.ExcelReport.Service.EmailService [scheduling-1] E:\sc warrr11\ExcelReport\Stocklist.xlsx
2023-03-27 20:00:30,251 INFO com.sis.ExcelReport.Service.EmailService [scheduling-1] Mail sent Successfully
2023-03-27 20:00:30,251 INFO com.sis.ExcelReport.Controller.ReportController [scheduling-1] DepartMent -->INJECTOR
2023-03-27 20:00:35,748 INFO com.sis.ExcelReport.Service.EmailService [scheduling-1] E:\sc warrr11\ExcelReport\Stocklist.xlsx
2023-03-27 20:00:35,748 INFO com.sis.ExcelReport.Service.EmailService [scheduling-1] Mail sent Successfully
2023-03-27 20:00:35,748 INFO com.sis.ExcelReport.Controller.ReportController [scheduling-1] DepartMent -->VENTILATOR
2023-03-27 20:00:41,367 INFO com.sis.ExcelReport.Service.EmailService [scheduling-1] E:\sc warrr11\ExcelReport\Stocklist.xlsx
2023-03-27 20:00:41,367 INFO com.sis.ExcelReport.Service.EmailService [scheduling-1] Mail sent Successfully
2023-03-27 20:00:41,367 INFO com.sis.ExcelReport.Controller.ReportController [scheduling-1] DepartMent -->CONSUMABLES
2023-03-27 20:00:46,990 INFO com.sis.ExcelReport.Service.EmailService [scheduling-1] E:\sc warrr11\ExcelReport\Stocklist.xlsx
2023-03-27 20:00:46,990 INFO com.sis.ExcelReport.Service.EmailService [scheduling-1] Mail sent Successfully
