2023-01-31 09:40:01,946 INFO com.sis.ExcelReport.Controller.ReportController [scheduling-1] Report Type -->prf/ob_pending
2023-01-31 09:40:06,318 INFO com.sis.ExcelReport.Controller.ReportController [scheduling-1] DepartMent -->SAG
2023-01-31 09:40:19,341 INFO com.sis.ExcelReport.Service.EmailService [scheduling-1] E:\sc warrr11\ExcelReport\PRFOB_'Pending'.xlsx
2023-01-31 09:40:19,342 INFO com.sis.ExcelReport.Service.EmailService [scheduling-1] Mail sent Successfully
2023-01-31 09:40:19,342 INFO com.sis.ExcelReport.Controller.ReportController [scheduling-1] DepartMent -->all
2023-01-31 09:40:26,260 INFO com.sis.ExcelReport.Service.EmailService [scheduling-1] E:\sc warrr11\ExcelReport\PRFOB_'Pending'.xlsx
2023-01-31 09:40:26,299 INFO com.sis.ExcelReport.Service.EmailService [scheduling-1] Mail sent Successfully
2023-01-31 09:40:26,300 INFO com.sis.ExcelReport.Controller.ReportController [scheduling-1] DepartMent -->OEM
2023-01-31 09:40:32,125 INFO com.sis.ExcelReport.Service.EmailService [scheduling-1] E:\sc warrr11\ExcelReport\PRFOB_'Pending'.xlsx
2023-01-31 09:40:32,153 INFO com.sis.ExcelReport.Service.EmailService [scheduling-1] Mail sent Successfully
2023-01-31 09:40:32,153 INFO com.sis.ExcelReport.Controller.ReportController [scheduling-1] DepartMent -->SHIPL
2023-01-31 09:40:38,260 INFO com.sis.ExcelReport.Service.EmailService [scheduling-1] E:\sc warrr11\ExcelReport\PRFOB_'Pending'.xlsx
2023-01-31 09:40:38,260 INFO com.sis.ExcelReport.Service.EmailService [scheduling-1] Mail sent Successfully
2023-01-31 09:40:38,260 INFO com.sis.ExcelReport.Controller.ReportController [scheduling-1] DepartMent -->INJECTOR
2023-01-31 09:40:43,716 INFO com.sis.ExcelReport.Service.EmailService [scheduling-1] E:\sc warrr11\ExcelReport\PRFOB_'Pending'.xlsx
2023-01-31 09:40:43,717 INFO com.sis.ExcelReport.Service.EmailService [scheduling-1] Mail sent Successfully
2023-01-31 09:40:43,717 INFO com.sis.ExcelReport.Controller.ReportController [scheduling-1] DepartMent -->VENTILATOR
2023-01-31 09:40:49,439 INFO com.sis.ExcelReport.Service.EmailService [scheduling-1] E:\sc warrr11\ExcelReport\PRFOB_'Pending'.xlsx
2023-01-31 09:40:49,440 INFO com.sis.ExcelReport.Service.EmailService [scheduling-1] Mail sent Successfully
2023-01-31 11:30:01,849 INFO com.sis.ExcelReport.Controller.ReportController [scheduling-1] Report Type -->dispatchlist
2023-01-31 11:30:02,359 INFO com.sis.ExcelReport.Controller.ReportController [scheduling-1] DepartMent -->SAG
2023-01-31 11:30:09,143 INFO com.sis.ExcelReport.Service.EmailService [scheduling-1] E:\sc warrr11\ExcelReport\Dispatchlist.xlsx
2023-01-31 11:30:09,143 INFO com.sis.ExcelReport.Service.EmailService [scheduling-1] Mail sent Successfully
2023-01-31 11:30:09,143 INFO com.sis.ExcelReport.Controller.ReportController [scheduling-1] DepartMent -->all
2023-01-31 11:30:15,566 INFO com.sis.ExcelReport.Service.EmailService [scheduling-1] E:\sc warrr11\ExcelReport\Dispatchlist.xlsx
2023-01-31 11:30:15,567 INFO com.sis.ExcelReport.Service.EmailService [scheduling-1] Mail sent Successfully
2023-01-31 11:30:15,567 INFO com.sis.ExcelReport.Controller.ReportController [scheduling-1] DepartMent -->OEM
2023-01-31 11:30:21,334 INFO com.sis.ExcelReport.Service.EmailService [scheduling-1] E:\sc warrr11\ExcelReport\Dispatchlist.xlsx
2023-01-31 11:30:21,335 INFO com.sis.ExcelReport.Service.EmailService [scheduling-1] Mail sent Successfully
2023-01-31 11:30:21,335 INFO com.sis.ExcelReport.Controller.ReportController [scheduling-1] DepartMent -->SHIPL
2023-01-31 11:30:26,939 INFO com.sis.ExcelReport.Service.EmailService [scheduling-1] E:\sc warrr11\ExcelReport\Dispatchlist.xlsx
2023-01-31 11:30:26,940 INFO com.sis.ExcelReport.Service.EmailService [scheduling-1] Mail sent Successfully
2023-01-31 11:30:26,940 INFO com.sis.ExcelReport.Controller.ReportController [scheduling-1] DepartMent -->INJECTOR
2023-01-31 11:30:32,484 INFO com.sis.ExcelReport.Service.EmailService [scheduling-1] E:\sc warrr11\ExcelReport\Dispatchlist.xlsx
2023-01-31 11:30:32,484 INFO com.sis.ExcelReport.Service.EmailService [scheduling-1] Mail sent Successfully
2023-01-31 11:30:32,485 INFO com.sis.ExcelReport.Controller.ReportController [scheduling-1] DepartMent -->VENTILATOR
2023-01-31 11:30:38,677 INFO com.sis.ExcelReport.Service.EmailService [scheduling-1] E:\sc warrr11\ExcelReport\Dispatchlist.xlsx
2023-01-31 11:30:38,678 INFO com.sis.ExcelReport.Service.EmailService [scheduling-1] Mail sent Successfully
2023-01-31 11:30:38,678 INFO com.sis.ExcelReport.Controller.ReportController [scheduling-1] DepartMent -->HEALTH AND FITNESS
2023-01-31 11:30:44,735 INFO com.sis.ExcelReport.Service.EmailService [scheduling-1] E:\sc warrr11\ExcelReport\Dispatchlist.xlsx
2023-01-31 11:30:44,736 INFO com.sis.ExcelReport.Service.EmailService [scheduling-1] Mail sent Successfully
2023-01-31 11:30:44,736 INFO com.sis.ExcelReport.Controller.ReportController [scheduling-1] DepartMent -->CONSUMABLES
2023-01-31 11:30:50,369 INFO com.sis.ExcelReport.Service.EmailService [scheduling-1] E:\sc warrr11\ExcelReport\Dispatchlist.xlsx
2023-01-31 11:30:50,369 INFO com.sis.ExcelReport.Service.EmailService [scheduling-1] Mail sent Successfully
2023-01-31 16:06:02,174 INFO com.sis.ExcelReport.Controller.ReportController [scheduling-1] Report Type -->dispatchlist
2023-01-31 16:06:05,524 INFO com.sis.ExcelReport.Controller.ReportController [scheduling-1] DepartMent -->SAG
2023-01-31 16:06:16,425 INFO com.sis.ExcelReport.Service.EmailService [scheduling-1] E:\sc warrr11\ExcelReport\Dispatchlist.xlsx
2023-01-31 16:06:16,426 INFO com.sis.ExcelReport.Service.EmailService [scheduling-1] Mail sent Successfully
2023-01-31 16:06:16,426 INFO com.sis.ExcelReport.Controller.ReportController [scheduling-1] DepartMent -->all
2023-01-31 16:06:23,154 INFO com.sis.ExcelReport.Service.EmailService [scheduling-1] E:\sc warrr11\ExcelReport\Dispatchlist.xlsx
2023-01-31 16:06:23,155 INFO com.sis.ExcelReport.Service.EmailService [scheduling-1] Mail sent Successfully
2023-01-31 16:06:23,155 INFO com.sis.ExcelReport.Controller.ReportController [scheduling-1] DepartMent -->OEM
2023-01-31 16:06:28,838 INFO com.sis.ExcelReport.Service.EmailService [scheduling-1] E:\sc warrr11\ExcelReport\Dispatchlist.xlsx
2023-01-31 16:06:28,839 INFO com.sis.ExcelReport.Service.EmailService [scheduling-1] Mail sent Successfully
2023-01-31 16:06:28,839 INFO com.sis.ExcelReport.Controller.ReportController [scheduling-1] DepartMent -->SHIPL
2023-01-31 16:06:34,686 INFO com.sis.ExcelReport.Service.EmailService [scheduling-1] E:\sc warrr11\ExcelReport\Dispatchlist.xlsx
2023-01-31 16:06:34,687 INFO com.sis.ExcelReport.Service.EmailService [scheduling-1] Mail sent Successfully
2023-01-31 16:06:34,687 INFO com.sis.ExcelReport.Controller.ReportController [scheduling-1] DepartMent -->INJECTOR
2023-01-31 16:06:40,596 INFO com.sis.ExcelReport.Service.EmailService [scheduling-1] E:\sc warrr11\ExcelReport\Dispatchlist.xlsx
2023-01-31 16:06:40,596 INFO com.sis.ExcelReport.Service.EmailService [scheduling-1] Mail sent Successfully
2023-01-31 16:06:40,597 INFO com.sis.ExcelReport.Controller.ReportController [scheduling-1] DepartMent -->VENTILATOR
2023-01-31 16:06:46,623 INFO com.sis.ExcelReport.Service.EmailService [scheduling-1] E:\sc warrr11\ExcelReport\Dispatchlist.xlsx
2023-01-31 16:06:46,623 INFO com.sis.ExcelReport.Service.EmailService [scheduling-1] Mail sent Successfully
2023-01-31 16:06:46,623 INFO com.sis.ExcelReport.Controller.ReportController [scheduling-1] DepartMent -->HEALTH AND FITNESS
2023-01-31 16:06:51,976 INFO com.sis.ExcelReport.Service.EmailService [scheduling-1] E:\sc warrr11\ExcelReport\Dispatchlist.xlsx
2023-01-31 16:06:51,976 INFO com.sis.ExcelReport.Service.EmailService [scheduling-1] Mail sent Successfully
2023-01-31 16:06:51,977 INFO com.sis.ExcelReport.Controller.ReportController [scheduling-1] DepartMent -->CONSUMABLES
2023-01-31 16:06:57,817 INFO com.sis.ExcelReport.Service.EmailService [scheduling-1] E:\sc warrr11\ExcelReport\Dispatchlist.xlsx
2023-01-31 16:06:57,818 INFO com.sis.ExcelReport.Service.EmailService [scheduling-1] Mail sent Successfully
2023-01-31 18:30:02,401 INFO com.sis.ExcelReport.Controller.ReportController [scheduling-1] Report Type -->prf/ob_completed
2023-01-31 18:30:06,248 INFO com.sis.ExcelReport.Controller.ReportController [scheduling-1] DepartMent -->all
2023-01-31 18:30:18,998 INFO com.sis.ExcelReport.Service.EmailService [scheduling-1] E:\sc warrr11\ExcelReport\PRFOB_'Completed'.xlsx
2023-01-31 18:30:19,012 INFO com.sis.ExcelReport.Service.EmailService [scheduling-1] Mail sent Successfully
2023-01-31 18:30:19,012 INFO com.sis.ExcelReport.Controller.ReportController [scheduling-1] DepartMent -->OEM
2023-01-31 18:30:24,972 INFO com.sis.ExcelReport.Service.EmailService [scheduling-1] E:\sc warrr11\ExcelReport\PRFOB_'Completed'.xlsx
2023-01-31 18:30:24,972 INFO com.sis.ExcelReport.Service.EmailService [scheduling-1] Mail sent Successfully
2023-01-31 18:30:24,972 INFO com.sis.ExcelReport.Controller.ReportController [scheduling-1] DepartMent -->VENTILATOR
2023-01-31 18:30:31,351 INFO com.sis.ExcelReport.Service.EmailService [scheduling-1] E:\sc warrr11\ExcelReport\PRFOB_'Completed'.xlsx
2023-01-31 18:30:31,352 INFO com.sis.ExcelReport.Service.EmailService [scheduling-1] Mail sent Successfully
2023-01-31 20:00:01,826 INFO com.sis.ExcelReport.Controller.ReportController [scheduling-1] Report Type -->stocklist
2023-01-31 20:00:02,234 INFO com.sis.ExcelReport.Controller.ReportController [scheduling-1] DepartMent -->SAG
2023-01-31 20:00:09,081 INFO com.sis.ExcelReport.Service.EmailService [scheduling-1] E:\sc warrr11\ExcelReport\Stocklist'.xlsx
2023-01-31 20:00:09,081 INFO com.sis.ExcelReport.Service.EmailService [scheduling-1] Mail sent Successfully
2023-01-31 20:00:09,082 INFO com.sis.ExcelReport.Controller.ReportController [scheduling-1] DepartMent -->all
2023-01-31 20:00:16,512 INFO com.sis.ExcelReport.Service.EmailService [scheduling-1] E:\sc warrr11\ExcelReport\Stocklist'.xlsx
2023-01-31 20:00:16,512 INFO com.sis.ExcelReport.Service.EmailService [scheduling-1] Mail sent Successfully
2023-01-31 20:00:16,513 INFO com.sis.ExcelReport.Controller.ReportController [scheduling-1] DepartMent -->OEM
2023-01-31 20:00:23,026 INFO com.sis.ExcelReport.Service.EmailService [scheduling-1] E:\sc warrr11\ExcelReport\Stocklist'.xlsx
2023-01-31 20:00:23,026 INFO com.sis.ExcelReport.Service.EmailService [scheduling-1] Mail sent Successfully
2023-01-31 20:00:23,026 INFO com.sis.ExcelReport.Controller.ReportController [scheduling-1] DepartMent -->SHIPL
2023-01-31 20:00:28,841 INFO com.sis.ExcelReport.Service.EmailService [scheduling-1] E:\sc warrr11\ExcelReport\Stocklist'.xlsx
2023-01-31 20:00:28,841 INFO com.sis.ExcelReport.Service.EmailService [scheduling-1] Mail sent Successfully
2023-01-31 20:00:28,841 INFO com.sis.ExcelReport.Controller.ReportController [scheduling-1] DepartMent -->INJECTOR
2023-01-31 20:00:35,117 INFO com.sis.ExcelReport.Service.EmailService [scheduling-1] E:\sc warrr11\ExcelReport\Stocklist'.xlsx
2023-01-31 20:00:35,118 INFO com.sis.ExcelReport.Service.EmailService [scheduling-1] Mail sent Successfully
2023-01-31 20:00:35,118 INFO com.sis.ExcelReport.Controller.ReportController [scheduling-1] DepartMent -->VENTILATOR
2023-01-31 20:00:42,299 INFO com.sis.ExcelReport.Service.EmailService [scheduling-1] E:\sc warrr11\ExcelReport\Stocklist'.xlsx
2023-01-31 20:00:42,299 INFO com.sis.ExcelReport.Service.EmailService [scheduling-1] Mail sent Successfully
2023-01-31 20:00:42,299 INFO com.sis.ExcelReport.Controller.ReportController [scheduling-1] DepartMent -->CONSUMABLES
2023-01-31 20:00:48,222 INFO com.sis.ExcelReport.Service.EmailService [scheduling-1] E:\sc warrr11\ExcelReport\Stocklist'.xlsx
2023-01-31 20:00:48,223 INFO com.sis.ExcelReport.Service.EmailService [scheduling-1] Mail sent Successfully
