2023-03-31 09:40:00,577 INFO com.sis.ExcelReport.Controller.ReportController [scheduling-1] Report Type -->prf/ob_pending
2023-03-31 09:40:08,788 INFO com.sis.ExcelReport.Controller.ReportController [scheduling-1] DepartMent -->SAG
2023-03-31 09:40:21,059 INFO com.sis.ExcelReport.Service.EmailService [scheduling-1] E:\sc warrr11\ExcelReport\PRFOB_'Pending'.xlsx
2023-03-31 09:40:21,059 INFO com.sis.ExcelReport.Service.EmailService [scheduling-1] Mail sent Successfully
2023-03-31 09:40:21,059 INFO com.sis.ExcelReport.Controller.ReportController [scheduling-1] DepartMent -->all
2023-03-31 09:40:27,897 INFO com.sis.ExcelReport.Service.EmailService [scheduling-1] E:\sc warrr11\ExcelReport\PRFOB_'Pending'.xlsx
2023-03-31 09:40:27,898 INFO com.sis.ExcelReport.Service.EmailService [scheduling-1] Mail sent Successfully
2023-03-31 09:40:27,898 INFO com.sis.ExcelReport.Controller.ReportController [scheduling-1] DepartMent -->OEM
2023-03-31 09:40:33,462 INFO com.sis.ExcelReport.Service.EmailService [scheduling-1] E:\sc warrr11\ExcelReport\PRFOB_'Pending'.xlsx
2023-03-31 09:40:33,462 INFO com.sis.ExcelReport.Service.EmailService [scheduling-1] Mail sent Successfully
2023-03-31 09:40:33,462 INFO com.sis.ExcelReport.Controller.ReportController [scheduling-1] DepartMent -->SHIPL
2023-03-31 09:40:39,371 INFO com.sis.ExcelReport.Service.EmailService [scheduling-1] E:\sc warrr11\ExcelReport\PRFOB_'Pending'.xlsx
2023-03-31 09:40:39,371 INFO com.sis.ExcelReport.Service.EmailService [scheduling-1] Mail sent Successfully
2023-03-31 09:40:39,371 INFO com.sis.ExcelReport.Controller.ReportController [scheduling-1] DepartMent -->INJECTOR
2023-03-31 09:40:44,725 INFO com.sis.ExcelReport.Service.EmailService [scheduling-1] E:\sc warrr11\ExcelReport\PRFOB_'Pending'.xlsx
2023-03-31 09:40:44,725 INFO com.sis.ExcelReport.Service.EmailService [scheduling-1] Mail sent Successfully
2023-03-31 09:40:44,726 INFO com.sis.ExcelReport.Controller.ReportController [scheduling-1] DepartMent -->VENTILATOR
2023-03-31 09:40:50,176 INFO com.sis.ExcelReport.Service.EmailService [scheduling-1] E:\sc warrr11\ExcelReport\PRFOB_'Pending'.xlsx
2023-03-31 09:40:50,176 INFO com.sis.ExcelReport.Service.EmailService [scheduling-1] Mail sent Successfully
2023-03-31 11:30:00,062 INFO com.sis.ExcelReport.Controller.ReportController [scheduling-1] Report Type -->dispatchlist
2023-03-31 11:30:01,196 INFO com.sis.ExcelReport.Controller.ReportController [scheduling-1] DepartMent -->SAG
2023-03-31 11:30:08,433 INFO com.sis.ExcelReport.Service.EmailService [scheduling-1] E:\sc warrr11\ExcelReport\Dispatchlist.xlsx
2023-03-31 11:30:08,433 INFO com.sis.ExcelReport.Service.EmailService [scheduling-1] Mail sent Successfully
2023-03-31 11:30:08,433 INFO com.sis.ExcelReport.Controller.ReportController [scheduling-1] DepartMent -->all
2023-03-31 11:30:15,340 INFO com.sis.ExcelReport.Service.EmailService [scheduling-1] E:\sc warrr11\ExcelReport\Dispatchlist.xlsx
2023-03-31 11:30:15,340 INFO com.sis.ExcelReport.Service.EmailService [scheduling-1] Mail sent Successfully
2023-03-31 11:30:15,340 INFO com.sis.ExcelReport.Controller.ReportController [scheduling-1] DepartMent -->SHIPL
2023-03-31 11:30:22,492 INFO com.sis.ExcelReport.Service.EmailService [scheduling-1] E:\sc warrr11\ExcelReport\Dispatchlist.xlsx
2023-03-31 11:30:22,492 INFO com.sis.ExcelReport.Service.EmailService [scheduling-1] Mail sent Successfully
2023-03-31 11:30:22,492 INFO com.sis.ExcelReport.Controller.ReportController [scheduling-1] DepartMent -->OEM
2023-03-31 11:30:28,065 INFO com.sis.ExcelReport.Service.EmailService [scheduling-1] E:\sc warrr11\ExcelReport\Dispatchlist.xlsx
2023-03-31 11:30:28,066 INFO com.sis.ExcelReport.Service.EmailService [scheduling-1] Mail sent Successfully
2023-03-31 11:30:28,066 INFO com.sis.ExcelReport.Controller.ReportController [scheduling-1] DepartMent -->INJECTOR
2023-03-31 11:30:33,345 INFO com.sis.ExcelReport.Service.EmailService [scheduling-1] E:\sc warrr11\ExcelReport\Dispatchlist.xlsx
2023-03-31 11:30:33,345 INFO com.sis.ExcelReport.Service.EmailService [scheduling-1] Mail sent Successfully
2023-03-31 11:30:33,345 INFO com.sis.ExcelReport.Controller.ReportController [scheduling-1] DepartMent -->VENTILATOR
2023-03-31 11:30:39,074 INFO com.sis.ExcelReport.Service.EmailService [scheduling-1] E:\sc warrr11\ExcelReport\Dispatchlist.xlsx
2023-03-31 11:30:39,074 INFO com.sis.ExcelReport.Service.EmailService [scheduling-1] Mail sent Successfully
2023-03-31 11:30:39,075 INFO com.sis.ExcelReport.Controller.ReportController [scheduling-1] DepartMent -->HEALTH AND FITNESS
2023-03-31 11:30:44,518 INFO com.sis.ExcelReport.Service.EmailService [scheduling-1] E:\sc warrr11\ExcelReport\Dispatchlist.xlsx
2023-03-31 11:30:44,518 INFO com.sis.ExcelReport.Service.EmailService [scheduling-1] Mail sent Successfully
2023-03-31 11:30:44,518 INFO com.sis.ExcelReport.Controller.ReportController [scheduling-1] DepartMent -->CONSUMABLES
2023-03-31 11:30:50,922 INFO com.sis.ExcelReport.Service.EmailService [scheduling-1] E:\sc warrr11\ExcelReport\Dispatchlist.xlsx
2023-03-31 11:30:50,922 INFO com.sis.ExcelReport.Service.EmailService [scheduling-1] Mail sent Successfully
2023-03-31 12:16:25,737 INFO org.apache.juli.logging.DirectJDKLog [http-nio-90-exec-6] Error parsing HTTP request header
 Note: further occurrences of HTTP request parsing errors will be logged at DEBUG level.
java.lang.IllegalArgumentException: Invalid character found in method name [0x160x030x010x000xee0x010x000x000xea0x030x030xdd20xdb0x9a0xafL_0x9f0x06z0xf8'kto0x7fp0x850xe1E0xc00xac0x12.x0x9d0xd6U0x890xb4xa]. HTTP method names must be tokens
	at org.apache.coyote.http11.Http11InputBuffer.parseRequestLine(Http11InputBuffer.java:417)
	at org.apache.coyote.http11.Http11Processor.service(Http11Processor.java:261)
	at org.apache.coyote.AbstractProcessorLight.process(AbstractProcessorLight.java:65)
	at org.apache.coyote.AbstractProtocol$ConnectionHandler.process(AbstractProtocol.java:893)
	at org.apache.tomcat.util.net.NioEndpoint$SocketProcessor.doRun(NioEndpoint.java:1707)
	at org.apache.tomcat.util.net.SocketProcessorBase.run(SocketProcessorBase.java:49)
	at java.util.concurrent.ThreadPoolExecutor.runWorker(ThreadPoolExecutor.java:1149)
	at java.util.concurrent.ThreadPoolExecutor$Worker.run(ThreadPoolExecutor.java:624)
	at org.apache.tomcat.util.threads.TaskThread$WrappingRunnable.run(TaskThread.java:61)
	at java.lang.Thread.run(Thread.java:748)
2023-03-31 16:06:01,094 INFO com.sis.ExcelReport.Controller.ReportController [scheduling-1] Report Type -->dispatchlist
2023-03-31 16:06:22,433 INFO com.sis.ExcelReport.Controller.ReportController [scheduling-1] DepartMent -->SAG
2023-03-31 16:06:40,019 INFO com.sis.ExcelReport.Service.EmailService [scheduling-1] E:\sc warrr11\ExcelReport\Dispatchlist.xlsx
2023-03-31 16:06:40,020 INFO com.sis.ExcelReport.Service.EmailService [scheduling-1] Mail sent Successfully
2023-03-31 16:06:40,020 INFO com.sis.ExcelReport.Controller.ReportController [scheduling-1] DepartMent -->all
2023-03-31 16:06:47,092 INFO com.sis.ExcelReport.Service.EmailService [scheduling-1] E:\sc warrr11\ExcelReport\Dispatchlist.xlsx
2023-03-31 16:06:47,092 INFO com.sis.ExcelReport.Service.EmailService [scheduling-1] Mail sent Successfully
2023-03-31 16:06:47,092 INFO com.sis.ExcelReport.Controller.ReportController [scheduling-1] DepartMent -->SHIPL
2023-03-31 16:06:52,568 INFO com.sis.ExcelReport.Service.EmailService [scheduling-1] E:\sc warrr11\ExcelReport\Dispatchlist.xlsx
2023-03-31 16:06:52,568 INFO com.sis.ExcelReport.Service.EmailService [scheduling-1] Mail sent Successfully
2023-03-31 16:06:52,568 INFO com.sis.ExcelReport.Controller.ReportController [scheduling-1] DepartMent -->OEM
2023-03-31 16:06:58,136 INFO com.sis.ExcelReport.Service.EmailService [scheduling-1] E:\sc warrr11\ExcelReport\Dispatchlist.xlsx
2023-03-31 16:06:58,136 INFO com.sis.ExcelReport.Service.EmailService [scheduling-1] Mail sent Successfully
2023-03-31 16:06:58,137 INFO com.sis.ExcelReport.Controller.ReportController [scheduling-1] DepartMent -->INJECTOR
2023-03-31 16:07:03,534 INFO com.sis.ExcelReport.Service.EmailService [scheduling-1] E:\sc warrr11\ExcelReport\Dispatchlist.xlsx
2023-03-31 16:07:03,543 INFO com.sis.ExcelReport.Service.EmailService [scheduling-1] Mail sent Successfully
2023-03-31 16:07:03,543 INFO com.sis.ExcelReport.Controller.ReportController [scheduling-1] DepartMent -->VENTILATOR
2023-03-31 17:51:38,994 INFO org.apache.juli.logging.DirectJDKLog [http-nio-90-exec-4] Error parsing HTTP request header
 Note: further occurrences of HTTP request parsing errors will be logged at DEBUG level.
java.lang.IllegalArgumentException: Invalid character found in method name [0x030x000x00,'0xe00x000x000x000x000x00Cookie:]. HTTP method names must be tokens
	at org.apache.coyote.http11.Http11InputBuffer.parseRequestLine(Http11InputBuffer.java:417)
	at org.apache.coyote.http11.Http11Processor.service(Http11Processor.java:261)
	at org.apache.coyote.AbstractProcessorLight.process(AbstractProcessorLight.java:65)
	at org.apache.coyote.AbstractProtocol$ConnectionHandler.process(AbstractProtocol.java:893)
	at org.apache.tomcat.util.net.NioEndpoint$SocketProcessor.doRun(NioEndpoint.java:1707)
	at org.apache.tomcat.util.net.SocketProcessorBase.run(SocketProcessorBase.java:49)
	at java.util.concurrent.ThreadPoolExecutor.runWorker(ThreadPoolExecutor.java:1149)
	at java.util.concurrent.ThreadPoolExecutor$Worker.run(ThreadPoolExecutor.java:624)
	at org.apache.tomcat.util.threads.TaskThread$WrappingRunnable.run(TaskThread.java:61)
	at java.lang.Thread.run(Thread.java:748)
